-------------------------------------------------------------------------------------------

@@@nowCommitHash = 240edb5c42aa9295bc674c93d25ffe801c13a5c4

@@@oldCommitHash = 679140e0ad6c0bb1cd3b8397f32c5fe55fc7f3b1
DeveloperContributionEvaluation/editScripts/679140e_to_240edb5/editscript_Bug_for_Exception.txt
所有编辑脚本获取结束
Bug_for_Exception::test_exception
astScore = 186.07999999999993
HV = 281.7628977173992, CC = 1, LOC = 9, PCom = 11.11111111111111, CM = 141.32589330314406
weight = 0.0
DDG_impact = 0.0 , CDG_impact = 0.0, IR = 1.0

commitHash = 240edb5 , scoreOfCommit = 26297.922225849037
-------------------------------------------------------------------------------------------

@@@nowCommitHash = 679140e0ad6c0bb1cd3b8397f32c5fe55fc7f3b1

@@@oldCommitHash = 16a43f59be6130dd7d8346401e1575a2f1a2e435
DeveloperContributionEvaluation/editScripts/16a43f5_to_679140e/editscript_ColorTest2.txt
DeveloperContributionEvaluation/editScripts/16a43f5_to_679140e/editscript_Bug_for_Exception.txt
DeveloperContributionEvaluation/editScripts/16a43f5_to_679140e/editscript_Issue3314.txt
所有编辑脚本获取结束
Bug_for_Exception::test_exception
astScore = 9.01
HV = 269.2118756352258, CC = 1, LOC = 9, PCom = 0.0, CM = 140.6059378176129
weight = 0.0
DDG_impact = 0.0 , CDG_impact = 0.0, IR = 1.0

commitHash = 679140e , scoreOfCommit = 1266.8594997366922
-------------------------------------------------------------------------------------------

@@@nowCommitHash = 16a43f59be6130dd7d8346401e1575a2f1a2e435

@@@oldCommitHash = 7abc84fc2c208f148970ca854f2f6a59466e47ae
DeveloperContributionEvaluation/editScripts/7abc84f_to_16a43f5/editscript_JSONArray.txt
DeveloperContributionEvaluation/editScripts/7abc84f_to_16a43f5/editscript_JSONObject.txt
DeveloperContributionEvaluation/editScripts/7abc84f_to_16a43f5/editscript_Issue1240.txt
DeveloperContributionEvaluation/editScripts/7abc84f_to_16a43f5/editscript_DurationTest.txt
DeveloperContributionEvaluation/editScripts/7abc84f_to_16a43f5/editscript_AutoTypeCheckHandlerTest.txt
DeveloperContributionEvaluation/editScripts/7abc84f_to_16a43f5/editscript_AutoTypeTest7.txt
DeveloperContributionEvaluation/editScripts/7abc84f_to_16a43f5/editscript_ExceptionTest.txt
DeveloperContributionEvaluation/editScripts/7abc84f_to_16a43f5/editscript_DefaultOAuth2AccessTokenTest.txt
DeveloperContributionEvaluation/editScripts/7abc84f_to_16a43f5/editscript_DefaultSavedRequestTest.txt
DeveloperContributionEvaluation/editScripts/7abc84f_to_16a43f5/editscript_AntiCollisionHashMapTest_writeClassName.txt
DeveloperContributionEvaluation/editScripts/7abc84f_to_16a43f5/editscript_LazyLoadingTest.txt
所有编辑脚本获取结束
DefaultSavedRequestTest::setUp
astScore = 41.0
HV = 134.671829503467, CC = 1, LOC = 4, PCom = 0.0, CM = 70.8359147517335
weight = 0.0
DDG_impact = 0.0 , CDG_impact = 0.0, IR = 1.0

DefaultSavedRequestTest::test_SecurityContextImpl_x
astScore = 6.0
HV = 547.242212941545, CC = 1, LOC = 2, PCom = 0.0, CM = 276.1211064707725
weight = 0.0
DDG_impact = 0.0 , CDG_impact = 0.0, IR = 1.0

ExceptionTest::test_exception
astScore = 32.0
HV = 88.0, CC = 1, LOC = 3, PCom = 0.0, CM = 47.0
weight = 0.0
DDG_impact = 0.75 , CDG_impact = 0.0, IR = 1.8660254037844386

JSONObject::SecureObjectInputStream::ensureFields
astScore = 0.0
HV = 215.90318620677482, CC = 1, LOC = 10, PCom = 0.0, CM = 114.45159310338741
weight = 0.0
DDG_impact = 0.0 , CDG_impact = 0.0, IR = 1.0

JSONObject::SecureObjectInputStream::resolveProxyClass
astScore = 0.0
HV = 215.90318620677482, CC = 1, LOC = 10, PCom = 0.0, CM = 114.45159310338741
weight = 0.0
DDG_impact = 0.0 , CDG_impact = 0.0, IR = 1.0

DefaultSavedRequestTest::test_UsernamePasswordAuthenticationToken
astScore = 5.0
HV = 199.68581616031315, CC = 1, LOC = 5, PCom = 0.0, CM = 103.84290808015658
weight = 0.0
DDG_impact = 0.0 , CDG_impact = 0.0, IR = 1.0

DurationTest::test_for_issue_1
astScore = 4.0
HV = 145.71363126237387, CC = 1, LOC = 3, PCom = 0.0, CM = 75.85681563118693
weight = 0.0
DDG_impact = 0.875 , CDG_impact = 0.0, IR = 1.9354143466934852

JSONArray::readObject
astScore = 0.0
HV = 408.74358474821895, CC = 1, LOC = 20, PCom = 5.0, CM = 213.37179237410948
weight = 0.0
DDG_impact = 0.0 , CDG_impact = 0.0, IR = 1.0

DefaultOAuth2AccessTokenTest::test_0
astScore = 15.0
HV = 180.94247824228052, CC = 1, LOC = 6, PCom = 0.0, CM = 94.97123912114026
weight = 0.0
DDG_impact = 0.5 , CDG_impact = 0.0, IR = 1.7071067811865475

JSONObject::SecureObjectInputStream::SecureObjectInputStream
astScore = 0.0
HV = 215.90318620677482, CC = 1, LOC = 10, PCom = 0.0, CM = 114.45159310338741
weight = 0.0
DDG_impact = 0.0 , CDG_impact = 0.0, IR = 1.0

DefaultSavedRequestTest::test_User
astScore = 6.0
HV = 245.1751010249378, CC = 1, LOC = 7, PCom = 0.0, CM = 127.5875505124689
weight = 0.0
DDG_impact = 0.0 , CDG_impact = 0.0, IR = 1.0

AutoTypeTest7::test_2
astScore = 0.0
HV = 87.56842503028855, CC = 1, LOC = 2, PCom = 0.0, CM = 46.284212515144276
weight = 0.0
DDG_impact = 0.0 , CDG_impact = 0.0, IR = 1.0

DefaultSavedRequestTest::test_for_issue
astScore = 0.0
HV = 240.0, CC = 1, LOC = 10, PCom = 10.0, CM = 121.5
weight = 0.0
DDG_impact = 0.0 , CDG_impact = 0.0, IR = 1.0

AntiCollisionHashMapTest_writeClassName::test_for_bug
astScore = 8.0
HV = 109.80793556946902, CC = 1, LOC = 2, PCom = 0.0, CM = 57.40396778473451
weight = 0.0
DDG_impact = 0.9090909090909091 , CDG_impact = 0.0, IR = 1.9534625892455924

JSONObject::SecureObjectInputStream::readStreamHeader
astScore = 0.0
HV = 215.90318620677482, CC = 1, LOC = 10, PCom = 0.0, CM = 114.45159310338741
weight = 0.0
DDG_impact = 0.0 , CDG_impact = 0.0, IR = 1.0

DefaultSavedRequestTest::test_SimpleGrantedAuthority
astScore = 5.0
HV = 235.02198590705464, CC = 1, LOC = 6, PCom = 0.0, CM = 122.01099295352732
weight = 0.0
DDG_impact = 0.0 , CDG_impact = 0.0, IR = 1.0

JSONObject::readObject
astScore = 0.0
HV = 422.87268841738495, CC = 1, LOC = 21, PCom = 4.761904761904762, CM = 221.0553918277401
weight = 0.0
DDG_impact = 0.0 , CDG_impact = 0.0, IR = 1.0

AutoTypeTest7::test_3
astScore = 89.33000000000001
HV = 103.72627427729671, CC = 1, LOC = 2, PCom = 0.0, CM = 54.363137138648355
weight = 0.0
DDG_impact = 0.9090909090909091 , CDG_impact = 0.0, IR = 1.9534625892455924

AutoTypeCheckHandlerTest::test_for_issue
astScore = 0.01
HV = 425.8356662537092, CC = 1, LOC = 19, PCom = 0.0, CM = 223.9178331268546
weight = 0.0
DDG_impact = 0.0 , CDG_impact = 0.0, IR = 1.0

DefaultSavedRequestTest::test_SecurityContextImpl
astScore = 5.0
HV = 112.37013046707143, CC = 1, LOC = 3, PCom = 0.0, CM = 59.18506523353572
weight = 0.0
DDG_impact = 0.0 , CDG_impact = 0.0, IR = 1.0

JSONObject::SecureObjectInputStream::resolveClass
astScore = 0.0
HV = 215.90318620677482, CC = 1, LOC = 10, PCom = 0.0, CM = 114.45159310338741
weight = 0.0
DDG_impact = 0.0 , CDG_impact = 0.0, IR = 1.0

Issue1240::test_for_issue
astScore = 9.0
HV = 199.7052750908657, CC = 1, LOC = 6, PCom = 0.0, CM = 104.35263754543286
weight = 0.0
DDG_impact = 0.0 , CDG_impact = 0.0, IR = 1.0

commitHash = 16a43f5 , scoreOfCommit = 23902.394961300542
-------------------------------------------------------------------------------------------

@@@nowCommitHash = 7abc84fc2c208f148970ca854f2f6a59466e47ae

@@@oldCommitHash = 19bd016801b2fe99c673479e69bced84ecff83e7
DeveloperContributionEvaluation/editScripts/19bd016_to_7abc84f/editscript_RectangleTest.txt
DeveloperContributionEvaluation/editScripts/19bd016_to_7abc84f/editscript_MaximumLevelTest.txt
所有编辑脚本获取结束
RectangleTest::test_color
astScore = 4.0
HV = 255.0, CC = 1, LOC = 7, PCom = 0.0, CM = 132.5
weight = 0.0
DDG_impact = 0.7647058823529411 , CDG_impact = 0.0, IR = 1.8744746321952062

MaximumLevelTest::test_for_maximum
astScore = 1.0
HV = 265.0, CC = 1, LOC = 14, PCom = 0.0, CM = 141.0
weight = 0.0
DDG_impact = 0.0 , CDG_impact = 0.25, IR = 1.5

commitHash = 7abc84f , scoreOfCommit = 1204.9715550634592
-------------------------------------------------------------------------------------------

@@@nowCommitHash = 19bd016801b2fe99c673479e69bced84ecff83e7

@@@oldCommitHash = eca459eeff0f896228749132706d36e414b77c35
DeveloperContributionEvaluation/editScripts/eca459e_to_19bd016/editscript_Bug_for_Exception.txt
所有编辑脚本获取结束
Bug_for_Exception::test_exception
astScore = 37.87
HV = 190.19550008653877, CC = 1, LOC = 6, PCom = 0.0, CM = 99.59775004326939
weight = 0.0
DDG_impact = 0.8 , CDG_impact = 0.0, IR = 1.8944271909999157

commitHash = 19bd016 , scoreOfCommit = 7145.337572926766
程序总运行时间（秒）：30.828
