-------------------------------------------------------------------------------------------

@@@nowCommitHash = 8405f90aa92054802c73fa54c4fb2eede188e2bc
@@@oldCommitHash = b32439cc99492c694148c59f901edafe5b05638b
调用depends完成
本次getDDG计算的运行时间（秒）：0.0
本次getCDG计算的运行时间（秒）：0.0
本次commit计算的运行时间（秒）：1.889
-------------------------------------------------------------------------------------------

@@@nowCommitHash = 7eddc637b64a8a3322655496617a2786b2683927
@@@oldCommitHash = d65df48ba5200211bbd058de9ff718ce84d43c55
调用depends完成
本次getDDG计算的运行时间（秒）：0.0
本次getCDG计算的运行时间（秒）：0.0
本次commit计算的运行时间（秒）：1.113
-------------------------------------------------------------------------------------------

@@@nowCommitHash = bb59fbfe998dc741162fdee658ba8f45b7069c53
@@@oldCommitHash = 86e7ab75b34274ed06afba45dcd24fd72a871f11
调用depends完成
本次getDDG计算的运行时间（秒）：0.0
本次getCDG计算的运行时间（秒）：0.0
本次commit计算的运行时间（秒）：1.038
-------------------------------------------------------------------------------------------

@@@nowCommitHash = 86e7ab75b34274ed06afba45dcd24fd72a871f11
@@@oldCommitHash = e0f12160dd854bf0106ed94d2a36125bad1b577c
调用depends完成
本次getDDG计算的运行时间（秒）：0.0
本次getCDG计算的运行时间（秒）：0.0
本次commit计算的运行时间（秒）：1.058
-------------------------------------------------------------------------------------------

@@@nowCommitHash = e0f12160dd854bf0106ed94d2a36125bad1b577c
@@@oldCommitHash = 65d7d078a8e947bb58a633affffd32ad670e73f1
调用depends完成
本次getDDG计算的运行时间（秒）：0.0
本次getCDG计算的运行时间（秒）：0.0
本次commit计算的运行时间（秒）：1.155
-------------------------------------------------------------------------------------------

@@@nowCommitHash = 65d7d078a8e947bb58a633affffd32ad670e73f1
@@@oldCommitHash = b2554223ccae1d92b191eb10ba4a4866c88310f0
调用depends完成
本次getDDG计算的运行时间（秒）：0.0
本次getCDG计算的运行时间（秒）：0.0
本次commit计算的运行时间（秒）：1.158
-------------------------------------------------------------------------------------------

@@@nowCommitHash = b2554223ccae1d92b191eb10ba4a4866c88310f0
@@@oldCommitHash = 25d7233fe32821994fd5b30a7e6209a0631c0a61
调用depends完成
本次getDDG计算的运行时间（秒）：0.0
本次getCDG计算的运行时间（秒）：0.0
本次commit计算的运行时间（秒）：1.262
-------------------------------------------------------------------------------------------

@@@nowCommitHash = 25d7233fe32821994fd5b30a7e6209a0631c0a61
@@@oldCommitHash = 9a998363f7c74081ab927ff19273e819b11f264b
调用depends完成
本次getDDG计算的运行时间（秒）：0.0
本次getCDG计算的运行时间（秒）：0.0
本次commit计算的运行时间（秒）：1.043
-------------------------------------------------------------------------------------------

@@@nowCommitHash = 9a998363f7c74081ab927ff19273e819b11f264b
@@@oldCommitHash = 3fea88408466d0b1037d5ed5cd0c8dc1687aa01b
调用depends完成
本次getDDG计算的运行时间（秒）：0.0
本次getCDG计算的运行时间（秒）：0.0
本次commit计算的运行时间（秒）：1.056
-------------------------------------------------------------------------------------------

@@@nowCommitHash = 3fea88408466d0b1037d5ed5cd0c8dc1687aa01b
@@@oldCommitHash = 1e8ede8007e76f7154dae55cbb08211ecb7b293f
调用depends完成
本次getDDG计算的运行时间（秒）：0.0
本次getCDG计算的运行时间（秒）：0.0
本次commit计算的运行时间（秒）：1.055
-------------------------------------------------------------------------------------------

@@@nowCommitHash = 1e8ede8007e76f7154dae55cbb08211ecb7b293f
@@@oldCommitHash = ed75b0b3c02c19fbfd4d98d896466ea808319ddd
调用depends完成
本次getDDG计算的运行时间（秒）：0.0
本次getCDG计算的运行时间（秒）：0.0
本次commit计算的运行时间（秒）：1.058
-------------------------------------------------------------------------------------------

@@@nowCommitHash = 6bc51218d9e1d38966ac48f3977c45cf6cfb2f6e
@@@oldCommitHash = a565b63eaeec420159f594ba7ed656c53c9e5728
调用depends完成
本次getDDG计算的运行时间（秒）：0.0
本次getCDG计算的运行时间（秒）：0.0
本次commit计算的运行时间（秒）：1.041
-------------------------------------------------------------------------------------------

@@@nowCommitHash = ad77056d77e72b15c8cdda310bf29311163e11d4
@@@oldCommitHash = c118f2638502495392a33cbfc3f413fff86c4d93
调用depends完成
本次getDDG计算的运行时间（秒）：0.0
本次getCDG计算的运行时间（秒）：0.0
本次commit计算的运行时间（秒）：1.789
-------------------------------------------------------------------------------------------

@@@nowCommitHash = 3cd3868b658362dba5f99b9a24f603844b93cb6b
@@@oldCommitHash = 909558ec1a12150596ef53779ed2d255d58327a9
调用depends完成
本次getDDG计算的运行时间（秒）：0.0
本次getCDG计算的运行时间（秒）：0.0
本次commit计算的运行时间（秒）：1.109
-------------------------------------------------------------------------------------------

@@@nowCommitHash = 909558ec1a12150596ef53779ed2d255d58327a9
@@@oldCommitHash = 415a377e3bb7fe4497c3ee9f573d2652c1651038
调用depends完成
本次getDDG计算的运行时间（秒）：0.0
本次getCDG计算的运行时间（秒）：0.0
本次commit计算的运行时间（秒）：1.049
-------------------------------------------------------------------------------------------

@@@nowCommitHash = 415a377e3bb7fe4497c3ee9f573d2652c1651038
@@@oldCommitHash = 757d472e6ca06d649f9e5d5bbd4d04e9b547fc5b
调用depends完成
本次getDDG计算的运行时间（秒）：0.0
本次getCDG计算的运行时间（秒）：0.0
本次commit计算的运行时间（秒）：2.097
-------------------------------------------------------------------------------------------

@@@nowCommitHash = 155bc423453b77c1b395ee869abd52c8fd472717
@@@oldCommitHash = a7822f723717ecf4330594fe61034b6f072ba6dd
调用depends完成
本次getDDG计算的运行时间（秒）：0.0
本次getCDG计算的运行时间（秒）：0.0
本次commit计算的运行时间（秒）：1.131
-------------------------------------------------------------------------------------------

@@@nowCommitHash = 2a4df0a72e462d2c842ca8bdeac2078883b3d83c
@@@oldCommitHash = 3761753f4fc129683007a441357cc94cf0552c4e
调用depends完成
本次getDDG计算的运行时间（秒）：0.0
本次getCDG计算的运行时间（秒）：0.0
本次commit计算的运行时间（秒）：1.066
-------------------------------------------------------------------------------------------

@@@nowCommitHash = bcc9fe45e39fa2d743616cf822c7f6dcbbff6e88
@@@oldCommitHash = 6d503098ff9704ca6d2865844f269116f523047a
调用depends完成
本次getDDG计算的运行时间（秒）：0.0
本次getCDG计算的运行时间（秒）：0.0
本次commit计算的运行时间（秒）：1.413
-------------------------------------------------------------------------------------------

@@@nowCommitHash = c4854d5cf594e2cc03f3a3413d1576180617b843
@@@oldCommitHash = 02c46875940ff75bb393ddb2758fbe8fedc43d64
调用depends完成
本次getDDG计算的运行时间（秒）：0.0
本次getCDG计算的运行时间（秒）：0.0
本次commit计算的运行时间（秒）：1.13
-------------------------------------------------------------------------------------------

@@@nowCommitHash = dea06c1087bf61738fd9e92d81a4c315b2eb5d02
@@@oldCommitHash = bbd2f0d38415b797afc9445b69112292eab271fd
调用depends完成
本次getDDG计算的运行时间（秒）：0.0
本次getCDG计算的运行时间（秒）：0.0
本次commit计算的运行时间（秒）：1.089
-------------------------------------------------------------------------------------------

@@@nowCommitHash = bbd2f0d38415b797afc9445b69112292eab271fd
@@@oldCommitHash = b7e5e331d2aff99bff88695f9f9cf7290ad823bc
调用depends完成
本次getDDG计算的运行时间（秒）：0.0
本次getCDG计算的运行时间（秒）：0.0
本次commit计算的运行时间（秒）：1.179
-------------------------------------------------------------------------------------------

@@@nowCommitHash = d88175a45bbd102533e6de272bff75eaceff36b3
@@@oldCommitHash = 240406ceafbef86e26a54049f1e70383a98a0a2b
调用depends完成
本次getDDG计算的运行时间（秒）：0.0
本次getCDG计算的运行时间（秒）：0.0
本次commit计算的运行时间（秒）：1.057
-------------------------------------------------------------------------------------------

@@@nowCommitHash = 240406ceafbef86e26a54049f1e70383a98a0a2b
@@@oldCommitHash = 60fddb2c28514396af3ca740027a844c820d92a8
调用depends完成
本次getDDG计算的运行时间（秒）：0.0
本次getCDG计算的运行时间（秒）：0.0
本次commit计算的运行时间（秒）：1.034
-------------------------------------------------------------------------------------------

@@@nowCommitHash = 34eca95f9ef145f08570dcbc1838c58000cb08f8
@@@oldCommitHash = 2aefd5494664a1b847d911e2919f8cfbd4260c12
调用depends完成
本次getDDG计算的运行时间（秒）：0.0
本次getCDG计算的运行时间（秒）：0.0
本次commit计算的运行时间（秒）：1.046
-------------------------------------------------------------------------------------------

@@@nowCommitHash = 2aefd5494664a1b847d911e2919f8cfbd4260c12
@@@oldCommitHash = 15c52304906ff5f39b8908b6fdaf0982e8abde17
调用depends完成
本次getDDG计算的运行时间（秒）：0.0
本次getCDG计算的运行时间（秒）：0.001
本次commit计算的运行时间（秒）：1.437
-------------------------------------------------------------------------------------------

@@@nowCommitHash = 15c52304906ff5f39b8908b6fdaf0982e8abde17
@@@oldCommitHash = 9d12b481ddd60f8a9cb1be5413a26b76bd9807cf
调用depends完成
本次getDDG计算的运行时间（秒）：0.0
本次getCDG计算的运行时间（秒）：0.0
本次commit计算的运行时间（秒）：1.071
-------------------------------------------------------------------------------------------

@@@nowCommitHash = 9d12b481ddd60f8a9cb1be5413a26b76bd9807cf
@@@oldCommitHash = c6fd1423ce4caa346f915ae7ae46df3d4b01c684
调用depends完成
本次getDDG计算的运行时间（秒）：0.0
本次getCDG计算的运行时间（秒）：0.0
本次commit计算的运行时间（秒）：1.28
-------------------------------------------------------------------------------------------

@@@nowCommitHash = c6fd1423ce4caa346f915ae7ae46df3d4b01c684
@@@oldCommitHash = cf759d44c78e8490e3d54df6a27918e0811bbdf9
调用depends完成
本次getDDG计算的运行时间（秒）：0.0
本次getCDG计算的运行时间（秒）：0.0
本次commit计算的运行时间（秒）：1.215
-------------------------------------------------------------------------------------------

@@@nowCommitHash = cf759d44c78e8490e3d54df6a27918e0811bbdf9
@@@oldCommitHash = 25fe439254199107116eba235bc5f10c7b47c7c1
调用depends完成
本次getDDG计算的运行时间（秒）：0.0
本次getCDG计算的运行时间（秒）：0.0
本次commit计算的运行时间（秒）：1.328
-------------------------------------------------------------------------------------------

@@@nowCommitHash = 25fe439254199107116eba235bc5f10c7b47c7c1
@@@oldCommitHash = ffd9d017a4b6390b5e4c616c6a8dec793da4a777
调用depends完成
本次getDDG计算的运行时间（秒）：0.0
本次getCDG计算的运行时间（秒）：0.0
本次commit计算的运行时间（秒）：1.266
-------------------------------------------------------------------------------------------

@@@nowCommitHash = ffd9d017a4b6390b5e4c616c6a8dec793da4a777
@@@oldCommitHash = 0477f05101eb93a19554a566997cc34e1a20f044
调用depends完成
本次getDDG计算的运行时间（秒）：0.0
本次getCDG计算的运行时间（秒）：0.0
本次commit计算的运行时间（秒）：1.452
-------------------------------------------------------------------------------------------

@@@nowCommitHash = 0477f05101eb93a19554a566997cc34e1a20f044
@@@oldCommitHash = b007a40f7125dd71a51e7daf5f3d03902b6ee00d
调用depends完成
本次getDDG计算的运行时间（秒）：0.0
本次getCDG计算的运行时间（秒）：0.0
本次commit计算的运行时间（秒）：1.255
-------------------------------------------------------------------------------------------

@@@nowCommitHash = b007a40f7125dd71a51e7daf5f3d03902b6ee00d
@@@oldCommitHash = db3f41b7b25fd719256689400df25da11627fbf9
调用depends完成
本次getDDG计算的运行时间（秒）：0.0
本次getCDG计算的运行时间（秒）：0.0
本次commit计算的运行时间（秒）：1.089
-------------------------------------------------------------------------------------------

@@@nowCommitHash = 7d7e3da20c3ee3cb038680e5e305f96154da8c70
@@@oldCommitHash = c1c1a763d00ee50e5e3a459ee058372777950d65
调用depends完成
本次getDDG计算的运行时间（秒）：0.0
本次getCDG计算的运行时间（秒）：0.0
本次commit计算的运行时间（秒）：1.054
-------------------------------------------------------------------------------------------

@@@nowCommitHash = c1c1a763d00ee50e5e3a459ee058372777950d65
@@@oldCommitHash = 738d317387783de3b2bf357d9417d10156c09b27
调用depends完成
本次getDDG计算的运行时间（秒）：0.0
本次getCDG计算的运行时间（秒）：0.0
本次commit计算的运行时间（秒）：1.043
-------------------------------------------------------------------------------------------

@@@nowCommitHash = 738d317387783de3b2bf357d9417d10156c09b27
@@@oldCommitHash = 350659cc07a601c488c5bda68d4ecf5da4f982ee
调用depends完成
本次getDDG计算的运行时间（秒）：0.0
本次getCDG计算的运行时间（秒）：0.0
本次commit计算的运行时间（秒）：1.08
-------------------------------------------------------------------------------------------

@@@nowCommitHash = 350659cc07a601c488c5bda68d4ecf5da4f982ee
@@@oldCommitHash = 1dbfbce4886f34629b6ddc6f467d342a3ffdb23e
调用depends完成
本次getDDG计算的运行时间（秒）：0.0
本次getCDG计算的运行时间（秒）：0.0
本次commit计算的运行时间（秒）：1.038
-------------------------------------------------------------------------------------------

@@@nowCommitHash = e960b66d3d5931b9cb1aebd49e452e2c489a921e
@@@oldCommitHash = 053d0a5f29293aa812419b8b8f8cca98d825c271
调用depends完成
本次getDDG计算的运行时间（秒）：0.0
本次getCDG计算的运行时间（秒）：0.0
本次commit计算的运行时间（秒）：1.304
-------------------------------------------------------------------------------------------

@@@nowCommitHash = a260458b28b2dad9e2c8cfca2a2783e585784ab6
@@@oldCommitHash = e6ec2a4a9433d64e763093a826eecf49f005aa5d
调用depends完成
本次getDDG计算的运行时间（秒）：0.0
本次getCDG计算的运行时间（秒）：0.0
本次commit计算的运行时间（秒）：1.322
-------------------------------------------------------------------------------------------

@@@nowCommitHash = e6ec2a4a9433d64e763093a826eecf49f005aa5d
@@@oldCommitHash = dc7f4858f9cbb1babe50e962ed5e145536844ad8
调用depends完成
本次getDDG计算的运行时间（秒）：0.0
本次getCDG计算的运行时间（秒）：0.0
本次commit计算的运行时间（秒）：1.358
-------------------------------------------------------------------------------------------

@@@nowCommitHash = dc7f4858f9cbb1babe50e962ed5e145536844ad8
@@@oldCommitHash = 27ae45775c7291dc61e4fa9f7ee518733d493d85
调用depends完成
本次getDDG计算的运行时间（秒）：0.0
本次getCDG计算的运行时间（秒）：0.0
本次commit计算的运行时间（秒）：1.371
-------------------------------------------------------------------------------------------

@@@nowCommitHash = 2872237b01cc9d43630ba3b9c483dd10227e2cae
@@@oldCommitHash = 9dc98cb7c710be0f4552e7d40d1cb29553b330cf
调用depends完成
本次getDDG计算的运行时间（秒）：0.0
本次getCDG计算的运行时间（秒）：0.0
本次commit计算的运行时间（秒）：1.193
-------------------------------------------------------------------------------------------

@@@nowCommitHash = 9dc98cb7c710be0f4552e7d40d1cb29553b330cf
@@@oldCommitHash = 420400684c81b8c36b09cfc00d00182bfcebd4a1
调用depends完成
本次getDDG计算的运行时间（秒）：0.0
本次getCDG计算的运行时间（秒）：0.0
本次commit计算的运行时间（秒）：1.201
-------------------------------------------------------------------------------------------

@@@nowCommitHash = 6fa83e476a4e8ecc80fac3b361cf8fc3643292a0
@@@oldCommitHash = 96e835f0985ef06bd70a24c77be331c61acd1baa
调用depends完成
本次getDDG计算的运行时间（秒）：0.0
本次getCDG计算的运行时间（秒）：0.0
本次commit计算的运行时间（秒）：1.304
-------------------------------------------------------------------------------------------

@@@nowCommitHash = 96e835f0985ef06bd70a24c77be331c61acd1baa
@@@oldCommitHash = bfc2e48f4a008462ff74e0e73bc7e1cabc04e30d
调用depends完成
本次getDDG计算的运行时间（秒）：0.0
本次getCDG计算的运行时间（秒）：0.0
本次commit计算的运行时间（秒）：1.084
-------------------------------------------------------------------------------------------

@@@nowCommitHash = bfc2e48f4a008462ff74e0e73bc7e1cabc04e30d
@@@oldCommitHash = df622abf7ceb0984026fabfbcb04d2e6b05f370b
调用depends完成
本次getDDG计算的运行时间（秒）：0.0
本次getCDG计算的运行时间（秒）：0.0
本次commit计算的运行时间（秒）：1.096
-------------------------------------------------------------------------------------------

@@@nowCommitHash = df622abf7ceb0984026fabfbcb04d2e6b05f370b
@@@oldCommitHash = 826a97fced733fe8ea60de4ed0837a6f50ed406e
调用depends完成
本次getDDG计算的运行时间（秒）：0.0
本次getCDG计算的运行时间（秒）：0.0
本次commit计算的运行时间（秒）：1.088
-------------------------------------------------------------------------------------------

@@@nowCommitHash = 826a97fced733fe8ea60de4ed0837a6f50ed406e
@@@oldCommitHash = 015ed75b5c4a5b04d1adc36ad836cbf8df57cd35
调用depends完成
本次getDDG计算的运行时间（秒）：0.0
本次getCDG计算的运行时间（秒）：0.0
本次commit计算的运行时间（秒）：1.059
-------------------------------------------------------------------------------------------

@@@nowCommitHash = 015ed75b5c4a5b04d1adc36ad836cbf8df57cd35
@@@oldCommitHash = f78f7cfb3b7cb336e8bc8ad7fe421b24805720e9
调用depends完成
本次getDDG计算的运行时间（秒）：0.0
本次getCDG计算的运行时间（秒）：0.0
本次commit计算的运行时间（秒）：1.156
-------------------------------------------------------------------------------------------

@@@nowCommitHash = f78f7cfb3b7cb336e8bc8ad7fe421b24805720e9
@@@oldCommitHash = 9a83236e2f9a9814c22dc1b5166368fea8e6227d
调用depends完成
本次getDDG计算的运行时间（秒）：0.0
本次getCDG计算的运行时间（秒）：0.0
本次commit计算的运行时间（秒）：1.135
-------------------------------------------------------------------------------------------

@@@nowCommitHash = 9a83236e2f9a9814c22dc1b5166368fea8e6227d
@@@oldCommitHash = e292838c891488eaed292037ff28a0c82200436a
调用depends完成
本次getDDG计算的运行时间（秒）：0.0
本次getCDG计算的运行时间（秒）：0.0
本次commit计算的运行时间（秒）：1.687
-------------------------------------------------------------------------------------------

@@@nowCommitHash = 2157fa9f12d0725906b0a3b065dc9bd37b85685e
@@@oldCommitHash = 1a299822f02642b5cdc6606430266987d0bb4b24
调用depends完成
本次getDDG计算的运行时间（秒）：0.0
本次getCDG计算的运行时间（秒）：0.0
本次commit计算的运行时间（秒）：1.236
-------------------------------------------------------------------------------------------

@@@nowCommitHash = 1a299822f02642b5cdc6606430266987d0bb4b24
@@@oldCommitHash = 1a410a8bef1ec721e16f9f16a447235f09951f05
调用depends完成
本次getDDG计算的运行时间（秒）：0.0
本次getCDG计算的运行时间（秒）：0.0
本次commit计算的运行时间（秒）：1.488
-------------------------------------------------------------------------------------------

@@@nowCommitHash = 1a410a8bef1ec721e16f9f16a447235f09951f05
@@@oldCommitHash = a81072df067e4ab811ab01bda34e4b2722a66988
调用depends完成
本次getDDG计算的运行时间（秒）：0.0
本次getCDG计算的运行时间（秒）：0.0
本次commit计算的运行时间（秒）：1.303
-------------------------------------------------------------------------------------------

@@@nowCommitHash = a81072df067e4ab811ab01bda34e4b2722a66988
@@@oldCommitHash = 5ea05c3edef1401f3481685b11f38010f6fe76ed
调用depends完成
本次getDDG计算的运行时间（秒）：0.0
本次getCDG计算的运行时间（秒）：0.0
本次commit计算的运行时间（秒）：1.204
-------------------------------------------------------------------------------------------

@@@nowCommitHash = 5ea05c3edef1401f3481685b11f38010f6fe76ed
@@@oldCommitHash = fdfc81cde4f0dc1811489715a34b3632d9dfacd5
调用depends完成
本次getDDG计算的运行时间（秒）：0.0
本次getCDG计算的运行时间（秒）：0.0
本次commit计算的运行时间（秒）：1.169
-------------------------------------------------------------------------------------------

@@@nowCommitHash = fdfc81cde4f0dc1811489715a34b3632d9dfacd5
@@@oldCommitHash = dc5a782524fa9cc0923ba9173050b20c8c9c8311
调用depends完成
本次getDDG计算的运行时间（秒）：0.0
本次getCDG计算的运行时间（秒）：0.0
本次commit计算的运行时间（秒）：1.124
-------------------------------------------------------------------------------------------

@@@nowCommitHash = dc5a782524fa9cc0923ba9173050b20c8c9c8311
@@@oldCommitHash = fd4ef5e6a3dbe570383e1dd6763884dba900ad7c
调用depends完成
本次getDDG计算的运行时间（秒）：0.0
本次getCDG计算的运行时间（秒）：0.0
本次commit计算的运行时间（秒）：1.226
-------------------------------------------------------------------------------------------

@@@nowCommitHash = fd4ef5e6a3dbe570383e1dd6763884dba900ad7c
@@@oldCommitHash = 15ce8eb6695da170fbf3b807515477dde168a7fc
调用depends完成
本次getDDG计算的运行时间（秒）：0.0
本次getCDG计算的运行时间（秒）：0.0
本次commit计算的运行时间（秒）：1.066
-------------------------------------------------------------------------------------------

@@@nowCommitHash = 15ce8eb6695da170fbf3b807515477dde168a7fc
@@@oldCommitHash = 363f568b6de8c093d6669b45d29c804783c9f39e
调用depends完成
本次getDDG计算的运行时间（秒）：0.0
本次getCDG计算的运行时间（秒）：0.0
本次commit计算的运行时间（秒）：1.1
-------------------------------------------------------------------------------------------

@@@nowCommitHash = 363f568b6de8c093d6669b45d29c804783c9f39e
@@@oldCommitHash = 2712230640393acdd00f70640c44ae739d4103ec
调用depends完成
本次getDDG计算的运行时间（秒）：0.0
本次getCDG计算的运行时间（秒）：0.0
本次commit计算的运行时间（秒）：1.038
-------------------------------------------------------------------------------------------

@@@nowCommitHash = 2712230640393acdd00f70640c44ae739d4103ec
@@@oldCommitHash = e399b21ab8ae0b937466dde5b6abcdf5f144876b
调用depends完成
本次getDDG计算的运行时间（秒）：0.0
本次getCDG计算的运行时间（秒）：0.0
本次commit计算的运行时间（秒）：1.118
-------------------------------------------------------------------------------------------

@@@nowCommitHash = ed6993aa14a4010904ea794ba7623a6f4486fe21
@@@oldCommitHash = 79660ea0f5df140793360d464728196ff6eba0d9
调用depends完成
本次getDDG计算的运行时间（秒）：0.0
本次getCDG计算的运行时间（秒）：0.0
本次commit计算的运行时间（秒）：1.34
-------------------------------------------------------------------------------------------

@@@nowCommitHash = a795fcc1b8eae06fe32463057f60883e16a160f8
@@@oldCommitHash = 413d0d5dba4a9eacdaaec5ee70147ea80aff05d5
调用depends完成
本次getDDG计算的运行时间（秒）：0.0
本次getCDG计算的运行时间（秒）：0.0
本次commit计算的运行时间（秒）：1.279
-------------------------------------------------------------------------------------------

@@@nowCommitHash = 70062306dbbe3142b82c2036e8aabb33e0a13578
@@@oldCommitHash = 338d0039c1e30038f22f0d5544842c1e87406a8a
调用depends完成
本次getDDG计算的运行时间（秒）：0.0
本次getCDG计算的运行时间（秒）：0.0
本次commit计算的运行时间（秒）：1.074
-------------------------------------------------------------------------------------------

@@@nowCommitHash = 338d0039c1e30038f22f0d5544842c1e87406a8a
@@@oldCommitHash = 6eaf556c8b1449e97e19a6c4401cedfea0911753
调用depends完成
本次getDDG计算的运行时间（秒）：0.0
本次getCDG计算的运行时间（秒）：0.0
本次commit计算的运行时间（秒）：1.062
-------------------------------------------------------------------------------------------

@@@nowCommitHash = 6eaf556c8b1449e97e19a6c4401cedfea0911753
@@@oldCommitHash = 59640fa0df841cd6725e7b227e11d4f19a2aaf64
调用depends完成
本次getDDG计算的运行时间（秒）：0.0
本次getCDG计算的运行时间（秒）：0.0
本次commit计算的运行时间（秒）：1.133
-------------------------------------------------------------------------------------------

@@@nowCommitHash = 9e7afde6564ef59a707df2c7c3bb38930ab16b07
@@@oldCommitHash = f3f8fc0c7cc2bf5ea1596f7adee7f514d6cf01e8
调用depends完成
本次getDDG计算的运行时间（秒）：0.0
本次getCDG计算的运行时间（秒）：0.0
本次commit计算的运行时间（秒）：1.06
-------------------------------------------------------------------------------------------

@@@nowCommitHash = 2de23113188495ce1583acf0f1bef774987c8d35
@@@oldCommitHash = 8b2a048a713a3d2f06ceb39b90649257791dc090
调用depends完成
本次getDDG计算的运行时间（秒）：0.0
本次getCDG计算的运行时间（秒）：0.0
本次commit计算的运行时间（秒）：1.131
-------------------------------------------------------------------------------------------

@@@nowCommitHash = 8b2a048a713a3d2f06ceb39b90649257791dc090
@@@oldCommitHash = b256703850009a3363f6514c5d4288dede40816f
调用depends完成
本次getDDG计算的运行时间（秒）：0.0
本次getCDG计算的运行时间（秒）：0.0
本次commit计算的运行时间（秒）：1.097
-------------------------------------------------------------------------------------------

@@@nowCommitHash = 80b91afae2f42b938597387c0e8dce419416ca92
@@@oldCommitHash = b97095d3881f1e5a8c71b74a4f35d1847d5fab66
调用depends完成
本次getDDG计算的运行时间（秒）：0.0
本次getCDG计算的运行时间（秒）：0.0
本次commit计算的运行时间（秒）：1.863
-------------------------------------------------------------------------------------------

@@@nowCommitHash = b97095d3881f1e5a8c71b74a4f35d1847d5fab66
@@@oldCommitHash = d3df2d5854fb55f65a8db44f4ecb4814148e495f
调用depends完成
本次getDDG计算的运行时间（秒）：0.0
本次getCDG计算的运行时间（秒）：0.0
本次commit计算的运行时间（秒）：1.32
-------------------------------------------------------------------------------------------

@@@nowCommitHash = d3df2d5854fb55f65a8db44f4ecb4814148e495f
@@@oldCommitHash = 50e7c7e02cd28b3dc5ac99a0e32bc397915f46df
调用depends完成
本次getDDG计算的运行时间（秒）：0.0
本次getCDG计算的运行时间（秒）：0.0
本次commit计算的运行时间（秒）：1.596
-------------------------------------------------------------------------------------------

@@@nowCommitHash = 50e7c7e02cd28b3dc5ac99a0e32bc397915f46df
@@@oldCommitHash = 5caa5493958d40f597b4419c5027c61ce13ceaf7
调用depends完成
本次getDDG计算的运行时间（秒）：0.0
本次getCDG计算的运行时间（秒）：0.0
本次commit计算的运行时间（秒）：1.448
-------------------------------------------------------------------------------------------

@@@nowCommitHash = 5caa5493958d40f597b4419c5027c61ce13ceaf7
@@@oldCommitHash = 02a2e3c5d977ba1439f35a4f32aa2a6f4adf99a5
调用depends完成
本次getDDG计算的运行时间（秒）：0.0
本次getCDG计算的运行时间（秒）：0.0
本次commit计算的运行时间（秒）：4.548
-------------------------------------------------------------------------------------------

@@@nowCommitHash = 9a8e46716e4c78122308ac8ac23b4e3f8139debb
@@@oldCommitHash = 2c8c7fed126376167126df0da740b3cff0c26469
调用depends完成
本次getDDG计算的运行时间（秒）：0.0
本次getCDG计算的运行时间（秒）：0.0
本次commit计算的运行时间（秒）：4.144
-------------------------------------------------------------------------------------------

@@@nowCommitHash = 2c8c7fed126376167126df0da740b3cff0c26469
@@@oldCommitHash = 180ed4ead46db35c3498c17184ca9062b099c1c8
调用depends完成
本次getDDG计算的运行时间（秒）：0.0
本次getCDG计算的运行时间（秒）：0.0
本次commit计算的运行时间（秒）：4.554
-------------------------------------------------------------------------------------------

@@@nowCommitHash = 180ed4ead46db35c3498c17184ca9062b099c1c8
@@@oldCommitHash = 1ae63eb443ec00a4899aae13fa391880db406b6b
调用depends完成
本次getDDG计算的运行时间（秒）：0.0
本次getCDG计算的运行时间（秒）：0.0
本次commit计算的运行时间（秒）：1.218
-------------------------------------------------------------------------------------------

@@@nowCommitHash = 1ae63eb443ec00a4899aae13fa391880db406b6b
@@@oldCommitHash = 0781568a6cc7b3ccf59fa6851e96ab1636e745c2
调用depends完成
本次getDDG计算的运行时间（秒）：0.0
本次getCDG计算的运行时间（秒）：0.0
本次commit计算的运行时间（秒）：1.124
-------------------------------------------------------------------------------------------

@@@nowCommitHash = 0781568a6cc7b3ccf59fa6851e96ab1636e745c2
@@@oldCommitHash = dd873be40013bffbe07552367326bd2b60eaa807
调用depends完成
本次getDDG计算的运行时间（秒）：0.0
本次getCDG计算的运行时间（秒）：0.0
本次commit计算的运行时间（秒）：1.039
-------------------------------------------------------------------------------------------

@@@nowCommitHash = dd873be40013bffbe07552367326bd2b60eaa807
@@@oldCommitHash = 0405856c980352cdab83cf1e546a3cb30144689e
调用depends完成
本次getDDG计算的运行时间（秒）：0.0
本次getCDG计算的运行时间（秒）：0.0
本次commit计算的运行时间（秒）：2.395
-------------------------------------------------------------------------------------------

@@@nowCommitHash = 6c6eb523325ab87008092d986e5b1b1236e26411
@@@oldCommitHash = 36b710d4417801bcd38adb92a16cd6ccc3446a4b
调用depends完成
本次getDDG计算的运行时间（秒）：0.0
本次getCDG计算的运行时间（秒）：0.0
本次commit计算的运行时间（秒）：1.088
-------------------------------------------------------------------------------------------

@@@nowCommitHash = 36b710d4417801bcd38adb92a16cd6ccc3446a4b
@@@oldCommitHash = deb5a1b3f006b495385df5f8cb3d065b80797add
调用depends完成
本次getDDG计算的运行时间（秒）：0.0
本次getCDG计算的运行时间（秒）：0.0
本次commit计算的运行时间（秒）：1.111
-------------------------------------------------------------------------------------------

@@@nowCommitHash = deb5a1b3f006b495385df5f8cb3d065b80797add
@@@oldCommitHash = 3bc61ccec213779b0d5164081825744d1da3dced
调用depends完成
本次getDDG计算的运行时间（秒）：0.0
本次getCDG计算的运行时间（秒）：0.0
本次commit计算的运行时间（秒）：1.07
-------------------------------------------------------------------------------------------

@@@nowCommitHash = 3bc61ccec213779b0d5164081825744d1da3dced
@@@oldCommitHash = b7cadc1cfa0623ad377c274eb8db278e3e9a7054
调用depends完成
本次getDDG计算的运行时间（秒）：0.0
本次getCDG计算的运行时间（秒）：0.0
本次commit计算的运行时间（秒）：1.093
-------------------------------------------------------------------------------------------

@@@nowCommitHash = b7cadc1cfa0623ad377c274eb8db278e3e9a7054
@@@oldCommitHash = b0e5ade45e660cd7b923309a4a219d035cbd98a7
调用depends完成
本次getDDG计算的运行时间（秒）：0.0
本次getCDG计算的运行时间（秒）：0.0
本次commit计算的运行时间（秒）：1.486
-------------------------------------------------------------------------------------------

@@@nowCommitHash = b0e5ade45e660cd7b923309a4a219d035cbd98a7
@@@oldCommitHash = 690e189a7d6830fb61c10fdc46a8985eac0a7d3a
调用depends完成
本次getDDG计算的运行时间（秒）：0.0
本次getCDG计算的运行时间（秒）：0.0
本次commit计算的运行时间（秒）：1.125
-------------------------------------------------------------------------------------------

@@@nowCommitHash = 690e189a7d6830fb61c10fdc46a8985eac0a7d3a
@@@oldCommitHash = 98f977662f3c16c511e65eac7536b9f8d875c0d2
调用depends完成
本次getDDG计算的运行时间（秒）：0.0
本次getCDG计算的运行时间（秒）：0.0
本次commit计算的运行时间（秒）：1.19
-------------------------------------------------------------------------------------------

@@@nowCommitHash = 67c957b5e41507f00e3338492a18b7f697778c83
@@@oldCommitHash = 9997527a93054674aae1f452dcece2bf56b12885
调用depends完成
本次getDDG计算的运行时间（秒）：0.0
本次getCDG计算的运行时间（秒）：0.0
本次commit计算的运行时间（秒）：1.192
-------------------------------------------------------------------------------------------

@@@nowCommitHash = 9997527a93054674aae1f452dcece2bf56b12885
@@@oldCommitHash = 471a25f1c7daf81d376fb1ca558cac731661b347
调用depends完成
本次getDDG计算的运行时间（秒）：0.0
本次getCDG计算的运行时间（秒）：0.0
本次commit计算的运行时间（秒）：1.099
-------------------------------------------------------------------------------------------

@@@nowCommitHash = 471a25f1c7daf81d376fb1ca558cac731661b347
@@@oldCommitHash = 6586659da6daf3b781226cee4947dfa438c55bc8
调用depends完成
本次getDDG计算的运行时间（秒）：0.0
本次getCDG计算的运行时间（秒）：0.0
本次commit计算的运行时间（秒）：1.223
-------------------------------------------------------------------------------------------

@@@nowCommitHash = 6586659da6daf3b781226cee4947dfa438c55bc8
@@@oldCommitHash = fae2e289dfba631ea58f8278637155d0a9fe6a72
调用depends完成
本次getDDG计算的运行时间（秒）：0.0
本次getCDG计算的运行时间（秒）：0.0
本次commit计算的运行时间（秒）：1.21
-------------------------------------------------------------------------------------------

@@@nowCommitHash = fae2e289dfba631ea58f8278637155d0a9fe6a72
@@@oldCommitHash = 0beaff51e0926a20f4d1015224810b61777b481a
调用depends完成
本次getDDG计算的运行时间（秒）：0.0
本次getCDG计算的运行时间（秒）：0.0
本次commit计算的运行时间（秒）：1.168
-------------------------------------------------------------------------------------------

@@@nowCommitHash = 0beaff51e0926a20f4d1015224810b61777b481a
@@@oldCommitHash = 9b45ad853618b517edb07551c109056e125d75c2
调用depends完成
本次getDDG计算的运行时间（秒）：0.0
本次getCDG计算的运行时间（秒）：0.0
本次commit计算的运行时间（秒）：1.471
-------------------------------------------------------------------------------------------

@@@nowCommitHash = 9b45ad853618b517edb07551c109056e125d75c2
@@@oldCommitHash = 835084290b7efca75c4dbfdd9c5aec221fa13d33
调用depends完成
本次getDDG计算的运行时间（秒）：0.0
本次getCDG计算的运行时间（秒）：0.0
本次commit计算的运行时间（秒）：1.068
-------------------------------------------------------------------------------------------

@@@nowCommitHash = 835084290b7efca75c4dbfdd9c5aec221fa13d33
@@@oldCommitHash = fb63a55517cf4d73289d4e9ab8dafe20721d80a5
调用depends完成
本次getDDG计算的运行时间（秒）：0.0
本次getCDG计算的运行时间（秒）：0.0
本次commit计算的运行时间（秒）：1.667
-------------------------------------------------------------------------------------------

@@@nowCommitHash = fb63a55517cf4d73289d4e9ab8dafe20721d80a5
@@@oldCommitHash = 59a07fad81727cf467bdbc9c5236d7d7a471a4d0
调用depends完成
本次getDDG计算的运行时间（秒）：0.0
本次getCDG计算的运行时间（秒）：0.0
本次commit计算的运行时间（秒）：1.186
-------------------------------------------------------------------------------------------

@@@nowCommitHash = 59a07fad81727cf467bdbc9c5236d7d7a471a4d0
@@@oldCommitHash = 7e6a6cf83f26aa053bca3d6fef3a360c62dfedda
调用depends完成
本次getDDG计算的运行时间（秒）：0.0
本次getCDG计算的运行时间（秒）：0.0
本次commit计算的运行时间（秒）：1.149
-------------------------------------------------------------------------------------------

@@@nowCommitHash = 7e6a6cf83f26aa053bca3d6fef3a360c62dfedda
@@@oldCommitHash = ee1c02fc7788d52f2dc094a8b05fcf8318bb3837
调用depends完成
本次getDDG计算的运行时间（秒）：0.0
本次getCDG计算的运行时间（秒）：0.0
本次commit计算的运行时间（秒）：1.122
-------------------------------------------------------------------------------------------

@@@nowCommitHash = ee1c02fc7788d52f2dc094a8b05fcf8318bb3837
@@@oldCommitHash = a689de7884ea27ff7ffa4e51a510f44348ea2752
调用depends完成
本次getDDG计算的运行时间（秒）：0.0
本次getCDG计算的运行时间（秒）：0.0
本次commit计算的运行时间（秒）：1.139
-------------------------------------------------------------------------------------------

@@@nowCommitHash = a689de7884ea27ff7ffa4e51a510f44348ea2752
@@@oldCommitHash = 77abaf34d69d3e44099848d5c1e1d032211b9130
调用depends完成
本次getDDG计算的运行时间（秒）：0.0
本次getCDG计算的运行时间（秒）：0.0
本次commit计算的运行时间（秒）：1.065
-------------------------------------------------------------------------------------------

@@@nowCommitHash = 77abaf34d69d3e44099848d5c1e1d032211b9130
@@@oldCommitHash = 83c9a329f40334816615b952b88e6374d50b6833
调用depends完成
本次getDDG计算的运行时间（秒）：0.0
本次getCDG计算的运行时间（秒）：0.0
本次commit计算的运行时间（秒）：1.247
-------------------------------------------------------------------------------------------

@@@nowCommitHash = 96319f854c4f6f1ded1f77aba37a40e60cf46435
@@@oldCommitHash = 16e0e9508eec633193026f393d33f53ba8f86b8e
调用depends完成
本次getDDG计算的运行时间（秒）：0.0
本次getCDG计算的运行时间（秒）：0.0
本次commit计算的运行时间（秒）：1.132
-------------------------------------------------------------------------------------------

@@@nowCommitHash = 16e0e9508eec633193026f393d33f53ba8f86b8e
@@@oldCommitHash = e586f654a95a5c8191e1be3ac6da5a2165d6b5bf
调用depends完成
本次getDDG计算的运行时间（秒）：0.0
本次getCDG计算的运行时间（秒）：0.0
本次commit计算的运行时间（秒）：1.392
-------------------------------------------------------------------------------------------

@@@nowCommitHash = e586f654a95a5c8191e1be3ac6da5a2165d6b5bf
@@@oldCommitHash = 2ebc207348b2c9d41d0c308ccd860f15a08bbad2
调用depends完成
本次getDDG计算的运行时间（秒）：0.0
本次getCDG计算的运行时间（秒）：0.0
本次commit计算的运行时间（秒）：1.076
-------------------------------------------------------------------------------------------

@@@nowCommitHash = 2ebc207348b2c9d41d0c308ccd860f15a08bbad2
@@@oldCommitHash = de20ce15cd7bd7def59e71aa04fb37728ec0744f
调用depends完成
本次getDDG计算的运行时间（秒）：0.0
本次getCDG计算的运行时间（秒）：0.0
本次commit计算的运行时间（秒）：1.112
-------------------------------------------------------------------------------------------

@@@nowCommitHash = de20ce15cd7bd7def59e71aa04fb37728ec0744f
@@@oldCommitHash = 9af6a50bea0ebb5f06bfdc51d037e1e783ca947e
调用depends完成
本次getDDG计算的运行时间（秒）：0.0
本次getCDG计算的运行时间（秒）：0.0
本次commit计算的运行时间（秒）：1.102
-------------------------------------------------------------------------------------------

@@@nowCommitHash = 9af6a50bea0ebb5f06bfdc51d037e1e783ca947e
@@@oldCommitHash = 9372d329a24d696eea6a3b126d8e8377e7f7175a
调用depends完成
本次getDDG计算的运行时间（秒）：0.0
本次getCDG计算的运行时间（秒）：0.0
本次commit计算的运行时间（秒）：1.114
-------------------------------------------------------------------------------------------

@@@nowCommitHash = 9372d329a24d696eea6a3b126d8e8377e7f7175a
@@@oldCommitHash = f6325c90e32fc3d2331adc5f6075b6ce465055df
调用depends完成
本次getDDG计算的运行时间（秒）：0.0
本次getCDG计算的运行时间（秒）：0.0
本次commit计算的运行时间（秒）：1.049
-------------------------------------------------------------------------------------------

@@@nowCommitHash = f6325c90e32fc3d2331adc5f6075b6ce465055df
@@@oldCommitHash = c26e1c0d6de4152e87efdce058df827bab241d73
调用depends完成
本次getDDG计算的运行时间（秒）：0.0
本次getCDG计算的运行时间（秒）：0.0
本次commit计算的运行时间（秒）：1.122
-------------------------------------------------------------------------------------------

@@@nowCommitHash = c26e1c0d6de4152e87efdce058df827bab241d73
@@@oldCommitHash = 02d9253846ff3920df555caac3ae76ddff9aa08a
调用depends完成
本次getDDG计算的运行时间（秒）：0.0
本次getCDG计算的运行时间（秒）：0.0
本次commit计算的运行时间（秒）：1.375
-------------------------------------------------------------------------------------------

@@@nowCommitHash = 02d9253846ff3920df555caac3ae76ddff9aa08a
@@@oldCommitHash = f123130d30cb9f5c828faf1d97dbafe1d7b92662
调用depends完成
本次getDDG计算的运行时间（秒）：0.0
本次getCDG计算的运行时间（秒）：0.0
本次commit计算的运行时间（秒）：1.092
-------------------------------------------------------------------------------------------

@@@nowCommitHash = f123130d30cb9f5c828faf1d97dbafe1d7b92662
@@@oldCommitHash = 5fd16c90c1226df1a56c79d3a6f7c3ac58dc9c0d
调用depends完成
本次getDDG计算的运行时间（秒）：0.0
本次getCDG计算的运行时间（秒）：0.0
本次commit计算的运行时间（秒）：1.075
-------------------------------------------------------------------------------------------

@@@nowCommitHash = 5fd16c90c1226df1a56c79d3a6f7c3ac58dc9c0d
@@@oldCommitHash = 67a5327dc0c74da36711df64a42f1c0652bb1d7a
调用depends完成
本次getDDG计算的运行时间（秒）：0.0
本次getCDG计算的运行时间（秒）：0.0
本次commit计算的运行时间（秒）：1.027
-------------------------------------------------------------------------------------------

@@@nowCommitHash = 51ba928a1b641afb2f525b28787aaa5ba3bc29cc
@@@oldCommitHash = 97bed3ffbdfc6b4e338ff9357955f4bb6ddb3ff3
调用depends完成
本次getDDG计算的运行时间（秒）：0.0
本次getCDG计算的运行时间（秒）：0.0
本次commit计算的运行时间（秒）：1.512
-------------------------------------------------------------------------------------------

@@@nowCommitHash = 97bed3ffbdfc6b4e338ff9357955f4bb6ddb3ff3
@@@oldCommitHash = 84e0ce89ba6afa8cbe7ded6e7baa49353167a11f
调用depends完成
本次getDDG计算的运行时间（秒）：0.0
本次getCDG计算的运行时间（秒）：0.0
本次commit计算的运行时间（秒）：1.079
-------------------------------------------------------------------------------------------

@@@nowCommitHash = 84e0ce89ba6afa8cbe7ded6e7baa49353167a11f
@@@oldCommitHash = 671a36ed86bfcab213928161e03e8c7cc0f92fd4
调用depends完成
本次getDDG计算的运行时间（秒）：0.0
本次getCDG计算的运行时间（秒）：0.0
本次commit计算的运行时间（秒）：1.837
-------------------------------------------------------------------------------------------

@@@nowCommitHash = 671a36ed86bfcab213928161e03e8c7cc0f92fd4
@@@oldCommitHash = 78a24b86cc98fc86e96d3200dd6e5d132978db72
调用depends完成
本次getDDG计算的运行时间（秒）：0.0
本次getCDG计算的运行时间（秒）：0.0
本次commit计算的运行时间（秒）：1.711
-------------------------------------------------------------------------------------------

@@@nowCommitHash = 78a24b86cc98fc86e96d3200dd6e5d132978db72
@@@oldCommitHash = 363c593aa7c115bae39805bb2f233e45692abd87
调用depends完成
本次getDDG计算的运行时间（秒）：0.0
本次getCDG计算的运行时间（秒）：0.0
本次commit计算的运行时间（秒）：1.105
-------------------------------------------------------------------------------------------

@@@nowCommitHash = 363c593aa7c115bae39805bb2f233e45692abd87
@@@oldCommitHash = af26c7247984f7753c1a84ead9186584f7ef8d51
调用depends完成
本次getDDG计算的运行时间（秒）：0.0
本次getCDG计算的运行时间（秒）：0.0
本次commit计算的运行时间（秒）：2.245
-------------------------------------------------------------------------------------------

@@@nowCommitHash = af26c7247984f7753c1a84ead9186584f7ef8d51
@@@oldCommitHash = ffb154d0304e7c226e1495e5bf0344ff9313a29c
调用depends完成
本次getDDG计算的运行时间（秒）：0.0
本次getCDG计算的运行时间（秒）：0.0
本次commit计算的运行时间（秒）：1.452
-------------------------------------------------------------------------------------------

@@@nowCommitHash = ffb154d0304e7c226e1495e5bf0344ff9313a29c
@@@oldCommitHash = db66b74249c0c8da50f64f864701ea17eaa3675b
调用depends完成
本次getDDG计算的运行时间（秒）：0.0
本次getCDG计算的运行时间（秒）：0.0
本次commit计算的运行时间（秒）：1.353
-------------------------------------------------------------------------------------------

@@@nowCommitHash = db66b74249c0c8da50f64f864701ea17eaa3675b
@@@oldCommitHash = ab52436c91af36b1e8c9b30267261d1111d0a449
调用depends完成
本次getDDG计算的运行时间（秒）：0.0
本次getCDG计算的运行时间（秒）：0.0
本次commit计算的运行时间（秒）：1.317
----------------------------------------------------------------------------------------------
IN python!!!!
Commit Hash: 8405f90aa92054802c73fa54c4fb2eede188e2bc scoreOfCommitBefore = 0.0 scoreOfCommitAfter = 41.863957184352216
Commit Hash: 7eddc637b64a8a3322655496617a2786b2683927 scoreOfCommitBefore = 0.0 scoreOfCommitAfter = 10.33863398436495
Commit Hash: bb59fbfe998dc741162fdee658ba8f45b7069c53 scoreOfCommitBefore = 9.754887502163468 scoreOfCommitAfter = 10.698406527861406
Commit Hash: 86e7ab75b34274ed06afba45dcd24fd72a871f11 scoreOfCommitBefore = 0.0 scoreOfCommitAfter = 21.40627966059713
Commit Hash: e0f12160dd854bf0106ed94d2a36125bad1b577c scoreOfCommitBefore = 2190.657572175862 scoreOfCommitAfter = 61.75267468299705
Commit Hash: 65d7d078a8e947bb58a633affffd32ad670e73f1 scoreOfCommitBefore = 0.0 scoreOfCommitAfter = 0.0
Commit Hash: b2554223ccae1d92b191eb10ba4a4866c88310f0 scoreOfCommitBefore = 304.23339379260045 scoreOfCommitAfter = 24.433641432880172
Commit Hash: 25d7233fe32821994fd5b30a7e6209a0631c0a61 scoreOfCommitBefore = 0.0 scoreOfCommitAfter = 0.0
Commit Hash: 9a998363f7c74081ab927ff19273e819b11f264b scoreOfCommitBefore = 0.0 scoreOfCommitAfter = 10.342003134995874
Commit Hash: 3fea88408466d0b1037d5ed5cd0c8dc1687aa01b scoreOfCommitBefore = 0.0 scoreOfCommitAfter = 0.0
Commit Hash: 1e8ede8007e76f7154dae55cbb08211ecb7b293f scoreOfCommitBefore = 0.0 scoreOfCommitAfter = 0.0
Commit Hash: 6bc51218d9e1d38966ac48f3977c45cf6cfb2f6e scoreOfCommitBefore = 0.0 scoreOfCommitAfter = 0.0
Commit Hash: ad77056d77e72b15c8cdda310bf29311163e11d4 scoreOfCommitBefore = 0.0 scoreOfCommitAfter = 10.347935195200389
Commit Hash: 3cd3868b658362dba5f99b9a24f603844b93cb6b scoreOfCommitBefore = 4247.631702238168 scoreOfCommitAfter = 87.07767618518123
Commit Hash: 909558ec1a12150596ef53779ed2d255d58327a9 scoreOfCommitBefore = 0.0 scoreOfCommitAfter = 0.0
Commit Hash: 415a377e3bb7fe4497c3ee9f573d2652c1651038 scoreOfCommitBefore = 1541.991310289955 scoreOfCommitAfter = 226.9663800190659
Commit Hash: 155bc423453b77c1b395ee869abd52c8fd472717 scoreOfCommitBefore = 0.0 scoreOfCommitAfter = 0.0
Commit Hash: 2a4df0a72e462d2c842ca8bdeac2078883b3d83c scoreOfCommitBefore = 2619.8170458421564 scoreOfCommitAfter = 25.35392841282254
Commit Hash: bcc9fe45e39fa2d743616cf822c7f6dcbbff6e88 scoreOfCommitBefore = 1907785.052109863 scoreOfCommitAfter = 467.02766219811275
Commit Hash: c4854d5cf594e2cc03f3a3413d1576180617b843 scoreOfCommitBefore = 0.0 scoreOfCommitAfter = 22.079035584541657
Commit Hash: dea06c1087bf61738fd9e92d81a4c315b2eb5d02 scoreOfCommitBefore = 904.4881677648611 scoreOfCommitAfter = 28.67841779917886
Commit Hash: bbd2f0d38415b797afc9445b69112292eab271fd scoreOfCommitBefore = 4906.860321890195 scoreOfCommitAfter = 44.25749395390682
Commit Hash: d88175a45bbd102533e6de272bff75eaceff36b3 scoreOfCommitBefore = 0.0 scoreOfCommitAfter = 11.235338776911428
Commit Hash: 240406ceafbef86e26a54049f1e70383a98a0a2b scoreOfCommitBefore = 0.0 scoreOfCommitAfter = 0.0
Commit Hash: 34eca95f9ef145f08570dcbc1838c58000cb08f8 scoreOfCommitBefore = 0.0 scoreOfCommitAfter = 0.0
Commit Hash: 2aefd5494664a1b847d911e2919f8cfbd4260c12 scoreOfCommitBefore = 1555.6476291751603 scoreOfCommitAfter = 286.4905333885405
Commit Hash: 15c52304906ff5f39b8908b6fdaf0982e8abde17 scoreOfCommitBefore = 13.113312283976539 scoreOfCommitAfter = 21.22510425720948
Commit Hash: 9d12b481ddd60f8a9cb1be5413a26b76bd9807cf scoreOfCommitBefore = 8213.41547413799 scoreOfCommitAfter = 231.28530981241127
Commit Hash: c6fd1423ce4caa346f915ae7ae46df3d4b01c684 scoreOfCommitBefore = 41184.1383173904 scoreOfCommitAfter = 113.90918463115214
Commit Hash: cf759d44c78e8490e3d54df6a27918e0811bbdf9 scoreOfCommitBefore = 43680.60885924601 scoreOfCommitAfter = 340.8852280784401
Commit Hash: 25fe439254199107116eba235bc5f10c7b47c7c1 scoreOfCommitBefore = 1709.7493984510393 scoreOfCommitAfter = 116.74531342090769
Commit Hash: ffd9d017a4b6390b5e4c616c6a8dec793da4a777 scoreOfCommitBefore = 4930.376389072681 scoreOfCommitAfter = 160.62478080780878
Commit Hash: 0477f05101eb93a19554a566997cc34e1a20f044 scoreOfCommitBefore = 4888.575441728377 scoreOfCommitAfter = 38.33814991703093
Commit Hash: b007a40f7125dd71a51e7daf5f3d03902b6ee00d scoreOfCommitBefore = 0.0 scoreOfCommitAfter = 0.0
Commit Hash: 7d7e3da20c3ee3cb038680e5e305f96154da8c70 scoreOfCommitBefore = 194.46604019833754 scoreOfCommitAfter = 11.207142264953443
Commit Hash: c1c1a763d00ee50e5e3a459ee058372777950d65 scoreOfCommitBefore = 0.0 scoreOfCommitAfter = 9.411975770500352
Commit Hash: 738d317387783de3b2bf357d9417d10156c09b27 scoreOfCommitBefore = 9697.389271694725 scoreOfCommitAfter = 25.242493367815925
Commit Hash: 350659cc07a601c488c5bda68d4ecf5da4f982ee scoreOfCommitBefore = 1073.9842765021729 scoreOfCommitAfter = 11.74537060630113
Commit Hash: e960b66d3d5931b9cb1aebd49e452e2c489a921e scoreOfCommitBefore = 3797.458389441027 scoreOfCommitAfter = 40.9451827664596
Commit Hash: a260458b28b2dad9e2c8cfca2a2783e585784ab6 scoreOfCommitBefore = 3202.673473612633 scoreOfCommitAfter = 112.71575855933777
Commit Hash: e6ec2a4a9433d64e763093a826eecf49f005aa5d scoreOfCommitBefore = 0.0 scoreOfCommitAfter = 298.51563918841987
Commit Hash: dc7f4858f9cbb1babe50e962ed5e145536844ad8 scoreOfCommitBefore = 1948.135394596018 scoreOfCommitAfter = 136.45458378822667
Commit Hash: 2872237b01cc9d43630ba3b9c483dd10227e2cae scoreOfCommitBefore = 9986.575454831062 scoreOfCommitAfter = 62.235637704096376
Commit Hash: 9dc98cb7c710be0f4552e7d40d1cb29553b330cf scoreOfCommitBefore = 0.0 scoreOfCommitAfter = 10.368624153237201
Commit Hash: 6fa83e476a4e8ecc80fac3b361cf8fc3643292a0 scoreOfCommitBefore = 0.0 scoreOfCommitAfter = 10.339599850985117
Commit Hash: 96e835f0985ef06bd70a24c77be331c61acd1baa scoreOfCommitBefore = 0.0 scoreOfCommitAfter = 0.0
Commit Hash: bfc2e48f4a008462ff74e0e73bc7e1cabc04e30d scoreOfCommitBefore = 0.0 scoreOfCommitAfter = 31.564065709635933
Commit Hash: df622abf7ceb0984026fabfbcb04d2e6b05f370b scoreOfCommitBefore = 0.0 scoreOfCommitAfter = 0.0
Commit Hash: 826a97fced733fe8ea60de4ed0837a6f50ed406e scoreOfCommitBefore = 0.0 scoreOfCommitAfter = 0.0
Commit Hash: 015ed75b5c4a5b04d1adc36ad836cbf8df57cd35 scoreOfCommitBefore = 230.9164116337987 scoreOfCommitAfter = 52.07626393744357
Commit Hash: f78f7cfb3b7cb336e8bc8ad7fe421b24805720e9 scoreOfCommitBefore = 230.0832123978226 scoreOfCommitAfter = 52.00938314240055
Commit Hash: 9a83236e2f9a9814c22dc1b5166368fea8e6227d scoreOfCommitBefore = 1607814.60577267 scoreOfCommitAfter = 643.2701543297378
Commit Hash: 2157fa9f12d0725906b0a3b065dc9bd37b85685e scoreOfCommitBefore = 0.0 scoreOfCommitAfter = 114.86407253538292
Commit Hash: 1a299822f02642b5cdc6606430266987d0bb4b24 scoreOfCommitBefore = 32.325834438770514 scoreOfCommitAfter = 145.64954419420386
Commit Hash: 1a410a8bef1ec721e16f9f16a447235f09951f05 scoreOfCommitBefore = 1948.135394596018 scoreOfCommitAfter = 136.4545837882267
Commit Hash: a81072df067e4ab811ab01bda34e4b2722a66988 scoreOfCommitBefore = 773.6114344118389 scoreOfCommitAfter = 59.16977104877708
Commit Hash: 5ea05c3edef1401f3481685b11f38010f6fe76ed scoreOfCommitBefore = 47.302968908806456 scoreOfCommitAfter = 64.36192146039978
Commit Hash: fdfc81cde4f0dc1811489715a34b3632d9dfacd5 scoreOfCommitBefore = 909.0890649072727 scoreOfCommitAfter = 114.5392211495363
Commit Hash: dc5a782524fa9cc0923ba9173050b20c8c9c8311 scoreOfCommitBefore = 1288.1830476460223 scoreOfCommitAfter = 100.7754321664172
Commit Hash: fd4ef5e6a3dbe570383e1dd6763884dba900ad7c scoreOfCommitBefore = 2011.549179275671 scoreOfCommitAfter = 70.5903871138813
Commit Hash: 15ce8eb6695da170fbf3b807515477dde168a7fc scoreOfCommitBefore = 1559.2844959003296 scoreOfCommitAfter = 58.84331138730354
Commit Hash: 363f568b6de8c093d6669b45d29c804783c9f39e scoreOfCommitBefore = 297.64467738388316 scoreOfCommitAfter = 13.565229242124708
Commit Hash: 2712230640393acdd00f70640c44ae739d4103ec scoreOfCommitBefore = 273.5911820338763 scoreOfCommitAfter = 105.74433944487984
Commit Hash: ed6993aa14a4010904ea794ba7623a6f4486fe21 scoreOfCommitBefore = 0.0 scoreOfCommitAfter = 0.0
Commit Hash: a795fcc1b8eae06fe32463057f60883e16a160f8 scoreOfCommitBefore = 1322.6475226991574 scoreOfCommitAfter = 11.887367303898237
Commit Hash: 70062306dbbe3142b82c2036e8aabb33e0a13578 scoreOfCommitBefore = 0.0 scoreOfCommitAfter = 0.0
Commit Hash: 338d0039c1e30038f22f0d5544842c1e87406a8a scoreOfCommitBefore = 0.0 scoreOfCommitAfter = 0.0
Commit Hash: 6eaf556c8b1449e97e19a6c4401cedfea0911753 scoreOfCommitBefore = 945.8304872539275 scoreOfCommitAfter = 43.63483347220129
Commit Hash: 9e7afde6564ef59a707df2c7c3bb38930ab16b07 scoreOfCommitBefore = 0.0 scoreOfCommitAfter = 0.0
Commit Hash: 2de23113188495ce1583acf0f1bef774987c8d35 scoreOfCommitBefore = 14128.569215532065 scoreOfCommitAfter = 60.99105205367749
Commit Hash: 8b2a048a713a3d2f06ceb39b90649257791dc090 scoreOfCommitBefore = 122.34069375222545 scoreOfCommitAfter = 10.973862293885675
Commit Hash: 80b91afae2f42b938597387c0e8dce419416ca92 scoreOfCommitBefore = 13467.645470710288 scoreOfCommitAfter = 414.3381402461151
Commit Hash: b97095d3881f1e5a8c71b74a4f35d1847d5fab66 scoreOfCommitBefore = 29712.66331432915 scoreOfCommitAfter = 229.2893085321148
Commit Hash: d3df2d5854fb55f65a8db44f4ecb4814148e495f scoreOfCommitBefore = 625.3815501522952 scoreOfCommitAfter = 250.40070753257004
Commit Hash: 50e7c7e02cd28b3dc5ac99a0e32bc397915f46df scoreOfCommitBefore = 38214.153408046266 scoreOfCommitAfter = 201.93784663417694
Commit Hash: 5caa5493958d40f597b4419c5027c61ce13ceaf7 scoreOfCommitBefore = 195923.04283763462 scoreOfCommitAfter = 3726.9703320063313
Commit Hash: 9a8e46716e4c78122308ac8ac23b4e3f8139debb scoreOfCommitBefore = 319037.8153322122 scoreOfCommitAfter = 2979.662210461587
Commit Hash: 2c8c7fed126376167126df0da740b3cff0c26469 scoreOfCommitBefore = 174448.62505319217 scoreOfCommitAfter = 3706.467806351274
Commit Hash: 180ed4ead46db35c3498c17184ca9062b099c1c8 scoreOfCommitBefore = 16570.465888367664 scoreOfCommitAfter = 99.71257749195917
Commit Hash: 1ae63eb443ec00a4899aae13fa391880db406b6b scoreOfCommitBefore = 4088.8437429646483 scoreOfCommitAfter = 116.81845011602472
Commit Hash: 0781568a6cc7b3ccf59fa6851e96ab1636e745c2 scoreOfCommitBefore = 0.0 scoreOfCommitAfter = 10.948789883647551
Commit Hash: dd873be40013bffbe07552367326bd2b60eaa807 scoreOfCommitBefore = 41032.805319016115 scoreOfCommitAfter = 379.44752647566196
Commit Hash: 6c6eb523325ab87008092d986e5b1b1236e26411 scoreOfCommitBefore = 7340.370358697351 scoreOfCommitAfter = 32.07664314044645
Commit Hash: 36b710d4417801bcd38adb92a16cd6ccc3446a4b scoreOfCommitBefore = 0.0 scoreOfCommitAfter = 104.45160733039958
Commit Hash: deb5a1b3f006b495385df5f8cb3d065b80797add scoreOfCommitBefore = 143.70019108305735 scoreOfCommitAfter = 49.19111856337892
Commit Hash: 3bc61ccec213779b0d5164081825744d1da3dced scoreOfCommitBefore = 0.0 scoreOfCommitAfter = 42.520081138076534
Commit Hash: b7cadc1cfa0623ad377c274eb8db278e3e9a7054 scoreOfCommitBefore = 904.0569140274732 scoreOfCommitAfter = 96.29222330990181
Commit Hash: b0e5ade45e660cd7b923309a4a219d035cbd98a7 scoreOfCommitBefore = 0.0 scoreOfCommitAfter = 104.45160733039958
Commit Hash: 690e189a7d6830fb61c10fdc46a8985eac0a7d3a scoreOfCommitBefore = 369.9104515236617 scoreOfCommitAfter = 67.49965360940868
Commit Hash: 67c957b5e41507f00e3338492a18b7f697778c83 scoreOfCommitBefore = 11401.713660741485 scoreOfCommitAfter = 54.650293547749385
Commit Hash: 9997527a93054674aae1f452dcece2bf56b12885 scoreOfCommitBefore = 335.71187563522585 scoreOfCommitAfter = 21.683379752849234
Commit Hash: 471a25f1c7daf81d376fb1ca558cac731661b347 scoreOfCommitBefore = 106877.77460575018 scoreOfCommitAfter = 160.13594981087357
Commit Hash: 6586659da6daf3b781226cee4947dfa438c55bc8 scoreOfCommitBefore = 4758.393532669706 scoreOfCommitAfter = 26.427757085186798
Commit Hash: fae2e289dfba631ea58f8278637155d0a9fe6a72 scoreOfCommitBefore = 8037.807042238288 scoreOfCommitAfter = 65.25541818037057
Commit Hash: 0beaff51e0926a20f4d1015224810b61777b481a scoreOfCommitBefore = 5355.062705101276 scoreOfCommitAfter = 128.08360157617537
Commit Hash: 9b45ad853618b517edb07551c109056e125d75c2 scoreOfCommitBefore = 15093.56109996417 scoreOfCommitAfter = 55.2483122655876
Commit Hash: 835084290b7efca75c4dbfdd9c5aec221fa13d33 scoreOfCommitBefore = 0.0 scoreOfCommitAfter = 154.7336027127677
Commit Hash: fb63a55517cf4d73289d4e9ab8dafe20721d80a5 scoreOfCommitBefore = 2777.062900773943 scoreOfCommitAfter = 66.95041214378872
Commit Hash: 59a07fad81727cf467bdbc9c5236d7d7a471a4d0 scoreOfCommitBefore = 38.2256981016698 scoreOfCommitAfter = 11.054816755710544
Commit Hash: 7e6a6cf83f26aa053bca3d6fef3a360c62dfedda scoreOfCommitBefore = 2777.062900773943 scoreOfCommitAfter = 66.96390199719875
Commit Hash: ee1c02fc7788d52f2dc094a8b05fcf8318bb3837 scoreOfCommitBefore = 10546.415819884238 scoreOfCommitAfter = 98.01792623914892
Commit Hash: a689de7884ea27ff7ffa4e51a510f44348ea2752 scoreOfCommitBefore = 0.0 scoreOfCommitAfter = 7.9138976989980065
Commit Hash: 77abaf34d69d3e44099848d5c1e1d032211b9130 scoreOfCommitBefore = 11997.803668449558 scoreOfCommitAfter = 92.77828887833762
Commit Hash: 96319f854c4f6f1ded1f77aba37a40e60cf46435 scoreOfCommitBefore = 42.0 scoreOfCommitAfter = 10.721792972079669
Commit Hash: 16e0e9508eec633193026f393d33f53ba8f86b8e scoreOfCommitBefore = 22451.316416440503 scoreOfCommitAfter = 126.606848528463
Commit Hash: e586f654a95a5c8191e1be3ac6da5a2165d6b5bf scoreOfCommitBefore = 769.4199808774138 scoreOfCommitAfter = 38.61739308801381
Commit Hash: 2ebc207348b2c9d41d0c308ccd860f15a08bbad2 scoreOfCommitBefore = 12465.754779519499 scoreOfCommitAfter = 115.65651262588347
Commit Hash: de20ce15cd7bd7def59e71aa04fb37728ec0744f scoreOfCommitBefore = 913.4438434899869 scoreOfCommitAfter = 66.83490209799565
Commit Hash: 9af6a50bea0ebb5f06bfdc51d037e1e783ca947e scoreOfCommitBefore = 56205.667643394234 scoreOfCommitAfter = 102.95295760415131
Commit Hash: 9372d329a24d696eea6a3b126d8e8377e7f7175a scoreOfCommitBefore = 609.263484350153 scoreOfCommitAfter = 22.836344665105972
Commit Hash: f6325c90e32fc3d2331adc5f6075b6ce465055df scoreOfCommitBefore = 22730.57042430109 scoreOfCommitAfter = 113.09888646462721
Commit Hash: c26e1c0d6de4152e87efdce058df827bab241d73 scoreOfCommitBefore = 23843.87767373294 scoreOfCommitAfter = 206.92164312936862
Commit Hash: 02d9253846ff3920df555caac3ae76ddff9aa08a scoreOfCommitBefore = 2532.51624430219 scoreOfCommitAfter = 67.376564514384
Commit Hash: f123130d30cb9f5c828faf1d97dbafe1d7b92662 scoreOfCommitBefore = 10456.936361812317 scoreOfCommitAfter = 68.99965491895223
Commit Hash: 5fd16c90c1226df1a56c79d3a6f7c3ac58dc9c0d scoreOfCommitBefore = 407.4 scoreOfCommitAfter = 13.817358250971095
Commit Hash: 51ba928a1b641afb2f525b28787aaa5ba3bc29cc scoreOfCommitBefore = 22824.191499696102 scoreOfCommitAfter = 297.702261584556
Commit Hash: 97bed3ffbdfc6b4e338ff9357955f4bb6ddb3ff3 scoreOfCommitBefore = 622.2443228054619 scoreOfCommitAfter = 22.7683623055745
Commit Hash: 84e0ce89ba6afa8cbe7ded6e7baa49353167a11f scoreOfCommitBefore = 18161.72873362964 scoreOfCommitAfter = 441.64970371204754
Commit Hash: 671a36ed86bfcab213928161e03e8c7cc0f92fd4 scoreOfCommitBefore = 238158.45450063166 scoreOfCommitAfter = 177.50014351861057
Commit Hash: 78a24b86cc98fc86e96d3200dd6e5d132978db72 scoreOfCommitBefore = 0.0 scoreOfCommitAfter = 0.0
Commit Hash: 363c593aa7c115bae39805bb2f233e45692abd87 scoreOfCommitBefore = 344857.75776074146 scoreOfCommitAfter = 845.5154779133045
Commit Hash: af26c7247984f7753c1a84ead9186584f7ef8d51 scoreOfCommitBefore = 12268.758402812658 scoreOfCommitAfter = 216.84374287786605
Commit Hash: ffb154d0304e7c226e1495e5bf0344ff9313a29c scoreOfCommitBefore = 11330.588484439537 scoreOfCommitAfter = 215.29962362785201
Commit Hash: db66b74249c0c8da50f64f864701ea17eaa3675b scoreOfCommitBefore = 5782.6205738902145 scoreOfCommitAfter = 123.08548809433374
[0.0, 0.0, 9.754887502163468, 0.0, 2190.657572175862, 0.0, 304.23339379260045, 0.0, 0.0, 0.0, 0.0, 0.0, 0.0, 4247.631702238168, 0.0, 1541.991310289955, 0.0, 2619.8170458421564, 1907785.052109863, 0.0, 904.4881677648611, 4906.860321890195, 0.0, 0.0, 0.0, 1555.6476291751603, 13.113312283976539, 8213.41547413799, 41184.1383173904, 43680.60885924601, 1709.7493984510393, 4930.376389072681, 4888.575441728377, 0.0, 194.46604019833754, 0.0, 9697.389271694725, 1073.9842765021729, 3797.458389441027, 3202.673473612633, 0.0, 1948.135394596018, 9986.575454831062, 0.0, 0.0, 0.0, 0.0, 0.0, 0.0, 230.9164116337987, 230.0832123978226, 1607814.60577267, 0.0, 32.325834438770514, 1948.135394596018, 773.6114344118389, 47.302968908806456, 909.0890649072727, 1288.1830476460223, 2011.549179275671, 1559.2844959003296, 297.64467738388316, 273.5911820338763, 0.0, 1322.6475226991574, 0.0, 0.0, 945.8304872539275, 0.0, 14128.569215532065, 122.34069375222545, 13467.645470710288, 29712.66331432915, 625.3815501522952, 38214.153408046266, 195923.04283763462, 319037.8153322122, 174448.62505319217, 16570.465888367664, 4088.8437429646483, 0.0, 41032.805319016115, 7340.370358697351, 0.0, 143.70019108305735, 0.0, 904.0569140274732, 0.0, 369.9104515236617, 11401.713660741485, 335.71187563522585, 106877.77460575018, 4758.393532669706, 8037.807042238288, 5355.062705101276, 15093.56109996417, 0.0, 2777.062900773943, 38.2256981016698, 2777.062900773943, 10546.415819884238, 0.0, 11997.803668449558, 42.0, 22451.316416440503, 769.4199808774138, 12465.754779519499, 913.4438434899869, 56205.667643394234, 609.263484350153, 22730.57042430109, 23843.87767373294, 2532.51624430219, 10456.936361812317, 407.4, 22824.191499696102, 622.2443228054619, 18161.72873362964, 238158.45450063166, 0.0, 344857.75776074146, 12268.758402812658, 11330.588484439537, 5782.6205738902145]
[41.863957184352216, 10.33863398436495, 10.698406527861406, 21.40627966059713, 61.75267468299705, 0.0, 24.433641432880172, 0.0, 10.342003134995874, 0.0, 0.0, 0.0, 10.347935195200389, 87.07767618518123, 0.0, 226.9663800190659, 0.0, 25.35392841282254, 467.02766219811275, 22.079035584541657, 28.67841779917886, 44.25749395390682, 11.235338776911428, 0.0, 0.0, 286.4905333885405, 21.22510425720948, 231.28530981241127, 113.90918463115214, 340.8852280784401, 116.74531342090769, 160.62478080780878, 38.33814991703093, 0.0, 11.207142264953443, 9.411975770500352, 25.242493367815925, 11.74537060630113, 40.9451827664596, 112.71575855933777, 298.51563918841987, 136.45458378822667, 62.235637704096376, 10.368624153237201, 10.339599850985117, 0.0, 31.564065709635933, 0.0, 0.0, 52.07626393744357, 52.00938314240055, 643.2701543297378, 114.86407253538292, 145.64954419420386, 136.4545837882267, 59.16977104877708, 64.36192146039978, 114.5392211495363, 100.7754321664172, 70.5903871138813, 58.84331138730354, 13.565229242124708, 105.74433944487984, 0.0, 11.887367303898237, 0.0, 0.0, 43.63483347220129, 0.0, 60.99105205367749, 10.973862293885675, 414.3381402461151, 229.2893085321148, 250.40070753257004, 201.93784663417694, 3726.9703320063313, 2979.662210461587, 3706.467806351274, 99.71257749195917, 116.81845011602472, 10.948789883647551, 379.44752647566196, 32.07664314044645, 104.45160733039958, 49.19111856337892, 42.520081138076534, 96.29222330990181, 104.45160733039958, 67.49965360940868, 54.650293547749385, 21.683379752849234, 160.13594981087357, 26.427757085186798, 65.25541818037057, 128.08360157617537, 55.2483122655876, 154.7336027127677, 66.95041214378872, 11.054816755710544, 66.96390199719875, 98.01792623914892, 7.9138976989980065, 92.77828887833762, 10.721792972079669, 126.606848528463, 38.61739308801381, 115.65651262588347, 66.83490209799565, 102.95295760415131, 22.836344665105972, 113.09888646462721, 206.92164312936862, 67.376564514384, 68.99965491895223, 13.817358250971095, 297.702261584556, 22.7683623055745, 441.64970371204754, 177.50014351861057, 0.0, 845.5154779133045, 216.84374287786605, 215.29962362785201, 123.08548809433374]
程序总运行时间（秒）：176.311
