-------------------------------------------------------------------------------------------

@@@nowCommitHash = 240edb5c42aa9295bc674c93d25ffe801c13a5c4
@@@oldCommitHash = 679140e0ad6c0bb1cd3b8397f32c5fe55fc7f3b1
调用depends完成
本次getDDG计算的运行时间（秒）：0.0
本次getCDG计算的运行时间（秒）：0.0
本次commit计算的运行时间（秒）：2.458
-------------------------------------------------------------------------------------------

@@@nowCommitHash = 679140e0ad6c0bb1cd3b8397f32c5fe55fc7f3b1
@@@oldCommitHash = 16a43f59be6130dd7d8346401e1575a2f1a2e435
调用depends完成
本次getDDG计算的运行时间（秒）：0.0
本次getCDG计算的运行时间（秒）：0.0
本次commit计算的运行时间（秒）：1.475
-------------------------------------------------------------------------------------------

@@@nowCommitHash = 16a43f59be6130dd7d8346401e1575a2f1a2e435
@@@oldCommitHash = 7abc84fc2c208f148970ca854f2f6a59466e47ae
调用depends完成
本次getDDG计算的运行时间（秒）：0.0
本次getCDG计算的运行时间（秒）：0.0
本次commit计算的运行时间（秒）：1.65
-------------------------------------------------------------------------------------------

@@@nowCommitHash = 7abc84fc2c208f148970ca854f2f6a59466e47ae
@@@oldCommitHash = 19bd016801b2fe99c673479e69bced84ecff83e7
调用depends完成
本次getDDG计算的运行时间（秒）：0.0
本次getCDG计算的运行时间（秒）：0.0
本次commit计算的运行时间（秒）：1.431
-------------------------------------------------------------------------------------------

@@@nowCommitHash = 19bd016801b2fe99c673479e69bced84ecff83e7
@@@oldCommitHash = eca459eeff0f896228749132706d36e414b77c35
调用depends完成
本次getDDG计算的运行时间（秒）：0.0
本次getCDG计算的运行时间（秒）：0.0
本次commit计算的运行时间（秒）：1.372
-------------------------------------------------------------------------------------------

@@@nowCommitHash = 097bff1a792e39f4e0b2807faa53af0e89fbe5e0
@@@oldCommitHash = d91c05993b17a5aff28a33810fc263402824f508
调用depends完成
本次getDDG计算的运行时间（秒）：0.0
本次getCDG计算的运行时间（秒）：0.0
本次commit计算的运行时间（秒）：1.494
-------------------------------------------------------------------------------------------

@@@nowCommitHash = d91c05993b17a5aff28a33810fc263402824f508
@@@oldCommitHash = b90ec4013ae565bf26a3cb5e238d92c4d514893c
调用depends完成
本次getDDG计算的运行时间（秒）：0.0
本次getCDG计算的运行时间（秒）：0.0
本次commit计算的运行时间（秒）：1.442
-------------------------------------------------------------------------------------------

@@@nowCommitHash = 560782c9ee12120304284ba98b61dc61e30324b3
@@@oldCommitHash = 91dd512a86fce9cea7ef0ca1bfde265c5718d3eb
调用depends完成
本次getDDG计算的运行时间（秒）：0.0
本次getCDG计算的运行时间（秒）：0.0
本次commit计算的运行时间（秒）：1.553
-------------------------------------------------------------------------------------------

@@@nowCommitHash = dd3de5f84bcbf0c13ad60df0c3feb9d564727447
@@@oldCommitHash = a234f9abba58add6e5ef9d44b0c24bf49a583905
调用depends完成
本次getDDG计算的运行时间（秒）：0.0
本次getCDG计算的运行时间（秒）：0.0
本次commit计算的运行时间（秒）：1.604
-------------------------------------------------------------------------------------------

@@@nowCommitHash = 0814909139735ea4c7648e755630fd49da7be059
@@@oldCommitHash = ab82d0bacadd04226f3f926463ff6a56980c7a4b
调用depends完成
本次getDDG计算的运行时间（秒）：0.0
本次getCDG计算的运行时间（秒）：0.0
本次commit计算的运行时间（秒）：1.615
-------------------------------------------------------------------------------------------

@@@nowCommitHash = c04ceb9bc71295fec691f99f7baaee31ba1aece7
@@@oldCommitHash = e900eae7225426db41c16dbfa9e90a93e631e5b5
调用depends完成
本次getDDG计算的运行时间（秒）：0.0
本次getCDG计算的运行时间（秒）：0.0
本次commit计算的运行时间（秒）：1.549
-------------------------------------------------------------------------------------------

@@@nowCommitHash = aa71e753d8473830da9f5ff9460ebdf4b4e0ee5b
@@@oldCommitHash = e14b1e4a2c8d55ccc6b7d3c57dd172b4176988d2
调用depends完成
本次getDDG计算的运行时间（秒）：0.0
本次getCDG计算的运行时间（秒）：0.0
本次commit计算的运行时间（秒）：1.578
-------------------------------------------------------------------------------------------

@@@nowCommitHash = 39bc3cb12a982d0225521e6f1d10bd01bd9a2575
@@@oldCommitHash = e14b1e4a2c8d55ccc6b7d3c57dd172b4176988d2
调用depends完成
本次getDDG计算的运行时间（秒）：0.0
本次getCDG计算的运行时间（秒）：0.0
本次commit计算的运行时间（秒）：1.353
-------------------------------------------------------------------------------------------

@@@nowCommitHash = 6841ca79104f6b78179e44b56ae9a033b8131c70
@@@oldCommitHash = 6460f65759694488446a51e79f74c742290fc13e
调用depends完成
本次getDDG计算的运行时间（秒）：0.0
本次getCDG计算的运行时间（秒）：0.0
本次commit计算的运行时间（秒）：1.491
-------------------------------------------------------------------------------------------

@@@nowCommitHash = 9130f8e78ed0d8bdf4b56058ae540c50f0b413ce
@@@oldCommitHash = f33474b4c618ee86cde67d5f589e447409183837
调用depends完成
本次getDDG计算的运行时间（秒）：0.0
本次getCDG计算的运行时间（秒）：0.0
本次commit计算的运行时间（秒）：1.286
-------------------------------------------------------------------------------------------

@@@nowCommitHash = f33474b4c618ee86cde67d5f589e447409183837
@@@oldCommitHash = b1b7a681989c5f7fd86d6c618c9fb5e806ccb99f
调用depends完成
本次getDDG计算的运行时间（秒）：0.0
本次getCDG计算的运行时间（秒）：0.0
本次commit计算的运行时间（秒）：1.554
-------------------------------------------------------------------------------------------

@@@nowCommitHash = b1b7a681989c5f7fd86d6c618c9fb5e806ccb99f
@@@oldCommitHash = 869746101f6dd73b70d8a9c2b6dc59de4352519e
调用depends完成
本次getDDG计算的运行时间（秒）：0.0
本次getCDG计算的运行时间（秒）：0.0
本次commit计算的运行时间（秒）：1.514
-------------------------------------------------------------------------------------------

@@@nowCommitHash = 869746101f6dd73b70d8a9c2b6dc59de4352519e
@@@oldCommitHash = 93d8c01e907fe35a8ff0eb5fe1c3b279d2f30282
调用depends完成
本次getDDG计算的运行时间（秒）：0.0
本次getCDG计算的运行时间（秒）：0.0
本次commit计算的运行时间（秒）：1.629
-------------------------------------------------------------------------------------------

@@@nowCommitHash = 751291fc5e275d0222ddaf75053fac5be9b487db
@@@oldCommitHash = 1da6cf57ac862cafbfa896801bbce31eea3ffd28
调用depends完成
本次getDDG计算的运行时间（秒）：0.0
本次getCDG计算的运行时间（秒）：0.0
本次commit计算的运行时间（秒）：2.645
-------------------------------------------------------------------------------------------

@@@nowCommitHash = 8b02d16b8dc49f39a624dffaab0da46ed7ef064e
@@@oldCommitHash = 0b269eb6b2414520ee90109bba873560afe5281b
调用depends完成
本次getDDG计算的运行时间（秒）：0.0
本次getCDG计算的运行时间（秒）：0.0
本次commit计算的运行时间（秒）：2.539
-------------------------------------------------------------------------------------------

@@@nowCommitHash = f10d080d456643bbcb07301e4080ec5291fa85cc
@@@oldCommitHash = c5695ab27d03c99369d21b5126ea9b60799ce816
调用depends完成
本次getDDG计算的运行时间（秒）：0.0
本次getCDG计算的运行时间（秒）：0.0
本次commit计算的运行时间（秒）：2.558
-------------------------------------------------------------------------------------------

@@@nowCommitHash = 84835dd3cfb46939eb595742ea8d7d74918034bd
@@@oldCommitHash = b1838616943188618bd9d0323df65858e7e662b1
调用depends完成
本次getDDG计算的运行时间（秒）：0.0
本次getCDG计算的运行时间（秒）：0.0
本次commit计算的运行时间（秒）：1.376
-------------------------------------------------------------------------------------------

@@@nowCommitHash = b1838616943188618bd9d0323df65858e7e662b1
@@@oldCommitHash = 5271d86fc4a796c14b9713df973cfeec3f583e95
调用depends完成
本次getDDG计算的运行时间（秒）：0.0
本次getCDG计算的运行时间（秒）：0.0
本次commit计算的运行时间（秒）：1.366
-------------------------------------------------------------------------------------------

@@@nowCommitHash = 960fa3152d0b2e983522456937c9d47e8d24a7d9
@@@oldCommitHash = 6e956d2c455efc7fa6c6f7c9a2fa5561b7a29463
调用depends完成
本次getDDG计算的运行时间（秒）：0.0
本次getCDG计算的运行时间（秒）：0.0
本次commit计算的运行时间（秒）：1.308
-------------------------------------------------------------------------------------------

@@@nowCommitHash = 5271d86fc4a796c14b9713df973cfeec3f583e95
@@@oldCommitHash = 4a51ad4d0991e559189eb329b1cbc3cb133b96d3
调用depends完成
本次getDDG计算的运行时间（秒）：0.0
本次getCDG计算的运行时间（秒）：0.0
本次commit计算的运行时间（秒）：1.821
-------------------------------------------------------------------------------------------

@@@nowCommitHash = 02f5b0afeb2ac71ef7fea5834743566ba9c6947b
@@@oldCommitHash = ea03ec84d7a1badf7eb4c2daecb1f460a400979c
调用depends完成
本次getDDG计算的运行时间（秒）：0.0
本次getCDG计算的运行时间（秒）：0.001
本次commit计算的运行时间（秒）：1.942
-------------------------------------------------------------------------------------------

@@@nowCommitHash = bd2531617cd614c71cc768d7fea002813224abb7
@@@oldCommitHash = 14a95cc5b07e76ab8c0c72192c1e739cb157c7fc
调用depends完成
本次getDDG计算的运行时间（秒）：0.0
本次getCDG计算的运行时间（秒）：0.0
本次commit计算的运行时间（秒）：1.347
-------------------------------------------------------------------------------------------

@@@nowCommitHash = 25398e4e20efa1a8c7dc2c4947d83c1233083f09
@@@oldCommitHash = 11405d48f8bfebb1568e7a7c32ccfb46399799f0
调用depends完成
本次getDDG计算的运行时间（秒）：0.0
本次getCDG计算的运行时间（秒）：0.0
本次commit计算的运行时间（秒）：1.226
-------------------------------------------------------------------------------------------

@@@nowCommitHash = 11405d48f8bfebb1568e7a7c32ccfb46399799f0
@@@oldCommitHash = 14a95cc5b07e76ab8c0c72192c1e739cb157c7fc
调用depends完成
本次getDDG计算的运行时间（秒）：0.0
本次getCDG计算的运行时间（秒）：0.0
本次commit计算的运行时间（秒）：1.221
-------------------------------------------------------------------------------------------

@@@nowCommitHash = 91ef13b5a1235626c8452f2ce2c6d87a76daf695
@@@oldCommitHash = 14a95cc5b07e76ab8c0c72192c1e739cb157c7fc
调用depends完成
本次getDDG计算的运行时间（秒）：0.0
本次getCDG计算的运行时间（秒）：0.0
本次commit计算的运行时间（秒）：1.275
-------------------------------------------------------------------------------------------

@@@nowCommitHash = 4dbbfcfb4c1c06ac6f85e3ad2ed6a2c4b7ba5484
@@@oldCommitHash = 14a95cc5b07e76ab8c0c72192c1e739cb157c7fc
调用depends完成
本次getDDG计算的运行时间（秒）：0.0
本次getCDG计算的运行时间（秒）：0.0
本次commit计算的运行时间（秒）：5.722
-------------------------------------------------------------------------------------------

@@@nowCommitHash = d54d159f209839a5a5ae885d222f1989f6af0ce7
@@@oldCommitHash = 14a95cc5b07e76ab8c0c72192c1e739cb157c7fc
调用depends完成
本次getDDG计算的运行时间（秒）：0.0
本次getCDG计算的运行时间（秒）：0.0
本次commit计算的运行时间（秒）：1.842
-------------------------------------------------------------------------------------------

@@@nowCommitHash = db11d2ade8eb093b71904c970f3cf3067220cb2b
@@@oldCommitHash = 14a95cc5b07e76ab8c0c72192c1e739cb157c7fc
调用depends完成
本次getDDG计算的运行时间（秒）：0.0
本次getCDG计算的运行时间（秒）：0.0
本次commit计算的运行时间（秒）：1.453
-------------------------------------------------------------------------------------------

@@@nowCommitHash = d007be7a5b0890e85d44b4c12da5b3040f203512
@@@oldCommitHash = 14a95cc5b07e76ab8c0c72192c1e739cb157c7fc
调用depends完成
本次getDDG计算的运行时间（秒）：0.0
本次getCDG计算的运行时间（秒）：0.0
本次commit计算的运行时间（秒）：1.487
-------------------------------------------------------------------------------------------

@@@nowCommitHash = 697e1521b622c7dca3ab9d74cf9e74b40bd5748a
@@@oldCommitHash = 14a95cc5b07e76ab8c0c72192c1e739cb157c7fc
调用depends完成
本次getDDG计算的运行时间（秒）：0.0
本次getCDG计算的运行时间（秒）：0.0
本次commit计算的运行时间（秒）：1.408
-------------------------------------------------------------------------------------------

@@@nowCommitHash = 3dfc699a93462d51dc73e42beb55332c3f71d949
@@@oldCommitHash = cbd625b77439c772560754f0dba7f8ea7cfa06a1
调用depends完成
本次getDDG计算的运行时间（秒）：0.0
本次getCDG计算的运行时间（秒）：0.0
本次commit计算的运行时间（秒）：1.465
-------------------------------------------------------------------------------------------

@@@nowCommitHash = cbd625b77439c772560754f0dba7f8ea7cfa06a1
@@@oldCommitHash = d6b2f6d7159490804a4e7c18c021d65a5220b996
调用depends完成
本次getDDG计算的运行时间（秒）：0.0
本次getCDG计算的运行时间（秒）：0.0
本次commit计算的运行时间（秒）：2.661
-------------------------------------------------------------------------------------------

@@@nowCommitHash = 65fb33c1e3ad1f115c7d992b09c5f6aa5e24a81b
@@@oldCommitHash = 4f1496ba129598ee503fde33e2378b7712469bb9
调用depends完成
本次getDDG计算的运行时间（秒）：0.0
本次getCDG计算的运行时间（秒）：0.0
本次commit计算的运行时间（秒）：1.356
-------------------------------------------------------------------------------------------

@@@nowCommitHash = 4f1496ba129598ee503fde33e2378b7712469bb9
@@@oldCommitHash = f75aabb8614feaa2f8ee64f365f78472b88ea267
调用depends完成
本次getDDG计算的运行时间（秒）：0.0
本次getCDG计算的运行时间（秒）：0.0
本次commit计算的运行时间（秒）：1.535
-------------------------------------------------------------------------------------------

@@@nowCommitHash = d6b2f6d7159490804a4e7c18c021d65a5220b996
@@@oldCommitHash = 1901698c910da392bff102db5c07581663bc93e7
调用depends完成
本次getDDG计算的运行时间（秒）：0.0
本次getCDG计算的运行时间（秒）：0.0
本次commit计算的运行时间（秒）：1.306
-------------------------------------------------------------------------------------------

@@@nowCommitHash = 1901698c910da392bff102db5c07581663bc93e7
@@@oldCommitHash = 2fafaa142c3f9e8ccdad41d22f4eaaf9d5ada76a
调用depends完成
本次getDDG计算的运行时间（秒）：0.0
本次getCDG计算的运行时间（秒）：0.0
本次commit计算的运行时间（秒）：1.356
-------------------------------------------------------------------------------------------

@@@nowCommitHash = 2fafaa142c3f9e8ccdad41d22f4eaaf9d5ada76a
@@@oldCommitHash = 14a95cc5b07e76ab8c0c72192c1e739cb157c7fc
调用depends完成
本次getDDG计算的运行时间（秒）：0.0
本次getCDG计算的运行时间（秒）：0.0
本次commit计算的运行时间（秒）：1.343
-------------------------------------------------------------------------------------------

@@@nowCommitHash = 4fadfd0ecbde1ac02e598243a0041c49cd349b76
@@@oldCommitHash = ba07c7fbda7ffb4f5fad24f5d02c03794db8c7c9
调用depends完成
本次getDDG计算的运行时间（秒）：0.0
本次getCDG计算的运行时间（秒）：0.0
本次commit计算的运行时间（秒）：1.313
-------------------------------------------------------------------------------------------

@@@nowCommitHash = ba07c7fbda7ffb4f5fad24f5d02c03794db8c7c9
@@@oldCommitHash = aa734544bfba94e6a7df836a181ba4064129c20b
调用depends完成
本次getDDG计算的运行时间（秒）：0.0
本次getCDG计算的运行时间（秒）：0.0
本次commit计算的运行时间（秒）：1.796
-------------------------------------------------------------------------------------------

@@@nowCommitHash = aa734544bfba94e6a7df836a181ba4064129c20b
@@@oldCommitHash = e2f9cc6bf31b8da8e020e2f9c559e7b970c53c7b
调用depends完成
本次getDDG计算的运行时间（秒）：0.0
本次getCDG计算的运行时间（秒）：0.0
本次commit计算的运行时间（秒）：1.279
-------------------------------------------------------------------------------------------

@@@nowCommitHash = e2f9cc6bf31b8da8e020e2f9c559e7b970c53c7b
@@@oldCommitHash = 96137715db58a0ad587f8d3f47351b9aca5d04f2
调用depends完成
本次getDDG计算的运行时间（秒）：0.0
本次getCDG计算的运行时间（秒）：0.0
本次commit计算的运行时间（秒）：1.426
-------------------------------------------------------------------------------------------

@@@nowCommitHash = 8d42fd87c00b9691d393c15998135b5281d895f5
@@@oldCommitHash = 00cdc53606111e7802f8f5559d44feeccba2657f
调用depends完成
本次getDDG计算的运行时间（秒）：0.0
本次getCDG计算的运行时间（秒）：0.0
本次commit计算的运行时间（秒）：1.513
-------------------------------------------------------------------------------------------

@@@nowCommitHash = 00cdc53606111e7802f8f5559d44feeccba2657f
@@@oldCommitHash = 6070b101a87b27f1bbbce0d97f740eb0956e1cf9
调用depends完成
本次getDDG计算的运行时间（秒）：0.0
本次getCDG计算的运行时间（秒）：0.0
本次commit计算的运行时间（秒）：1.297
-------------------------------------------------------------------------------------------

@@@nowCommitHash = 6070b101a87b27f1bbbce0d97f740eb0956e1cf9
@@@oldCommitHash = 275da29e451773a8abf12dfbb58d81a8b3fa96ae
调用depends完成
本次getDDG计算的运行时间（秒）：0.0
本次getCDG计算的运行时间（秒）：0.0
本次commit计算的运行时间（秒）：1.474
-------------------------------------------------------------------------------------------

@@@nowCommitHash = 275da29e451773a8abf12dfbb58d81a8b3fa96ae
@@@oldCommitHash = daec680b7248c2b79fda50b0cee4863a8b228bd4
调用depends完成
本次getDDG计算的运行时间（秒）：0.0
本次getCDG计算的运行时间（秒）：0.0
本次commit计算的运行时间（秒）：1.375
-------------------------------------------------------------------------------------------

@@@nowCommitHash = daec680b7248c2b79fda50b0cee4863a8b228bd4
@@@oldCommitHash = bab56ae6fe823b7a0e352d10aa355de0ef6dcafa
调用depends完成
本次getDDG计算的运行时间（秒）：0.0
本次getCDG计算的运行时间（秒）：0.0
本次commit计算的运行时间（秒）：1.323
-------------------------------------------------------------------------------------------

@@@nowCommitHash = bab56ae6fe823b7a0e352d10aa355de0ef6dcafa
@@@oldCommitHash = 4d47b4478603e9d2997ae192d8059f5bcd074da3
调用depends完成
本次getDDG计算的运行时间（秒）：0.0
本次getCDG计算的运行时间（秒）：0.0
本次commit计算的运行时间（秒）：1.358
-------------------------------------------------------------------------------------------

@@@nowCommitHash = 4d47b4478603e9d2997ae192d8059f5bcd074da3
@@@oldCommitHash = ca1b90d0d08fb8fce34f1aa058855862792518b0
调用depends完成
本次getDDG计算的运行时间（秒）：0.0
本次getCDG计算的运行时间（秒）：0.0
本次commit计算的运行时间（秒）：1.439
-------------------------------------------------------------------------------------------

@@@nowCommitHash = e59c1be9219e1e8ed8ebd48603b9f5567654a468
@@@oldCommitHash = 88ba92f4e7c34447a70c6cdf378748ec005ede94
调用depends完成
本次getDDG计算的运行时间（秒）：0.0
本次getCDG计算的运行时间（秒）：0.0
本次commit计算的运行时间（秒）：1.449
-------------------------------------------------------------------------------------------

@@@nowCommitHash = 3f28f52ebd09d26fc585454d674be7ff54ca7903
@@@oldCommitHash = 097c688e6991002ab382e66ba937bafacbb94382
调用depends完成
本次getDDG计算的运行时间（秒）：0.0
本次getCDG计算的运行时间（秒）：0.0
本次commit计算的运行时间（秒）：1.424
-------------------------------------------------------------------------------------------

@@@nowCommitHash = ccdfe007c0c0fd7a40d5040f37c6032ae17a8a96
@@@oldCommitHash = 4065e78f3522e406ce651f6c09ee8b1869376488
调用depends完成
本次getDDG计算的运行时间（秒）：0.0
本次getCDG计算的运行时间（秒）：0.0
本次commit计算的运行时间（秒）：1.45
-------------------------------------------------------------------------------------------

@@@nowCommitHash = 60067f927a1dc51f8ffd53cb1eebb2b18bee044f
@@@oldCommitHash = f597b8a4716efc527da77b8961ac27b012e8c31b
调用depends完成
本次getDDG计算的运行时间（秒）：0.0
本次getCDG计算的运行时间（秒）：0.0
本次commit计算的运行时间（秒）：1.473
-------------------------------------------------------------------------------------------

@@@nowCommitHash = 911e11861f6f624233266ede36190a5647d3da92
@@@oldCommitHash = 9b8b186772e40a1229c2212bbf40a23e45d1f0f2
调用depends完成
本次getDDG计算的运行时间（秒）：0.0
本次getCDG计算的运行时间（秒）：0.0
本次commit计算的运行时间（秒）：1.603
-------------------------------------------------------------------------------------------

@@@nowCommitHash = e5514a3a78353178cf19116bd9ef0bea001b5454
@@@oldCommitHash = 80e3301cdfe37baebad2277225f760fb307483fd
调用depends完成
本次getDDG计算的运行时间（秒）：0.0
本次getCDG计算的运行时间（秒）：0.0
本次commit计算的运行时间（秒）：1.47
-------------------------------------------------------------------------------------------

@@@nowCommitHash = 8fa7aea250aaee5833b6d5da9ec76cfb63269d21
@@@oldCommitHash = e161fcd62a4a75121bd22773e2cdbf2867a16225
调用depends完成
本次getDDG计算的运行时间（秒）：0.0
本次getCDG计算的运行时间（秒）：0.0
本次commit计算的运行时间（秒）：1.604
-------------------------------------------------------------------------------------------

@@@nowCommitHash = 4370bd29d86ea7c38f93d6712bbfa231fb85f0ca
@@@oldCommitHash = 7b5922561e1b35614b268ef98a99cac8fe5c4fe2
调用depends完成
本次getDDG计算的运行时间（秒）：0.0
本次getCDG计算的运行时间（秒）：0.0
本次commit计算的运行时间（秒）：1.464
-------------------------------------------------------------------------------------------

@@@nowCommitHash = 7b5922561e1b35614b268ef98a99cac8fe5c4fe2
@@@oldCommitHash = 9b8b186772e40a1229c2212bbf40a23e45d1f0f2
调用depends完成
本次getDDG计算的运行时间（秒）：0.0
本次getCDG计算的运行时间（秒）：0.0
本次commit计算的运行时间（秒）：1.545
-------------------------------------------------------------------------------------------

@@@nowCommitHash = e161fcd62a4a75121bd22773e2cdbf2867a16225
@@@oldCommitHash = e6cc01eaa929606ced9d5996192078c9495ddc57
调用depends完成
本次getDDG计算的运行时间（秒）：0.0
本次getCDG计算的运行时间（秒）：0.0
本次commit计算的运行时间（秒）：1.781
-------------------------------------------------------------------------------------------

@@@nowCommitHash = 9b8b186772e40a1229c2212bbf40a23e45d1f0f2
@@@oldCommitHash = 03ede75b02f63f481b474539c005cb434f4aeaa8
调用depends完成
本次getDDG计算的运行时间（秒）：0.0
本次getCDG计算的运行时间（秒）：0.0
本次commit计算的运行时间（秒）：1.422
-------------------------------------------------------------------------------------------

@@@nowCommitHash = 03ede75b02f63f481b474539c005cb434f4aeaa8
@@@oldCommitHash = 732c2a33bd0fdae3e6320fadcb52b766bdd91d7b
调用depends完成
本次getDDG计算的运行时间（秒）：0.0
本次getCDG计算的运行时间（秒）：0.0
本次commit计算的运行时间（秒）：1.672
-------------------------------------------------------------------------------------------

@@@nowCommitHash = 732c2a33bd0fdae3e6320fadcb52b766bdd91d7b
@@@oldCommitHash = 3ec5aab87c18df2e79e336124657f8aef9074095
调用depends完成
本次getDDG计算的运行时间（秒）：0.0
本次getCDG计算的运行时间（秒）：0.0
本次commit计算的运行时间（秒）：1.733
-------------------------------------------------------------------------------------------

@@@nowCommitHash = e6cc01eaa929606ced9d5996192078c9495ddc57
@@@oldCommitHash = 3ec5aab87c18df2e79e336124657f8aef9074095
调用depends完成
本次getDDG计算的运行时间（秒）：0.0
本次getCDG计算的运行时间（秒）：0.0
本次commit计算的运行时间（秒）：1.428
-------------------------------------------------------------------------------------------

@@@nowCommitHash = 333f11f2cffeb764da7da27d4e83e3b8363427ab
@@@oldCommitHash = e4308b7a108cfddfd9dc815373ba15f87f81bfbd
调用depends完成
本次getDDG计算的运行时间（秒）：0.0
本次getCDG计算的运行时间（秒）：0.0
本次commit计算的运行时间（秒）：1.714
-------------------------------------------------------------------------------------------

@@@nowCommitHash = e8ec59ee44d0fe54355c790deb782a35dae9a628
@@@oldCommitHash = 3e2fa459144bf08bdf4f6108f74875e23ff19748
调用depends完成
本次getDDG计算的运行时间（秒）：0.0
本次getCDG计算的运行时间（秒）：0.0
本次commit计算的运行时间（秒）：1.244
-------------------------------------------------------------------------------------------

@@@nowCommitHash = 3e2fa459144bf08bdf4f6108f74875e23ff19748
@@@oldCommitHash = e4308b7a108cfddfd9dc815373ba15f87f81bfbd
调用depends完成
本次getDDG计算的运行时间（秒）：0.0
本次getCDG计算的运行时间（秒）：0.0
本次commit计算的运行时间（秒）：1.275
-------------------------------------------------------------------------------------------

@@@nowCommitHash = f96732be30922bb4497dfda69ff7acac94c63d4c
@@@oldCommitHash = e4308b7a108cfddfd9dc815373ba15f87f81bfbd
调用depends完成
本次getDDG计算的运行时间（秒）：0.0
本次getCDG计算的运行时间（秒）：0.0
本次commit计算的运行时间（秒）：1.348
-------------------------------------------------------------------------------------------

@@@nowCommitHash = b04b950a4a37836c3ac4f801c01e25fe80aa924b
@@@oldCommitHash = e4308b7a108cfddfd9dc815373ba15f87f81bfbd
调用depends完成
本次getDDG计算的运行时间（秒）：0.0
本次getCDG计算的运行时间（秒）：0.0
本次commit计算的运行时间（秒）：1.525
-------------------------------------------------------------------------------------------

@@@nowCommitHash = 7a793785de55ca41fc6ef50a9dabbd2d5b07b887
@@@oldCommitHash = 62787d9bfa0c7c674ebba69db5cdbeb85e9893d6
调用depends完成
本次getDDG计算的运行时间（秒）：0.0
本次getCDG计算的运行时间（秒）：0.0
本次commit计算的运行时间（秒）：1.261
-------------------------------------------------------------------------------------------

@@@nowCommitHash = 838ebd828f76cb13dfead4fbfd3ee478096872ba
@@@oldCommitHash = 62787d9bfa0c7c674ebba69db5cdbeb85e9893d6
调用depends完成
本次getDDG计算的运行时间（秒）：0.0
本次getCDG计算的运行时间（秒）：0.0
本次commit计算的运行时间（秒）：1.515
-------------------------------------------------------------------------------------------

@@@nowCommitHash = 2baacfb81092936cd933ee26ed60c0035456308a
@@@oldCommitHash = 62787d9bfa0c7c674ebba69db5cdbeb85e9893d6
调用depends完成
本次getDDG计算的运行时间（秒）：0.0
本次getCDG计算的运行时间（秒）：0.0
本次commit计算的运行时间（秒）：1.297
-------------------------------------------------------------------------------------------

@@@nowCommitHash = 62787d9bfa0c7c674ebba69db5cdbeb85e9893d6
@@@oldCommitHash = 1a4fb9bb29188ba8474a20868ff8eda6d9b48317
调用depends完成
本次getDDG计算的运行时间（秒）：0.0
本次getCDG计算的运行时间（秒）：0.0
本次commit计算的运行时间（秒）：1.3
-------------------------------------------------------------------------------------------

@@@nowCommitHash = 1a4fb9bb29188ba8474a20868ff8eda6d9b48317
@@@oldCommitHash = a38362318bf1bd3bce7db2ada32b325d71bb21b8
调用depends完成
本次getDDG计算的运行时间（秒）：0.0
本次getCDG计算的运行时间（秒）：0.0
本次commit计算的运行时间（秒）：1.396
-------------------------------------------------------------------------------------------

@@@nowCommitHash = a38362318bf1bd3bce7db2ada32b325d71bb21b8
@@@oldCommitHash = b584203cf4d3969245ffc540fc6c51fc5e3b264e
调用depends完成
本次getDDG计算的运行时间（秒）：0.0
本次getCDG计算的运行时间（秒）：0.0
本次commit计算的运行时间（秒）：1.595
-------------------------------------------------------------------------------------------

@@@nowCommitHash = be6b5364d1c10a9d37057ee85daf9313eb8a64bb
@@@oldCommitHash = b584203cf4d3969245ffc540fc6c51fc5e3b264e
调用depends完成
本次getDDG计算的运行时间（秒）：0.0
本次getCDG计算的运行时间（秒）：0.0
本次commit计算的运行时间（秒）：1.36
-------------------------------------------------------------------------------------------

@@@nowCommitHash = 10a41a2974fe4f9b8dcc261a72b67395833da2ef
@@@oldCommitHash = b584203cf4d3969245ffc540fc6c51fc5e3b264e
调用depends完成
本次getDDG计算的运行时间（秒）：0.0
本次getCDG计算的运行时间（秒）：0.0
本次commit计算的运行时间（秒）：1.335
-------------------------------------------------------------------------------------------

@@@nowCommitHash = b584203cf4d3969245ffc540fc6c51fc5e3b264e
@@@oldCommitHash = 7ac0e063f221d234d09f89807aaf139c08a3db96
调用depends完成
本次getDDG计算的运行时间（秒）：0.0
本次getCDG计算的运行时间（秒）：0.0
本次commit计算的运行时间（秒）：1.323
-------------------------------------------------------------------------------------------

@@@nowCommitHash = 15ac107181ff88781a593e6f9e12ee357d6046d3
@@@oldCommitHash = 28b674e9814902a6bbf472fdf734fcdad1b97df2
调用depends完成
本次getDDG计算的运行时间（秒）：0.0
本次getCDG计算的运行时间（秒）：0.0
本次commit计算的运行时间（秒）：1.652
-------------------------------------------------------------------------------------------

@@@nowCommitHash = 28b674e9814902a6bbf472fdf734fcdad1b97df2
@@@oldCommitHash = 2fa8ee07e55b476f778a63633f556bbf6b023ab7
调用depends完成
本次getDDG计算的运行时间（秒）：0.0
本次getCDG计算的运行时间（秒）：0.0
本次commit计算的运行时间（秒）：1.59
-------------------------------------------------------------------------------------------

@@@nowCommitHash = 2fa8ee07e55b476f778a63633f556bbf6b023ab7
@@@oldCommitHash = a7f1f5c4ac52503cc95bf1d27498098b3093a0df
调用depends完成
本次getDDG计算的运行时间（秒）：0.0
本次getCDG计算的运行时间（秒）：0.0
本次commit计算的运行时间（秒）：1.389
-------------------------------------------------------------------------------------------

@@@nowCommitHash = a7f1f5c4ac52503cc95bf1d27498098b3093a0df
@@@oldCommitHash = 8b690ffcc901a9655b5c871795f7be910cef7f0f
调用depends完成
本次getDDG计算的运行时间（秒）：0.0
本次getCDG计算的运行时间（秒）：0.0
本次commit计算的运行时间（秒）：1.34
-------------------------------------------------------------------------------------------

@@@nowCommitHash = 8b690ffcc901a9655b5c871795f7be910cef7f0f
@@@oldCommitHash = 90d591ef35c6a599656aaa299d819ae5746322ed
调用depends完成
本次getDDG计算的运行时间（秒）：0.0
本次getCDG计算的运行时间（秒）：0.0
本次commit计算的运行时间（秒）：1.447
-------------------------------------------------------------------------------------------

@@@nowCommitHash = 90d591ef35c6a599656aaa299d819ae5746322ed
@@@oldCommitHash = 37ed66bcaa3b0c88c5f3f0b09e6b4029c72c14cd
调用depends完成
本次getDDG计算的运行时间（秒）：0.0
本次getCDG计算的运行时间（秒）：0.0
本次commit计算的运行时间（秒）：1.403
-------------------------------------------------------------------------------------------

@@@nowCommitHash = dc6fb0b2a86b5ee914de1932842852c7a63d8872
@@@oldCommitHash = 37ed66bcaa3b0c88c5f3f0b09e6b4029c72c14cd
调用depends完成
本次getDDG计算的运行时间（秒）：0.0
本次getCDG计算的运行时间（秒）：0.0
本次commit计算的运行时间（秒）：1.324
-------------------------------------------------------------------------------------------

@@@nowCommitHash = 98c031a740c95edf14d341fb6edcd00d5c9254ff
@@@oldCommitHash = 37ed66bcaa3b0c88c5f3f0b09e6b4029c72c14cd
调用depends完成
本次getDDG计算的运行时间（秒）：0.0
本次getCDG计算的运行时间（秒）：0.0
本次commit计算的运行时间（秒）：1.318
-------------------------------------------------------------------------------------------

@@@nowCommitHash = d342dadc4cbff4156bd1deff03a2e54008ee7008
@@@oldCommitHash = 37ed66bcaa3b0c88c5f3f0b09e6b4029c72c14cd
调用depends完成
本次getDDG计算的运行时间（秒）：0.0
本次getCDG计算的运行时间（秒）：0.0
本次commit计算的运行时间（秒）：1.367
-------------------------------------------------------------------------------------------

@@@nowCommitHash = cd2d5ff1a6b6c19a658f34ace4853328eaf0c500
@@@oldCommitHash = 37ed66bcaa3b0c88c5f3f0b09e6b4029c72c14cd
调用depends完成
本次getDDG计算的运行时间（秒）：0.0
本次getCDG计算的运行时间（秒）：0.0
本次commit计算的运行时间（秒）：1.34
-------------------------------------------------------------------------------------------

@@@nowCommitHash = aa5385637df25ca9dab0051ea57a00b38649d34a
@@@oldCommitHash = 37ed66bcaa3b0c88c5f3f0b09e6b4029c72c14cd
调用depends完成
本次getDDG计算的运行时间（秒）：0.0
本次getCDG计算的运行时间（秒）：0.0
本次commit计算的运行时间（秒）：1.342
-------------------------------------------------------------------------------------------

@@@nowCommitHash = 016ddf6dd881850d86ca33b614fc431c4d55bda8
@@@oldCommitHash = 37ed66bcaa3b0c88c5f3f0b09e6b4029c72c14cd
调用depends完成
本次getDDG计算的运行时间（秒）：0.0
本次getCDG计算的运行时间（秒）：0.0
本次commit计算的运行时间（秒）：1.344
-------------------------------------------------------------------------------------------

@@@nowCommitHash = 37ed66bcaa3b0c88c5f3f0b09e6b4029c72c14cd
@@@oldCommitHash = af60554efbd7a0e36f3b646ee94162359655554f
调用depends完成
本次getDDG计算的运行时间（秒）：0.0
本次getCDG计算的运行时间（秒）：0.0
本次commit计算的运行时间（秒）：1.45
-------------------------------------------------------------------------------------------

@@@nowCommitHash = af60554efbd7a0e36f3b646ee94162359655554f
@@@oldCommitHash = ab13b03d2168be6879cc56b9f1aa12605b140492
调用depends完成
本次getDDG计算的运行时间（秒）：0.0
本次getCDG计算的运行时间（秒）：0.0
本次commit计算的运行时间（秒）：1.446
-------------------------------------------------------------------------------------------

@@@nowCommitHash = ab13b03d2168be6879cc56b9f1aa12605b140492
@@@oldCommitHash = 13f3f2b674904d53c12f28d13a80c2302377c57a
调用depends完成
本次getDDG计算的运行时间（秒）：0.0
本次getCDG计算的运行时间（秒）：0.0
本次commit计算的运行时间（秒）：1.384
-------------------------------------------------------------------------------------------

@@@nowCommitHash = 13f3f2b674904d53c12f28d13a80c2302377c57a
@@@oldCommitHash = 1ccd0f19e72487545ba01078928b99aebc92505d
调用depends完成
本次getDDG计算的运行时间（秒）：0.0
本次getCDG计算的运行时间（秒）：0.0
本次commit计算的运行时间（秒）：1.657
-------------------------------------------------------------------------------------------

@@@nowCommitHash = 1f1371e655437855c0d7806b4ce8f304ad772db1
@@@oldCommitHash = cf59aef7a70fbf007bb7c339b508094ad241d2ae
调用depends完成
本次getDDG计算的运行时间（秒）：0.0
本次getCDG计算的运行时间（秒）：0.0
本次commit计算的运行时间（秒）：1.391
-------------------------------------------------------------------------------------------

@@@nowCommitHash = e2ce6bb9233c2a050671962121e94a6a46a15bd5
@@@oldCommitHash = 9384e2637b646b8170908175f25fe5b101f50cc9
调用depends完成
本次getDDG计算的运行时间（秒）：0.0
本次getCDG计算的运行时间（秒）：0.0
本次commit计算的运行时间（秒）：1.497
-------------------------------------------------------------------------------------------

@@@nowCommitHash = 8b365c0000e3f56067ec9c6de0d6151de269f6e0
@@@oldCommitHash = 8124e5e8b9c077de6a3dc38b8d7f42b43f692b2b
调用depends完成
本次getDDG计算的运行时间（秒）：0.0
本次getCDG计算的运行时间（秒）：0.0
本次commit计算的运行时间（秒）：1.603
-------------------------------------------------------------------------------------------

@@@nowCommitHash = 133cca0ecaca8de82e47490826aadda38e541929
@@@oldCommitHash = 8124e5e8b9c077de6a3dc38b8d7f42b43f692b2b
调用depends完成
本次getDDG计算的运行时间（秒）：0.0
本次getCDG计算的运行时间（秒）：0.0
本次commit计算的运行时间（秒）：1.335
-------------------------------------------------------------------------------------------

@@@nowCommitHash = 9baa2d5dac6da26f895db316ef4a2425922642c4
@@@oldCommitHash = 8124e5e8b9c077de6a3dc38b8d7f42b43f692b2b
调用depends完成
本次getDDG计算的运行时间（秒）：0.0
本次getCDG计算的运行时间（秒）：0.0
本次commit计算的运行时间（秒）：1.623
-------------------------------------------------------------------------------------------

@@@nowCommitHash = 8124e5e8b9c077de6a3dc38b8d7f42b43f692b2b
@@@oldCommitHash = 0ed7edfd25d4c81f86eca0375e457669b6cba1bb
调用depends完成
本次getDDG计算的运行时间（秒）：0.0
本次getCDG计算的运行时间（秒）：0.0
本次commit计算的运行时间（秒）：1.535
-------------------------------------------------------------------------------------------

@@@nowCommitHash = 0ed7edfd25d4c81f86eca0375e457669b6cba1bb
@@@oldCommitHash = 063a3a1b60f14b36bc1ec792afbd184a89c89f0c
调用depends完成
本次getDDG计算的运行时间（秒）：0.0
本次getCDG计算的运行时间（秒）：0.0
本次commit计算的运行时间（秒）：1.455
-------------------------------------------------------------------------------------------

@@@nowCommitHash = 063a3a1b60f14b36bc1ec792afbd184a89c89f0c
@@@oldCommitHash = 8d4ac65ee241fcf26e77f06ef82999b1b5f47c02
调用depends完成
本次getDDG计算的运行时间（秒）：0.0
本次getCDG计算的运行时间（秒）：0.0
本次commit计算的运行时间（秒）：1.532
-------------------------------------------------------------------------------------------

@@@nowCommitHash = 8d4ac65ee241fcf26e77f06ef82999b1b5f47c02
@@@oldCommitHash = fe671388a0f395d4ec145466c8a4dc3ebbc3fa9c
调用depends完成
本次getDDG计算的运行时间（秒）：0.0
本次getCDG计算的运行时间（秒）：0.0
本次commit计算的运行时间（秒）：1.629
-------------------------------------------------------------------------------------------

@@@nowCommitHash = 4af4b1536d5385b3f37a0c4f467e6b05fb6cb859
@@@oldCommitHash = 69e1104f36f2c9aef652452fcdad2d35fa837a87
调用depends完成
本次getDDG计算的运行时间（秒）：0.0
本次getCDG计算的运行时间（秒）：0.0
本次commit计算的运行时间（秒）：1.423
-------------------------------------------------------------------------------------------

@@@nowCommitHash = aa45d66b189bbd6c1c594b27f331ba119cb9cffa
@@@oldCommitHash = b98af7ade0a0dc6132274a47cf82d6b4aa48c1e0
调用depends完成
本次getDDG计算的运行时间（秒）：0.0
本次getCDG计算的运行时间（秒）：0.0
本次commit计算的运行时间（秒）：1.382
-------------------------------------------------------------------------------------------

@@@nowCommitHash = b9bce375c2361ac33240450c5d18f102d9ac5d4f
@@@oldCommitHash = b98af7ade0a0dc6132274a47cf82d6b4aa48c1e0
调用depends完成
本次getDDG计算的运行时间（秒）：0.0
本次getCDG计算的运行时间（秒）：0.0
本次commit计算的运行时间（秒）：1.356
-------------------------------------------------------------------------------------------

@@@nowCommitHash = face67e357aef1f8534bcaa2836ed321aba60990
@@@oldCommitHash = b98af7ade0a0dc6132274a47cf82d6b4aa48c1e0
调用depends完成
本次getDDG计算的运行时间（秒）：0.0
本次getCDG计算的运行时间（秒）：0.0
本次commit计算的运行时间（秒）：1.385
-------------------------------------------------------------------------------------------

@@@nowCommitHash = bbf9a14583704e9461eec160db8d16e3242e633f
@@@oldCommitHash = b98af7ade0a0dc6132274a47cf82d6b4aa48c1e0
调用depends完成
本次getDDG计算的运行时间（秒）：0.0
本次getCDG计算的运行时间（秒）：0.0
本次commit计算的运行时间（秒）：1.386
-------------------------------------------------------------------------------------------

@@@nowCommitHash = b98af7ade0a0dc6132274a47cf82d6b4aa48c1e0
@@@oldCommitHash = f602a16f54f6fe4d34b6a5b5f5e7820517fb4cb3
调用depends完成
本次getDDG计算的运行时间（秒）：0.0
本次getCDG计算的运行时间（秒）：0.0
本次commit计算的运行时间（秒）：1.352
-------------------------------------------------------------------------------------------

@@@nowCommitHash = f602a16f54f6fe4d34b6a5b5f5e7820517fb4cb3
@@@oldCommitHash = 0491ad3c53dcea90191927a7db75d2aba595beb1
调用depends完成
本次getDDG计算的运行时间（秒）：0.0
本次getCDG计算的运行时间（秒）：0.0
本次commit计算的运行时间（秒）：1.404
-------------------------------------------------------------------------------------------

@@@nowCommitHash = 0491ad3c53dcea90191927a7db75d2aba595beb1
@@@oldCommitHash = 84baf138fb59eb9bec5e0ee705ca32b1f3e68f8b
调用depends完成
本次getDDG计算的运行时间（秒）：0.0
本次getCDG计算的运行时间（秒）：0.0
本次commit计算的运行时间（秒）：1.322
-------------------------------------------------------------------------------------------

@@@nowCommitHash = 84baf138fb59eb9bec5e0ee705ca32b1f3e68f8b
@@@oldCommitHash = 6694734bc70c2acd6b7e0855b3967ff47dbd4882
调用depends完成
本次getDDG计算的运行时间（秒）：0.0
本次getCDG计算的运行时间（秒）：0.0
本次commit计算的运行时间（秒）：1.243
-------------------------------------------------------------------------------------------

@@@nowCommitHash = 6694734bc70c2acd6b7e0855b3967ff47dbd4882
@@@oldCommitHash = 8e5dad755343fa8aaa09e64056fe6581bf27ef59
调用depends完成
本次getDDG计算的运行时间（秒）：0.0
本次getCDG计算的运行时间（秒）：0.0
本次commit计算的运行时间（秒）：1.266
-------------------------------------------------------------------------------------------

@@@nowCommitHash = 8e5dad755343fa8aaa09e64056fe6581bf27ef59
@@@oldCommitHash = 250f6323f3b3b13980455912b112952d2c3293f2
调用depends完成
本次getDDG计算的运行时间（秒）：0.0
本次getCDG计算的运行时间（秒）：0.0
本次commit计算的运行时间（秒）：1.281
-------------------------------------------------------------------------------------------

@@@nowCommitHash = 789f983b340c1140d2a93b1af6a0df73052c14b6
@@@oldCommitHash = 250f6323f3b3b13980455912b112952d2c3293f2
调用depends完成
本次getDDG计算的运行时间（秒）：0.0
本次getCDG计算的运行时间（秒）：0.0
本次commit计算的运行时间（秒）：1.425
-------------------------------------------------------------------------------------------

@@@nowCommitHash = 52dc346746a509719e64322f638a4a7b5077a9b6
@@@oldCommitHash = 8640693c5e1299b6cdec08a6fc87b6c4c6d72601
调用depends完成
本次getDDG计算的运行时间（秒）：0.0
本次getCDG计算的运行时间（秒）：0.0
本次commit计算的运行时间（秒）：1.245
-------------------------------------------------------------------------------------------

@@@nowCommitHash = 803fd738ec9780457f7c4115e452cefa7c36475e
@@@oldCommitHash = 1f3dd756a3f189cda6daa4894180b98dc9af92aa
调用depends完成
本次getDDG计算的运行时间（秒）：0.0
本次getCDG计算的运行时间（秒）：0.0
本次commit计算的运行时间（秒）：1.262
-------------------------------------------------------------------------------------------

@@@nowCommitHash = dfe772e8d8f32f4c97c270c7c550d6154dbda50f
@@@oldCommitHash = bdc65e5d3ad1ce6e929704fe56e034967141867b
调用depends完成
本次getDDG计算的运行时间（秒）：0.0
本次getCDG计算的运行时间（秒）：0.0
本次commit计算的运行时间（秒）：1.515
-------------------------------------------------------------------------------------------

@@@nowCommitHash = dd1cec42ea59cfd953ef159f8173560ee2fb2832
@@@oldCommitHash = afc024350d49d0f55b92025a4446ec3d6ff7d221
调用depends完成
本次getDDG计算的运行时间（秒）：0.0
本次getCDG计算的运行时间（秒）：0.0
本次commit计算的运行时间（秒）：1.269
-------------------------------------------------------------------------------------------

@@@nowCommitHash = afc024350d49d0f55b92025a4446ec3d6ff7d221
@@@oldCommitHash = 9bf10359336b6ee20800502456ec664bf5195894
调用depends完成
本次getDDG计算的运行时间（秒）：0.0
本次getCDG计算的运行时间（秒）：0.0
本次commit计算的运行时间（秒）：1.279
-------------------------------------------------------------------------------------------

@@@nowCommitHash = a1891bf11fae7937f3e72064411803511ce18f71
@@@oldCommitHash = 75cb30db3755fc14efeae14072902c766be7835c
调用depends完成
本次getDDG计算的运行时间（秒）：0.0
本次getCDG计算的运行时间（秒）：0.0
本次commit计算的运行时间（秒）：1.413
-------------------------------------------------------------------------------------------

@@@nowCommitHash = 85fdac68505fe5c1d525fe03b7febbfada3618fc
@@@oldCommitHash = 4a9ca8518545eaf6d2f3d3e437b2d2af0af57bff
调用depends完成
本次getDDG计算的运行时间（秒）：0.0
本次getCDG计算的运行时间（秒）：0.0
本次commit计算的运行时间（秒）：1.303
-------------------------------------------------------------------------------------------

@@@nowCommitHash = 20e16bea10b0e6cc34db73e1ec025b26e422c821
@@@oldCommitHash = d883f939925af142d117417d128f470d68db700d
调用depends完成
本次getDDG计算的运行时间（秒）：0.0
本次getCDG计算的运行时间（秒）：0.0
本次commit计算的运行时间（秒）：1.313
-------------------------------------------------------------------------------------------

@@@nowCommitHash = d883f939925af142d117417d128f470d68db700d
@@@oldCommitHash = 3ea25de368b185e3c9f3d56e46a4cfcdb9265318
调用depends完成
本次getDDG计算的运行时间（秒）：0.0
本次getCDG计算的运行时间（秒）：0.0
本次commit计算的运行时间（秒）：1.319
-------------------------------------------------------------------------------------------

@@@nowCommitHash = 5ca2b3bd42add17fe2c4ff56d88ea5cfd457ae30
@@@oldCommitHash = 3ea25de368b185e3c9f3d56e46a4cfcdb9265318
调用depends完成
本次getDDG计算的运行时间（秒）：0.0
本次getCDG计算的运行时间（秒）：0.0
本次commit计算的运行时间（秒）：1.349
-------------------------------------------------------------------------------------------

@@@nowCommitHash = 1a8fa8383d7c5801cde08cbc8a7c023cad422dbb
@@@oldCommitHash = 3ea25de368b185e3c9f3d56e46a4cfcdb9265318
调用depends完成
本次getDDG计算的运行时间（秒）：0.0
本次getCDG计算的运行时间（秒）：0.0
本次commit计算的运行时间（秒）：1.484
-------------------------------------------------------------------------------------------

@@@nowCommitHash = e907be888e570a5b2db9b1f3c9625a2436a6c49c
@@@oldCommitHash = 01903853d90a4246ef11612a7b8360bb53664b88
调用depends完成
本次getDDG计算的运行时间（秒）：0.0
本次getCDG计算的运行时间（秒）：0.0
本次commit计算的运行时间（秒）：1.353
-------------------------------------------------------------------------------------------

@@@nowCommitHash = 01903853d90a4246ef11612a7b8360bb53664b88
@@@oldCommitHash = 3ea25de368b185e3c9f3d56e46a4cfcdb9265318
调用depends完成
本次getDDG计算的运行时间（秒）：0.0
本次getCDG计算的运行时间（秒）：0.0
本次commit计算的运行时间（秒）：1.402
-------------------------------------------------------------------------------------------

@@@nowCommitHash = 3ea25de368b185e3c9f3d56e46a4cfcdb9265318
@@@oldCommitHash = be0d32b63f2da3f8c97474f05f617d160badce99
调用depends完成
本次getDDG计算的运行时间（秒）：0.0
本次getCDG计算的运行时间（秒）：0.0
本次commit计算的运行时间（秒）：1.381
-------------------------------------------------------------------------------------------

@@@nowCommitHash = be0d32b63f2da3f8c97474f05f617d160badce99
@@@oldCommitHash = e60b9ac72f1ca360b4aa968fbc92f88ef1b96f9f
调用depends完成
本次getDDG计算的运行时间（秒）：0.0
本次getCDG计算的运行时间（秒）：0.0
本次commit计算的运行时间（秒）：1.357
-------------------------------------------------------------------------------------------

@@@nowCommitHash = 590140a30e2e1817448a5aabf1ed814a85588c00
@@@oldCommitHash = 2d0d8054a1b20f7b0489704fdad0a7a81c7437a3
调用depends完成
本次getDDG计算的运行时间（秒）：0.0
本次getCDG计算的运行时间（秒）：0.0
本次commit计算的运行时间（秒）：1.373
-------------------------------------------------------------------------------------------

@@@nowCommitHash = 4d0df8ee25ff311e29dd4cc4a5ae64bf1ab093b6
@@@oldCommitHash = 124fb5e3669eca2855bd979ebb96d109f3820410
调用depends完成
本次getDDG计算的运行时间（秒）：0.0
本次getCDG计算的运行时间（秒）：0.0
本次commit计算的运行时间（秒）：1.425
-------------------------------------------------------------------------------------------

@@@nowCommitHash = b9105b6782751d9e827b95573f57a157b0b0cacc
@@@oldCommitHash = 124fb5e3669eca2855bd979ebb96d109f3820410
调用depends完成
本次getDDG计算的运行时间（秒）：0.0
本次getCDG计算的运行时间（秒）：0.0
本次commit计算的运行时间（秒）：2.241
-------------------------------------------------------------------------------------------

@@@nowCommitHash = 124fb5e3669eca2855bd979ebb96d109f3820410
@@@oldCommitHash = 1f2f1d22f60d11aa9ed2b4abbb32e26f425f9f24
调用depends完成
本次getDDG计算的运行时间（秒）：0.0
本次getCDG计算的运行时间（秒）：0.0
本次commit计算的运行时间（秒）：1.582
-------------------------------------------------------------------------------------------

@@@nowCommitHash = 1f2f1d22f60d11aa9ed2b4abbb32e26f425f9f24
@@@oldCommitHash = 873e0771a15fb49496c2a617ed18e761c9920652
调用depends完成
本次getDDG计算的运行时间（秒）：0.0
本次getCDG计算的运行时间（秒）：0.0
本次commit计算的运行时间（秒）：1.353
-------------------------------------------------------------------------------------------

@@@nowCommitHash = c6612329a3250a5e390f5acdd766a4b509fa4027
@@@oldCommitHash = 37208405948351257ba01be27d79fdcf2c1abd7a
调用depends完成
本次getDDG计算的运行时间（秒）：0.0
本次getCDG计算的运行时间（秒）：0.0
本次commit计算的运行时间（秒）：1.615
-------------------------------------------------------------------------------------------

@@@nowCommitHash = 7d69528e6518deae441f817ae5bc98fc072850c1
@@@oldCommitHash = 9c0a6ab05b0b855b059695922563f9844c8c6769
调用depends完成
本次getDDG计算的运行时间（秒）：0.0
本次getCDG计算的运行时间（秒）：0.0
本次commit计算的运行时间（秒）：1.37
-------------------------------------------------------------------------------------------

@@@nowCommitHash = 8a25fa500dd26aed87cee820e691dfc1b1d73358
@@@oldCommitHash = b24a2bfeb57ad4eee1195cfc6413e01619864dda
调用depends完成
本次getDDG计算的运行时间（秒）：0.0
本次getCDG计算的运行时间（秒）：0.0
本次commit计算的运行时间（秒）：1.394
-------------------------------------------------------------------------------------------

@@@nowCommitHash = b24a2bfeb57ad4eee1195cfc6413e01619864dda
@@@oldCommitHash = b679307a1c554d8c542b07e52081bfec6ebf6f01
调用depends完成
本次getDDG计算的运行时间（秒）：0.0
本次getCDG计算的运行时间（秒）：0.0
本次commit计算的运行时间（秒）：1.374
-------------------------------------------------------------------------------------------

@@@nowCommitHash = b679307a1c554d8c542b07e52081bfec6ebf6f01
@@@oldCommitHash = 0d6c0126fbb6b2487690d2b90bff8a903e2f2200
调用depends完成
本次getDDG计算的运行时间（秒）：0.0
本次getCDG计算的运行时间（秒）：0.0
本次commit计算的运行时间（秒）：1.455
-------------------------------------------------------------------------------------------

@@@nowCommitHash = e3dc4bfdbc085b9e3877a19a7b5151bfa314c6d4
@@@oldCommitHash = d1af83c96be9b720e8ee149dac4640dd7b7a07a9
调用depends完成
本次getDDG计算的运行时间（秒）：0.0
本次getCDG计算的运行时间（秒）：0.0
本次commit计算的运行时间（秒）：1.746
-------------------------------------------------------------------------------------------

@@@nowCommitHash = 37af02346ffdfce9954298ce2386ea7f7b540fab
@@@oldCommitHash = 0c416be63658ec5561fa8da32bedb0f270f79c19
调用depends完成
本次getDDG计算的运行时间（秒）：0.0
本次getCDG计算的运行时间（秒）：0.0
本次commit计算的运行时间（秒）：1.411
-------------------------------------------------------------------------------------------

@@@nowCommitHash = d1af83c96be9b720e8ee149dac4640dd7b7a07a9
@@@oldCommitHash = 0c416be63658ec5561fa8da32bedb0f270f79c19
调用depends完成
本次getDDG计算的运行时间（秒）：0.0
本次getCDG计算的运行时间（秒）：0.0
本次commit计算的运行时间（秒）：1.703
-------------------------------------------------------------------------------------------

@@@nowCommitHash = c4234fbbd1b4da059ca7dad0bd17e23394a3c1b4
@@@oldCommitHash = 0c416be63658ec5561fa8da32bedb0f270f79c19
调用depends完成
本次getDDG计算的运行时间（秒）：0.0
本次getCDG计算的运行时间（秒）：0.0
本次commit计算的运行时间（秒）：1.365
-------------------------------------------------------------------------------------------

@@@nowCommitHash = 6ce4b2ad6748e2772e44ea83560fb8aa072f1900
@@@oldCommitHash = 0c416be63658ec5561fa8da32bedb0f270f79c19
调用depends完成
本次getDDG计算的运行时间（秒）：0.0
本次getCDG计算的运行时间（秒）：0.0
本次commit计算的运行时间（秒）：1.344
-------------------------------------------------------------------------------------------

@@@nowCommitHash = 3de9e92f098d2d9b37011ab3616fa28363afdda6
@@@oldCommitHash = 3aedb7b807257460c7e664ec5abf5431626787f8
调用depends完成
本次getDDG计算的运行时间（秒）：0.0
本次getCDG计算的运行时间（秒）：0.0
本次commit计算的运行时间（秒）：1.347
-------------------------------------------------------------------------------------------

@@@nowCommitHash = e697d4aad5e3e4b4df9dc7fb6364d312e7239ef0
@@@oldCommitHash = b86ca3cf1cc9712fc2dd187a98b7f2f1692d9be6
调用depends完成
本次getDDG计算的运行时间（秒）：0.0
本次getCDG计算的运行时间（秒）：0.0
本次commit计算的运行时间（秒）：1.244
-------------------------------------------------------------------------------------------

@@@nowCommitHash = b86ca3cf1cc9712fc2dd187a98b7f2f1692d9be6
@@@oldCommitHash = e970545f47185f8feb5ae8e8dd9003b26cdef8c7
调用depends完成
本次getDDG计算的运行时间（秒）：0.0
本次getCDG计算的运行时间（秒）：0.0
本次commit计算的运行时间（秒）：1.223
-------------------------------------------------------------------------------------------

@@@nowCommitHash = e970545f47185f8feb5ae8e8dd9003b26cdef8c7
@@@oldCommitHash = f02ecfc668b346823009867ea2b82a1652f4b36d
调用depends完成
本次getDDG计算的运行时间（秒）：0.0
本次getCDG计算的运行时间（秒）：0.0
本次commit计算的运行时间（秒）：1.293
-------------------------------------------------------------------------------------------

@@@nowCommitHash = f02ecfc668b346823009867ea2b82a1652f4b36d
@@@oldCommitHash = bd535c34add5b10e6070ef7230c5b15fe9f7c31e
调用depends完成
本次getDDG计算的运行时间（秒）：0.0
本次getCDG计算的运行时间（秒）：0.0
本次commit计算的运行时间（秒）：1.352
-------------------------------------------------------------------------------------------

@@@nowCommitHash = a45ee59cf71fe346b669548f48a3f2d46fc2797e
@@@oldCommitHash = fc52ad046bdd86c158cf8e8dda6c109fa8f1c267
调用depends完成
本次getDDG计算的运行时间（秒）：0.0
本次getCDG计算的运行时间（秒）：0.0
本次commit计算的运行时间（秒）：1.287
----------------------------------------------------------------------------------------------
IN python!!!!
Commit Hash: 240edb5c42aa9295bc674c93d25ffe801c13a5c4 scoreOfCommitBefore = 81.96901811582356 scoreOfCommitAfter = 7.823951942306094
Commit Hash: 679140e0ad6c0bb1cd3b8397f32c5fe55fc7f3b1 scoreOfCommitBefore = 64.89893553137769 scoreOfCommitAfter = 13.603903723887198
Commit Hash: 16a43f59be6130dd7d8346401e1575a2f1a2e435 scoreOfCommitBefore = 49333.56419605171 scoreOfCommitAfter = 348.68616426399933
Commit Hash: 7abc84fc2c208f148970ca854f2f6a59466e47ae scoreOfCommitBefore = 1539.6259875442538 scoreOfCommitAfter = 23.60870749181717
Commit Hash: 19bd016801b2fe99c673479e69bced84ecff83e7 scoreOfCommitBefore = 14916.163355749553 scoreOfCommitAfter = 36.34523607919984
Commit Hash: 097bff1a792e39f4e0b2807faa53af0e89fbe5e0 scoreOfCommitBefore = 4718.64423730642 scoreOfCommitAfter = 44.08692583648857
Commit Hash: d91c05993b17a5aff28a33810fc263402824f508 scoreOfCommitBefore = 54773.20208108831 scoreOfCommitAfter = 23.315446016615134
Commit Hash: 560782c9ee12120304284ba98b61dc61e30324b3 scoreOfCommitBefore = 6735.599352051577 scoreOfCommitAfter = 47.305758065492526
Commit Hash: dd3de5f84bcbf0c13ad60df0c3feb9d564727447 scoreOfCommitBefore = 2.8034542721952356 scoreOfCommitAfter = 8.051338021211398
Commit Hash: 0814909139735ea4c7648e755630fd49da7be059 scoreOfCommitBefore = 0.5509678916453058 scoreOfCommitAfter = 8.023887933237425
Commit Hash: c04ceb9bc71295fec691f99f7baaee31ba1aece7 scoreOfCommitBefore = 2.8034542714141004 scoreOfCommitAfter = 8.051338020982593
Commit Hash: aa71e753d8473830da9f5ff9460ebdf4b4e0ee5b scoreOfCommitBefore = 40209.7168387039 scoreOfCommitAfter = 70.5258630636833
Commit Hash: 39bc3cb12a982d0225521e6f1d10bd01bd9a2575 scoreOfCommitBefore = 898.4437076857255 scoreOfCommitAfter = 28.2086777505028
Commit Hash: 6841ca79104f6b78179e44b56ae9a033b8131c70 scoreOfCommitBefore = 1.600556572906575 scoreOfCommitAfter = 8.265847615511195
Commit Hash: 9130f8e78ed0d8bdf4b56058ae540c50f0b413ce scoreOfCommitBefore = 405.36158714013305 scoreOfCommitAfter = 13.58842162283343
Commit Hash: f33474b4c618ee86cde67d5f589e447409183837 scoreOfCommitBefore = 309.7041178729783 scoreOfCommitAfter = 20.57083476685888
Commit Hash: b1b7a681989c5f7fd86d6c618c9fb5e806ccb99f scoreOfCommitBefore = 7.153603802017268 scoreOfCommitAfter = 16.052122937043286
Commit Hash: 869746101f6dd73b70d8a9c2b6dc59de4352519e scoreOfCommitBefore = 10226.85689706802 scoreOfCommitAfter = 41.86797285267447
Commit Hash: 751291fc5e275d0222ddaf75053fac5be9b487db scoreOfCommitBefore = 6208092.748869758 scoreOfCommitAfter = 1360.4911162542771
Commit Hash: 8b02d16b8dc49f39a624dffaab0da46ed7ef064e scoreOfCommitBefore = 763934.3900200707 scoreOfCommitAfter = 948.5920332753216
Commit Hash: f10d080d456643bbcb07301e4080ec5291fa85cc scoreOfCommitBefore = 5991121.847832093 scoreOfCommitAfter = 1300.6245770803052
Commit Hash: 84835dd3cfb46939eb595742ea8d7d74918034bd scoreOfCommitBefore = 2565.3880753949406 scoreOfCommitAfter = 47.53942241186523
Commit Hash: b1838616943188618bd9d0323df65858e7e662b1 scoreOfCommitBefore = 572.9459559161359 scoreOfCommitAfter = 37.51358199804038
Commit Hash: 960fa3152d0b2e983522456937c9d47e8d24a7d9 scoreOfCommitBefore = 2015.8213526543364 scoreOfCommitAfter = 29.777892910441416
Commit Hash: 5271d86fc4a796c14b9713df973cfeec3f583e95 scoreOfCommitBefore = 48885.92999944534 scoreOfCommitAfter = 96.95436458968967
Commit Hash: 02f5b0afeb2ac71ef7fea5834743566ba9c6947b scoreOfCommitBefore = 1772.4700247527267 scoreOfCommitAfter = 55.51273933417832
Commit Hash: bd2531617cd614c71cc768d7fea002813224abb7 scoreOfCommitBefore = 18969.83550464938 scoreOfCommitAfter = 38.8910379412333
Commit Hash: 25398e4e20efa1a8c7dc2c4947d83c1233083f09 scoreOfCommitBefore = 109.06984800286341 scoreOfCommitAfter = 8.663665719651789
Commit Hash: 11405d48f8bfebb1568e7a7c32ccfb46399799f0 scoreOfCommitBefore = 981.6291169224772 scoreOfCommitAfter = 22.097316606672223
Commit Hash: 91ef13b5a1235626c8452f2ce2c6d87a76daf695 scoreOfCommitBefore = 7527.323117359444 scoreOfCommitAfter = 36.61698476191627
Commit Hash: 4dbbfcfb4c1c06ac6f85e3ad2ed6a2c4b7ba5484 scoreOfCommitBefore = 302220.7338756194 scoreOfCommitAfter = 19665.676370697045
Commit Hash: d54d159f209839a5a5ae885d222f1989f6af0ce7 scoreOfCommitBefore = 15967.557803898768 scoreOfCommitAfter = 360.3401946434793
Commit Hash: db11d2ade8eb093b71904c970f3cf3067220cb2b scoreOfCommitBefore = 0.5193712508788327 scoreOfCommitAfter = 8.133129691584324
Commit Hash: d007be7a5b0890e85d44b4c12da5b3040f203512 scoreOfCommitBefore = 20379.428944278563 scoreOfCommitAfter = 24.83074203923876
Commit Hash: 697e1521b622c7dca3ab9d74cf9e74b40bd5748a scoreOfCommitBefore = 7.249927229411763 scoreOfCommitAfter = 16.16503646345814
Commit Hash: 3dfc699a93462d51dc73e42beb55332c3f71d949 scoreOfCommitBefore = -5.378093795498752 scoreOfCommitAfter = 128.74734425490027
Commit Hash: cbd625b77439c772560754f0dba7f8ea7cfa06a1 scoreOfCommitBefore = 574526.6420316201 scoreOfCommitAfter = 457.4479042434667
Commit Hash: 65fb33c1e3ad1f115c7d992b09c5f6aa5e24a81b scoreOfCommitBefore = 1191.3585083160574 scoreOfCommitAfter = 22.038085050015102
Commit Hash: 4f1496ba129598ee503fde33e2378b7712469bb9 scoreOfCommitBefore = 2027.7890133587352 scoreOfCommitAfter = 76.98094520266076
Commit Hash: d6b2f6d7159490804a4e7c18c021d65a5220b996 scoreOfCommitBefore = 0.0 scoreOfCommitAfter = 8.191324323766862
Commit Hash: 1901698c910da392bff102db5c07581663bc93e7 scoreOfCommitBefore = 153.63228938929484 scoreOfCommitAfter = 19.743962144938415
Commit Hash: 2fafaa142c3f9e8ccdad41d22f4eaaf9d5ada76a scoreOfCommitBefore = -2513.800866603569 scoreOfCommitAfter = 103.0634565716714
Commit Hash: 4fadfd0ecbde1ac02e598243a0041c49cd349b76 scoreOfCommitBefore = 1016.326027329716 scoreOfCommitAfter = 45.879092321577595
Commit Hash: ba07c7fbda7ffb4f5fad24f5d02c03794db8c7c9 scoreOfCommitBefore = 9154.842205217872 scoreOfCommitAfter = 95.18663524935286
Commit Hash: aa734544bfba94e6a7df836a181ba4064129c20b scoreOfCommitBefore = 12406.096551565146 scoreOfCommitAfter = 15.99114508729186
Commit Hash: e2f9cc6bf31b8da8e020e2f9c559e7b970c53c7b scoreOfCommitBefore = 10472.248537048354 scoreOfCommitAfter = 75.8424663657282
Commit Hash: 8d42fd87c00b9691d393c15998135b5281d895f5 scoreOfCommitBefore = 8139.202496897133 scoreOfCommitAfter = 33.05604684018159
Commit Hash: 00cdc53606111e7802f8f5559d44feeccba2657f scoreOfCommitBefore = 4272.1666042304305 scoreOfCommitAfter = 21.56788127725953
Commit Hash: 6070b101a87b27f1bbbce0d97f740eb0956e1cf9 scoreOfCommitBefore = 11086.065365946783 scoreOfCommitAfter = 88.10529974564426
Commit Hash: 275da29e451773a8abf12dfbb58d81a8b3fa96ae scoreOfCommitBefore = 82356.67408591574 scoreOfCommitAfter = 144.7376173483676
Commit Hash: daec680b7248c2b79fda50b0cee4863a8b228bd4 scoreOfCommitBefore = 599.6999909274475 scoreOfCommitAfter = 15.039601369520964
Commit Hash: bab56ae6fe823b7a0e352d10aa355de0ef6dcafa scoreOfCommitBefore = 75012.32530799194 scoreOfCommitAfter = 70.6157278605663
Commit Hash: 4d47b4478603e9d2997ae192d8059f5bcd074da3 scoreOfCommitBefore = 1433.6076510254948 scoreOfCommitAfter = 10.642191440799804
Commit Hash: e59c1be9219e1e8ed8ebd48603b9f5567654a468 scoreOfCommitBefore = 1784.8528961019583 scoreOfCommitAfter = 11.253292501269568
Commit Hash: 3f28f52ebd09d26fc585454d674be7ff54ca7903 scoreOfCommitBefore = 161.89809257555476 scoreOfCommitAfter = 12.72255740226289
Commit Hash: ccdfe007c0c0fd7a40d5040f37c6032ae17a8a96 scoreOfCommitBefore = 466.55335127069543 scoreOfCommitAfter = 21.571183261462345
Commit Hash: 60067f927a1dc51f8ffd53cb1eebb2b18bee044f scoreOfCommitBefore = 0.1349621960531122 scoreOfCommitAfter = 15.759243554798816
Commit Hash: 911e11861f6f624233266ede36190a5647d3da92 scoreOfCommitBefore = 230271.101730767 scoreOfCommitAfter = 68.8141180348763
Commit Hash: e5514a3a78353178cf19116bd9ef0bea001b5454 scoreOfCommitBefore = 0.2357016678378565 scoreOfCommitAfter = 15.759062560398451
Commit Hash: 8fa7aea250aaee5833b6d5da9ec76cfb63269d21 scoreOfCommitBefore = 63354.067823248944 scoreOfCommitAfter = 69.47428628084921
Commit Hash: 4370bd29d86ea7c38f93d6712bbfa231fb85f0ca scoreOfCommitBefore = 6191.337767612968 scoreOfCommitAfter = 13.601300872819891
Commit Hash: 7b5922561e1b35614b268ef98a99cac8fe5c4fe2 scoreOfCommitBefore = 46846.67887581363 scoreOfCommitAfter = 214.39527795050265
Commit Hash: e161fcd62a4a75121bd22773e2cdbf2867a16225 scoreOfCommitBefore = 37559.513185261385 scoreOfCommitAfter = 85.88307343248816
Commit Hash: 9b8b186772e40a1229c2212bbf40a23e45d1f0f2 scoreOfCommitBefore = 1614.2454986790967 scoreOfCommitAfter = 18.822636404740813
Commit Hash: 03ede75b02f63f481b474539c005cb434f4aeaa8 scoreOfCommitBefore = 8168.507640669189 scoreOfCommitAfter = 27.238931296513762
Commit Hash: 732c2a33bd0fdae3e6320fadcb52b766bdd91d7b scoreOfCommitBefore = 76995.49359097927 scoreOfCommitAfter = 90.03862426794815
Commit Hash: e6cc01eaa929606ced9d5996192078c9495ddc57 scoreOfCommitBefore = 27106.197379776815 scoreOfCommitAfter = 37.403290001179
Commit Hash: 333f11f2cffeb764da7da27d4e83e3b8363427ab scoreOfCommitBefore = 1727951.4169690912 scoreOfCommitAfter = 524.9713195810313
Commit Hash: e8ec59ee44d0fe54355c790deb782a35dae9a628 scoreOfCommitBefore = 2521.978863020901 scoreOfCommitAfter = 19.413940899505516
Commit Hash: 3e2fa459144bf08bdf4f6108f74875e23ff19748 scoreOfCommitBefore = 352.45268937535945 scoreOfCommitAfter = 10.277817297364917
Commit Hash: f96732be30922bb4497dfda69ff7acac94c63d4c scoreOfCommitBefore = 73.10477025760584 scoreOfCommitAfter = 11.078870824507826
Commit Hash: b04b950a4a37836c3ac4f801c01e25fe80aa924b scoreOfCommitBefore = 18583.009637206513 scoreOfCommitAfter = 72.18448042370973
Commit Hash: 7a793785de55ca41fc6ef50a9dabbd2d5b07b887 scoreOfCommitBefore = 227.70527509086568 scoreOfCommitAfter = 24.782727813417612
Commit Hash: 838ebd828f76cb13dfead4fbfd3ee478096872ba scoreOfCommitBefore = 5233.516957033315 scoreOfCommitAfter = 72.86666005020632
Commit Hash: 2baacfb81092936cd933ee26ed60c0035456308a scoreOfCommitBefore = 0.30515201472796966 scoreOfCommitAfter = 5.317953409447812
Commit Hash: 62787d9bfa0c7c674ebba69db5cdbeb85e9893d6 scoreOfCommitBefore = 1727.503706808879 scoreOfCommitAfter = 29.434883855873572
Commit Hash: 1a4fb9bb29188ba8474a20868ff8eda6d9b48317 scoreOfCommitBefore = 235310.28186399332 scoreOfCommitAfter = 65.98484445273981
Commit Hash: a38362318bf1bd3bce7db2ada32b325d71bb21b8 scoreOfCommitBefore = 64011.64822626783 scoreOfCommitAfter = 113.38023635393645
Commit Hash: be6b5364d1c10a9d37057ee85daf9313eb8a64bb scoreOfCommitBefore = 388.96329389533923 scoreOfCommitAfter = 19.168933780232763
Commit Hash: 10a41a2974fe4f9b8dcc261a72b67395833da2ef scoreOfCommitBefore = 1662.4656792737576 scoreOfCommitAfter = 11.009960586093696
Commit Hash: b584203cf4d3969245ffc540fc6c51fc5e3b264e scoreOfCommitBefore = 1925.1925596978194 scoreOfCommitAfter = 14.132159612563019
Commit Hash: 15ac107181ff88781a593e6f9e12ee357d6046d3 scoreOfCommitBefore = 96101.45987562949 scoreOfCommitAfter = 133.51784703998254
Commit Hash: 28b674e9814902a6bbf472fdf734fcdad1b97df2 scoreOfCommitBefore = 688563.3354295357 scoreOfCommitAfter = 328.35560924112957
Commit Hash: 2fa8ee07e55b476f778a63633f556bbf6b023ab7 scoreOfCommitBefore = 2111.908702743531 scoreOfCommitAfter = 108.13273448159336
Commit Hash: a7f1f5c4ac52503cc95bf1d27498098b3093a0df scoreOfCommitBefore = 8291.688323715553 scoreOfCommitAfter = 52.688152561128184
Commit Hash: 8b690ffcc901a9655b5c871795f7be910cef7f0f scoreOfCommitBefore = 16610.80302555221 scoreOfCommitAfter = 24.229468522633184
Commit Hash: 90d591ef35c6a599656aaa299d819ae5746322ed scoreOfCommitBefore = 136962.33839602378 scoreOfCommitAfter = 147.03682563235293
Commit Hash: dc6fb0b2a86b5ee914de1932842852c7a63d8872 scoreOfCommitBefore = 3280.05131222564 scoreOfCommitAfter = 12.986741358616287
Commit Hash: 98c031a740c95edf14d341fb6edcd00d5c9254ff scoreOfCommitBefore = 215.6057705347453 scoreOfCommitAfter = 11.129151407215113
Commit Hash: d342dadc4cbff4156bd1deff03a2e54008ee7008 scoreOfCommitBefore = 0.0 scoreOfCommitAfter = 49.176508079261914
Commit Hash: cd2d5ff1a6b6c19a658f34ace4853328eaf0c500 scoreOfCommitBefore = 82295.52742735294 scoreOfCommitAfter = 51.65012300146265
Commit Hash: aa5385637df25ca9dab0051ea57a00b38649d34a scoreOfCommitBefore = 485.2428564918997 scoreOfCommitAfter = 11.979633404388286
Commit Hash: 016ddf6dd881850d86ca33b614fc431c4d55bda8 scoreOfCommitBefore = 8533.144990857747 scoreOfCommitAfter = 18.51241622500763
Commit Hash: 37ed66bcaa3b0c88c5f3f0b09e6b4029c72c14cd scoreOfCommitBefore = 0.0 scoreOfCommitAfter = 0.0
Commit Hash: af60554efbd7a0e36f3b646ee94162359655554f scoreOfCommitBefore = 569.0425362720994 scoreOfCommitAfter = 9.99809617301344
Commit Hash: ab13b03d2168be6879cc56b9f1aa12605b140492 scoreOfCommitBefore = 1865.6593363584982 scoreOfCommitAfter = 36.55771736360693
Commit Hash: 13f3f2b674904d53c12f28d13a80c2302377c57a scoreOfCommitBefore = 74214.31299060382 scoreOfCommitAfter = 63.3653503130546
Commit Hash: 1f1371e655437855c0d7806b4ce8f304ad772db1 scoreOfCommitBefore = 3343.7362427970393 scoreOfCommitAfter = 55.72876436484211
Commit Hash: e2ce6bb9233c2a050671962121e94a6a46a15bd5 scoreOfCommitBefore = 34325.20063089098 scoreOfCommitAfter = 43.25139997090069
Commit Hash: 8b365c0000e3f56067ec9c6de0d6151de269f6e0 scoreOfCommitBefore = 195.5985960378226 scoreOfCommitAfter = 13.633770528604504
Commit Hash: 133cca0ecaca8de82e47490826aadda38e541929 scoreOfCommitBefore = 38951.96154283026 scoreOfCommitAfter = 76.85440158766718
Commit Hash: 9baa2d5dac6da26f895db316ef4a2425922642c4 scoreOfCommitBefore = 30229.86482236282 scoreOfCommitAfter = 45.60795151679919
Commit Hash: 8124e5e8b9c077de6a3dc38b8d7f42b43f692b2b scoreOfCommitBefore = 6378.809667607585 scoreOfCommitAfter = 27.198688123068173
Commit Hash: 0ed7edfd25d4c81f86eca0375e457669b6cba1bb scoreOfCommitBefore = 1060.5298788978891 scoreOfCommitAfter = 23.17403300294371
Commit Hash: 063a3a1b60f14b36bc1ec792afbd184a89c89f0c scoreOfCommitBefore = 14352.370709193392 scoreOfCommitAfter = 163.52562119104616
Commit Hash: 8d4ac65ee241fcf26e77f06ef82999b1b5f47c02 scoreOfCommitBefore = 127.03212832630548 scoreOfCommitAfter = 12.673721746634747
Commit Hash: 4af4b1536d5385b3f37a0c4f467e6b05fb6cb859 scoreOfCommitBefore = 7279.128277659007 scoreOfCommitAfter = 96.01138267416604
Commit Hash: aa45d66b189bbd6c1c594b27f331ba119cb9cffa scoreOfCommitBefore = 3374.031417253926 scoreOfCommitAfter = 27.665316914257353
Commit Hash: b9bce375c2361ac33240450c5d18f102d9ac5d4f scoreOfCommitBefore = 804.0525884778094 scoreOfCommitAfter = 10.33403773930575
Commit Hash: face67e357aef1f8534bcaa2836ed321aba60990 scoreOfCommitBefore = 14031.523799773551 scoreOfCommitAfter = 31.22539458726854
Commit Hash: bbf9a14583704e9461eec160db8d16e3242e633f scoreOfCommitBefore = 8797.516462266223 scoreOfCommitAfter = 40.83553380433902
Commit Hash: b98af7ade0a0dc6132274a47cf82d6b4aa48c1e0 scoreOfCommitBefore = 22215.23821182625 scoreOfCommitAfter = 38.47547790388538
Commit Hash: f602a16f54f6fe4d34b6a5b5f5e7820517fb4cb3 scoreOfCommitBefore = 70.82220621152217 scoreOfCommitAfter = 9.973844013118027
Commit Hash: 0491ad3c53dcea90191927a7db75d2aba595beb1 scoreOfCommitBefore = 20920.974318137723 scoreOfCommitAfter = 27.022612591201366
Commit Hash: 84baf138fb59eb9bec5e0ee705ca32b1f3e68f8b scoreOfCommitBefore = 8066.031784464188 scoreOfCommitAfter = 47.91474418193991
Commit Hash: 6694734bc70c2acd6b7e0855b3967ff47dbd4882 scoreOfCommitBefore = 11333.740382894699 scoreOfCommitAfter = 53.2566596608017
Commit Hash: 8e5dad755343fa8aaa09e64056fe6581bf27ef59 scoreOfCommitBefore = 41399.53077740081 scoreOfCommitAfter = 89.06879155442577
Commit Hash: 789f983b340c1140d2a93b1af6a0df73052c14b6 scoreOfCommitBefore = 758.0215833917387 scoreOfCommitAfter = 9.982306036655999
Commit Hash: 52dc346746a509719e64322f638a4a7b5077a9b6 scoreOfCommitBefore = 1744.6373820843464 scoreOfCommitAfter = 34.3350397615727
Commit Hash: 803fd738ec9780457f7c4115e452cefa7c36475e scoreOfCommitBefore = 907.8284669557199 scoreOfCommitAfter = 60.06277759566233
Commit Hash: dfe772e8d8f32f4c97c270c7c550d6154dbda50f scoreOfCommitBefore = 6759.836720161229 scoreOfCommitAfter = 15.495748141096088
Commit Hash: dd1cec42ea59cfd953ef159f8173560ee2fb2832 scoreOfCommitBefore = 801.8040953094987 scoreOfCommitAfter = 26.334642587106195
Commit Hash: afc024350d49d0f55b92025a4446ec3d6ff7d221 scoreOfCommitBefore = 34000.83965608874 scoreOfCommitAfter = 89.38441790202342
Commit Hash: a1891bf11fae7937f3e72064411803511ce18f71 scoreOfCommitBefore = 79.39223228327296 scoreOfCommitAfter = 11.74278241286204
Commit Hash: 85fdac68505fe5c1d525fe03b7febbfada3618fc scoreOfCommitBefore = 2217.2522651246063 scoreOfCommitAfter = 31.900332574444977
Commit Hash: 20e16bea10b0e6cc34db73e1ec025b26e422c821 scoreOfCommitBefore = 6272.1646426714 scoreOfCommitAfter = 63.45556373100133
Commit Hash: d883f939925af142d117417d128f470d68db700d scoreOfCommitBefore = 745.7880948003065 scoreOfCommitAfter = 12.02280894540115
Commit Hash: 5ca2b3bd42add17fe2c4ff56d88ea5cfd457ae30 scoreOfCommitBefore = 47865.33529435471 scoreOfCommitAfter = 62.40539156486513
Commit Hash: 1a8fa8383d7c5801cde08cbc8a7c023cad422dbb scoreOfCommitBefore = 2.5912911049555967 scoreOfCommitAfter = 24.75699334728793
Commit Hash: e907be888e570a5b2db9b1f3c9625a2436a6c49c scoreOfCommitBefore = 0.0 scoreOfCommitAfter = 0.0
Commit Hash: 01903853d90a4246ef11612a7b8360bb53664b88 scoreOfCommitBefore = 26284.006510408206 scoreOfCommitAfter = 88.87649311547837
Commit Hash: 3ea25de368b185e3c9f3d56e46a4cfcdb9265318 scoreOfCommitBefore = 2477.274320923095 scoreOfCommitAfter = 9.809449588950823
Commit Hash: be0d32b63f2da3f8c97474f05f617d160badce99 scoreOfCommitBefore = 0.0 scoreOfCommitAfter = 15.229357887979399
Commit Hash: 590140a30e2e1817448a5aabf1ed814a85588c00 scoreOfCommitBefore = 40367.612558211855 scoreOfCommitAfter = 70.60934911246507
Commit Hash: 4d0df8ee25ff311e29dd4cc4a5ae64bf1ab093b6 scoreOfCommitBefore = 614.8362094753934 scoreOfCommitAfter = 14.280347407089092
Commit Hash: b9105b6782751d9e827b95573f57a157b0b0cacc scoreOfCommitBefore = 70315.22434807112 scoreOfCommitAfter = 90.91445018803213
Commit Hash: 124fb5e3669eca2855bd979ebb96d109f3820410 scoreOfCommitBefore = 10701.486685817343 scoreOfCommitAfter = 29.09147951472084
Commit Hash: 1f2f1d22f60d11aa9ed2b4abbb32e26f425f9f24 scoreOfCommitBefore = 0.0 scoreOfCommitAfter = 0.0
Commit Hash: c6612329a3250a5e390f5acdd766a4b509fa4027 scoreOfCommitBefore = 8803.151167387867 scoreOfCommitAfter = 107.96357148656884
Commit Hash: 7d69528e6518deae441f817ae5bc98fc072850c1 scoreOfCommitBefore = 0.0 scoreOfCommitAfter = 0.0
Commit Hash: 8a25fa500dd26aed87cee820e691dfc1b1d73358 scoreOfCommitBefore = 104.17720853496525 scoreOfCommitAfter = 18.325442525375113
Commit Hash: b24a2bfeb57ad4eee1195cfc6413e01619864dda scoreOfCommitBefore = 15005.005761659955 scoreOfCommitAfter = 44.598364024036385
Commit Hash: b679307a1c554d8c542b07e52081bfec6ebf6f01 scoreOfCommitBefore = 208.95016024993393 scoreOfCommitAfter = 13.504197149327304
Commit Hash: e3dc4bfdbc085b9e3877a19a7b5151bfa314c6d4 scoreOfCommitBefore = 2475.6714892082055 scoreOfCommitAfter = 45.95270785867391
Commit Hash: 37af02346ffdfce9954298ce2386ea7f7b540fab scoreOfCommitBefore = 28440.33158264057 scoreOfCommitAfter = 60.80450389543056
Commit Hash: d1af83c96be9b720e8ee149dac4640dd7b7a07a9 scoreOfCommitBefore = 8829.737412704946 scoreOfCommitAfter = 55.708468691960945
Commit Hash: c4234fbbd1b4da059ca7dad0bd17e23394a3c1b4 scoreOfCommitBefore = 5657.699425478482 scoreOfCommitAfter = 100.07827659900325
Commit Hash: 6ce4b2ad6748e2772e44ea83560fb8aa072f1900 scoreOfCommitBefore = 44202.40700981539 scoreOfCommitAfter = 55.19589088925758
Commit Hash: 3de9e92f098d2d9b37011ab3616fa28363afdda6 scoreOfCommitBefore = 6397.557927459002 scoreOfCommitAfter = 144.55310367247557
Commit Hash: e697d4aad5e3e4b4df9dc7fb6364d312e7239ef0 scoreOfCommitBefore = 6214.75119227043 scoreOfCommitAfter = 17.776085142636706
Commit Hash: b86ca3cf1cc9712fc2dd187a98b7f2f1692d9be6 scoreOfCommitBefore = 5233.204425910486 scoreOfCommitAfter = 127.02279795669695
Commit Hash: e970545f47185f8feb5ae8e8dd9003b26cdef8c7 scoreOfCommitBefore = 6741.2165091657 scoreOfCommitAfter = 47.2619407891991
Commit Hash: f02ecfc668b346823009867ea2b82a1652f4b36d scoreOfCommitBefore = 49682.418322903715 scoreOfCommitAfter = 55.46273696755924
Commit Hash: a45ee59cf71fe346b669548f48a3f2d46fc2797e scoreOfCommitBefore = 15228.827935985484 scoreOfCommitAfter = 89.67166234252596
[81.96901811582356, 64.89893553137769, 49333.56419605171, 1539.6259875442538, 14916.163355749553, 4718.64423730642, 54773.20208108831, 6735.599352051577, 2.8034542721952356, 0.5509678916453058, 2.8034542714141004, 40209.7168387039, 898.4437076857255, 1.600556572906575, 405.36158714013305, 309.7041178729783, 7.153603802017268, 10226.85689706802, 6208092.748869758, 763934.3900200707, 5991121.847832093, 2565.3880753949406, 572.9459559161359, 2015.8213526543364, 48885.92999944534, 1772.4700247527267, 18969.83550464938, 109.06984800286341, 981.6291169224772, 7527.323117359444, 302220.7338756194, 15967.557803898768, 0.5193712508788327, 20379.428944278563, 7.249927229411763, -5.378093795498752, 574526.6420316201, 1191.3585083160574, 2027.7890133587352, 0.0, 153.63228938929484, -2513.800866603569, 1016.326027329716, 9154.842205217872, 12406.096551565146, 10472.248537048354, 8139.202496897133, 4272.1666042304305, 11086.065365946783, 82356.67408591574, 599.6999909274475, 75012.32530799194, 1433.6076510254948, 1784.8528961019583, 161.89809257555476, 466.55335127069543, 0.1349621960531122, 230271.101730767, 0.2357016678378565, 63354.067823248944, 6191.337767612968, 46846.67887581363, 37559.513185261385, 1614.2454986790967, 8168.507640669189, 76995.49359097927, 27106.197379776815, 1727951.4169690912, 2521.978863020901, 352.45268937535945, 73.10477025760584, 18583.009637206513, 227.70527509086568, 5233.516957033315, 0.30515201472796966, 1727.503706808879, 235310.28186399332, 64011.64822626783, 388.96329389533923, 1662.4656792737576, 1925.1925596978194, 96101.45987562949, 688563.3354295357, 2111.908702743531, 8291.688323715553, 16610.80302555221, 136962.33839602378, 3280.05131222564, 215.6057705347453, 0.0, 82295.52742735294, 485.2428564918997, 8533.144990857747, 0.0, 569.0425362720994, 1865.6593363584982, 74214.31299060382, 3343.7362427970393, 34325.20063089098, 195.5985960378226, 38951.96154283026, 30229.86482236282, 6378.809667607585, 1060.5298788978891, 14352.370709193392, 127.03212832630548, 7279.128277659007, 3374.031417253926, 804.0525884778094, 14031.523799773551, 8797.516462266223, 22215.23821182625, 70.82220621152217, 20920.974318137723, 8066.031784464188, 11333.740382894699, 41399.53077740081, 758.0215833917387, 1744.6373820843464, 907.8284669557199, 6759.836720161229, 801.8040953094987, 34000.83965608874, 79.39223228327296, 2217.2522651246063, 6272.1646426714, 745.7880948003065, 47865.33529435471, 2.5912911049555967, 0.0, 26284.006510408206, 2477.274320923095, 0.0, 40367.612558211855, 614.8362094753934, 70315.22434807112, 10701.486685817343, 0.0, 8803.151167387867, 0.0, 104.17720853496525, 15005.005761659955, 208.95016024993393, 2475.6714892082055, 28440.33158264057, 8829.737412704946, 5657.699425478482, 44202.40700981539, 6397.557927459002, 6214.75119227043, 5233.204425910486, 6741.2165091657, 49682.418322903715, 15228.827935985484]
[7.823951942306094, 13.603903723887198, 348.68616426399933, 23.60870749181717, 36.34523607919984, 44.08692583648857, 23.315446016615134, 47.305758065492526, 8.051338021211398, 8.023887933237425, 8.051338020982593, 70.5258630636833, 28.2086777505028, 8.265847615511195, 13.58842162283343, 20.57083476685888, 16.052122937043286, 41.86797285267447, 1360.4911162542771, 948.5920332753216, 1300.6245770803052, 47.53942241186523, 37.51358199804038, 29.777892910441416, 96.95436458968967, 55.51273933417832, 38.8910379412333, 8.663665719651789, 22.097316606672223, 36.61698476191627, 19665.676370697045, 360.3401946434793, 8.133129691584324, 24.83074203923876, 16.16503646345814, 128.74734425490027, 457.4479042434667, 22.038085050015102, 76.98094520266076, 8.191324323766862, 19.743962144938415, 103.0634565716714, 45.879092321577595, 95.18663524935286, 15.99114508729186, 75.8424663657282, 33.05604684018159, 21.56788127725953, 88.10529974564426, 144.7376173483676, 15.039601369520964, 70.6157278605663, 10.642191440799804, 11.253292501269568, 12.72255740226289, 21.571183261462345, 15.759243554798816, 68.8141180348763, 15.759062560398451, 69.47428628084921, 13.601300872819891, 214.39527795050265, 85.88307343248816, 18.822636404740813, 27.238931296513762, 90.03862426794815, 37.403290001179, 524.9713195810313, 19.413940899505516, 10.277817297364917, 11.078870824507826, 72.18448042370973, 24.782727813417612, 72.86666005020632, 5.317953409447812, 29.434883855873572, 65.98484445273981, 113.38023635393645, 19.168933780232763, 11.009960586093696, 14.132159612563019, 133.51784703998254, 328.35560924112957, 108.13273448159336, 52.688152561128184, 24.229468522633184, 147.03682563235293, 12.986741358616287, 11.129151407215113, 49.176508079261914, 51.65012300146265, 11.979633404388286, 18.51241622500763, 0.0, 9.99809617301344, 36.55771736360693, 63.3653503130546, 55.72876436484211, 43.25139997090069, 13.633770528604504, 76.85440158766718, 45.60795151679919, 27.198688123068173, 23.17403300294371, 163.52562119104616, 12.673721746634747, 96.01138267416604, 27.665316914257353, 10.33403773930575, 31.22539458726854, 40.83553380433902, 38.47547790388538, 9.973844013118027, 27.022612591201366, 47.91474418193991, 53.2566596608017, 89.06879155442577, 9.982306036655999, 34.3350397615727, 60.06277759566233, 15.495748141096088, 26.334642587106195, 89.38441790202342, 11.74278241286204, 31.900332574444977, 63.45556373100133, 12.02280894540115, 62.40539156486513, 24.75699334728793, 0.0, 88.87649311547837, 9.809449588950823, 15.229357887979399, 70.60934911246507, 14.280347407089092, 90.91445018803213, 29.09147951472084, 0.0, 107.96357148656884, 0.0, 18.325442525375113, 44.598364024036385, 13.504197149327304, 45.95270785867391, 60.80450389543056, 55.708468691960945, 100.07827659900325, 55.19589088925758, 144.55310367247557, 17.776085142636706, 127.02279795669695, 47.2619407891991, 55.46273696755924, 89.67166234252596]
程序总运行时间（秒）：247.472
