-------------------------------------------------------------------------------------------

@@@nowCommitHash = 5b64f485e1340c2aef6bc446ee2fde6349c4c1df
@@@oldCommitHash = 28437a92bd5931880c08234fbc667d52fcd24e83
调用depends完成
本次getDDG计算的运行时间（秒）：0.0
本次getCDG计算的运行时间（秒）：0.0
本次commit计算的运行时间（秒）：1.437
-------------------------------------------------------------------------------------------

@@@nowCommitHash = b16611cecea8b10a12c81ee00fc52d5126143722
@@@oldCommitHash = c2c8437c58c2600da4c491d09e1f22d3f3befed6
调用depends完成
本次getDDG计算的运行时间（秒）：0.0
本次getCDG计算的运行时间（秒）：0.0
本次commit计算的运行时间（秒）：1.109
-------------------------------------------------------------------------------------------

@@@nowCommitHash = 80375b75133ee8f12c65cbf9e2963e5e6ed60cd0
@@@oldCommitHash = 1270c8e90eef88474726c65f908e3d69ce18a465
调用depends完成
本次getDDG计算的运行时间（秒）：0.0
本次getCDG计算的运行时间（秒）：0.0
本次commit计算的运行时间（秒）：1.035
-------------------------------------------------------------------------------------------

@@@nowCommitHash = 1270c8e90eef88474726c65f908e3d69ce18a465
@@@oldCommitHash = 36b02c2cba36637669c6faf680932a23a540fc0a
调用depends完成
本次getDDG计算的运行时间（秒）：0.0
本次getCDG计算的运行时间（秒）：0.0
本次commit计算的运行时间（秒）：1.027
-------------------------------------------------------------------------------------------

@@@nowCommitHash = 36b02c2cba36637669c6faf680932a23a540fc0a
@@@oldCommitHash = 12e46c6ab0552c3589e2e3e4d7972cae7cada864
调用depends完成
本次getDDG计算的运行时间（秒）：0.0
本次getCDG计算的运行时间（秒）：0.0
本次commit计算的运行时间（秒）：1.029
-------------------------------------------------------------------------------------------

@@@nowCommitHash = 1c3468d72202d957e4a30203ba43d9456ffc54cf
@@@oldCommitHash = dfc860468bf028a1ac762473e03872b1b7dbb1b6
调用depends完成
本次getDDG计算的运行时间（秒）：0.0
本次getCDG计算的运行时间（秒）：0.0
本次commit计算的运行时间（秒）：1.047
-------------------------------------------------------------------------------------------

@@@nowCommitHash = dfc860468bf028a1ac762473e03872b1b7dbb1b6
@@@oldCommitHash = cd3769ce780261eb19d95171997d38fda8661455
调用depends完成
本次getDDG计算的运行时间（秒）：0.0
本次getCDG计算的运行时间（秒）：0.0
本次commit计算的运行时间（秒）：1.022
-------------------------------------------------------------------------------------------

@@@nowCommitHash = cd3769ce780261eb19d95171997d38fda8661455
@@@oldCommitHash = 2ce0d5477b9ef85042c1733931821353749d6d37
调用depends完成
本次getDDG计算的运行时间（秒）：0.0
本次getCDG计算的运行时间（秒）：0.0
本次commit计算的运行时间（秒）：1.075
-------------------------------------------------------------------------------------------

@@@nowCommitHash = 2a74c41ff599b704f9009de56e946d3358ca7219
@@@oldCommitHash = d847790a29db4d81fd477e239fe3ed485dc4786c
调用depends完成
本次getDDG计算的运行时间（秒）：0.0
本次getCDG计算的运行时间（秒）：0.0
本次commit计算的运行时间（秒）：1.11
-------------------------------------------------------------------------------------------

@@@nowCommitHash = 9ba4677b42255a6c91efca764895d7e81a601aa9
@@@oldCommitHash = 821329ebd304a3f8414d25b49bd2ebf4b2e3bb14
调用depends完成
本次getDDG计算的运行时间（秒）：0.0
本次getCDG计算的运行时间（秒）：0.0
本次commit计算的运行时间（秒）：1.045
-------------------------------------------------------------------------------------------

@@@nowCommitHash = cf379d1ff144236d12ef7b9cdf378265a425d954
@@@oldCommitHash = b176601de87bfd2a2a04a08868081787be11b122
调用depends完成
本次getDDG计算的运行时间（秒）：0.0
本次getCDG计算的运行时间（秒）：0.0
本次commit计算的运行时间（秒）：1.14
-------------------------------------------------------------------------------------------

@@@nowCommitHash = b176601de87bfd2a2a04a08868081787be11b122
@@@oldCommitHash = d5dfc90057b6c6cce216e56f5e29684208b88d92
调用depends完成
本次getDDG计算的运行时间（秒）：0.0
本次getCDG计算的运行时间（秒）：0.0
本次commit计算的运行时间（秒）：1.105
-------------------------------------------------------------------------------------------

@@@nowCommitHash = d5dfc90057b6c6cce216e56f5e29684208b88d92
@@@oldCommitHash = b5fcd34e2730a400712203b3ccdc24a3e1ff48af
调用depends完成
本次getDDG计算的运行时间（秒）：0.0
本次getCDG计算的运行时间（秒）：0.0
本次commit计算的运行时间（秒）：1.033
-------------------------------------------------------------------------------------------

@@@nowCommitHash = b5fcd34e2730a400712203b3ccdc24a3e1ff48af
@@@oldCommitHash = 6887392841651bbe1d126ddb45c5e41e6c2c5bd4
调用depends完成
本次getDDG计算的运行时间（秒）：0.0
本次getCDG计算的运行时间（秒）：0.0
本次commit计算的运行时间（秒）：1.057
-------------------------------------------------------------------------------------------

@@@nowCommitHash = 6887392841651bbe1d126ddb45c5e41e6c2c5bd4
@@@oldCommitHash = a1e5396e968938790489a5eefb2c7d5fe7994c28
调用depends完成
本次getDDG计算的运行时间（秒）：0.0
本次getCDG计算的运行时间（秒）：0.0
本次commit计算的运行时间（秒）：1.055
-------------------------------------------------------------------------------------------

@@@nowCommitHash = a1e5396e968938790489a5eefb2c7d5fe7994c28
@@@oldCommitHash = b270424ad79370e29b757ed1158cf12d83d05e9f
调用depends完成
本次getDDG计算的运行时间（秒）：0.0
本次getCDG计算的运行时间（秒）：0.0
本次commit计算的运行时间（秒）：1.028
-------------------------------------------------------------------------------------------

@@@nowCommitHash = b270424ad79370e29b757ed1158cf12d83d05e9f
@@@oldCommitHash = 552d6f44147221164cd9b42f9e70288e2421d8f8
调用depends完成
本次getDDG计算的运行时间（秒）：0.0
本次getCDG计算的运行时间（秒）：0.0
本次commit计算的运行时间（秒）：1.048
-------------------------------------------------------------------------------------------

@@@nowCommitHash = 840d4f66fff2457847b7311c2119cf573bf52995
@@@oldCommitHash = d3321879b8566865d8e0ffc404bca9a75b719883
调用depends完成
本次getDDG计算的运行时间（秒）：0.0
本次getCDG计算的运行时间（秒）：0.0
本次commit计算的运行时间（秒）：1.025
-------------------------------------------------------------------------------------------

@@@nowCommitHash = 0c013489a523096b14d5e65339761ce8feafda75
@@@oldCommitHash = f069309f8d9e526904be710be9ecb6a4b0a419f3
调用depends完成
本次getDDG计算的运行时间（秒）：0.0
本次getCDG计算的运行时间（秒）：0.0
本次commit计算的运行时间（秒）：1.037
-------------------------------------------------------------------------------------------

@@@nowCommitHash = cac3ab9d291b760fb9a4e7fa4457bc87d736bf3f
@@@oldCommitHash = 716a3adcb65e0f284df63e41938cffddee2aace7
调用depends完成
本次getDDG计算的运行时间（秒）：0.0
本次getCDG计算的运行时间（秒）：0.0
本次commit计算的运行时间（秒）：1.122
-------------------------------------------------------------------------------------------

@@@nowCommitHash = 0629c6f53d8744c69fc7e636e91db627031736a1
@@@oldCommitHash = fd3e20a4764014db5677ff1c52625b3b0f02922f
调用depends完成
本次getDDG计算的运行时间（秒）：0.0
本次getCDG计算的运行时间（秒）：0.0
本次commit计算的运行时间（秒）：1.045
-------------------------------------------------------------------------------------------

@@@nowCommitHash = fd3e20a4764014db5677ff1c52625b3b0f02922f
@@@oldCommitHash = 4d645f153819117d2ca8296f336c3d0d14478d7c
调用depends完成
本次getDDG计算的运行时间（秒）：0.0
本次getCDG计算的运行时间（秒）：0.0
本次commit计算的运行时间（秒）：1.018
-------------------------------------------------------------------------------------------

@@@nowCommitHash = 250f9f77ee493484b2179d8f3456ed52ad263eab
@@@oldCommitHash = bd2ed8c551c9a631e3874859d7ec9dadbb42eee2
调用depends完成
本次getDDG计算的运行时间（秒）：0.0
本次getCDG计算的运行时间（秒）：0.0
本次commit计算的运行时间（秒）：1.057
-------------------------------------------------------------------------------------------

@@@nowCommitHash = 2b159df9712c8186b66821f0de613ddc831c6a75
@@@oldCommitHash = fce5b331212308b742fba3687cc3b70ef777dc67
调用depends完成
本次getDDG计算的运行时间（秒）：0.0
本次getCDG计算的运行时间（秒）：0.0
本次commit计算的运行时间（秒）：1.038
-------------------------------------------------------------------------------------------

@@@nowCommitHash = 60f4369518260db4d8af5d3207b487d6d1e0ab29
@@@oldCommitHash = 978662e854f70df7518a4e222a6a49972e6d293f
调用depends完成
本次getDDG计算的运行时间（秒）：0.0
本次getCDG计算的运行时间（秒）：0.0
本次commit计算的运行时间（秒）：1.038
-------------------------------------------------------------------------------------------

@@@nowCommitHash = 9d0ef04f3ce00afee509328772ec1f39e62da759
@@@oldCommitHash = d0bf57f2a122d2a8b4a5309cc65d4ea47ad49c21
调用depends完成
本次getDDG计算的运行时间（秒）：0.0
本次getCDG计算的运行时间（秒）：0.0
本次commit计算的运行时间（秒）：1.105
-------------------------------------------------------------------------------------------

@@@nowCommitHash = d0bf57f2a122d2a8b4a5309cc65d4ea47ad49c21
@@@oldCommitHash = c19a455621e800d27cd994564830808b49089f96
调用depends完成
本次getDDG计算的运行时间（秒）：0.0
本次getCDG计算的运行时间（秒）：0.0
本次commit计算的运行时间（秒）：1.04
-------------------------------------------------------------------------------------------

@@@nowCommitHash = 9e88aeae179c01cad1c9e0c94b9d9b0ed5ec3f24
@@@oldCommitHash = 9dfa6b3a872d58590f18f8f925f4f8e3afedb7b1
调用depends完成
本次getDDG计算的运行时间（秒）：0.0
本次getCDG计算的运行时间（秒）：0.0
本次commit计算的运行时间（秒）：1.182
-------------------------------------------------------------------------------------------

@@@nowCommitHash = 9dfa6b3a872d58590f18f8f925f4f8e3afedb7b1
@@@oldCommitHash = ebde57bfd5c6d8621bb19bf7421b9ec77d1484f9
调用depends完成
本次getDDG计算的运行时间（秒）：0.0
本次getCDG计算的运行时间（秒）：0.0
本次commit计算的运行时间（秒）：1.469
-------------------------------------------------------------------------------------------

@@@nowCommitHash = d1499ca1510db7248d2cee838c4e329df14c3d4e
@@@oldCommitHash = e0b1afcd69923b75caa09717db9da0fd688d0654
调用depends完成
本次getDDG计算的运行时间（秒）：0.0
本次getCDG计算的运行时间（秒）：0.0
本次commit计算的运行时间（秒）：1.093
-------------------------------------------------------------------------------------------

@@@nowCommitHash = e0b1afcd69923b75caa09717db9da0fd688d0654
@@@oldCommitHash = 900542543cc6911304495bbd825b4dc044899c49
调用depends完成
本次getDDG计算的运行时间（秒）：0.0
本次getCDG计算的运行时间（秒）：0.0
本次commit计算的运行时间（秒）：1.084
-------------------------------------------------------------------------------------------

@@@nowCommitHash = 900542543cc6911304495bbd825b4dc044899c49
@@@oldCommitHash = 529a54c6028aea760ddd2e4ca0e3668e05b9ef2c
调用depends完成
本次getDDG计算的运行时间（秒）：0.0
本次getCDG计算的运行时间（秒）：0.0
本次commit计算的运行时间（秒）：1.108
-------------------------------------------------------------------------------------------

@@@nowCommitHash = b2cadef95facdfd76eaf8a4041ea9bfcf71b30f9
@@@oldCommitHash = 4b4a9af318b098e98a9651d3df8a7c2e7770d73b
调用depends完成
本次getDDG计算的运行时间（秒）：0.0
本次getCDG计算的运行时间（秒）：0.0
本次commit计算的运行时间（秒）：1.013
-------------------------------------------------------------------------------------------

@@@nowCommitHash = 818a2ce936fbd82cb16da45f5505628e76cccc82
@@@oldCommitHash = 40680e20dbfea537f1807e71db810ecb6a6fac4e
调用depends完成
本次getDDG计算的运行时间（秒）：0.0
本次getCDG计算的运行时间（秒）：0.0
本次commit计算的运行时间（秒）：1.036
-------------------------------------------------------------------------------------------

@@@nowCommitHash = b71a2a1f9256dd6c7a4f86015e0081a7472660bd
@@@oldCommitHash = 7651f5bc32de10f8e5d9014ca8d39c16d9c417dc
调用depends完成
本次getDDG计算的运行时间（秒）：0.0
本次getCDG计算的运行时间（秒）：0.0
本次commit计算的运行时间（秒）：1.027
-------------------------------------------------------------------------------------------

@@@nowCommitHash = 7651f5bc32de10f8e5d9014ca8d39c16d9c417dc
@@@oldCommitHash = 87c24e1896a8cbb7a6b90037d42e22990a8afaf7
调用depends完成
本次getDDG计算的运行时间（秒）：0.0
本次getCDG计算的运行时间（秒）：0.0
本次commit计算的运行时间（秒）：1.104
-------------------------------------------------------------------------------------------

@@@nowCommitHash = 462dffabe3c0c01a99fea2dffdc59067059cea02
@@@oldCommitHash = c315ce0cee4f3477a9af1070f06b7285e1694c0a
调用depends完成
本次getDDG计算的运行时间（秒）：0.0
本次getCDG计算的运行时间（秒）：0.0
本次commit计算的运行时间（秒）：1.117
-------------------------------------------------------------------------------------------

@@@nowCommitHash = c315ce0cee4f3477a9af1070f06b7285e1694c0a
@@@oldCommitHash = 7505912b803ad4394ceb4ef70dd866d20b2627e5
调用depends完成
本次getDDG计算的运行时间（秒）：0.0
本次getCDG计算的运行时间（秒）：0.0
本次commit计算的运行时间（秒）：1.043
-------------------------------------------------------------------------------------------

@@@nowCommitHash = 7505912b803ad4394ceb4ef70dd866d20b2627e5
@@@oldCommitHash = d584fab29d2727e723335183fb5817565d587695
调用depends完成
本次getDDG计算的运行时间（秒）：0.0
本次getCDG计算的运行时间（秒）：0.0
本次commit计算的运行时间（秒）：1.035
-------------------------------------------------------------------------------------------

@@@nowCommitHash = 55d3a85d41bc1678fbd387712e1053a6e3950bf7
@@@oldCommitHash = 2543f323dca0aeecf023a11b3cab295871851ee9
调用depends完成
本次getDDG计算的运行时间（秒）：0.0
本次getCDG计算的运行时间（秒）：0.0
本次commit计算的运行时间（秒）：1.255
-------------------------------------------------------------------------------------------

@@@nowCommitHash = 2543f323dca0aeecf023a11b3cab295871851ee9
@@@oldCommitHash = d6ac566dda29ecee2a72a1248ba1fa5fe157079e
调用depends完成
本次getDDG计算的运行时间（秒）：0.0
本次getCDG计算的运行时间（秒）：0.0
本次commit计算的运行时间（秒）：1.032
-------------------------------------------------------------------------------------------

@@@nowCommitHash = 225e6f1be73ea3695680a21dbb8b85b24bcba4cb
@@@oldCommitHash = 5679e79146452092b8953a7b2597887b2972c295
调用depends完成
本次getDDG计算的运行时间（秒）：0.0
本次getCDG计算的运行时间（秒）：0.0
本次commit计算的运行时间（秒）：1.045
-------------------------------------------------------------------------------------------

@@@nowCommitHash = d59a1c6f6ec5fbe3fb8bb0bdc4d885512d07b51c
@@@oldCommitHash = b1bc7a3e99349d777e3f92e390e45f790a8baa20
调用depends完成
本次getDDG计算的运行时间（秒）：0.0
本次getCDG计算的运行时间（秒）：0.0
本次commit计算的运行时间（秒）：1.138
-------------------------------------------------------------------------------------------

@@@nowCommitHash = e6b5cbcf5ada01faa469abb78e2fcd465ca26725
@@@oldCommitHash = ab72bbdc1a6cc9b41ae7055b5681a3afdf72abd7
调用depends完成
本次getDDG计算的运行时间（秒）：0.0
本次getCDG计算的运行时间（秒）：0.0
本次commit计算的运行时间（秒）：1.051
-------------------------------------------------------------------------------------------

@@@nowCommitHash = 731a2893803ab57f3eef2e5ac9e02fcd0aa8214d
@@@oldCommitHash = 598aa430aa191b7f96935aba4f165a25966869ca
调用depends完成
本次getDDG计算的运行时间（秒）：0.0
本次getCDG计算的运行时间（秒）：0.0
本次commit计算的运行时间（秒）：1.049
-------------------------------------------------------------------------------------------

@@@nowCommitHash = a5bfc15a43a708a6eadac3b65e1745a1b122bc8e
@@@oldCommitHash = 041d0287331033bcbe2e749a95397fde26d0d426
调用depends完成
本次getDDG计算的运行时间（秒）：0.0
本次getCDG计算的运行时间（秒）：0.0
本次commit计算的运行时间（秒）：1.111
-------------------------------------------------------------------------------------------

@@@nowCommitHash = 041d0287331033bcbe2e749a95397fde26d0d426
@@@oldCommitHash = 7f0dc647ccb0db2adc8e9ce6358c4dae8b369dbe
调用depends完成
本次getDDG计算的运行时间（秒）：0.0
本次getCDG计算的运行时间（秒）：0.0
本次commit计算的运行时间（秒）：1.151
-------------------------------------------------------------------------------------------

@@@nowCommitHash = fc71aa2ef3ea82461cbf10bc9c32c584b6e4fa99
@@@oldCommitHash = bd02fb6b923c054726f801cf9bfa0507e6c2f369
调用depends完成
本次getDDG计算的运行时间（秒）：0.0
本次getCDG计算的运行时间（秒）：0.0
本次commit计算的运行时间（秒）：1.016
-------------------------------------------------------------------------------------------

@@@nowCommitHash = bd02fb6b923c054726f801cf9bfa0507e6c2f369
@@@oldCommitHash = ab5c0caef2114008df80b012d97d6426a42bcac9
调用depends完成
本次getDDG计算的运行时间（秒）：0.0
本次getCDG计算的运行时间（秒）：0.0
本次commit计算的运行时间（秒）：1.038
-------------------------------------------------------------------------------------------

@@@nowCommitHash = 814c5eab3f746b40b44c430e2585ea9e98e67adb
@@@oldCommitHash = 2721e7c225fc3c493af5176675996dcfa3730dc9
调用depends完成
本次getDDG计算的运行时间（秒）：0.0
本次getCDG计算的运行时间（秒）：0.0
本次commit计算的运行时间（秒）：1.044
-------------------------------------------------------------------------------------------

@@@nowCommitHash = b96fa91313cae6ebe11e799c94ec1115f93e1b33
@@@oldCommitHash = 0692a619b684bdb4d63745ca47c4657338038ddd
调用depends完成
本次getDDG计算的运行时间（秒）：0.0
本次getCDG计算的运行时间（秒）：0.0
本次commit计算的运行时间（秒）：1.192
-------------------------------------------------------------------------------------------

@@@nowCommitHash = 1900a67fb694c655542350cba444fef85aa2121e
@@@oldCommitHash = 812ea8f5150124756c991632ead795202e72197d
调用depends完成
本次getDDG计算的运行时间（秒）：0.0
本次getCDG计算的运行时间（秒）：0.0
本次commit计算的运行时间（秒）：1.174
-------------------------------------------------------------------------------------------

@@@nowCommitHash = 812ea8f5150124756c991632ead795202e72197d
@@@oldCommitHash = 3b775f6f6a8d4a27aabafea7476084dd5b171a3d
调用depends完成
本次getDDG计算的运行时间（秒）：0.0
本次getCDG计算的运行时间（秒）：0.0
本次commit计算的运行时间（秒）：1.184
-------------------------------------------------------------------------------------------

@@@nowCommitHash = 3b775f6f6a8d4a27aabafea7476084dd5b171a3d
@@@oldCommitHash = 92eb2abd3ee2a1dc87de3082d952f48ef1c9223c
调用depends完成
本次getDDG计算的运行时间（秒）：0.0
本次getCDG计算的运行时间（秒）：0.0
本次commit计算的运行时间（秒）：1.147
-------------------------------------------------------------------------------------------

@@@nowCommitHash = 4cda015b5e088dd0d187c507e1982bbb9ee37dba
@@@oldCommitHash = 6ae1e8be94ffdea03f4cfedc99b03971d5144d6e
调用depends完成
本次getDDG计算的运行时间（秒）：0.0
本次getCDG计算的运行时间（秒）：0.0
本次commit计算的运行时间（秒）：1.141
-------------------------------------------------------------------------------------------

@@@nowCommitHash = cd8911a70c6af6284e7e13113369829c218b6972
@@@oldCommitHash = 76d8739d09ea796e4230f2ba52ebd96514df3f4e
调用depends完成
本次getDDG计算的运行时间（秒）：0.0
本次getCDG计算的运行时间（秒）：0.0
本次commit计算的运行时间（秒）：1.13
-------------------------------------------------------------------------------------------

@@@nowCommitHash = 6491f51f4c165c1e9e2fcaf2a4d536c4b3955834
@@@oldCommitHash = 36408526edf8a6910ea5fbabe168aa0f1d039938
调用depends完成
本次getDDG计算的运行时间（秒）：0.0
本次getCDG计算的运行时间（秒）：0.0
本次commit计算的运行时间（秒）：1.081
-------------------------------------------------------------------------------------------

@@@nowCommitHash = 36408526edf8a6910ea5fbabe168aa0f1d039938
@@@oldCommitHash = 3a28d286a709028aaa2232f3664ee189edce3ca9
调用depends完成
本次getDDG计算的运行时间（秒）：0.0
本次getCDG计算的运行时间（秒）：0.0
本次commit计算的运行时间（秒）：1.062
-------------------------------------------------------------------------------------------

@@@nowCommitHash = 3a28d286a709028aaa2232f3664ee189edce3ca9
@@@oldCommitHash = ab1397a500a21412f18d9da43c37646392158d3f
调用depends完成
本次getDDG计算的运行时间（秒）：0.0
本次getCDG计算的运行时间（秒）：0.0
本次commit计算的运行时间（秒）：1.054
-------------------------------------------------------------------------------------------

@@@nowCommitHash = ab1397a500a21412f18d9da43c37646392158d3f
@@@oldCommitHash = 7a90d9875a9f86611dfc415d276f8386a8659f03
调用depends完成
本次getDDG计算的运行时间（秒）：0.0
本次getCDG计算的运行时间（秒）：0.0
本次commit计算的运行时间（秒）：1.075
-------------------------------------------------------------------------------------------

@@@nowCommitHash = 7a90d9875a9f86611dfc415d276f8386a8659f03
@@@oldCommitHash = 8a4c5a37df3bdd3a489c04a536f1b695831fab7f
调用depends完成
本次getDDG计算的运行时间（秒）：0.0
本次getCDG计算的运行时间（秒）：0.0
本次commit计算的运行时间（秒）：1.068
-------------------------------------------------------------------------------------------

@@@nowCommitHash = 8a4c5a37df3bdd3a489c04a536f1b695831fab7f
@@@oldCommitHash = 90959a095abeb7950dd27224fc0f9a0446f8061b
调用depends完成
本次getDDG计算的运行时间（秒）：0.0
本次getCDG计算的运行时间（秒）：0.0
本次commit计算的运行时间（秒）：1.104
-------------------------------------------------------------------------------------------

@@@nowCommitHash = 90959a095abeb7950dd27224fc0f9a0446f8061b
@@@oldCommitHash = 77dd4b425e8d511819960a1827994ccab2f95e4e
调用depends完成
本次getDDG计算的运行时间（秒）：0.0
本次getCDG计算的运行时间（秒）：0.0
本次commit计算的运行时间（秒）：0.996
-------------------------------------------------------------------------------------------

@@@nowCommitHash = 77dd4b425e8d511819960a1827994ccab2f95e4e
@@@oldCommitHash = c476f024e1f2e7361877f7814a1d6a3db597ee82
调用depends完成
本次getDDG计算的运行时间（秒）：0.0
本次getCDG计算的运行时间（秒）：0.0
本次commit计算的运行时间（秒）：1.042
-------------------------------------------------------------------------------------------

@@@nowCommitHash = c476f024e1f2e7361877f7814a1d6a3db597ee82
@@@oldCommitHash = d93fdf5e74a3f3860b473f1d8ae0e051d043792d
调用depends完成
本次getDDG计算的运行时间（秒）：0.0
本次getCDG计算的运行时间（秒）：0.0
本次commit计算的运行时间（秒）：1.041
-------------------------------------------------------------------------------------------

@@@nowCommitHash = c0c8fb3dfea13a16e11211c7c5d67741dbf07f80
@@@oldCommitHash = 0cae8c664df58dca21d8e415a103ab301a81f041
调用depends完成
本次getDDG计算的运行时间（秒）：0.0
本次getCDG计算的运行时间（秒）：0.0
本次commit计算的运行时间（秒）：1.031
-------------------------------------------------------------------------------------------

@@@nowCommitHash = 0cae8c664df58dca21d8e415a103ab301a81f041
@@@oldCommitHash = 66da516386b470693cf7bcbac738ba913072d04e
调用depends完成
本次getDDG计算的运行时间（秒）：0.0
本次getCDG计算的运行时间（秒）：0.0
本次commit计算的运行时间（秒）：1.031
-------------------------------------------------------------------------------------------

@@@nowCommitHash = 66da516386b470693cf7bcbac738ba913072d04e
@@@oldCommitHash = 0721684648e6856c1e9d59afd5570b6beeb4fe39
调用depends完成
本次getDDG计算的运行时间（秒）：0.0
本次getCDG计算的运行时间（秒）：0.0
本次commit计算的运行时间（秒）：1.125
-------------------------------------------------------------------------------------------

@@@nowCommitHash = 0721684648e6856c1e9d59afd5570b6beeb4fe39
@@@oldCommitHash = 1b8edfc014fd89cb42ef8e576940d40aae476379
调用depends完成
本次getDDG计算的运行时间（秒）：0.0
本次getCDG计算的运行时间（秒）：0.0
本次commit计算的运行时间（秒）：1.083
-------------------------------------------------------------------------------------------

@@@nowCommitHash = 8c1a2483453a22012f7f2b6ffe45efed1853d6ff
@@@oldCommitHash = ff15774ef7eabfdcd3261e5fb4db5a5feeafd276
调用depends完成
本次getDDG计算的运行时间（秒）：0.0
本次getCDG计算的运行时间（秒）：0.0
本次commit计算的运行时间（秒）：1.008
-------------------------------------------------------------------------------------------

@@@nowCommitHash = c6d7168bd8d3d3232ffecf8bb064572dccd5657d
@@@oldCommitHash = 0c29ac3a1f030db55fbc78796516251f9c9c608c
调用depends完成
本次getDDG计算的运行时间（秒）：0.0
本次getCDG计算的运行时间（秒）：0.0
本次commit计算的运行时间（秒）：1.031
-------------------------------------------------------------------------------------------

@@@nowCommitHash = 0c29ac3a1f030db55fbc78796516251f9c9c608c
@@@oldCommitHash = 25e3dc12e7029dfa0743917c9a1b6fba037029f5
调用depends完成
本次getDDG计算的运行时间（秒）：0.0
本次getCDG计算的运行时间（秒）：0.0
本次commit计算的运行时间（秒）：1.013
-------------------------------------------------------------------------------------------

@@@nowCommitHash = 4692d2b62a19cd649b93c6f155544f5f5630d842
@@@oldCommitHash = eff5266a54065144f316e3e8d66c63192e4af6d5
调用depends完成
本次getDDG计算的运行时间（秒）：0.0
本次getCDG计算的运行时间（秒）：0.0
本次commit计算的运行时间（秒）：1.038
-------------------------------------------------------------------------------------------

@@@nowCommitHash = eff5266a54065144f316e3e8d66c63192e4af6d5
@@@oldCommitHash = 451f5bd5b2204e6b281bd7e79f475970bad5e2f9
调用depends完成
本次getDDG计算的运行时间（秒）：0.0
本次getCDG计算的运行时间（秒）：0.0
本次commit计算的运行时间（秒）：1.095
-------------------------------------------------------------------------------------------

@@@nowCommitHash = d92c25ac64cc371a447692731233479ca98b31af
@@@oldCommitHash = 0c14b25f200a6854a5912a64ff3db000b3a66158
调用depends完成
本次getDDG计算的运行时间（秒）：0.0
本次getCDG计算的运行时间（秒）：0.0
本次commit计算的运行时间（秒）：1.15
-------------------------------------------------------------------------------------------

@@@nowCommitHash = 0c14b25f200a6854a5912a64ff3db000b3a66158
@@@oldCommitHash = 34bf87ee58e6856266006051eb7e6d7d179986f0
调用depends完成
本次getDDG计算的运行时间（秒）：0.0
本次getCDG计算的运行时间（秒）：0.0
本次commit计算的运行时间（秒）：1.218
-------------------------------------------------------------------------------------------

@@@nowCommitHash = 34bf87ee58e6856266006051eb7e6d7d179986f0
@@@oldCommitHash = 0cbef20602226e8591e5d6aa39b6ac5a5a6daa1b
调用depends完成
本次getDDG计算的运行时间（秒）：0.0
本次getCDG计算的运行时间（秒）：0.0
本次commit计算的运行时间（秒）：1.043
-------------------------------------------------------------------------------------------

@@@nowCommitHash = 0cbef20602226e8591e5d6aa39b6ac5a5a6daa1b
@@@oldCommitHash = 4912e3d41e1a2d7d8a4ca096f8bec7ccab8a6544
调用depends完成
本次getDDG计算的运行时间（秒）：0.0
本次getCDG计算的运行时间（秒）：0.0
本次commit计算的运行时间（秒）：1.095
-------------------------------------------------------------------------------------------

@@@nowCommitHash = 740556589adb94d0af97e017850a945f474cff8d
@@@oldCommitHash = 2c2402c3a205e6e5409dcd8611da0c3a6ad1eedb
调用depends完成
本次getDDG计算的运行时间（秒）：0.0
本次getCDG计算的运行时间（秒）：0.0
本次commit计算的运行时间（秒）：1.036
-------------------------------------------------------------------------------------------

@@@nowCommitHash = 9ce2be1fc28de3708fc84858dd51d56e022e1c30
@@@oldCommitHash = 0c9d294090343d5a184fdfe5707dbfba9f408bf4
调用depends完成
本次getDDG计算的运行时间（秒）：0.0
本次getCDG计算的运行时间（秒）：0.0
本次commit计算的运行时间（秒）：1.193
-------------------------------------------------------------------------------------------

@@@nowCommitHash = 20ed13cd7aa90f4fd88711feee6f064bb108a9b7
@@@oldCommitHash = 9eda2649c6e904d42b98a551f8c5e855f69016ff
调用depends完成
本次getDDG计算的运行时间（秒）：0.0
本次getCDG计算的运行时间（秒）：0.0
本次commit计算的运行时间（秒）：1.02
-------------------------------------------------------------------------------------------

@@@nowCommitHash = 5082cd05fef5baa24e905cb2d701f8c0939610d7
@@@oldCommitHash = 1feed287dfc441d432fd75a9a0b08280d1d46d84
调用depends完成
本次getDDG计算的运行时间（秒）：0.0
本次getCDG计算的运行时间（秒）：0.0
本次commit计算的运行时间（秒）：0.993
-------------------------------------------------------------------------------------------

@@@nowCommitHash = 1feed287dfc441d432fd75a9a0b08280d1d46d84
@@@oldCommitHash = 9239581b4042c999d565ecdd88109f9f49b45a17
调用depends完成
本次getDDG计算的运行时间（秒）：0.0
本次getCDG计算的运行时间（秒）：0.0
本次commit计算的运行时间（秒）：0.996
-------------------------------------------------------------------------------------------

@@@nowCommitHash = 5db46c8c73c1331465f512dbc59ca0677759b6c5
@@@oldCommitHash = 7a3be9d5eafae96d20508766716f3984e1a99f6f
调用depends完成
本次getDDG计算的运行时间（秒）：0.0
本次getCDG计算的运行时间（秒）：0.0
本次commit计算的运行时间（秒）：1.018
-------------------------------------------------------------------------------------------

@@@nowCommitHash = b7b204cc21639062135fd14417d8eda567b70d89
@@@oldCommitHash = ceecf0ee7dd7218ec2281589f118e61b93f94183
调用depends完成
本次getDDG计算的运行时间（秒）：0.0
本次getCDG计算的运行时间（秒）：0.0
本次commit计算的运行时间（秒）：1.017
-------------------------------------------------------------------------------------------

@@@nowCommitHash = 46ed2ce15e6377c989e0bbc0fd6e4cb203bcd639
@@@oldCommitHash = b341fce6eaa780cd1ea096c57a04becaa0ba22ff
调用depends完成
本次getDDG计算的运行时间（秒）：0.0
本次getCDG计算的运行时间（秒）：0.0
本次commit计算的运行时间（秒）：1.019
-------------------------------------------------------------------------------------------

@@@nowCommitHash = b341fce6eaa780cd1ea096c57a04becaa0ba22ff
@@@oldCommitHash = ceecf0ee7dd7218ec2281589f118e61b93f94183
调用depends完成
本次getDDG计算的运行时间（秒）：0.0
本次getCDG计算的运行时间（秒）：0.0
本次commit计算的运行时间（秒）：1.014
-------------------------------------------------------------------------------------------

@@@nowCommitHash = ceecf0ee7dd7218ec2281589f118e61b93f94183
@@@oldCommitHash = 55859e425e61854ced1b12727208bf34f012eea0
调用depends完成
本次getDDG计算的运行时间（秒）：0.0
本次getCDG计算的运行时间（秒）：0.0
本次commit计算的运行时间（秒）：1.023
-------------------------------------------------------------------------------------------

@@@nowCommitHash = 55859e425e61854ced1b12727208bf34f012eea0
@@@oldCommitHash = f4002b84e7f6c0f336e49141e1e221b1e9043adb
调用depends完成
本次getDDG计算的运行时间（秒）：0.0
本次getCDG计算的运行时间（秒）：0.0
本次commit计算的运行时间（秒）：1.022
-------------------------------------------------------------------------------------------

@@@nowCommitHash = f4002b84e7f6c0f336e49141e1e221b1e9043adb
@@@oldCommitHash = 9283b74770fa03875b08f3f4a89f2ad397c98e1a
调用depends完成
本次getDDG计算的运行时间（秒）：0.0
本次getCDG计算的运行时间（秒）：0.0
本次commit计算的运行时间（秒）：1.002
-------------------------------------------------------------------------------------------

@@@nowCommitHash = 9283b74770fa03875b08f3f4a89f2ad397c98e1a
@@@oldCommitHash = 5152a0bca1065ec399b1d03c88e661dc3074d349
调用depends完成
本次getDDG计算的运行时间（秒）：0.0
本次getCDG计算的运行时间（秒）：0.0
本次commit计算的运行时间（秒）：1.077
-------------------------------------------------------------------------------------------

@@@nowCommitHash = e46ed7dc654ed8579d6d1556a8d1e08e107ae939
@@@oldCommitHash = 29c3d2d620c576fb8cad18798ed5ef32a43c8e27
调用depends完成
本次getDDG计算的运行时间（秒）：0.0
本次getCDG计算的运行时间（秒）：0.0
本次commit计算的运行时间（秒）：1.021
-------------------------------------------------------------------------------------------

@@@nowCommitHash = 29c3d2d620c576fb8cad18798ed5ef32a43c8e27
@@@oldCommitHash = 63068ef85280c15243a37821981ccbc5c5277f22
调用depends完成
本次getDDG计算的运行时间（秒）：0.0
本次getCDG计算的运行时间（秒）：0.0
本次commit计算的运行时间（秒）：1.022
-------------------------------------------------------------------------------------------

@@@nowCommitHash = 63068ef85280c15243a37821981ccbc5c5277f22
@@@oldCommitHash = 915baf3656f0a8c38aba37e4e0e7141164b4475a
调用depends完成
本次getDDG计算的运行时间（秒）：0.0
本次getCDG计算的运行时间（秒）：0.0
本次commit计算的运行时间（秒）：1.013
-------------------------------------------------------------------------------------------

@@@nowCommitHash = 9e2ebcd71da40965171fae82a4adef393a369b95
@@@oldCommitHash = d209f1ea36445536acda6b27e5ebc534ab6c2dcc
调用depends完成
本次getDDG计算的运行时间（秒）：0.0
本次getCDG计算的运行时间（秒）：0.0
本次commit计算的运行时间（秒）：1.029
-------------------------------------------------------------------------------------------

@@@nowCommitHash = e3ce9a1ad8eaf38405ccf01ff5729dc4a171468f
@@@oldCommitHash = a744f7676fe304b49d43f9d9b2334cb3c19a6858
调用depends完成
本次getDDG计算的运行时间（秒）：0.0
本次getCDG计算的运行时间（秒）：0.0
本次commit计算的运行时间（秒）：1.008
-------------------------------------------------------------------------------------------

@@@nowCommitHash = 8af3b4c0a269db99c09313c076b154de7a09b184
@@@oldCommitHash = c3745c4219b6d8418432c2ea8512bb17472780d1
调用depends完成
本次getDDG计算的运行时间（秒）：0.0
本次getCDG计算的运行时间（秒）：0.0
本次commit计算的运行时间（秒）：1.029
-------------------------------------------------------------------------------------------

@@@nowCommitHash = c3745c4219b6d8418432c2ea8512bb17472780d1
@@@oldCommitHash = f37d774f90fabb6afd268b0a4912edd4afe88e07
调用depends完成
本次getDDG计算的运行时间（秒）：0.0
本次getCDG计算的运行时间（秒）：0.0
本次commit计算的运行时间（秒）：1.077
-------------------------------------------------------------------------------------------

@@@nowCommitHash = a817ab95a087561541b9513caf986de1c5b2efc6
@@@oldCommitHash = 852adedb34ba0ec6f93dd633e22344058647697c
调用depends完成
本次getDDG计算的运行时间（秒）：0.0
本次getCDG计算的运行时间（秒）：0.0
本次commit计算的运行时间（秒）：1.076
-------------------------------------------------------------------------------------------

@@@nowCommitHash = 79019d2c66e725b1fb0595c92d5f2331c9b5a575
@@@oldCommitHash = ad9c69f377e1056c18273866eab3973e05afcec4
调用depends完成
本次getDDG计算的运行时间（秒）：0.0
本次getCDG计算的运行时间（秒）：0.0
本次commit计算的运行时间（秒）：1.145
-------------------------------------------------------------------------------------------

@@@nowCommitHash = ad9c69f377e1056c18273866eab3973e05afcec4
@@@oldCommitHash = 0dbbda5d6b83ac21a2e9d279dd027822dbcfaa49
调用depends完成
本次getDDG计算的运行时间（秒）：0.0
本次getCDG计算的运行时间（秒）：0.0
本次commit计算的运行时间（秒）：1.084
-------------------------------------------------------------------------------------------

@@@nowCommitHash = f37d774f90fabb6afd268b0a4912edd4afe88e07
@@@oldCommitHash = 931dc52788e8ae5db850068c64a2f3acfb0b2b03
调用depends完成
本次getDDG计算的运行时间（秒）：0.0
本次getCDG计算的运行时间（秒）：0.0
本次commit计算的运行时间（秒）：1.146
-------------------------------------------------------------------------------------------

@@@nowCommitHash = 931dc52788e8ae5db850068c64a2f3acfb0b2b03
@@@oldCommitHash = c176e464e3731cdf474dc06a5a34b15a9be578c9
调用depends完成
本次getDDG计算的运行时间（秒）：0.0
本次getCDG计算的运行时间（秒）：0.0
本次commit计算的运行时间（秒）：1.076
-------------------------------------------------------------------------------------------

@@@nowCommitHash = 6086508ddc61b1e3677fb6664c5a78d03286ec57
@@@oldCommitHash = 13714f7f99a09c979947feadbf99e81e961fc388
调用depends完成
本次getDDG计算的运行时间（秒）：0.0
本次getCDG计算的运行时间（秒）：0.0
本次commit计算的运行时间（秒）：1.018
-------------------------------------------------------------------------------------------

@@@nowCommitHash = 2aca8431bbeb324531d6ddc99b1998b35307fb55
@@@oldCommitHash = 0d49b4704debd8a561926b26fa18d658774e98e1
调用depends完成
本次getDDG计算的运行时间（秒）：0.0
本次getCDG计算的运行时间（秒）：0.0
本次commit计算的运行时间（秒）：1.026
-------------------------------------------------------------------------------------------

@@@nowCommitHash = 13714f7f99a09c979947feadbf99e81e961fc388
@@@oldCommitHash = a5cb080d41ad34059544c087df1b6b8a2e5a398b
调用depends完成
本次getDDG计算的运行时间（秒）：0.0
本次getCDG计算的运行时间（秒）：0.0
本次commit计算的运行时间（秒）：1.021
-------------------------------------------------------------------------------------------

@@@nowCommitHash = 0d49b4704debd8a561926b26fa18d658774e98e1
@@@oldCommitHash = 701579fd3d04bca40ff446ee12f2198f2dff75b8
调用depends完成
本次getDDG计算的运行时间（秒）：0.0
本次getCDG计算的运行时间（秒）：0.0
本次commit计算的运行时间（秒）：1.01
-------------------------------------------------------------------------------------------

@@@nowCommitHash = a1cbc9dd987aa1a599a8f7ba0547b30c02a8bdb1
@@@oldCommitHash = d60d88dd936564124f1a69a909b5935bacf13713
调用depends完成
本次getDDG计算的运行时间（秒）：0.0
本次getCDG计算的运行时间（秒）：0.0
本次commit计算的运行时间（秒）：1.038
-------------------------------------------------------------------------------------------

@@@nowCommitHash = 701579fd3d04bca40ff446ee12f2198f2dff75b8
@@@oldCommitHash = a661fe800fd068ccab8e8e0d3aa06124961cf576
调用depends完成
本次getDDG计算的运行时间（秒）：0.0
本次getCDG计算的运行时间（秒）：0.0
本次commit计算的运行时间（秒）：1.04
-------------------------------------------------------------------------------------------

@@@nowCommitHash = d60d88dd936564124f1a69a909b5935bacf13713
@@@oldCommitHash = 034a25ab725c5c08a9a2070376ac2039af255592
调用depends完成
本次getDDG计算的运行时间（秒）：0.0
本次getCDG计算的运行时间（秒）：0.0
本次commit计算的运行时间（秒）：1.023
-------------------------------------------------------------------------------------------

@@@nowCommitHash = 034a25ab725c5c08a9a2070376ac2039af255592
@@@oldCommitHash = d2c28a5053be5c1f214c4ae44c2134a72af1b019
调用depends完成
本次getDDG计算的运行时间（秒）：0.0
本次getCDG计算的运行时间（秒）：0.0
本次commit计算的运行时间（秒）：1.042
-------------------------------------------------------------------------------------------

@@@nowCommitHash = a661fe800fd068ccab8e8e0d3aa06124961cf576
@@@oldCommitHash = 93a78f5bcfd62ce2eab80a0ddadcc089884253bf
调用depends完成
本次getDDG计算的运行时间（秒）：0.0
本次getCDG计算的运行时间（秒）：0.0
本次commit计算的运行时间（秒）：1.031
-------------------------------------------------------------------------------------------

@@@nowCommitHash = 93a78f5bcfd62ce2eab80a0ddadcc089884253bf
@@@oldCommitHash = 804be00c02f0539ccbe9bd8331a0d96967a7cc14
调用depends完成
本次getDDG计算的运行时间（秒）：0.0
本次getCDG计算的运行时间（秒）：0.0
本次commit计算的运行时间（秒）：1.043
-------------------------------------------------------------------------------------------

@@@nowCommitHash = d2c28a5053be5c1f214c4ae44c2134a72af1b019
@@@oldCommitHash = 85a4c1ec8f2d92b49af5ff12fd3c6a997743fd5b
调用depends完成
本次getDDG计算的运行时间（秒）：0.0
本次getCDG计算的运行时间（秒）：0.0
本次commit计算的运行时间（秒）：1.052
-------------------------------------------------------------------------------------------

@@@nowCommitHash = 804be00c02f0539ccbe9bd8331a0d96967a7cc14
@@@oldCommitHash = 7e4d84408e95aed110b7a34364b29be12069831b
调用depends完成
本次getDDG计算的运行时间（秒）：0.0
本次getCDG计算的运行时间（秒）：0.0
本次commit计算的运行时间（秒）：1.048
-------------------------------------------------------------------------------------------

@@@nowCommitHash = 4f5d14e3d930c074e2bf78267041131e4938d0b9
@@@oldCommitHash = 99abd4462d26f64e7eb05e2132b107fda762655d
调用depends完成
本次getDDG计算的运行时间（秒）：0.0
本次getCDG计算的运行时间（秒）：0.0
本次commit计算的运行时间（秒）：1.042
-------------------------------------------------------------------------------------------

@@@nowCommitHash = 7e4d84408e95aed110b7a34364b29be12069831b
@@@oldCommitHash = 144b5ce3bb36bed892666a5946bf5ba6fbcdbc9d
调用depends完成
本次getDDG计算的运行时间（秒）：0.0
本次getCDG计算的运行时间（秒）：0.0
本次commit计算的运行时间（秒）：1.033
-------------------------------------------------------------------------------------------

@@@nowCommitHash = 7cce8cb29d76e6642e65d67a44f647c20d80bbb7
@@@oldCommitHash = 383f243218e900253d5823ecac18f329c858b1ba
调用depends完成
本次getDDG计算的运行时间（秒）：0.0
本次getCDG计算的运行时间（秒）：0.0
本次commit计算的运行时间（秒）：1.032
-------------------------------------------------------------------------------------------

@@@nowCommitHash = 3ff3a7cb23c1114f415220b129bc560551230d58
@@@oldCommitHash = 21e282ae64c28d1ffdd5d00c93f34bfd932db58e
调用depends完成
本次getDDG计算的运行时间（秒）：0.0
本次getCDG计算的运行时间（秒）：0.0
本次commit计算的运行时间（秒）：1.051
-------------------------------------------------------------------------------------------

@@@nowCommitHash = 21e282ae64c28d1ffdd5d00c93f34bfd932db58e
@@@oldCommitHash = ed97df8048a9682bdbadad8e91aa058ec9ec1658
调用depends完成
本次getDDG计算的运行时间（秒）：0.0
本次getCDG计算的运行时间（秒）：0.0
本次commit计算的运行时间（秒）：0.997
-------------------------------------------------------------------------------------------

@@@nowCommitHash = 7b1b50f4b0eaadebcb46cdcd2c79ac042e50845f
@@@oldCommitHash = 9a2db79a9e514afd8d7b7c8964166a0086f136d0
调用depends完成
本次getDDG计算的运行时间（秒）：0.0
本次getCDG计算的运行时间（秒）：0.0
本次commit计算的运行时间（秒）：1.049
-------------------------------------------------------------------------------------------

@@@nowCommitHash = 9a2db79a9e514afd8d7b7c8964166a0086f136d0
@@@oldCommitHash = 3250bf66b8c0fcbc65b3672fe363c56f1f65a84e
调用depends完成
本次getDDG计算的运行时间（秒）：0.0
本次getCDG计算的运行时间（秒）：0.0
本次commit计算的运行时间（秒）：1.055
-------------------------------------------------------------------------------------------

@@@nowCommitHash = ec846af9085cad8f42304b185f5bb5666ce33af5
@@@oldCommitHash = 34e727bae125338e2613e50d31dae3afd8cc4c9b
调用depends完成
本次getDDG计算的运行时间（秒）：0.0
本次getCDG计算的运行时间（秒）：0.0
本次commit计算的运行时间（秒）：1.016
-------------------------------------------------------------------------------------------

@@@nowCommitHash = ea2fb4e75cf8bdebc60676e1f610647e234da448
@@@oldCommitHash = 34e727bae125338e2613e50d31dae3afd8cc4c9b
调用depends完成
本次getDDG计算的运行时间（秒）：0.0
本次getCDG计算的运行时间（秒）：0.0
本次commit计算的运行时间（秒）：1.003
-------------------------------------------------------------------------------------------

@@@nowCommitHash = 919f44a44780ea7f1e4062054f01e79fcb698130
@@@oldCommitHash = a47b6c062f18432fd2c09e57fafd17ab5f748f73
调用depends完成
本次getDDG计算的运行时间（秒）：0.0
本次getCDG计算的运行时间（秒）：0.0
本次commit计算的运行时间（秒）：1.092
-------------------------------------------------------------------------------------------

@@@nowCommitHash = d8b0e0e74ba2fb174e26b33f8358f70c00a55138
@@@oldCommitHash = 7e3c6cd299a11dca56bc431bed3a00dccf54a916
调用depends完成
本次getDDG计算的运行时间（秒）：0.0
本次getCDG计算的运行时间（秒）：0.0
本次commit计算的运行时间（秒）：1.054
-------------------------------------------------------------------------------------------

@@@nowCommitHash = 0569fd5744769c37cef42be90af7643981b5b198
@@@oldCommitHash = 2f945be958256e4bd4e87ee09ab52a346b97c12b
调用depends完成
本次getDDG计算的运行时间（秒）：0.0
本次getCDG计算的运行时间（秒）：0.0
本次commit计算的运行时间（秒）：1.038
-------------------------------------------------------------------------------------------

@@@nowCommitHash = 2f945be958256e4bd4e87ee09ab52a346b97c12b
@@@oldCommitHash = 3b666b5958cfc8b1576d60fba1fd0bb279e0dc91
调用depends完成
本次getDDG计算的运行时间（秒）：0.0
本次getCDG计算的运行时间（秒）：0.0
本次commit计算的运行时间（秒）：1.037
-------------------------------------------------------------------------------------------

@@@nowCommitHash = 5d4ab8c4c3b024aae607d83f428be7cbb17568e5
@@@oldCommitHash = bb999955f1ac5609d7a5c9ba5df93f883ffffa91
调用depends完成
本次getDDG计算的运行时间（秒）：0.0
本次getCDG计算的运行时间（秒）：0.0
本次commit计算的运行时间（秒）：1.032
-------------------------------------------------------------------------------------------

@@@nowCommitHash = bb999955f1ac5609d7a5c9ba5df93f883ffffa91
@@@oldCommitHash = 977f9bb1754c4c925da650a9a3af8cab926fb4d9
调用depends完成
本次getDDG计算的运行时间（秒）：0.0
本次getCDG计算的运行时间（秒）：0.0
本次commit计算的运行时间（秒）：1.042
-------------------------------------------------------------------------------------------

@@@nowCommitHash = 977f9bb1754c4c925da650a9a3af8cab926fb4d9
@@@oldCommitHash = b741c5b0b933494a083254483d009e86e091503f
调用depends完成
本次getDDG计算的运行时间（秒）：0.0
本次getCDG计算的运行时间（秒）：0.0
本次commit计算的运行时间（秒）：1.061
-------------------------------------------------------------------------------------------

@@@nowCommitHash = b741c5b0b933494a083254483d009e86e091503f
@@@oldCommitHash = 097b0283a8c3c08f90f1f7e0f13489e4c8652fc6
调用depends完成
本次getDDG计算的运行时间（秒）：0.0
本次getCDG计算的运行时间（秒）：0.0
本次commit计算的运行时间（秒）：1.031
-------------------------------------------------------------------------------------------

@@@nowCommitHash = 097b0283a8c3c08f90f1f7e0f13489e4c8652fc6
@@@oldCommitHash = 0433b1e0cb93f82f26561a3c98d9c5cd0a93919f
调用depends完成
本次getDDG计算的运行时间（秒）：0.0
本次getCDG计算的运行时间（秒）：0.0
本次commit计算的运行时间（秒）：1.026
-------------------------------------------------------------------------------------------

@@@nowCommitHash = 0433b1e0cb93f82f26561a3c98d9c5cd0a93919f
@@@oldCommitHash = a5557ab73aa347c9ef251738da619790c26f6507
调用depends完成
本次getDDG计算的运行时间（秒）：0.0
本次getCDG计算的运行时间（秒）：0.0
本次commit计算的运行时间（秒）：1.023
-------------------------------------------------------------------------------------------

@@@nowCommitHash = e1f50b99d059d0571cb4e200a40877434d535e6a
@@@oldCommitHash = ea0d256d50eb3be306f90ece61f40cb2df85341b
调用depends完成
本次getDDG计算的运行时间（秒）：0.0
本次getCDG计算的运行时间（秒）：0.0
本次commit计算的运行时间（秒）：1.015
-------------------------------------------------------------------------------------------

@@@nowCommitHash = ea0d256d50eb3be306f90ece61f40cb2df85341b
@@@oldCommitHash = eef80d6da564ff9c9c07a16fa4c01d52c48cfcdb
调用depends完成
本次getDDG计算的运行时间（秒）：0.0
本次getCDG计算的运行时间（秒）：0.0
本次commit计算的运行时间（秒）：1.02
-------------------------------------------------------------------------------------------

@@@nowCommitHash = af1880079c500cc32bbd5ed6d2923c263563047f
@@@oldCommitHash = d1d0cb407eea63d73a22c21b5add9eee34602539
调用depends完成
本次getDDG计算的运行时间（秒）：0.0
本次getCDG计算的运行时间（秒）：0.0
本次commit计算的运行时间（秒）：1.021
-------------------------------------------------------------------------------------------

@@@nowCommitHash = d1d0cb407eea63d73a22c21b5add9eee34602539
@@@oldCommitHash = d365f0b08d6e01664b3164bf9e48bdb0aba87dd0
调用depends完成
本次getDDG计算的运行时间（秒）：0.0
本次getCDG计算的运行时间（秒）：0.0
本次commit计算的运行时间（秒）：1.09
-------------------------------------------------------------------------------------------

@@@nowCommitHash = d365f0b08d6e01664b3164bf9e48bdb0aba87dd0
@@@oldCommitHash = 2a3a88238a95397331e35fb98670240575a4bea9
调用depends完成
本次getDDG计算的运行时间（秒）：0.0
本次getCDG计算的运行时间（秒）：0.0
本次commit计算的运行时间（秒）：1.009
-------------------------------------------------------------------------------------------

@@@nowCommitHash = 2a3a88238a95397331e35fb98670240575a4bea9
@@@oldCommitHash = 7cc0bd923a60bbb21aaabcae8e96da04d516f577
调用depends完成
本次getDDG计算的运行时间（秒）：0.0
本次getCDG计算的运行时间（秒）：0.0
本次commit计算的运行时间（秒）：1.073
-------------------------------------------------------------------------------------------

@@@nowCommitHash = 7cc0bd923a60bbb21aaabcae8e96da04d516f577
@@@oldCommitHash = 195387875df82a1f628c0e2eda8d737a7518bf1f
调用depends完成
本次getDDG计算的运行时间（秒）：0.0
本次getCDG计算的运行时间（秒）：0.0
本次commit计算的运行时间（秒）：1.022
-------------------------------------------------------------------------------------------

@@@nowCommitHash = 195387875df82a1f628c0e2eda8d737a7518bf1f
@@@oldCommitHash = e0b91288f4202f5b223b6f9251b4abe9f7889497
调用depends完成
本次getDDG计算的运行时间（秒）：0.0
本次getCDG计算的运行时间（秒）：0.0
本次commit计算的运行时间（秒）：1.015
-------------------------------------------------------------------------------------------

@@@nowCommitHash = e0b91288f4202f5b223b6f9251b4abe9f7889497
@@@oldCommitHash = 9923a5a39a03d70dcefb2b76cdfbef5b294dfabf
调用depends完成
本次getDDG计算的运行时间（秒）：0.0
本次getCDG计算的运行时间（秒）：0.0
本次commit计算的运行时间（秒）：1.029
-------------------------------------------------------------------------------------------

@@@nowCommitHash = 9923a5a39a03d70dcefb2b76cdfbef5b294dfabf
@@@oldCommitHash = a0b4bc2ce5c9ef25ac59fe177ffdc1a9ef216b29
调用depends完成
本次getDDG计算的运行时间（秒）：0.0
本次getCDG计算的运行时间（秒）：0.0
本次commit计算的运行时间（秒）：1.022
-------------------------------------------------------------------------------------------

@@@nowCommitHash = a0b4bc2ce5c9ef25ac59fe177ffdc1a9ef216b29
@@@oldCommitHash = 31890506ee7cb6fe70f0fca6d7affd8363c1056c
调用depends完成
本次getDDG计算的运行时间（秒）：0.0
本次getCDG计算的运行时间（秒）：0.0
本次commit计算的运行时间（秒）：1.04
-------------------------------------------------------------------------------------------

@@@nowCommitHash = 75c923080dc16ace9866389a906188ae71b522c4
@@@oldCommitHash = f0c5441e4240478fea6500c0ef2dc95b86fe9ec5
调用depends完成
本次getDDG计算的运行时间（秒）：0.0
本次getCDG计算的运行时间（秒）：0.0
本次commit计算的运行时间（秒）：1.027
-------------------------------------------------------------------------------------------

@@@nowCommitHash = f0c5441e4240478fea6500c0ef2dc95b86fe9ec5
@@@oldCommitHash = 9f86ea7205b8538251b1d5bc283874b0f728bca2
调用depends完成
本次getDDG计算的运行时间（秒）：0.0
本次getCDG计算的运行时间（秒）：0.0
本次commit计算的运行时间（秒）：1.041
-------------------------------------------------------------------------------------------

@@@nowCommitHash = 22442eca298929215de04ca51f7db51369566adb
@@@oldCommitHash = 567e48b9b89e3d3795458dd6a3c2c3a6f8376332
调用depends完成
本次getDDG计算的运行时间（秒）：0.0
本次getCDG计算的运行时间（秒）：0.0
本次commit计算的运行时间（秒）：1.005
----------------------------------------------------------------------------------------------
IN python!!!!
Commit Hash: 5b64f485e1340c2aef6bc446ee2fde6349c4c1df scoreOfCommitBefore = 0.0 scoreOfCommitAfter = 14.021613126407143
Commit Hash: b16611cecea8b10a12c81ee00fc52d5126143722 scoreOfCommitBefore = 0.0 scoreOfCommitAfter = 0.0
Commit Hash: 80375b75133ee8f12c65cbf9e2963e5e6ed60cd0 scoreOfCommitBefore = 0.0 scoreOfCommitAfter = 14.0041287247386
Commit Hash: 1270c8e90eef88474726c65f908e3d69ce18a465 scoreOfCommitBefore = 0.0 scoreOfCommitAfter = 14.244930236230708
Commit Hash: 36b02c2cba36637669c6faf680932a23a540fc0a scoreOfCommitBefore = 0.0 scoreOfCommitAfter = 12.214209366555643
Commit Hash: 1c3468d72202d957e4a30203ba43d9456ffc54cf scoreOfCommitBefore = 0.0 scoreOfCommitAfter = 22.400715426600456
Commit Hash: dfc860468bf028a1ac762473e03872b1b7dbb1b6 scoreOfCommitBefore = 2392.1288543234627 scoreOfCommitAfter = 13.691843762474592
Commit Hash: cd3769ce780261eb19d95171997d38fda8661455 scoreOfCommitBefore = 11835.608164986326 scoreOfCommitAfter = 73.23266810178909
Commit Hash: 2a74c41ff599b704f9009de56e946d3358ca7219 scoreOfCommitBefore = 0.0 scoreOfCommitAfter = 47.93619991330405
Commit Hash: 9ba4677b42255a6c91efca764895d7e81a601aa9 scoreOfCommitBefore = 0.0 scoreOfCommitAfter = 0.0
Commit Hash: cf379d1ff144236d12ef7b9cdf378265a425d954 scoreOfCommitBefore = 3.1184108437490936 scoreOfCommitAfter = 69.65003275680019
Commit Hash: b176601de87bfd2a2a04a08868081787be11b122 scoreOfCommitBefore = 0.0 scoreOfCommitAfter = 89.8255647218101
Commit Hash: d5dfc90057b6c6cce216e56f5e29684208b88d92 scoreOfCommitBefore = 0.0 scoreOfCommitAfter = 9.345924029447868
Commit Hash: b5fcd34e2730a400712203b3ccdc24a3e1ff48af scoreOfCommitBefore = 0.0 scoreOfCommitAfter = 9.694094968972268
Commit Hash: 6887392841651bbe1d126ddb45c5e41e6c2c5bd4 scoreOfCommitBefore = 0.0 scoreOfCommitAfter = 9.662772050202717
Commit Hash: a1e5396e968938790489a5eefb2c7d5fe7994c28 scoreOfCommitBefore = 0.0 scoreOfCommitAfter = 0.0
Commit Hash: b270424ad79370e29b757ed1158cf12d83d05e9f scoreOfCommitBefore = 0.0 scoreOfCommitAfter = 9.704595221465969
Commit Hash: 840d4f66fff2457847b7311c2119cf573bf52995 scoreOfCommitBefore = 0.0 scoreOfCommitAfter = 26.34525246655891
Commit Hash: 0c013489a523096b14d5e65339761ce8feafda75 scoreOfCommitBefore = 25678.451110937 scoreOfCommitAfter = 18.684135591184308
Commit Hash: cac3ab9d291b760fb9a4e7fa4457bc87d736bf3f scoreOfCommitBefore = 0.0 scoreOfCommitAfter = 35.64950533580337
Commit Hash: 0629c6f53d8744c69fc7e636e91db627031736a1 scoreOfCommitBefore = 0.0 scoreOfCommitAfter = 10.163746038051972
Commit Hash: fd3e20a4764014db5677ff1c52625b3b0f02922f scoreOfCommitBefore = 0.0 scoreOfCommitAfter = 9.466764389260549
Commit Hash: 250f9f77ee493484b2179d8f3456ed52ad263eab scoreOfCommitBefore = 0.0 scoreOfCommitAfter = 9.992225999266683
Commit Hash: 2b159df9712c8186b66821f0de613ddc831c6a75 scoreOfCommitBefore = 0.0 scoreOfCommitAfter = 9.992225999266683
Commit Hash: 60f4369518260db4d8af5d3207b487d6d1e0ab29 scoreOfCommitBefore = 494.5012886292737 scoreOfCommitAfter = 29.99204297841141
Commit Hash: 9d0ef04f3ce00afee509328772ec1f39e62da759 scoreOfCommitBefore = 10654.19609363191 scoreOfCommitAfter = 51.99016119788317
Commit Hash: d0bf57f2a122d2a8b4a5309cc65d4ea47ad49c21 scoreOfCommitBefore = 3669.4001283389603 scoreOfCommitAfter = 42.69588935144873
Commit Hash: 9e88aeae179c01cad1c9e0c94b9d9b0ed5ec3f24 scoreOfCommitBefore = 28055.87670223002 scoreOfCommitAfter = 118.32171183596225
Commit Hash: 9dfa6b3a872d58590f18f8f925f4f8e3afedb7b1 scoreOfCommitBefore = 833.8116829278649 scoreOfCommitAfter = 694.9283537912069
Commit Hash: d1499ca1510db7248d2cee838c4e329df14c3d4e scoreOfCommitBefore = 1914.2163958521903 scoreOfCommitAfter = 44.3094728590385
Commit Hash: e0b1afcd69923b75caa09717db9da0fd688d0654 scoreOfCommitBefore = 0.0 scoreOfCommitAfter = 12.023232661424677
Commit Hash: 900542543cc6911304495bbd825b4dc044899c49 scoreOfCommitBefore = 1906.0300619411455 scoreOfCommitAfter = 52.68160583290387
Commit Hash: b2cadef95facdfd76eaf8a4041ea9bfcf71b30f9 scoreOfCommitBefore = 0.0 scoreOfCommitAfter = 9.46080957508333
Commit Hash: 818a2ce936fbd82cb16da45f5505628e76cccc82 scoreOfCommitBefore = 6868.343820537306 scoreOfCommitAfter = 36.37019246805518
Commit Hash: b71a2a1f9256dd6c7a4f86015e0081a7472660bd scoreOfCommitBefore = 6857.432747017854 scoreOfCommitAfter = 15.633104581426664
Commit Hash: 7651f5bc32de10f8e5d9014ca8d39c16d9c417dc scoreOfCommitBefore = 1833.075649946907 scoreOfCommitAfter = 83.9564324465195
Commit Hash: 462dffabe3c0c01a99fea2dffdc59067059cea02 scoreOfCommitBefore = 0.0 scoreOfCommitAfter = 30.46202138183299
Commit Hash: c315ce0cee4f3477a9af1070f06b7285e1694c0a scoreOfCommitBefore = 0.0 scoreOfCommitAfter = 38.70026514054412
Commit Hash: 7505912b803ad4394ceb4ef70dd866d20b2627e5 scoreOfCommitBefore = 0.0 scoreOfCommitAfter = 9.885073209801698
Commit Hash: 55d3a85d41bc1678fbd387712e1053a6e3950bf7 scoreOfCommitBefore = 74740.98116681344 scoreOfCommitAfter = 181.5073310671409
Commit Hash: 2543f323dca0aeecf023a11b3cab295871851ee9 scoreOfCommitBefore = 0.0 scoreOfCommitAfter = 20.556432366121825
Commit Hash: 225e6f1be73ea3695680a21dbb8b85b24bcba4cb scoreOfCommitBefore = 0.0 scoreOfCommitAfter = 20.404321101774933
Commit Hash: d59a1c6f6ec5fbe3fb8bb0bdc4d885512d07b51c scoreOfCommitBefore = 2212.783793678301 scoreOfCommitAfter = 79.16051801436456
Commit Hash: e6b5cbcf5ada01faa469abb78e2fcd465ca26725 scoreOfCommitBefore = 0.0 scoreOfCommitAfter = 0.0
Commit Hash: 731a2893803ab57f3eef2e5ac9e02fcd0aa8214d scoreOfCommitBefore = 0.0 scoreOfCommitAfter = 20.68669062527884
Commit Hash: a5bfc15a43a708a6eadac3b65e1745a1b122bc8e scoreOfCommitBefore = 0.0 scoreOfCommitAfter = 38.028556424255086
Commit Hash: 041d0287331033bcbe2e749a95397fde26d0d426 scoreOfCommitBefore = 0.0 scoreOfCommitAfter = 82.07698476841509
Commit Hash: fc71aa2ef3ea82461cbf10bc9c32c584b6e4fa99 scoreOfCommitBefore = 0.0 scoreOfCommitAfter = 0.0
Commit Hash: bd02fb6b923c054726f801cf9bfa0507e6c2f369 scoreOfCommitBefore = 0.0 scoreOfCommitAfter = 10.16805107857585
Commit Hash: 814c5eab3f746b40b44c430e2585ea9e98e67adb scoreOfCommitBefore = 0.0 scoreOfCommitAfter = 9.821299779772648
Commit Hash: b96fa91313cae6ebe11e799c94ec1115f93e1b33 scoreOfCommitBefore = 0.0 scoreOfCommitAfter = 75.93626958782203
Commit Hash: 1900a67fb694c655542350cba444fef85aa2121e scoreOfCommitBefore = 52973.848285408385 scoreOfCommitAfter = 41.306747176225144
Commit Hash: 812ea8f5150124756c991632ead795202e72197d scoreOfCommitBefore = 178260.8279753437 scoreOfCommitAfter = 160.37900183388322
Commit Hash: 3b775f6f6a8d4a27aabafea7476084dd5b171a3d scoreOfCommitBefore = 139017.27283669772 scoreOfCommitAfter = 174.6093832024626
Commit Hash: 4cda015b5e088dd0d187c507e1982bbb9ee37dba scoreOfCommitBefore = 166545.11918552883 scoreOfCommitAfter = 78.85782836381034
Commit Hash: cd8911a70c6af6284e7e13113369829c218b6972 scoreOfCommitBefore = 0.0 scoreOfCommitAfter = 11.152616417404142
Commit Hash: 6491f51f4c165c1e9e2fcaf2a4d536c4b3955834 scoreOfCommitBefore = 0.0 scoreOfCommitAfter = 22.831144036077003
Commit Hash: 36408526edf8a6910ea5fbabe168aa0f1d039938 scoreOfCommitBefore = 0.0 scoreOfCommitAfter = 0.0
Commit Hash: 3a28d286a709028aaa2232f3664ee189edce3ca9 scoreOfCommitBefore = 0.0 scoreOfCommitAfter = 0.0
Commit Hash: ab1397a500a21412f18d9da43c37646392158d3f scoreOfCommitBefore = 0.0 scoreOfCommitAfter = 15.154688338490335
Commit Hash: 7a90d9875a9f86611dfc415d276f8386a8659f03 scoreOfCommitBefore = 0.0 scoreOfCommitAfter = 0.0
Commit Hash: 8a4c5a37df3bdd3a489c04a536f1b695831fab7f scoreOfCommitBefore = 34.691613904038334 scoreOfCommitAfter = 45.02574581470164
Commit Hash: 90959a095abeb7950dd27224fc0f9a0446f8061b scoreOfCommitBefore = 0.0 scoreOfCommitAfter = 0.0
Commit Hash: 77dd4b425e8d511819960a1827994ccab2f95e4e scoreOfCommitBefore = 0.0 scoreOfCommitAfter = 0.0
Commit Hash: c476f024e1f2e7361877f7814a1d6a3db597ee82 scoreOfCommitBefore = 0.0 scoreOfCommitAfter = 55.5232223763161
Commit Hash: c0c8fb3dfea13a16e11211c7c5d67741dbf07f80 scoreOfCommitBefore = 0.0 scoreOfCommitAfter = 28.83929968885253
Commit Hash: 0cae8c664df58dca21d8e415a103ab301a81f041 scoreOfCommitBefore = 0.0 scoreOfCommitAfter = 20.512310198221208
Commit Hash: 66da516386b470693cf7bcbac738ba913072d04e scoreOfCommitBefore = 0.0 scoreOfCommitAfter = 50.384720238549164
Commit Hash: 0721684648e6856c1e9d59afd5570b6beeb4fe39 scoreOfCommitBefore = 0.0 scoreOfCommitAfter = 20.465486576785835
Commit Hash: 8c1a2483453a22012f7f2b6ffe45efed1853d6ff scoreOfCommitBefore = 0.0 scoreOfCommitAfter = 0.0
Commit Hash: c6d7168bd8d3d3232ffecf8bb064572dccd5657d scoreOfCommitBefore = 0.0 scoreOfCommitAfter = 13.656203671254213
Commit Hash: 0c29ac3a1f030db55fbc78796516251f9c9c608c scoreOfCommitBefore = 3748.4922589751623 scoreOfCommitAfter = 27.203725848144153
Commit Hash: 4692d2b62a19cd649b93c6f155544f5f5630d842 scoreOfCommitBefore = 0.0 scoreOfCommitAfter = 13.597517929614579
Commit Hash: eff5266a54065144f316e3e8d66c63192e4af6d5 scoreOfCommitBefore = 0.0 scoreOfCommitAfter = 34.63894919849061
Commit Hash: d92c25ac64cc371a447692731233479ca98b31af scoreOfCommitBefore = 158812.87489555773 scoreOfCommitAfter = 141.95504016506703
Commit Hash: 0c14b25f200a6854a5912a64ff3db000b3a66158 scoreOfCommitBefore = 19266.779202523594 scoreOfCommitAfter = 92.14240698311887
Commit Hash: 34bf87ee58e6856266006051eb7e6d7d179986f0 scoreOfCommitBefore = 7841.671536182552 scoreOfCommitAfter = 59.014716196053385
Commit Hash: 0cbef20602226e8591e5d6aa39b6ac5a5a6daa1b scoreOfCommitBefore = 5777.054215658639 scoreOfCommitAfter = 132.11907394661387
Commit Hash: 740556589adb94d0af97e017850a945f474cff8d scoreOfCommitBefore = 0.0 scoreOfCommitAfter = 14.668015636908898
Commit Hash: 9ce2be1fc28de3708fc84858dd51d56e022e1c30 scoreOfCommitBefore = 0.0 scoreOfCommitAfter = 95.10393147807085
Commit Hash: 20ed13cd7aa90f4fd88711feee6f064bb108a9b7 scoreOfCommitBefore = 0.0 scoreOfCommitAfter = 9.904039491643022
Commit Hash: 5082cd05fef5baa24e905cb2d701f8c0939610d7 scoreOfCommitBefore = 708.3241632160649 scoreOfCommitAfter = 12.156421682623058
Commit Hash: 1feed287dfc441d432fd75a9a0b08280d1d46d84 scoreOfCommitBefore = 0.0 scoreOfCommitAfter = 0.0
Commit Hash: 5db46c8c73c1331465f512dbc59ca0677759b6c5 scoreOfCommitBefore = 0.0 scoreOfCommitAfter = 9.639325052398812
Commit Hash: b7b204cc21639062135fd14417d8eda567b70d89 scoreOfCommitBefore = 0.0 scoreOfCommitAfter = 9.684783357362672
Commit Hash: 46ed2ce15e6377c989e0bbc0fd6e4cb203bcd639 scoreOfCommitBefore = 0.0 scoreOfCommitAfter = 13.129516915707157
Commit Hash: b341fce6eaa780cd1ea096c57a04becaa0ba22ff scoreOfCommitBefore = 0.0 scoreOfCommitAfter = 13.117465814315068
Commit Hash: ceecf0ee7dd7218ec2281589f118e61b93f94183 scoreOfCommitBefore = 0.0 scoreOfCommitAfter = 13.071879312729944
Commit Hash: 55859e425e61854ced1b12727208bf34f012eea0 scoreOfCommitBefore = 0.0 scoreOfCommitAfter = 10.514588827570453
Commit Hash: f4002b84e7f6c0f336e49141e1e221b1e9043adb scoreOfCommitBefore = 0.0 scoreOfCommitAfter = 0.0
Commit Hash: 9283b74770fa03875b08f3f4a89f2ad397c98e1a scoreOfCommitBefore = 0.0 scoreOfCommitAfter = 76.31344242820451
Commit Hash: e46ed7dc654ed8579d6d1556a8d1e08e107ae939 scoreOfCommitBefore = 0.0 scoreOfCommitAfter = 19.488405529583687
Commit Hash: 29c3d2d620c576fb8cad18798ed5ef32a43c8e27 scoreOfCommitBefore = 0.0 scoreOfCommitAfter = 11.173995883095621
Commit Hash: 63068ef85280c15243a37821981ccbc5c5277f22 scoreOfCommitBefore = 0.0 scoreOfCommitAfter = 19.328146148559423
Commit Hash: 9e2ebcd71da40965171fae82a4adef393a369b95 scoreOfCommitBefore = 0.0 scoreOfCommitAfter = 56.14996405772105
Commit Hash: e3ce9a1ad8eaf38405ccf01ff5729dc4a171468f scoreOfCommitBefore = 0.0 scoreOfCommitAfter = 11.212629496497097
Commit Hash: 8af3b4c0a269db99c09313c076b154de7a09b184 scoreOfCommitBefore = 0.0 scoreOfCommitAfter = 11.212629496497097
Commit Hash: c3745c4219b6d8418432c2ea8512bb17472780d1 scoreOfCommitBefore = 0.0 scoreOfCommitAfter = 44.81745873595452
Commit Hash: a817ab95a087561541b9513caf986de1c5b2efc6 scoreOfCommitBefore = 0.0 scoreOfCommitAfter = 44.81745873595452
Commit Hash: 79019d2c66e725b1fb0595c92d5f2331c9b5a575 scoreOfCommitBefore = 0.0 scoreOfCommitAfter = 148.24368797493543
Commit Hash: ad9c69f377e1056c18273866eab3973e05afcec4 scoreOfCommitBefore = 0.0 scoreOfCommitAfter = 43.46333235635396
Commit Hash: f37d774f90fabb6afd268b0a4912edd4afe88e07 scoreOfCommitBefore = 0.0 scoreOfCommitAfter = 148.24368797493543
Commit Hash: 931dc52788e8ae5db850068c64a2f3acfb0b2b03 scoreOfCommitBefore = 0.0 scoreOfCommitAfter = 43.46333235635396
Commit Hash: 6086508ddc61b1e3677fb6664c5a78d03286ec57 scoreOfCommitBefore = 0.0 scoreOfCommitAfter = 13.551255122403687
Commit Hash: 2aca8431bbeb324531d6ddc99b1998b35307fb55 scoreOfCommitBefore = 0.0 scoreOfCommitAfter = 13.551255122403687
Commit Hash: 13714f7f99a09c979947feadbf99e81e961fc388 scoreOfCommitBefore = 0.0 scoreOfCommitAfter = 0.0
Commit Hash: 0d49b4704debd8a561926b26fa18d658774e98e1 scoreOfCommitBefore = 0.0 scoreOfCommitAfter = 0.0
Commit Hash: a1cbc9dd987aa1a599a8f7ba0547b30c02a8bdb1 scoreOfCommitBefore = 0.0 scoreOfCommitAfter = 23.43959432900101
Commit Hash: 701579fd3d04bca40ff446ee12f2198f2dff75b8 scoreOfCommitBefore = 0.0 scoreOfCommitAfter = 23.43959432900101
Commit Hash: d60d88dd936564124f1a69a909b5935bacf13713 scoreOfCommitBefore = 0.0 scoreOfCommitAfter = 0.0
Commit Hash: 034a25ab725c5c08a9a2070376ac2039af255592 scoreOfCommitBefore = 0.0 scoreOfCommitAfter = 17.835906814218074
Commit Hash: a661fe800fd068ccab8e8e0d3aa06124961cf576 scoreOfCommitBefore = 0.0 scoreOfCommitAfter = 0.0
Commit Hash: 93a78f5bcfd62ce2eab80a0ddadcc089884253bf scoreOfCommitBefore = 0.0 scoreOfCommitAfter = 17.835906814218074
Commit Hash: d2c28a5053be5c1f214c4ae44c2134a72af1b019 scoreOfCommitBefore = 0.0 scoreOfCommitAfter = 55.43676449936012
Commit Hash: 804be00c02f0539ccbe9bd8331a0d96967a7cc14 scoreOfCommitBefore = 0.0 scoreOfCommitAfter = 55.43676449936012
Commit Hash: 4f5d14e3d930c074e2bf78267041131e4938d0b9 scoreOfCommitBefore = 0.0 scoreOfCommitAfter = 43.32492175210112
Commit Hash: 7e4d84408e95aed110b7a34364b29be12069831b scoreOfCommitBefore = 0.0 scoreOfCommitAfter = 43.32492175210112
Commit Hash: 7cce8cb29d76e6642e65d67a44f647c20d80bbb7 scoreOfCommitBefore = 0.0 scoreOfCommitAfter = 52.79219783882553
Commit Hash: 3ff3a7cb23c1114f415220b129bc560551230d58 scoreOfCommitBefore = 0.0 scoreOfCommitAfter = 32.78290297108346
Commit Hash: 21e282ae64c28d1ffdd5d00c93f34bfd932db58e scoreOfCommitBefore = 0.0 scoreOfCommitAfter = 0.0
Commit Hash: 7b1b50f4b0eaadebcb46cdcd2c79ac042e50845f scoreOfCommitBefore = 0.0 scoreOfCommitAfter = 30.245505007120997
Commit Hash: 9a2db79a9e514afd8d7b7c8964166a0086f136d0 scoreOfCommitBefore = 478.6074934787902 scoreOfCommitAfter = 25.385728277462995
Commit Hash: ec846af9085cad8f42304b185f5bb5666ce33af5 scoreOfCommitBefore = 0.0 scoreOfCommitAfter = 0.0
Commit Hash: ea2fb4e75cf8bdebc60676e1f610647e234da448 scoreOfCommitBefore = 0.0 scoreOfCommitAfter = 0.0
Commit Hash: 919f44a44780ea7f1e4062054f01e79fcb698130 scoreOfCommitBefore = 0.0 scoreOfCommitAfter = 141.04049398244578
Commit Hash: d8b0e0e74ba2fb174e26b33f8358f70c00a55138 scoreOfCommitBefore = 0.0 scoreOfCommitAfter = 8.629007861851854
Commit Hash: 0569fd5744769c37cef42be90af7643981b5b198 scoreOfCommitBefore = 0.0 scoreOfCommitAfter = 10.856628676470681
Commit Hash: 2f945be958256e4bd4e87ee09ab52a346b97c12b scoreOfCommitBefore = 0.0 scoreOfCommitAfter = 48.566310745719164
Commit Hash: 5d4ab8c4c3b024aae607d83f428be7cbb17568e5 scoreOfCommitBefore = 0.0 scoreOfCommitAfter = 41.57623367736004
Commit Hash: bb999955f1ac5609d7a5c9ba5df93f883ffffa91 scoreOfCommitBefore = 0.0 scoreOfCommitAfter = 45.76350966785183
Commit Hash: 977f9bb1754c4c925da650a9a3af8cab926fb4d9 scoreOfCommitBefore = 0.0 scoreOfCommitAfter = 20.432853423717546
Commit Hash: b741c5b0b933494a083254483d009e86e091503f scoreOfCommitBefore = 0.0 scoreOfCommitAfter = 20.03064801821398
Commit Hash: 097b0283a8c3c08f90f1f7e0f13489e4c8652fc6 scoreOfCommitBefore = 0.0 scoreOfCommitAfter = 19.97458599447895
Commit Hash: 0433b1e0cb93f82f26561a3c98d9c5cd0a93919f scoreOfCommitBefore = 0.0 scoreOfCommitAfter = 19.97458599447895
Commit Hash: e1f50b99d059d0571cb4e200a40877434d535e6a scoreOfCommitBefore = 0.0 scoreOfCommitAfter = 19.17775841768966
Commit Hash: ea0d256d50eb3be306f90ece61f40cb2df85341b scoreOfCommitBefore = 0.0 scoreOfCommitAfter = 30.6065398595923
Commit Hash: af1880079c500cc32bbd5ed6d2923c263563047f scoreOfCommitBefore = 0.0 scoreOfCommitAfter = 28.71525204113376
Commit Hash: d1d0cb407eea63d73a22c21b5add9eee34602539 scoreOfCommitBefore = 2789.544481338514 scoreOfCommitAfter = 87.86447217491173
Commit Hash: d365f0b08d6e01664b3164bf9e48bdb0aba87dd0 scoreOfCommitBefore = 0.0 scoreOfCommitAfter = 12.088239245782585
Commit Hash: 2a3a88238a95397331e35fb98670240575a4bea9 scoreOfCommitBefore = 0.0 scoreOfCommitAfter = 83.95364481707314
Commit Hash: 7cc0bd923a60bbb21aaabcae8e96da04d516f577 scoreOfCommitBefore = 1677.6884695266167 scoreOfCommitAfter = 71.88235177041747
Commit Hash: 195387875df82a1f628c0e2eda8d737a7518bf1f scoreOfCommitBefore = 0.0 scoreOfCommitAfter = 17.6558285922435
Commit Hash: e0b91288f4202f5b223b6f9251b4abe9f7889497 scoreOfCommitBefore = 0.0 scoreOfCommitAfter = 26.820764966293062
Commit Hash: 9923a5a39a03d70dcefb2b76cdfbef5b294dfabf scoreOfCommitBefore = 0.0 scoreOfCommitAfter = 8.619559465617558
Commit Hash: a0b4bc2ce5c9ef25ac59fe177ffdc1a9ef216b29 scoreOfCommitBefore = 714.6606145725866 scoreOfCommitAfter = 106.09745538483885
Commit Hash: 75c923080dc16ace9866389a906188ae71b522c4 scoreOfCommitBefore = 0.0 scoreOfCommitAfter = 18.244172753250368
Commit Hash: f0c5441e4240478fea6500c0ef2dc95b86fe9ec5 scoreOfCommitBefore = 0.0 scoreOfCommitAfter = 9.122086376625184
Commit Hash: 22442eca298929215de04ca51f7db51369566adb scoreOfCommitBefore = 0.0 scoreOfCommitAfter = 8.623570415822922
[0.0, 0.0, 0.0, 0.0, 0.0, 0.0, 2392.1288543234627, 11835.608164986326, 0.0, 0.0, 3.1184108437490936, 0.0, 0.0, 0.0, 0.0, 0.0, 0.0, 0.0, 25678.451110937, 0.0, 0.0, 0.0, 0.0, 0.0, 494.5012886292737, 10654.19609363191, 3669.4001283389603, 28055.87670223002, 833.8116829278649, 1914.2163958521903, 0.0, 1906.0300619411455, 0.0, 6868.343820537306, 6857.432747017854, 1833.075649946907, 0.0, 0.0, 0.0, 74740.98116681344, 0.0, 0.0, 2212.783793678301, 0.0, 0.0, 0.0, 0.0, 0.0, 0.0, 0.0, 0.0, 52973.848285408385, 178260.8279753437, 139017.27283669772, 166545.11918552883, 0.0, 0.0, 0.0, 0.0, 0.0, 0.0, 34.691613904038334, 0.0, 0.0, 0.0, 0.0, 0.0, 0.0, 0.0, 0.0, 0.0, 3748.4922589751623, 0.0, 0.0, 158812.87489555773, 19266.779202523594, 7841.671536182552, 5777.054215658639, 0.0, 0.0, 0.0, 708.3241632160649, 0.0, 0.0, 0.0, 0.0, 0.0, 0.0, 0.0, 0.0, 0.0, 0.0, 0.0, 0.0, 0.0, 0.0, 0.0, 0.0, 0.0, 0.0, 0.0, 0.0, 0.0, 0.0, 0.0, 0.0, 0.0, 0.0, 0.0, 0.0, 0.0, 0.0, 0.0, 0.0, 0.0, 0.0, 0.0, 0.0, 0.0, 0.0, 0.0, 478.6074934787902, 0.0, 0.0, 0.0, 0.0, 0.0, 0.0, 0.0, 0.0, 0.0, 0.0, 0.0, 0.0, 0.0, 0.0, 0.0, 2789.544481338514, 0.0, 0.0, 1677.6884695266167, 0.0, 0.0, 0.0, 714.6606145725866, 0.0, 0.0, 0.0]
[14.021613126407143, 0.0, 14.0041287247386, 14.244930236230708, 12.214209366555643, 22.400715426600456, 13.691843762474592, 73.23266810178909, 47.93619991330405, 0.0, 69.65003275680019, 89.8255647218101, 9.345924029447868, 9.694094968972268, 9.662772050202717, 0.0, 9.704595221465969, 26.34525246655891, 18.684135591184308, 35.64950533580337, 10.163746038051972, 9.466764389260549, 9.992225999266683, 9.992225999266683, 29.99204297841141, 51.99016119788317, 42.69588935144873, 118.32171183596225, 694.9283537912069, 44.3094728590385, 12.023232661424677, 52.68160583290387, 9.46080957508333, 36.37019246805518, 15.633104581426664, 83.9564324465195, 30.46202138183299, 38.70026514054412, 9.885073209801698, 181.5073310671409, 20.556432366121825, 20.404321101774933, 79.16051801436456, 0.0, 20.68669062527884, 38.028556424255086, 82.07698476841509, 0.0, 10.16805107857585, 9.821299779772648, 75.93626958782203, 41.306747176225144, 160.37900183388322, 174.6093832024626, 78.85782836381034, 11.152616417404142, 22.831144036077003, 0.0, 0.0, 15.154688338490335, 0.0, 45.02574581470164, 0.0, 0.0, 55.5232223763161, 28.83929968885253, 20.512310198221208, 50.384720238549164, 20.465486576785835, 0.0, 13.656203671254213, 27.203725848144153, 13.597517929614579, 34.63894919849061, 141.95504016506703, 92.14240698311887, 59.014716196053385, 132.11907394661387, 14.668015636908898, 95.10393147807085, 9.904039491643022, 12.156421682623058, 0.0, 9.639325052398812, 9.684783357362672, 13.129516915707157, 13.117465814315068, 13.071879312729944, 10.514588827570453, 0.0, 76.31344242820451, 19.488405529583687, 11.173995883095621, 19.328146148559423, 56.14996405772105, 11.212629496497097, 11.212629496497097, 44.81745873595452, 44.81745873595452, 148.24368797493543, 43.46333235635396, 148.24368797493543, 43.46333235635396, 13.551255122403687, 13.551255122403687, 0.0, 0.0, 23.43959432900101, 23.43959432900101, 0.0, 17.835906814218074, 0.0, 17.835906814218074, 55.43676449936012, 55.43676449936012, 43.32492175210112, 43.32492175210112, 52.79219783882553, 32.78290297108346, 0.0, 30.245505007120997, 25.385728277462995, 0.0, 0.0, 141.04049398244578, 8.629007861851854, 10.856628676470681, 48.566310745719164, 41.57623367736004, 45.76350966785183, 20.432853423717546, 20.03064801821398, 19.97458599447895, 19.97458599447895, 19.17775841768966, 30.6065398595923, 28.71525204113376, 87.86447217491173, 12.088239245782585, 83.95364481707314, 71.88235177041747, 17.6558285922435, 26.820764966293062, 8.619559465617558, 106.09745538483885, 18.244172753250368, 9.122086376625184, 8.623570415822922]
程序总运行时间（秒）：172.716
