-------------------------------------------------------------------------------------------

@@@nowCommitHash = 55723f14145aa12dfbdae965db4c95eadaa727ad
@@@oldCommitHash = 9fd579cefa140efb2569b5ef693dfb8e7079a4ff
调用depends完成
本次getDDG计算的运行时间（秒）：0.0
本次getCDG计算的运行时间（秒）：0.0
本次commit计算的运行时间（秒）：1.882
-------------------------------------------------------------------------------------------

@@@nowCommitHash = f09145d0e2bc47090b8eb03f4b52ea85d3f414e3
@@@oldCommitHash = ece5876b65fad1a5ea0bf7985abc1b9aba1e08ac
调用depends完成
本次getDDG计算的运行时间（秒）：0.0
本次getCDG计算的运行时间（秒）：0.0
本次commit计算的运行时间（秒）：1.099
-------------------------------------------------------------------------------------------

@@@nowCommitHash = ece5876b65fad1a5ea0bf7985abc1b9aba1e08ac
@@@oldCommitHash = e556a29067b8deabbe86bbf6681ef18b6b2b61ac
调用depends完成
本次getDDG计算的运行时间（秒）：0.0
本次getCDG计算的运行时间（秒）：0.0
本次commit计算的运行时间（秒）：1.116
-------------------------------------------------------------------------------------------

@@@nowCommitHash = e556a29067b8deabbe86bbf6681ef18b6b2b61ac
@@@oldCommitHash = 2bdbb534e9c92cf6511d5931f2896b9510cef7aa
调用depends完成
本次getDDG计算的运行时间（秒）：0.0
本次getCDG计算的运行时间（秒）：0.0
本次commit计算的运行时间（秒）：1.273
-------------------------------------------------------------------------------------------

@@@nowCommitHash = 7103d55bc433b5e68a8eb5b95afd770924d716f2
@@@oldCommitHash = 9cd38f61d82e161edfed0f6d10b2fdefc535f85a
调用depends完成
本次getDDG计算的运行时间（秒）：0.0
本次getCDG计算的运行时间（秒）：0.0
本次commit计算的运行时间（秒）：1.173
-------------------------------------------------------------------------------------------

@@@nowCommitHash = 9cd38f61d82e161edfed0f6d10b2fdefc535f85a
@@@oldCommitHash = 921b9c4da890ea4d2205a1367d618d2dbbe9adbb
调用depends完成
本次getDDG计算的运行时间（秒）：0.0
本次getCDG计算的运行时间（秒）：0.0
本次commit计算的运行时间（秒）：1.073
-------------------------------------------------------------------------------------------

@@@nowCommitHash = 921b9c4da890ea4d2205a1367d618d2dbbe9adbb
@@@oldCommitHash = c7fb23693b1d9822b13d9509303c60c490cc4af5
调用depends完成
本次getDDG计算的运行时间（秒）：0.0
本次getCDG计算的运行时间（秒）：0.0
本次commit计算的运行时间（秒）：1.886
-------------------------------------------------------------------------------------------

@@@nowCommitHash = c7fb23693b1d9822b13d9509303c60c490cc4af5
@@@oldCommitHash = f3891add036a1ccbeb0931f2f8de265926ac7a9f
调用depends完成
本次getDDG计算的运行时间（秒）：0.0
本次getCDG计算的运行时间（秒）：0.0
本次commit计算的运行时间（秒）：1.202
-------------------------------------------------------------------------------------------

@@@nowCommitHash = e6d658cf0e9ed285dd81981e1dac85eb07c69182
@@@oldCommitHash = 3ca313fd114edc21b1e8d63da0ad4ca63179ce31
调用depends完成
本次getDDG计算的运行时间（秒）：0.0
本次getCDG计算的运行时间（秒）：0.0
本次commit计算的运行时间（秒）：1.291
-------------------------------------------------------------------------------------------

@@@nowCommitHash = 3ca313fd114edc21b1e8d63da0ad4ca63179ce31
@@@oldCommitHash = 6abb74e8dc0c83df7ebc050ce42d40edbe64cc96
调用depends完成
本次getDDG计算的运行时间（秒）：0.0
本次getCDG计算的运行时间（秒）：0.0
本次commit计算的运行时间（秒）：1.093
-------------------------------------------------------------------------------------------

@@@nowCommitHash = dd90c234e70ccff077e95c14c944b76fa7be8f32
@@@oldCommitHash = 0b1a6355eb721c4fbe716aee14c2bad46e74b98f
调用depends完成
本次getDDG计算的运行时间（秒）：0.0
本次getCDG计算的运行时间（秒）：0.0
本次commit计算的运行时间（秒）：1.891
-------------------------------------------------------------------------------------------

@@@nowCommitHash = 0b1a6355eb721c4fbe716aee14c2bad46e74b98f
@@@oldCommitHash = 087a1006adf9676e79539f890dd80c2321aba8dd
调用depends完成
本次getDDG计算的运行时间（秒）：0.0
本次getCDG计算的运行时间（秒）：0.0
本次commit计算的运行时间（秒）：1.188
-------------------------------------------------------------------------------------------

@@@nowCommitHash = 087a1006adf9676e79539f890dd80c2321aba8dd
@@@oldCommitHash = a3c77ef69d4449881a55f43d600e40029a2ee6fd
调用depends完成
本次getDDG计算的运行时间（秒）：0.0
本次getCDG计算的运行时间（秒）：0.0
本次commit计算的运行时间（秒）：1.139
-------------------------------------------------------------------------------------------

@@@nowCommitHash = a3c77ef69d4449881a55f43d600e40029a2ee6fd
@@@oldCommitHash = cffa113f46792e05b32401669f42af71a4ea7291
调用depends完成
本次getDDG计算的运行时间（秒）：0.0
本次getCDG计算的运行时间（秒）：0.0
本次commit计算的运行时间（秒）：1.258
-------------------------------------------------------------------------------------------

@@@nowCommitHash = cffa113f46792e05b32401669f42af71a4ea7291
@@@oldCommitHash = fb864e2ad20ca495b33baf5b7f98ce7bc7f58a0b
调用depends完成
本次getDDG计算的运行时间（秒）：0.0
本次getCDG计算的运行时间（秒）：0.0
本次commit计算的运行时间（秒）：1.028
-------------------------------------------------------------------------------------------

@@@nowCommitHash = fb864e2ad20ca495b33baf5b7f98ce7bc7f58a0b
@@@oldCommitHash = e614f1b75bfb1144b9782159bae5e83f8fee08af
调用depends完成
本次getDDG计算的运行时间（秒）：0.0
本次getCDG计算的运行时间（秒）：0.0
本次commit计算的运行时间（秒）：1.081
-------------------------------------------------------------------------------------------

@@@nowCommitHash = e614f1b75bfb1144b9782159bae5e83f8fee08af
@@@oldCommitHash = 653440fa1ab3ff068fb5abda14753aa5b15b0093
调用depends完成
本次getDDG计算的运行时间（秒）：0.0
本次getCDG计算的运行时间（秒）：0.0
本次commit计算的运行时间（秒）：1.195
-------------------------------------------------------------------------------------------

@@@nowCommitHash = 9d69aeb1ab56ebf7d99d5007404ea534bff8a382
@@@oldCommitHash = b313afc611c16936e8c69c6bc533864014b70f4d
调用depends完成
本次getDDG计算的运行时间（秒）：0.0
本次getCDG计算的运行时间（秒）：0.0
本次commit计算的运行时间（秒）：1.063
-------------------------------------------------------------------------------------------

@@@nowCommitHash = b313afc611c16936e8c69c6bc533864014b70f4d
@@@oldCommitHash = 0f0597be4975edc6387b64d2cc577f155881e13a
调用depends完成
本次getDDG计算的运行时间（秒）：0.0
本次getCDG计算的运行时间（秒）：0.0
本次commit计算的运行时间（秒）：1.426
-------------------------------------------------------------------------------------------

@@@nowCommitHash = 0f0597be4975edc6387b64d2cc577f155881e13a
@@@oldCommitHash = 8b02bdf8e0421d455008bc6d2e367b126721c2ed
调用depends完成
本次getDDG计算的运行时间（秒）：0.0
本次getCDG计算的运行时间（秒）：0.0
本次commit计算的运行时间（秒）：1.04
-------------------------------------------------------------------------------------------

@@@nowCommitHash = b267859d1831c677c62dd66d1f17c3c16310fc38
@@@oldCommitHash = 4925770aaecd47c2b1c01e517ba096b4ba609da0
调用depends完成
本次getDDG计算的运行时间（秒）：0.0
本次getCDG计算的运行时间（秒）：0.0
本次commit计算的运行时间（秒）：1.178
-------------------------------------------------------------------------------------------

@@@nowCommitHash = 4925770aaecd47c2b1c01e517ba096b4ba609da0
@@@oldCommitHash = ec19e2e51280d83ae3db34301b3b3cd8d420dab8
调用depends完成
本次getDDG计算的运行时间（秒）：0.0
本次getCDG计算的运行时间（秒）：0.0
本次commit计算的运行时间（秒）：1.149
-------------------------------------------------------------------------------------------

@@@nowCommitHash = ec19e2e51280d83ae3db34301b3b3cd8d420dab8
@@@oldCommitHash = 6f7d0d13e2db1a0fc4952fc201ad7bfc4a9e66c7
调用depends完成
本次getDDG计算的运行时间（秒）：0.0
本次getCDG计算的运行时间（秒）：0.0
本次commit计算的运行时间（秒）：1.066
-------------------------------------------------------------------------------------------

@@@nowCommitHash = 6f7d0d13e2db1a0fc4952fc201ad7bfc4a9e66c7
@@@oldCommitHash = 8629781127259e1c337ac9079f825eaaa6ba6601
调用depends完成
本次getDDG计算的运行时间（秒）：0.0
本次getCDG计算的运行时间（秒）：0.0
本次commit计算的运行时间（秒）：1.2
-------------------------------------------------------------------------------------------

@@@nowCommitHash = 8629781127259e1c337ac9079f825eaaa6ba6601
@@@oldCommitHash = 5b6f3dd75ea0d05bff5ad9ae18f9fe7f40640867
调用depends完成
本次getDDG计算的运行时间（秒）：0.0
本次getCDG计算的运行时间（秒）：0.0
本次commit计算的运行时间（秒）：1.231
-------------------------------------------------------------------------------------------

@@@nowCommitHash = 5b6f3dd75ea0d05bff5ad9ae18f9fe7f40640867
@@@oldCommitHash = 821013239811f33d9ea21f19216850b3c3cd4248
调用depends完成
本次getDDG计算的运行时间（秒）：0.0
本次getCDG计算的运行时间（秒）：0.0
本次commit计算的运行时间（秒）：1.054
-------------------------------------------------------------------------------------------

@@@nowCommitHash = e59f2fa686a60463906a681177fb7c3a869694d5
@@@oldCommitHash = e6c631ce651b97bbf350b221a0b1531edab556b7
调用depends完成
本次getDDG计算的运行时间（秒）：0.0
本次getCDG计算的运行时间（秒）：0.0
本次commit计算的运行时间（秒）：1.553
-------------------------------------------------------------------------------------------

@@@nowCommitHash = e6c631ce651b97bbf350b221a0b1531edab556b7
@@@oldCommitHash = d64d51e2690d0da1b14c27e8969ee38c573a8db7
调用depends完成
本次getDDG计算的运行时间（秒）：0.0
本次getCDG计算的运行时间（秒）：0.0
本次commit计算的运行时间（秒）：1.162
-------------------------------------------------------------------------------------------

@@@nowCommitHash = d64d51e2690d0da1b14c27e8969ee38c573a8db7
@@@oldCommitHash = 70632e53f78ec734e730e1e6576d15de8bbd37a0
调用depends完成
本次getDDG计算的运行时间（秒）：0.0
本次getCDG计算的运行时间（秒）：0.0
本次commit计算的运行时间（秒）：1.062
-------------------------------------------------------------------------------------------

@@@nowCommitHash = 1e4bd7b4640c1250e0f7bdceee5fc9d47e30b4b2
@@@oldCommitHash = 6741e3c555b96c4a64358adcb69aa0fddeb735b1
调用depends完成
本次getDDG计算的运行时间（秒）：0.0
本次getCDG计算的运行时间（秒）：0.0
本次commit计算的运行时间（秒）：1.073
-------------------------------------------------------------------------------------------

@@@nowCommitHash = 6741e3c555b96c4a64358adcb69aa0fddeb735b1
@@@oldCommitHash = 5b5a6e64f76ca9ab237fcf4a3684639540ae2637
调用depends完成
本次getDDG计算的运行时间（秒）：0.0
本次getCDG计算的运行时间（秒）：0.0
本次commit计算的运行时间（秒）：1.346
-------------------------------------------------------------------------------------------

@@@nowCommitHash = 5b5a6e64f76ca9ab237fcf4a3684639540ae2637
@@@oldCommitHash = d0bf278d200d8e1131008d0507923912107d2360
调用depends完成
本次getDDG计算的运行时间（秒）：0.0
本次getCDG计算的运行时间（秒）：0.0
本次commit计算的运行时间（秒）：1.048
-------------------------------------------------------------------------------------------

@@@nowCommitHash = d0bf278d200d8e1131008d0507923912107d2360
@@@oldCommitHash = 0e6953062251adae3a64dbae5429c4ff4f998398
调用depends完成
本次getDDG计算的运行时间（秒）：0.0
本次getCDG计算的运行时间（秒）：0.0
本次commit计算的运行时间（秒）：1.736
-------------------------------------------------------------------------------------------

@@@nowCommitHash = 0e6953062251adae3a64dbae5429c4ff4f998398
@@@oldCommitHash = eb23373bbbac2fa54f64c943ab6ba502156af195
调用depends完成
本次getDDG计算的运行时间（秒）：0.0
本次getCDG计算的运行时间（秒）：0.0
本次commit计算的运行时间（秒）：1.42
-------------------------------------------------------------------------------------------

@@@nowCommitHash = eb23373bbbac2fa54f64c943ab6ba502156af195
@@@oldCommitHash = 8520144f7977ff71f5ce3266e1ead051120b8c3f
调用depends完成
本次getDDG计算的运行时间（秒）：0.0
本次getCDG计算的运行时间（秒）：0.0
本次commit计算的运行时间（秒）：1.021
-------------------------------------------------------------------------------------------

@@@nowCommitHash = 8520144f7977ff71f5ce3266e1ead051120b8c3f
@@@oldCommitHash = c1bd88ba5589430e1cb5d6ab2a5ff28c3f8f6964
调用depends完成
本次getDDG计算的运行时间（秒）：0.0
本次getCDG计算的运行时间（秒）：0.0
本次commit计算的运行时间（秒）：1.105
-------------------------------------------------------------------------------------------

@@@nowCommitHash = c1bd88ba5589430e1cb5d6ab2a5ff28c3f8f6964
@@@oldCommitHash = 6fc3d5aba18830be8e51bc261e5fd51e6a3cfba3
调用depends完成
本次getDDG计算的运行时间（秒）：0.0
本次getCDG计算的运行时间（秒）：0.0
本次commit计算的运行时间（秒）：1.548
-------------------------------------------------------------------------------------------

@@@nowCommitHash = 13713eb5cd3f98f5ebbcb050f51e614b5c5aff6a
@@@oldCommitHash = 7036b6468c3511cf1a57ba0fd5e0930f1bbb4269
调用depends完成
本次getDDG计算的运行时间（秒）：0.0
本次getCDG计算的运行时间（秒）：0.0
本次commit计算的运行时间（秒）：1.566
-------------------------------------------------------------------------------------------

@@@nowCommitHash = 7036b6468c3511cf1a57ba0fd5e0930f1bbb4269
@@@oldCommitHash = c86e8af8af3b4e703bc0ae30990d55e036151b97
调用depends完成
本次getDDG计算的运行时间（秒）：0.0
本次getCDG计算的运行时间（秒）：0.0
本次commit计算的运行时间（秒）：1.356
-------------------------------------------------------------------------------------------

@@@nowCommitHash = c86e8af8af3b4e703bc0ae30990d55e036151b97
@@@oldCommitHash = c79d8229b3579b4a37497d6c45c848b979cd185c
调用depends完成
本次getDDG计算的运行时间（秒）：0.0
本次getCDG计算的运行时间（秒）：0.0
本次commit计算的运行时间（秒）：1.474
-------------------------------------------------------------------------------------------

@@@nowCommitHash = c79d8229b3579b4a37497d6c45c848b979cd185c
@@@oldCommitHash = 987eeb84476c2f3b42bb78e37256a8eb222b7bd3
调用depends完成
本次getDDG计算的运行时间（秒）：0.0
本次getCDG计算的运行时间（秒）：0.0
本次commit计算的运行时间（秒）：1.151
-------------------------------------------------------------------------------------------

@@@nowCommitHash = 987eeb84476c2f3b42bb78e37256a8eb222b7bd3
@@@oldCommitHash = 5674d60e862d36f851d632f34baeab2d6b178a9c
调用depends完成
本次getDDG计算的运行时间（秒）：0.0
本次getCDG计算的运行时间（秒）：0.0
本次commit计算的运行时间（秒）：1.202
-------------------------------------------------------------------------------------------

@@@nowCommitHash = c813e39427973817ec3fbc1d877ca96cb772c394
@@@oldCommitHash = be8dece67fc5eb602e9f62db3d47935886e8f993
调用depends完成
本次getDDG计算的运行时间（秒）：0.0
本次getCDG计算的运行时间（秒）：0.0
本次commit计算的运行时间（秒）：1.864
-------------------------------------------------------------------------------------------

@@@nowCommitHash = be8dece67fc5eb602e9f62db3d47935886e8f993
@@@oldCommitHash = 6f6a4a2e55e0aac36414ab2e14397703f1c4cbc6
调用depends完成
本次getDDG计算的运行时间（秒）：0.0
本次getCDG计算的运行时间（秒）：0.0
本次commit计算的运行时间（秒）：1.254
-------------------------------------------------------------------------------------------

@@@nowCommitHash = 6f6a4a2e55e0aac36414ab2e14397703f1c4cbc6
@@@oldCommitHash = 42350eed591d195df858116161e0f1114716e46d
调用depends完成
本次getDDG计算的运行时间（秒）：0.0
本次getCDG计算的运行时间（秒）：0.0
本次commit计算的运行时间（秒）：1.477
-------------------------------------------------------------------------------------------

@@@nowCommitHash = 42350eed591d195df858116161e0f1114716e46d
@@@oldCommitHash = 3573bac40091bd598570cccbe2701ad7a7c64744
调用depends完成
本次getDDG计算的运行时间（秒）：0.0
本次getCDG计算的运行时间（秒）：0.0
本次commit计算的运行时间（秒）：1.519
-------------------------------------------------------------------------------------------

@@@nowCommitHash = 3573bac40091bd598570cccbe2701ad7a7c64744
@@@oldCommitHash = ae9ec8c0236051d053793cd48388056423f738d6
调用depends完成
本次getDDG计算的运行时间（秒）：0.0
本次getCDG计算的运行时间（秒）：0.0
本次commit计算的运行时间（秒）：1.081
-------------------------------------------------------------------------------------------

@@@nowCommitHash = ae9ec8c0236051d053793cd48388056423f738d6
@@@oldCommitHash = 003c0cd598836a78839ab9c6b001c1a394c97ccb
调用depends完成
本次getDDG计算的运行时间（秒）：0.0
本次getCDG计算的运行时间（秒）：0.0
本次commit计算的运行时间（秒）：1.039
-------------------------------------------------------------------------------------------

@@@nowCommitHash = 003c0cd598836a78839ab9c6b001c1a394c97ccb
@@@oldCommitHash = 146c967dd4c56e7a5234e03e9aff16a694f335ac
调用depends完成
本次getDDG计算的运行时间（秒）：0.0
本次getCDG计算的运行时间（秒）：0.0
本次commit计算的运行时间（秒）：1.068
-------------------------------------------------------------------------------------------

@@@nowCommitHash = 146c967dd4c56e7a5234e03e9aff16a694f335ac
@@@oldCommitHash = 6d2297fbee986a0209f60d861033156b72d82dbf
调用depends完成
本次getDDG计算的运行时间（秒）：0.0
本次getCDG计算的运行时间（秒）：0.0
本次commit计算的运行时间（秒）：1.241
-------------------------------------------------------------------------------------------

@@@nowCommitHash = 6d2297fbee986a0209f60d861033156b72d82dbf
@@@oldCommitHash = b00d9e27f4bf3748353b0d025024f674920bbb15
调用depends完成
本次getDDG计算的运行时间（秒）：0.0
本次getCDG计算的运行时间（秒）：0.0
本次commit计算的运行时间（秒）：1.084
-------------------------------------------------------------------------------------------

@@@nowCommitHash = dcfa0f2974abd7cbf50be745f3197f0b977a7e07
@@@oldCommitHash = c1e18d58090cc9e779724a41f4e01b88ad6b2114
调用depends完成
本次getDDG计算的运行时间（秒）：0.0
本次getCDG计算的运行时间（秒）：0.0
本次commit计算的运行时间（秒）：1.132
-------------------------------------------------------------------------------------------

@@@nowCommitHash = c1e18d58090cc9e779724a41f4e01b88ad6b2114
@@@oldCommitHash = 399fd2ccdc2ab95fef7a58930e5912c24180f6e6
调用depends完成
本次getDDG计算的运行时间（秒）：0.0
本次getCDG计算的运行时间（秒）：0.0
本次commit计算的运行时间（秒）：1.634
-------------------------------------------------------------------------------------------

@@@nowCommitHash = 399fd2ccdc2ab95fef7a58930e5912c24180f6e6
@@@oldCommitHash = bc6f591fc646f98f6a8321d0cf4e7a80af0bdf44
调用depends完成
本次getDDG计算的运行时间（秒）：0.0
本次getCDG计算的运行时间（秒）：0.0
本次commit计算的运行时间（秒）：1.126
-------------------------------------------------------------------------------------------

@@@nowCommitHash = 36ff4dd90d1a61018ec3efccdbfef4a5eee3a979
@@@oldCommitHash = 8eabc124697436f7ec0b342c6a4f2f22aaafb4f9
调用depends完成
本次getDDG计算的运行时间（秒）：0.0
本次getCDG计算的运行时间（秒）：0.0
本次commit计算的运行时间（秒）：1.735
-------------------------------------------------------------------------------------------

@@@nowCommitHash = 8eabc124697436f7ec0b342c6a4f2f22aaafb4f9
@@@oldCommitHash = d5e999044d3572912d4e730b7d54293e39ea88fb
调用depends完成
本次getDDG计算的运行时间（秒）：0.0
本次getCDG计算的运行时间（秒）：0.0
本次commit计算的运行时间（秒）：1.085
-------------------------------------------------------------------------------------------

@@@nowCommitHash = d5e999044d3572912d4e730b7d54293e39ea88fb
@@@oldCommitHash = a0e0ca8b7472ad9c720738eb905e3b2fea78e35b
调用depends完成
本次getDDG计算的运行时间（秒）：0.0
本次getCDG计算的运行时间（秒）：0.0
本次commit计算的运行时间（秒）：1.12
-------------------------------------------------------------------------------------------

@@@nowCommitHash = 8af2bb405b1ec604668606210f6a285fc7802134
@@@oldCommitHash = b4a53f3412501136a361fd9273b2cfcfd7bf8c9f
调用depends完成
本次getDDG计算的运行时间（秒）：0.0
本次getCDG计算的运行时间（秒）：0.0
本次commit计算的运行时间（秒）：2.09
-------------------------------------------------------------------------------------------

@@@nowCommitHash = f5854600e056acde8d21538addc9cbfe5b60f6ae
@@@oldCommitHash = 77df5fb391f38e38310385766d8345dc5b89fc4c
调用depends完成
本次getDDG计算的运行时间（秒）：0.0
本次getCDG计算的运行时间（秒）：0.0
本次commit计算的运行时间（秒）：1.123
-------------------------------------------------------------------------------------------

@@@nowCommitHash = 77df5fb391f38e38310385766d8345dc5b89fc4c
@@@oldCommitHash = 706cacf2cd684b3fc699a1b02d0edfdc08f360a6
调用depends完成
本次getDDG计算的运行时间（秒）：0.0
本次getCDG计算的运行时间（秒）：0.0
本次commit计算的运行时间（秒）：1.081
-------------------------------------------------------------------------------------------

@@@nowCommitHash = 706cacf2cd684b3fc699a1b02d0edfdc08f360a6
@@@oldCommitHash = b0effc430471b54787fbb0e3f752de517137e41b
调用depends完成
本次getDDG计算的运行时间（秒）：0.0
本次getCDG计算的运行时间（秒）：0.0
本次commit计算的运行时间（秒）：1.352
-------------------------------------------------------------------------------------------

@@@nowCommitHash = b0effc430471b54787fbb0e3f752de517137e41b
@@@oldCommitHash = bcf8fc38585ab186a999aaec81ce79bfd9a22a6d
调用depends完成
本次getDDG计算的运行时间（秒）：0.0
本次getCDG计算的运行时间（秒）：0.0
本次commit计算的运行时间（秒）：1.232
-------------------------------------------------------------------------------------------

@@@nowCommitHash = 788aa4b81654dd00b89237f910a1abee3cf01a6a
@@@oldCommitHash = 7101442a5ee32709bd9be0f9425c6bc130213663
调用depends完成
本次getDDG计算的运行时间（秒）：0.0
本次getCDG计算的运行时间（秒）：0.0
本次commit计算的运行时间（秒）：1.421
-------------------------------------------------------------------------------------------

@@@nowCommitHash = 8e81ed2757c7de990967f0eefa60c615783a4fae
@@@oldCommitHash = a5bafd2de013d7c81ca05a02c9eb97d612718880
调用depends完成
本次getDDG计算的运行时间（秒）：0.0
本次getCDG计算的运行时间（秒）：0.0
本次commit计算的运行时间（秒）：1.202
-------------------------------------------------------------------------------------------

@@@nowCommitHash = a5bafd2de013d7c81ca05a02c9eb97d612718880
@@@oldCommitHash = 32620d1005fead628fe728c7e8e6a69930a1b6ac
调用depends完成
本次getDDG计算的运行时间（秒）：0.0
本次getCDG计算的运行时间（秒）：0.0
本次commit计算的运行时间（秒）：1.225
-------------------------------------------------------------------------------------------

@@@nowCommitHash = 32620d1005fead628fe728c7e8e6a69930a1b6ac
@@@oldCommitHash = 041b4a7f2b6d7beecdce7ac7b1b304d017a3f8d1
调用depends完成
本次getDDG计算的运行时间（秒）：0.0
本次getCDG计算的运行时间（秒）：0.0
本次commit计算的运行时间（秒）：1.078
-------------------------------------------------------------------------------------------

@@@nowCommitHash = 041b4a7f2b6d7beecdce7ac7b1b304d017a3f8d1
@@@oldCommitHash = 9b131eb6b1c32184605d69a6573a5b721d216dc0
调用depends完成
本次getDDG计算的运行时间（秒）：0.0
本次getCDG计算的运行时间（秒）：0.0
本次commit计算的运行时间（秒）：1.286
-------------------------------------------------------------------------------------------

@@@nowCommitHash = 9b131eb6b1c32184605d69a6573a5b721d216dc0
@@@oldCommitHash = 60d89400a2964ca1182ee76041224c653042ffdb
调用depends完成
本次getDDG计算的运行时间（秒）：0.0
本次getCDG计算的运行时间（秒）：0.0
本次commit计算的运行时间（秒）：1.14
-------------------------------------------------------------------------------------------

@@@nowCommitHash = 60d89400a2964ca1182ee76041224c653042ffdb
@@@oldCommitHash = 182d0ba61a4cf5e03c61e1d7c4f07bde34bf68de
调用depends完成
本次getDDG计算的运行时间（秒）：0.0
本次getCDG计算的运行时间（秒）：0.0
本次commit计算的运行时间（秒）：1.346
-------------------------------------------------------------------------------------------

@@@nowCommitHash = 182d0ba61a4cf5e03c61e1d7c4f07bde34bf68de
@@@oldCommitHash = 89e0d3ed0f2ccecd92c5b857a1429615a7cea7a4
调用depends完成
本次getDDG计算的运行时间（秒）：0.0
本次getCDG计算的运行时间（秒）：0.0
本次commit计算的运行时间（秒）：1.212
-------------------------------------------------------------------------------------------

@@@nowCommitHash = 89e0d3ed0f2ccecd92c5b857a1429615a7cea7a4
@@@oldCommitHash = b4e29c715344ed09af4725cfbf4e36879258f022
调用depends完成
本次getDDG计算的运行时间（秒）：0.0
本次getCDG计算的运行时间（秒）：0.0
本次commit计算的运行时间（秒）：1.408
-------------------------------------------------------------------------------------------

@@@nowCommitHash = b4e29c715344ed09af4725cfbf4e36879258f022
@@@oldCommitHash = 837cec81eb41b2e28c55a9d14f9ca228fc39dc44
调用depends完成
本次getDDG计算的运行时间（秒）：0.0
本次getCDG计算的运行时间（秒）：0.0
本次commit计算的运行时间（秒）：1.107
-------------------------------------------------------------------------------------------

@@@nowCommitHash = 837cec81eb41b2e28c55a9d14f9ca228fc39dc44
@@@oldCommitHash = 6863b0b87d6ba8d354bfe6c8e1c1ccb5f7af4952
调用depends完成
本次getDDG计算的运行时间（秒）：0.0
本次getCDG计算的运行时间（秒）：0.0
本次commit计算的运行时间（秒）：1.13
-------------------------------------------------------------------------------------------

@@@nowCommitHash = 6863b0b87d6ba8d354bfe6c8e1c1ccb5f7af4952
@@@oldCommitHash = f4fb23ededf8680ab886cbccf1bbea8df1f808cc
调用depends完成
本次getDDG计算的运行时间（秒）：0.0
本次getCDG计算的运行时间（秒）：0.0
本次commit计算的运行时间（秒）：1.058
-------------------------------------------------------------------------------------------

@@@nowCommitHash = f4fb23ededf8680ab886cbccf1bbea8df1f808cc
@@@oldCommitHash = 2e79c62f76674ba4f5aaa517172f4d8a2bd08d2f
调用depends完成
本次getDDG计算的运行时间（秒）：0.0
本次getCDG计算的运行时间（秒）：0.0
本次commit计算的运行时间（秒）：1.057
-------------------------------------------------------------------------------------------

@@@nowCommitHash = 2e79c62f76674ba4f5aaa517172f4d8a2bd08d2f
@@@oldCommitHash = 3d548ce9ece1845915cc109c9f0fb7272aea9d73
调用depends完成
本次getDDG计算的运行时间（秒）：0.0
本次getCDG计算的运行时间（秒）：0.0
本次commit计算的运行时间（秒）：1.316
-------------------------------------------------------------------------------------------

@@@nowCommitHash = 3d548ce9ece1845915cc109c9f0fb7272aea9d73
@@@oldCommitHash = b9a6b17c34a54f302503f171d72685168ee7d153
调用depends完成
本次getDDG计算的运行时间（秒）：0.0
本次getCDG计算的运行时间（秒）：0.0
本次commit计算的运行时间（秒）：1.289
-------------------------------------------------------------------------------------------

@@@nowCommitHash = b9a6b17c34a54f302503f171d72685168ee7d153
@@@oldCommitHash = a70a5c7301e4c71daa044ca5ef602c133441b1d0
调用depends完成
本次getDDG计算的运行时间（秒）：0.0
本次getCDG计算的运行时间（秒）：0.0
本次commit计算的运行时间（秒）：1.589
-------------------------------------------------------------------------------------------

@@@nowCommitHash = a70a5c7301e4c71daa044ca5ef602c133441b1d0
@@@oldCommitHash = c978f97f8c9923780a523c2fd367966e25846122
调用depends完成
本次getDDG计算的运行时间（秒）：0.0
本次getCDG计算的运行时间（秒）：0.0
本次commit计算的运行时间（秒）：1.504
-------------------------------------------------------------------------------------------

@@@nowCommitHash = c978f97f8c9923780a523c2fd367966e25846122
@@@oldCommitHash = 9f0df7919573b855665f3ace35030197b8e78dcd
调用depends完成
本次getDDG计算的运行时间（秒）：0.0
本次getCDG计算的运行时间（秒）：0.0
本次commit计算的运行时间（秒）：1.069
-------------------------------------------------------------------------------------------

@@@nowCommitHash = cfa466260b20e71085a211759bd2ac0799b06623
@@@oldCommitHash = a6fb8bc36cc62b7c73edb42e2262ea74bf4a9e90
调用depends完成
本次getDDG计算的运行时间（秒）：0.0
本次getCDG计算的运行时间（秒）：0.0
本次commit计算的运行时间（秒）：1.542
-------------------------------------------------------------------------------------------

@@@nowCommitHash = 1f32f6d9a8fd1e2c1b477b0225ca01bcc2656cc5
@@@oldCommitHash = ca65326eee17a0eebb86287679e1d2eb32600edf
调用depends完成
本次getDDG计算的运行时间（秒）：0.0
本次getCDG计算的运行时间（秒）：0.0
本次commit计算的运行时间（秒）：1.122
-------------------------------------------------------------------------------------------

@@@nowCommitHash = ca65326eee17a0eebb86287679e1d2eb32600edf
@@@oldCommitHash = be8a8a4aac24bd96d8cc01e8d7723034c88f9cac
调用depends完成
本次getDDG计算的运行时间（秒）：0.0
本次getCDG计算的运行时间（秒）：0.0
本次commit计算的运行时间（秒）：1.184
-------------------------------------------------------------------------------------------

@@@nowCommitHash = be8a8a4aac24bd96d8cc01e8d7723034c88f9cac
@@@oldCommitHash = 9aac3cb591373ff12f6a2424ac45dbc6cfe19772
调用depends完成
本次getDDG计算的运行时间（秒）：0.0
本次getCDG计算的运行时间（秒）：0.0
本次commit计算的运行时间（秒）：1.03
-------------------------------------------------------------------------------------------

@@@nowCommitHash = 9aac3cb591373ff12f6a2424ac45dbc6cfe19772
@@@oldCommitHash = e14f8df5085c8e9c68f774bf3a8cc029320514b5
调用depends完成
本次getDDG计算的运行时间（秒）：0.0
本次getCDG计算的运行时间（秒）：0.0
本次commit计算的运行时间（秒）：1.029
-------------------------------------------------------------------------------------------

@@@nowCommitHash = e14f8df5085c8e9c68f774bf3a8cc029320514b5
@@@oldCommitHash = 7a919a67c4af37eb99970ddecd3eaf01c67dc8de
调用depends完成
本次getDDG计算的运行时间（秒）：0.0
本次getCDG计算的运行时间（秒）：0.0
本次commit计算的运行时间（秒）：1.055
-------------------------------------------------------------------------------------------

@@@nowCommitHash = e6b09bf3291dcf4c56e0aec20ccb436140bc7768
@@@oldCommitHash = 35c1541c098b30da5a0a37e73006db77c07dc022
调用depends完成
本次getDDG计算的运行时间（秒）：0.0
本次getCDG计算的运行时间（秒）：0.0
本次commit计算的运行时间（秒）：1.043
-------------------------------------------------------------------------------------------

@@@nowCommitHash = 35c1541c098b30da5a0a37e73006db77c07dc022
@@@oldCommitHash = 94e751caf3e8280bbff094b3096e513339017217
调用depends完成
本次getDDG计算的运行时间（秒）：0.0
本次getCDG计算的运行时间（秒）：0.0
本次commit计算的运行时间（秒）：1.061
-------------------------------------------------------------------------------------------

@@@nowCommitHash = 94e751caf3e8280bbff094b3096e513339017217
@@@oldCommitHash = b7d3e2694ad7942ea8a50ff9465bed9f8deb4688
调用depends完成
本次getDDG计算的运行时间（秒）：0.0
本次getCDG计算的运行时间（秒）：0.0
本次commit计算的运行时间（秒）：1.667
-------------------------------------------------------------------------------------------

@@@nowCommitHash = b7d3e2694ad7942ea8a50ff9465bed9f8deb4688
@@@oldCommitHash = 6d7debde616235d81906b00d30601fe464eb8046
调用depends完成
本次getDDG计算的运行时间（秒）：0.0
本次getCDG计算的运行时间（秒）：0.0
本次commit计算的运行时间（秒）：1.06
-------------------------------------------------------------------------------------------

@@@nowCommitHash = 6d7debde616235d81906b00d30601fe464eb8046
@@@oldCommitHash = 373b6800d837d29b7538c08665c33e61659880d5
调用depends完成
本次getDDG计算的运行时间（秒）：0.0
本次getCDG计算的运行时间（秒）：0.0
本次commit计算的运行时间（秒）：1.227
-------------------------------------------------------------------------------------------

@@@nowCommitHash = 373b6800d837d29b7538c08665c33e61659880d5
@@@oldCommitHash = 1614d5d5a5de6f4faadff9ecb566982d56b65179
调用depends完成
本次getDDG计算的运行时间（秒）：0.0
本次getCDG计算的运行时间（秒）：0.0
本次commit计算的运行时间（秒）：1.292
-------------------------------------------------------------------------------------------

@@@nowCommitHash = 1614d5d5a5de6f4faadff9ecb566982d56b65179
@@@oldCommitHash = 870a5b3cfc5613051b23eaa6f93fae1c139c3aa3
调用depends完成
本次getDDG计算的运行时间（秒）：0.0
本次getCDG计算的运行时间（秒）：0.0
本次commit计算的运行时间（秒）：1.155
-------------------------------------------------------------------------------------------

@@@nowCommitHash = 870a5b3cfc5613051b23eaa6f93fae1c139c3aa3
@@@oldCommitHash = fcfdfd3574327784d66bc045616872b6fcfd07c3
调用depends完成
本次getDDG计算的运行时间（秒）：0.0
本次getCDG计算的运行时间（秒）：0.0
本次commit计算的运行时间（秒）：1.063
-------------------------------------------------------------------------------------------

@@@nowCommitHash = aa9f12c1267eede5723bebcfe95210e872ccbe22
@@@oldCommitHash = b9b6a964b4e6e593ed55aa4dfdfb756abb620459
调用depends完成
本次getDDG计算的运行时间（秒）：0.0
本次getCDG计算的运行时间（秒）：0.0
本次commit计算的运行时间（秒）：1.227
-------------------------------------------------------------------------------------------

@@@nowCommitHash = 69133eb372906334f9dad2b86f2748d0c0acb941
@@@oldCommitHash = 7926783113802d46e347d8e93867f5887624df92
调用depends完成
本次getDDG计算的运行时间（秒）：0.0
本次getCDG计算的运行时间（秒）：0.0
本次commit计算的运行时间（秒）：1.034
-------------------------------------------------------------------------------------------

@@@nowCommitHash = 7926783113802d46e347d8e93867f5887624df92
@@@oldCommitHash = d6ce4305c634e88e8b1fb37fc8d33edc9b38754b
调用depends完成
本次getDDG计算的运行时间（秒）：0.0
本次getCDG计算的运行时间（秒）：0.0
本次commit计算的运行时间（秒）：1.037
-------------------------------------------------------------------------------------------

@@@nowCommitHash = 81e8603bd40a46d7c6090a36a2e8134581dcde5d
@@@oldCommitHash = 840a5dd27f5c1d843f002258883416aa1c34e41e
调用depends完成
本次getDDG计算的运行时间（秒）：0.0
本次getCDG计算的运行时间（秒）：0.0
本次commit计算的运行时间（秒）：1.278
-------------------------------------------------------------------------------------------

@@@nowCommitHash = edcf8c9607c39832e7cc77a200da71196a2656cc
@@@oldCommitHash = 4c9fbd27bac88ee64e3ad3e64b8f3b3e4a5d6621
调用depends完成
本次getDDG计算的运行时间（秒）：0.0
本次getCDG计算的运行时间（秒）：0.0
本次commit计算的运行时间（秒）：1.345
-------------------------------------------------------------------------------------------

@@@nowCommitHash = 4c9fbd27bac88ee64e3ad3e64b8f3b3e4a5d6621
@@@oldCommitHash = 61741a7568a762a2a028e16d70994342b3e8c79c
调用depends完成
本次getDDG计算的运行时间（秒）：0.0
本次getCDG计算的运行时间（秒）：0.0
本次commit计算的运行时间（秒）：1.067
-------------------------------------------------------------------------------------------

@@@nowCommitHash = 61741a7568a762a2a028e16d70994342b3e8c79c
@@@oldCommitHash = 6e811b58c25a01d3f2284b8f4724888a44070cdb
调用depends完成
本次getDDG计算的运行时间（秒）：0.0
本次getCDG计算的运行时间（秒）：0.0
本次commit计算的运行时间（秒）：1.202
-------------------------------------------------------------------------------------------

@@@nowCommitHash = f7e876bbb9ca165918e5826aa8bbba0f8b6d2268
@@@oldCommitHash = fe05b3137b2d3234d4f90164f7852b26d57d8c7c
调用depends完成
本次getDDG计算的运行时间（秒）：0.0
本次getCDG计算的运行时间（秒）：0.0
本次commit计算的运行时间（秒）：1.081
-------------------------------------------------------------------------------------------

@@@nowCommitHash = 9d7803fe905da0490304adca98fd4af4d9247df9
@@@oldCommitHash = 46981ab5fa472f0081c879907c36c3d281663db4
调用depends完成
本次getDDG计算的运行时间（秒）：0.0
本次getCDG计算的运行时间（秒）：0.0
本次commit计算的运行时间（秒）：1.209
-------------------------------------------------------------------------------------------

@@@nowCommitHash = 46981ab5fa472f0081c879907c36c3d281663db4
@@@oldCommitHash = 9cadf083478a1e1780254ec76c81696f9bd69bd2
调用depends完成
本次getDDG计算的运行时间（秒）：0.0
本次getCDG计算的运行时间（秒）：0.0
本次commit计算的运行时间（秒）：1.173
-------------------------------------------------------------------------------------------

@@@nowCommitHash = 9cadf083478a1e1780254ec76c81696f9bd69bd2
@@@oldCommitHash = ae3953384791eb7dcfd6dd98fd388881a2ee5abf
调用depends完成
本次getDDG计算的运行时间（秒）：0.0
本次getCDG计算的运行时间（秒）：0.0
本次commit计算的运行时间（秒）：1.592
-------------------------------------------------------------------------------------------

@@@nowCommitHash = ae3953384791eb7dcfd6dd98fd388881a2ee5abf
@@@oldCommitHash = fcf21e0d678eec0b3a8b453a55d3cede62d6a5c8
调用depends完成
本次getDDG计算的运行时间（秒）：0.0
本次getCDG计算的运行时间（秒）：0.0
本次commit计算的运行时间（秒）：1.252
-------------------------------------------------------------------------------------------

@@@nowCommitHash = 083524e0364fe24d19bdccaf9a31485c01499777
@@@oldCommitHash = 158ae43937467ba38fb038c58b415ddd7417ab96
调用depends完成
本次getDDG计算的运行时间（秒）：0.0
本次getCDG计算的运行时间（秒）：0.0
本次commit计算的运行时间（秒）：1.218
-------------------------------------------------------------------------------------------

@@@nowCommitHash = 158ae43937467ba38fb038c58b415ddd7417ab96
@@@oldCommitHash = 0d3b8574eaf1eecf9e5dee38ca2fa8c84338abb7
调用depends完成
本次getDDG计算的运行时间（秒）：0.0
本次getCDG计算的运行时间（秒）：0.0
本次commit计算的运行时间（秒）：1.013
-------------------------------------------------------------------------------------------

@@@nowCommitHash = 0d3b8574eaf1eecf9e5dee38ca2fa8c84338abb7
@@@oldCommitHash = 6772a2a64d242816b7cb5846a7dc01304e67f152
调用depends完成
本次getDDG计算的运行时间（秒）：0.0
本次getCDG计算的运行时间（秒）：0.0
本次commit计算的运行时间（秒）：1.032
-------------------------------------------------------------------------------------------

@@@nowCommitHash = 6772a2a64d242816b7cb5846a7dc01304e67f152
@@@oldCommitHash = 3d933176c4912e0f0e28b2b40bb068e4c1536e5d
调用depends完成
本次getDDG计算的运行时间（秒）：0.0
本次getCDG计算的运行时间（秒）：0.0
本次commit计算的运行时间（秒）：1.463
-------------------------------------------------------------------------------------------

@@@nowCommitHash = 3d933176c4912e0f0e28b2b40bb068e4c1536e5d
@@@oldCommitHash = 8a574240499ac23c82821e451d14a68500242c91
调用depends完成
本次getDDG计算的运行时间（秒）：0.0
本次getCDG计算的运行时间（秒）：0.0
本次commit计算的运行时间（秒）：1.04
-------------------------------------------------------------------------------------------

@@@nowCommitHash = 8a574240499ac23c82821e451d14a68500242c91
@@@oldCommitHash = a63b121b29bfc3b08b2ce83e8346ca2b9f6bf64e
调用depends完成
本次getDDG计算的运行时间（秒）：0.0
本次getCDG计算的运行时间（秒）：0.0
本次commit计算的运行时间（秒）：1.111
-------------------------------------------------------------------------------------------

@@@nowCommitHash = a63b121b29bfc3b08b2ce83e8346ca2b9f6bf64e
@@@oldCommitHash = a2a034b1f0c4e9213ccff1d70d31fb3122ccf977
调用depends完成
本次getDDG计算的运行时间（秒）：0.0
本次getCDG计算的运行时间（秒）：0.0
本次commit计算的运行时间（秒）：1.575
-------------------------------------------------------------------------------------------

@@@nowCommitHash = d0f2c6ac7302afd822bc7d02d7805f5e6389a362
@@@oldCommitHash = 784b0cf229fcf482a7f30f8ea3d7de05936735f7
调用depends完成
本次getDDG计算的运行时间（秒）：0.0
本次getCDG计算的运行时间（秒）：0.0
本次commit计算的运行时间（秒）：1.673
-------------------------------------------------------------------------------------------

@@@nowCommitHash = 784b0cf229fcf482a7f30f8ea3d7de05936735f7
@@@oldCommitHash = 223da9d81b8b1be6c742ad969e35291f6288a3a4
调用depends完成
本次getDDG计算的运行时间（秒）：0.0
本次getCDG计算的运行时间（秒）：0.0
本次commit计算的运行时间（秒）：1.124
-------------------------------------------------------------------------------------------

@@@nowCommitHash = 223da9d81b8b1be6c742ad969e35291f6288a3a4
@@@oldCommitHash = 21d06c483a2a2624d17c769aef8ea3b0604714b9
调用depends完成
本次getDDG计算的运行时间（秒）：0.0
本次getCDG计算的运行时间（秒）：0.0
本次commit计算的运行时间（秒）：1.633
-------------------------------------------------------------------------------------------

@@@nowCommitHash = 21d06c483a2a2624d17c769aef8ea3b0604714b9
@@@oldCommitHash = 268264e66cd774aa45363cdefd0b0f2c3f44b64c
调用depends完成
本次getDDG计算的运行时间（秒）：0.0
本次getCDG计算的运行时间（秒）：0.0
本次commit计算的运行时间（秒）：1.175
-------------------------------------------------------------------------------------------

@@@nowCommitHash = 757bb7f7f803dad52b5e4e5c9bf3a9f299ddd87e
@@@oldCommitHash = 6c7bbb6f1da60d69321aa79d8cad7e756af0dbd7
调用depends完成
本次getDDG计算的运行时间（秒）：0.0
本次getCDG计算的运行时间（秒）：0.0
本次commit计算的运行时间（秒）：1.131
-------------------------------------------------------------------------------------------

@@@nowCommitHash = 6c7bbb6f1da60d69321aa79d8cad7e756af0dbd7
@@@oldCommitHash = e78efb66c2255fa6640f3115bb5a3d35519bd89d
调用depends完成
本次getDDG计算的运行时间（秒）：0.0
本次getCDG计算的运行时间（秒）：0.0
本次commit计算的运行时间（秒）：1.262
-------------------------------------------------------------------------------------------

@@@nowCommitHash = e78efb66c2255fa6640f3115bb5a3d35519bd89d
@@@oldCommitHash = c610ad89079dd7c54235f81c943a1c473583cf26
调用depends完成
本次getDDG计算的运行时间（秒）：0.0
本次getCDG计算的运行时间（秒）：0.0
本次commit计算的运行时间（秒）：1.084
-------------------------------------------------------------------------------------------

@@@nowCommitHash = c610ad89079dd7c54235f81c943a1c473583cf26
@@@oldCommitHash = ea907c5e79b2d90008953c14631a6364db1b27ff
调用depends完成
本次getDDG计算的运行时间（秒）：0.0
本次getCDG计算的运行时间（秒）：0.0
本次commit计算的运行时间（秒）：1.033
-------------------------------------------------------------------------------------------

@@@nowCommitHash = ea907c5e79b2d90008953c14631a6364db1b27ff
@@@oldCommitHash = 471abe8fb08bb3fb98fcbb1013d7255ea29855ce
调用depends完成
本次getDDG计算的运行时间（秒）：0.0
本次getCDG计算的运行时间（秒）：0.0
本次commit计算的运行时间（秒）：1.138
-------------------------------------------------------------------------------------------

@@@nowCommitHash = 471abe8fb08bb3fb98fcbb1013d7255ea29855ce
@@@oldCommitHash = f674d69e89be21040f786d407161e213efb80e63
调用depends完成
本次getDDG计算的运行时间（秒）：0.0
本次getCDG计算的运行时间（秒）：0.0
本次commit计算的运行时间（秒）：1.256
-------------------------------------------------------------------------------------------

@@@nowCommitHash = a812a2c77cc356ed5758b5dc129d3519d2a37289
@@@oldCommitHash = da5025f09dd4e8863884a73c4319f1afb1417ab8
调用depends完成
本次getDDG计算的运行时间（秒）：0.0
本次getCDG计算的运行时间（秒）：0.0
本次commit计算的运行时间（秒）：1.084
-------------------------------------------------------------------------------------------

@@@nowCommitHash = da5025f09dd4e8863884a73c4319f1afb1417ab8
@@@oldCommitHash = 346628e5e3d4558b52b47149c4caf101ba93d829
调用depends完成
本次getDDG计算的运行时间（秒）：0.0
本次getCDG计算的运行时间（秒）：0.0
本次commit计算的运行时间（秒）：1.186
-------------------------------------------------------------------------------------------

@@@nowCommitHash = 346628e5e3d4558b52b47149c4caf101ba93d829
@@@oldCommitHash = 78d56d8e91333fe2c3d25bd4d515539d44af1ed6
调用depends完成
本次getDDG计算的运行时间（秒）：0.0
本次getCDG计算的运行时间（秒）：0.0
本次commit计算的运行时间（秒）：1.058
-------------------------------------------------------------------------------------------

@@@nowCommitHash = 78d56d8e91333fe2c3d25bd4d515539d44af1ed6
@@@oldCommitHash = 5f6cc8782655705cb45ae16f98234924de6cf3ea
调用depends完成
本次getDDG计算的运行时间（秒）：0.0
本次getCDG计算的运行时间（秒）：0.0
本次commit计算的运行时间（秒）：1.062
-------------------------------------------------------------------------------------------

@@@nowCommitHash = 5f6cc8782655705cb45ae16f98234924de6cf3ea
@@@oldCommitHash = a1b92d0a329d1c24f5495b7fc86fc2af5b78d6bf
调用depends完成
本次getDDG计算的运行时间（秒）：0.0
本次getCDG计算的运行时间（秒）：0.0
本次commit计算的运行时间（秒）：1.228
-------------------------------------------------------------------------------------------

@@@nowCommitHash = a1b92d0a329d1c24f5495b7fc86fc2af5b78d6bf
@@@oldCommitHash = fafd709cfa0ebf8f65f445c83ac5b200963b317f
调用depends完成
本次getDDG计算的运行时间（秒）：0.0
本次getCDG计算的运行时间（秒）：0.0
本次commit计算的运行时间（秒）：1.199
-------------------------------------------------------------------------------------------

@@@nowCommitHash = fafd709cfa0ebf8f65f445c83ac5b200963b317f
@@@oldCommitHash = 050c567d2e058b3e95c94c2a8fc7c6b6f3057eb5
调用depends完成
本次getDDG计算的运行时间（秒）：0.0
本次getCDG计算的运行时间（秒）：0.0
本次commit计算的运行时间（秒）：1.035
-------------------------------------------------------------------------------------------

@@@nowCommitHash = 050c567d2e058b3e95c94c2a8fc7c6b6f3057eb5
@@@oldCommitHash = 8669d2c3c5a9fee537183b18238e1dbb8d16f8fd
调用depends完成
本次getDDG计算的运行时间（秒）：0.0
本次getCDG计算的运行时间（秒）：0.0
本次commit计算的运行时间（秒）：1.213
-------------------------------------------------------------------------------------------

@@@nowCommitHash = 8669d2c3c5a9fee537183b18238e1dbb8d16f8fd
@@@oldCommitHash = 5d08aeaf28c18b80444b09e0915f365a22cd24f9
调用depends完成
本次getDDG计算的运行时间（秒）：0.0
本次getCDG计算的运行时间（秒）：0.0
本次commit计算的运行时间（秒）：1.387
-------------------------------------------------------------------------------------------

@@@nowCommitHash = 5d08aeaf28c18b80444b09e0915f365a22cd24f9
@@@oldCommitHash = 5d413a44c3a067bd7af6088bfe7d9e3f362675a8
调用depends完成
本次getDDG计算的运行时间（秒）：0.0
本次getCDG计算的运行时间（秒）：0.0
本次commit计算的运行时间（秒）：1.099
-------------------------------------------------------------------------------------------

@@@nowCommitHash = 5d413a44c3a067bd7af6088bfe7d9e3f362675a8
@@@oldCommitHash = 72efc577ec1933e2e3eddd06bed606192ddb0095
调用depends完成
本次getDDG计算的运行时间（秒）：0.0
本次getCDG计算的运行时间（秒）：0.0
本次commit计算的运行时间（秒）：1.025
-------------------------------------------------------------------------------------------

@@@nowCommitHash = 979714c350b394018e9cde3ec8f90f4188330124
@@@oldCommitHash = e67a509e3533d4b993f066ec97b5777f963e7d08
调用depends完成
本次getDDG计算的运行时间（秒）：0.0
本次getCDG计算的运行时间（秒）：0.0
本次commit计算的运行时间（秒）：1.33
-------------------------------------------------------------------------------------------

@@@nowCommitHash = e67a509e3533d4b993f066ec97b5777f963e7d08
@@@oldCommitHash = ca6a3ca29a0c0fd017e75614d9dd25cb68f4d8c8
调用depends完成
本次getDDG计算的运行时间（秒）：0.0
本次getCDG计算的运行时间（秒）：0.0
本次commit计算的运行时间（秒）：1.06
-------------------------------------------------------------------------------------------

@@@nowCommitHash = 419b63ea91a80c93d474c5f134dbe5a14a1d782b
@@@oldCommitHash = 5a99f04bd4e71a718227eb464cc449725622f2fb
调用depends完成
本次getDDG计算的运行时间（秒）：0.0
本次getCDG计算的运行时间（秒）：0.0
本次commit计算的运行时间（秒）：1.476
-------------------------------------------------------------------------------------------

@@@nowCommitHash = 5a99f04bd4e71a718227eb464cc449725622f2fb
@@@oldCommitHash = 5dcf0707906d3b2454d74a9ce9b2f0c14e550b25
调用depends完成
本次getDDG计算的运行时间（秒）：0.0
本次getCDG计算的运行时间（秒）：0.0
本次commit计算的运行时间（秒）：1.288
-------------------------------------------------------------------------------------------

@@@nowCommitHash = 5dcf0707906d3b2454d74a9ce9b2f0c14e550b25
@@@oldCommitHash = 46a06524e14c280bb3be13f26e34add91fd82e3a
调用depends完成
本次getDDG计算的运行时间（秒）：0.0
本次getCDG计算的运行时间（秒）：0.0
本次commit计算的运行时间（秒）：1.059
-------------------------------------------------------------------------------------------

@@@nowCommitHash = 46a06524e14c280bb3be13f26e34add91fd82e3a
@@@oldCommitHash = a420582e9247b1b753f79cec82e08160db598769
调用depends完成
本次getDDG计算的运行时间（秒）：0.0
本次getCDG计算的运行时间（秒）：0.0
本次commit计算的运行时间（秒）：1.057
-------------------------------------------------------------------------------------------

@@@nowCommitHash = a420582e9247b1b753f79cec82e08160db598769
@@@oldCommitHash = 24bdc33de85864ed1458d4993fc882c1885b421a
调用depends完成
本次getDDG计算的运行时间（秒）：0.0
本次getCDG计算的运行时间（秒）：0.0
本次commit计算的运行时间（秒）：1.025
-------------------------------------------------------------------------------------------

@@@nowCommitHash = 24bdc33de85864ed1458d4993fc882c1885b421a
@@@oldCommitHash = 3cce3564f4c0f923b237b6c64871fded2ca696ef
调用depends完成
本次getDDG计算的运行时间（秒）：0.0
本次getCDG计算的运行时间（秒）：0.0
本次commit计算的运行时间（秒）：1.041
-------------------------------------------------------------------------------------------

@@@nowCommitHash = 3cce3564f4c0f923b237b6c64871fded2ca696ef
@@@oldCommitHash = 73124ed0c651402c6aea6131f3edbe00da9c53d4
调用depends完成
本次getDDG计算的运行时间（秒）：0.0
本次getCDG计算的运行时间（秒）：0.0
本次commit计算的运行时间（秒）：1.054
-------------------------------------------------------------------------------------------

@@@nowCommitHash = 25c4e5c228f26cdc7d43a7189fe58bb151e185cd
@@@oldCommitHash = 0c34ee21e3d32d894331e2371e9f2551f21062aa
调用depends完成
本次getDDG计算的运行时间（秒）：0.0
本次getCDG计算的运行时间（秒）：0.0
本次commit计算的运行时间（秒）：1.067
-------------------------------------------------------------------------------------------

@@@nowCommitHash = 0c34ee21e3d32d894331e2371e9f2551f21062aa
@@@oldCommitHash = eaa8717ad50228949144392fcb38102e3486ee44
调用depends完成
本次getDDG计算的运行时间（秒）：0.0
本次getCDG计算的运行时间（秒）：0.0
本次commit计算的运行时间（秒）：1.024
----------------------------------------------------------------------------------------------
IN python!!!!
Commit Hash: 55723f14145aa12dfbdae965db4c95eadaa727ad scoreOfCommitBefore = 525.3436590069341 scoreOfCommitAfter = 12.213631617907204
Commit Hash: f09145d0e2bc47090b8eb03f4b52ea85d3f414e3 scoreOfCommitBefore = 0.0 scoreOfCommitAfter = 10.798774830455738
Commit Hash: ece5876b65fad1a5ea0bf7985abc1b9aba1e08ac scoreOfCommitBefore = 17432.035803269315 scoreOfCommitAfter = 72.1956471944433
Commit Hash: e556a29067b8deabbe86bbf6681ef18b6b2b61ac scoreOfCommitBefore = 1577.8146997790382 scoreOfCommitAfter = 188.28100312287003
Commit Hash: 7103d55bc433b5e68a8eb5b95afd770924d716f2 scoreOfCommitBefore = 16532.68640905034 scoreOfCommitAfter = 43.61214051627829
Commit Hash: 9cd38f61d82e161edfed0f6d10b2fdefc535f85a scoreOfCommitBefore = 0.0 scoreOfCommitAfter = 10.667487115460672
Commit Hash: 921b9c4da890ea4d2205a1367d618d2dbbe9adbb scoreOfCommitBefore = 0.0 scoreOfCommitAfter = 0.0
Commit Hash: c7fb23693b1d9822b13d9509303c60c490cc4af5 scoreOfCommitBefore = 16.857596176463122 scoreOfCommitAfter = 111.62399651865572
Commit Hash: e6d658cf0e9ed285dd81981e1dac85eb07c69182 scoreOfCommitBefore = 46265.86348169785 scoreOfCommitAfter = 161.93023529600745
Commit Hash: 3ca313fd114edc21b1e8d63da0ad4ca63179ce31 scoreOfCommitBefore = 3512.1370659753234 scoreOfCommitAfter = 80.79013857852713
Commit Hash: dd90c234e70ccff077e95c14c944b76fa7be8f32 scoreOfCommitBefore = 8402.05302995891 scoreOfCommitAfter = 743.9522084938827
Commit Hash: 0b1a6355eb721c4fbe716aee14c2bad46e74b98f scoreOfCommitBefore = 2097.026211502582 scoreOfCommitAfter = 169.4544567179975
Commit Hash: 087a1006adf9676e79539f890dd80c2321aba8dd scoreOfCommitBefore = 0.0 scoreOfCommitAfter = 13.344057223969676
Commit Hash: a3c77ef69d4449881a55f43d600e40029a2ee6fd scoreOfCommitBefore = 5290.625753178285 scoreOfCommitAfter = 50.03666028592785
Commit Hash: cffa113f46792e05b32401669f42af71a4ea7291 scoreOfCommitBefore = 534.8453923150421 scoreOfCommitAfter = 21.76221256960546
Commit Hash: fb864e2ad20ca495b33baf5b7f98ce7bc7f58a0b scoreOfCommitBefore = 234.49912345133257 scoreOfCommitAfter = 54.639232190787055
Commit Hash: e614f1b75bfb1144b9782159bae5e83f8fee08af scoreOfCommitBefore = 2145.3806554282955 scoreOfCommitAfter = 105.74415326283571
Commit Hash: 9d69aeb1ab56ebf7d99d5007404ea534bff8a382 scoreOfCommitBefore = 3120.897448737509 scoreOfCommitAfter = 120.44015337453625
Commit Hash: b313afc611c16936e8c69c6bc533864014b70f4d scoreOfCommitBefore = 3989.8382820977677 scoreOfCommitAfter = 49.941114964691586
Commit Hash: 0f0597be4975edc6387b64d2cc577f155881e13a scoreOfCommitBefore = 0.0 scoreOfCommitAfter = 39.685375126533316
Commit Hash: b267859d1831c677c62dd66d1f17c3c16310fc38 scoreOfCommitBefore = 0.0 scoreOfCommitAfter = 0.0
Commit Hash: 4925770aaecd47c2b1c01e517ba096b4ba609da0 scoreOfCommitBefore = 3.8268307308879286 scoreOfCommitAfter = 41.23447684960249
Commit Hash: ec19e2e51280d83ae3db34301b3b3cd8d420dab8 scoreOfCommitBefore = 1432.2294505846157 scoreOfCommitAfter = 47.838139759885685
Commit Hash: 6f7d0d13e2db1a0fc4952fc201ad7bfc4a9e66c7 scoreOfCommitBefore = 54523.35910139428 scoreOfCommitAfter = 58.88739167515553
Commit Hash: 8629781127259e1c337ac9079f825eaaa6ba6601 scoreOfCommitBefore = 243150.21330380827 scoreOfCommitAfter = 241.03396202543937
Commit Hash: 5b6f3dd75ea0d05bff5ad9ae18f9fe7f40640867 scoreOfCommitBefore = 977.6431086317606 scoreOfCommitAfter = 54.55598714435653
Commit Hash: e59f2fa686a60463906a681177fb7c3a869694d5 scoreOfCommitBefore = 11737.655337776385 scoreOfCommitAfter = 410.3625456514423
Commit Hash: e6c631ce651b97bbf350b221a0b1531edab556b7 scoreOfCommitBefore = 0.0 scoreOfCommitAfter = 0.0
Commit Hash: d64d51e2690d0da1b14c27e8969ee38c573a8db7 scoreOfCommitBefore = 0.0 scoreOfCommitAfter = 0.0
Commit Hash: 1e4bd7b4640c1250e0f7bdceee5fc9d47e30b4b2 scoreOfCommitBefore = 0.0 scoreOfCommitAfter = 11.681886750646978
Commit Hash: 6741e3c555b96c4a64358adcb69aa0fddeb735b1 scoreOfCommitBefore = 304068.214316849 scoreOfCommitAfter = 287.36033319062153
Commit Hash: 5b5a6e64f76ca9ab237fcf4a3684639540ae2637 scoreOfCommitBefore = 0.0 scoreOfCommitAfter = 0.0
Commit Hash: d0bf278d200d8e1131008d0507923912107d2360 scoreOfCommitBefore = 8182.5858955068015 scoreOfCommitAfter = 278.0162281623299
Commit Hash: 0e6953062251adae3a64dbae5429c4ff4f998398 scoreOfCommitBefore = 0.0 scoreOfCommitAfter = 124.07124487947884
Commit Hash: eb23373bbbac2fa54f64c943ab6ba502156af195 scoreOfCommitBefore = 0.0 scoreOfCommitAfter = 13.040318392130366
Commit Hash: 8520144f7977ff71f5ce3266e1ead051120b8c3f scoreOfCommitBefore = 5133.634515236016 scoreOfCommitAfter = 96.75367596159413
Commit Hash: c1bd88ba5589430e1cb5d6ab2a5ff28c3f8f6964 scoreOfCommitBefore = 6995.294946184087 scoreOfCommitAfter = 68.68365448632488
Commit Hash: 13713eb5cd3f98f5ebbcb050f51e614b5c5aff6a scoreOfCommitBefore = 1930.2607987605434 scoreOfCommitAfter = 187.08463641908983
Commit Hash: 7036b6468c3511cf1a57ba0fd5e0930f1bbb4269 scoreOfCommitBefore = 5984.661693837393 scoreOfCommitAfter = 85.23662170886915
Commit Hash: c86e8af8af3b4e703bc0ae30990d55e036151b97 scoreOfCommitBefore = 78.42618467540642 scoreOfCommitAfter = 379.33735710581584
Commit Hash: c79d8229b3579b4a37497d6c45c848b979cd185c scoreOfCommitBefore = 16950.045875850712 scoreOfCommitAfter = 314.14723519961416
Commit Hash: 987eeb84476c2f3b42bb78e37256a8eb222b7bd3 scoreOfCommitBefore = 0.0 scoreOfCommitAfter = 13.497231245634655
Commit Hash: c813e39427973817ec3fbc1d877ca96cb772c394 scoreOfCommitBefore = 35.67029117920927 scoreOfCommitAfter = 322.25331468087916
Commit Hash: be8dece67fc5eb602e9f62db3d47935886e8f993 scoreOfCommitBefore = 0.0 scoreOfCommitAfter = 0.0
Commit Hash: 6f6a4a2e55e0aac36414ab2e14397703f1c4cbc6 scoreOfCommitBefore = 344872.8223554112 scoreOfCommitAfter = 781.7221130369609
Commit Hash: 42350eed591d195df858116161e0f1114716e46d scoreOfCommitBefore = 3000.9275894970274 scoreOfCommitAfter = 148.25252880799232
Commit Hash: 3573bac40091bd598570cccbe2701ad7a7c64744 scoreOfCommitBefore = 0.0 scoreOfCommitAfter = 38.14817786070728
Commit Hash: ae9ec8c0236051d053793cd48388056423f738d6 scoreOfCommitBefore = 39.024101186092025 scoreOfCommitAfter = 11.045195450774889
Commit Hash: 003c0cd598836a78839ab9c6b001c1a394c97ccb scoreOfCommitBefore = 0.0 scoreOfCommitAfter = 9.517407857559006
Commit Hash: 146c967dd4c56e7a5234e03e9aff16a694f335ac scoreOfCommitBefore = 419.54954029456616 scoreOfCommitAfter = 94.13664062338417
Commit Hash: 6d2297fbee986a0209f60d861033156b72d82dbf scoreOfCommitBefore = 0.0 scoreOfCommitAfter = 19.120914201666878
Commit Hash: dcfa0f2974abd7cbf50be745f3197f0b977a7e07 scoreOfCommitBefore = 0.0 scoreOfCommitAfter = 11.502403818324236
Commit Hash: c1e18d58090cc9e779724a41f4e01b88ad6b2114 scoreOfCommitBefore = 1496.7201986287687 scoreOfCommitAfter = 81.35387645345898
Commit Hash: 399fd2ccdc2ab95fef7a58930e5912c24180f6e6 scoreOfCommitBefore = 0.0 scoreOfCommitAfter = 44.342710604866966
Commit Hash: 36ff4dd90d1a61018ec3efccdbfef4a5eee3a979 scoreOfCommitBefore = 10290.077853456338 scoreOfCommitAfter = 215.14179598981806
Commit Hash: 8eabc124697436f7ec0b342c6a4f2f22aaafb4f9 scoreOfCommitBefore = 0.0 scoreOfCommitAfter = 9.500764539499617
Commit Hash: d5e999044d3572912d4e730b7d54293e39ea88fb scoreOfCommitBefore = 0.0 scoreOfCommitAfter = 90.97717517950002
Commit Hash: 8af2bb405b1ec604668606210f6a285fc7802134 scoreOfCommitBefore = 21785.363553364354 scoreOfCommitAfter = 746.2795297928996
Commit Hash: f5854600e056acde8d21538addc9cbfe5b60f6ae scoreOfCommitBefore = 476.8235328199267 scoreOfCommitAfter = 11.718288996996828
Commit Hash: 77df5fb391f38e38310385766d8345dc5b89fc4c scoreOfCommitBefore = 0.0 scoreOfCommitAfter = 19.819319863154746
Commit Hash: 706cacf2cd684b3fc699a1b02d0edfdc08f360a6 scoreOfCommitBefore = 1.3910760547640248 scoreOfCommitAfter = 148.15763944956637
Commit Hash: b0effc430471b54787fbb0e3f752de517137e41b scoreOfCommitBefore = 1834.6346749410918 scoreOfCommitAfter = 100.95717101352217
Commit Hash: 788aa4b81654dd00b89237f910a1abee3cf01a6a scoreOfCommitBefore = 2222.503848820637 scoreOfCommitAfter = 243.47255010623186
Commit Hash: 8e81ed2757c7de990967f0eefa60c615783a4fae scoreOfCommitBefore = 10.959373636396288 scoreOfCommitAfter = 10.605382099513985
Commit Hash: a5bafd2de013d7c81ca05a02c9eb97d612718880 scoreOfCommitBefore = 4086.6168688972284 scoreOfCommitAfter = 105.1476335804006
Commit Hash: 32620d1005fead628fe728c7e8e6a69930a1b6ac scoreOfCommitBefore = 0.0 scoreOfCommitAfter = 22.12096911594923
Commit Hash: 041b4a7f2b6d7beecdce7ac7b1b304d017a3f8d1 scoreOfCommitBefore = 6788.023638208946 scoreOfCommitAfter = 136.87994731926725
Commit Hash: 9b131eb6b1c32184605d69a6573a5b721d216dc0 scoreOfCommitBefore = 268.9131633041976 scoreOfCommitAfter = 12.149635115843335
Commit Hash: 60d89400a2964ca1182ee76041224c653042ffdb scoreOfCommitBefore = 2426.160942218405 scoreOfCommitAfter = 36.797109934950335
Commit Hash: 182d0ba61a4cf5e03c61e1d7c4f07bde34bf68de scoreOfCommitBefore = 523.8812251687505 scoreOfCommitAfter = 326.78870846549324
Commit Hash: 89e0d3ed0f2ccecd92c5b857a1429615a7cea7a4 scoreOfCommitBefore = 12308.699165017726 scoreOfCommitAfter = 81.12591364600337
Commit Hash: b4e29c715344ed09af4725cfbf4e36879258f022 scoreOfCommitBefore = 364.7700045155792 scoreOfCommitAfter = 22.064574751447847
Commit Hash: 837cec81eb41b2e28c55a9d14f9ca228fc39dc44 scoreOfCommitBefore = 0.0 scoreOfCommitAfter = 19.15978165359151
Commit Hash: 6863b0b87d6ba8d354bfe6c8e1c1ccb5f7af4952 scoreOfCommitBefore = 0.0 scoreOfCommitAfter = 0.0
Commit Hash: f4fb23ededf8680ab886cbccf1bbea8df1f808cc scoreOfCommitBefore = 880.661662742855 scoreOfCommitAfter = 42.64336472182692
Commit Hash: 2e79c62f76674ba4f5aaa517172f4d8a2bd08d2f scoreOfCommitBefore = 10629.531418199123 scoreOfCommitAfter = 49.35213550967856
Commit Hash: 3d548ce9ece1845915cc109c9f0fb7272aea9d73 scoreOfCommitBefore = 3978.1437479125248 scoreOfCommitAfter = 149.29443798936026
Commit Hash: b9a6b17c34a54f302503f171d72685168ee7d153 scoreOfCommitBefore = 82919.54036349237 scoreOfCommitAfter = 268.37110907832266
Commit Hash: a70a5c7301e4c71daa044ca5ef602c133441b1d0 scoreOfCommitBefore = 71791.42532982047 scoreOfCommitAfter = 474.9129832253501
Commit Hash: c978f97f8c9923780a523c2fd367966e25846122 scoreOfCommitBefore = 0.0 scoreOfCommitAfter = 9.587691090697657
Commit Hash: cfa466260b20e71085a211759bd2ac0799b06623 scoreOfCommitBefore = 821.5190069945011 scoreOfCommitAfter = 158.00099574150883
Commit Hash: 1f32f6d9a8fd1e2c1b477b0225ca01bcc2656cc5 scoreOfCommitBefore = 0.0 scoreOfCommitAfter = 41.19890647889604
Commit Hash: ca65326eee17a0eebb86287679e1d2eb32600edf scoreOfCommitBefore = 18458.68143952053 scoreOfCommitAfter = 169.94710407304888
Commit Hash: be8a8a4aac24bd96d8cc01e8d7723034c88f9cac scoreOfCommitBefore = 1429.605059676716 scoreOfCommitAfter = 45.73449314632714
Commit Hash: 9aac3cb591373ff12f6a2424ac45dbc6cfe19772 scoreOfCommitBefore = 694.98948760601 scoreOfCommitAfter = 21.797449349715247
Commit Hash: e14f8df5085c8e9c68f774bf3a8cc029320514b5 scoreOfCommitBefore = 1592.6025121103496 scoreOfCommitAfter = 13.807612250328145
Commit Hash: e6b09bf3291dcf4c56e0aec20ccb436140bc7768 scoreOfCommitBefore = 0.0 scoreOfCommitAfter = 20.565705480230086
Commit Hash: 35c1541c098b30da5a0a37e73006db77c07dc022 scoreOfCommitBefore = 0.0 scoreOfCommitAfter = 0.0
Commit Hash: 94e751caf3e8280bbff094b3096e513339017217 scoreOfCommitBefore = 94784.83031318932 scoreOfCommitAfter = 541.5891834610977
Commit Hash: b7d3e2694ad7942ea8a50ff9465bed9f8deb4688 scoreOfCommitBefore = 0.0 scoreOfCommitAfter = 0.0
Commit Hash: 6d7debde616235d81906b00d30601fe464eb8046 scoreOfCommitBefore = 285.4002470828097 scoreOfCommitAfter = 70.669415464288
Commit Hash: 373b6800d837d29b7538c08665c33e61659880d5 scoreOfCommitBefore = 8769.728925629603 scoreOfCommitAfter = 157.5428234335527
Commit Hash: 1614d5d5a5de6f4faadff9ecb566982d56b65179 scoreOfCommitBefore = 4042.927093405022 scoreOfCommitAfter = 37.69426010564766
Commit Hash: 870a5b3cfc5613051b23eaa6f93fae1c139c3aa3 scoreOfCommitBefore = 5765.18081170978 scoreOfCommitAfter = 25.2462635504845
Commit Hash: aa9f12c1267eede5723bebcfe95210e872ccbe22 scoreOfCommitBefore = 199.5678220874672 scoreOfCommitAfter = 63.81636823647486
Commit Hash: 69133eb372906334f9dad2b86f2748d0c0acb941 scoreOfCommitBefore = 0.0 scoreOfCommitAfter = 10.55163584983655
Commit Hash: 7926783113802d46e347d8e93867f5887624df92 scoreOfCommitBefore = 99.53425931998297 scoreOfCommitAfter = 20.10061553807037
Commit Hash: 81e8603bd40a46d7c6090a36a2e8134581dcde5d scoreOfCommitBefore = 17644.400681860337 scoreOfCommitAfter = 34.17813243992063
Commit Hash: edcf8c9607c39832e7cc77a200da71196a2656cc scoreOfCommitBefore = 3920.263261169083 scoreOfCommitAfter = 144.6063173626869
Commit Hash: 4c9fbd27bac88ee64e3ad3e64b8f3b3e4a5d6621 scoreOfCommitBefore = 469.11398719299825 scoreOfCommitAfter = 33.46308147488157
Commit Hash: 61741a7568a762a2a028e16d70994342b3e8c79c scoreOfCommitBefore = 118.36052484081182 scoreOfCommitAfter = 41.32303349479304
Commit Hash: f7e876bbb9ca165918e5826aa8bbba0f8b6d2268 scoreOfCommitBefore = 38.28710883186478 scoreOfCommitAfter = 20.035086388881233
Commit Hash: 9d7803fe905da0490304adca98fd4af4d9247df9 scoreOfCommitBefore = 9950.166230948764 scoreOfCommitAfter = 93.66465799150242
Commit Hash: 46981ab5fa472f0081c879907c36c3d281663db4 scoreOfCommitBefore = 6.562301342693088 scoreOfCommitAfter = 22.126978226695606
Commit Hash: 9cadf083478a1e1780254ec76c81696f9bd69bd2 scoreOfCommitBefore = 15345.239564280912 scoreOfCommitAfter = 203.9598519854634
Commit Hash: ae3953384791eb7dcfd6dd98fd388881a2ee5abf scoreOfCommitBefore = 0.0 scoreOfCommitAfter = 0.0
Commit Hash: 083524e0364fe24d19bdccaf9a31485c01499777 scoreOfCommitBefore = 11093.220080844843 scoreOfCommitAfter = 122.90998431074186
Commit Hash: 158ae43937467ba38fb038c58b415ddd7417ab96 scoreOfCommitBefore = 0.0 scoreOfCommitAfter = 0.0
Commit Hash: 0d3b8574eaf1eecf9e5dee38ca2fa8c84338abb7 scoreOfCommitBefore = 1923.587793070225 scoreOfCommitAfter = 36.228740372351524
Commit Hash: 6772a2a64d242816b7cb5846a7dc01304e67f152 scoreOfCommitBefore = 56122.21008453619 scoreOfCommitAfter = 563.6653130841459
Commit Hash: 3d933176c4912e0f0e28b2b40bb068e4c1536e5d scoreOfCommitBefore = 0.0 scoreOfCommitAfter = 0.0
Commit Hash: 8a574240499ac23c82821e451d14a68500242c91 scoreOfCommitBefore = 4508.154592549505 scoreOfCommitAfter = 94.00375584385476
Commit Hash: a63b121b29bfc3b08b2ce83e8346ca2b9f6bf64e scoreOfCommitBefore = 7751.861214452123 scoreOfCommitAfter = 158.03270706492378
Commit Hash: d0f2c6ac7302afd822bc7d02d7805f5e6389a362 scoreOfCommitBefore = 9363.898452134747 scoreOfCommitAfter = 133.67512555223402
Commit Hash: 784b0cf229fcf482a7f30f8ea3d7de05936735f7 scoreOfCommitBefore = 0.0 scoreOfCommitAfter = 0.0
Commit Hash: 223da9d81b8b1be6c742ad969e35291f6288a3a4 scoreOfCommitBefore = 1538.9419424003063 scoreOfCommitAfter = 318.06604478049604
Commit Hash: 21d06c483a2a2624d17c769aef8ea3b0604714b9 scoreOfCommitBefore = 48.140868920805204 scoreOfCommitAfter = 58.515142299244204
Commit Hash: 757bb7f7f803dad52b5e4e5c9bf3a9f299ddd87e scoreOfCommitBefore = 2490.1735120389712 scoreOfCommitAfter = 46.15599653961622
Commit Hash: 6c7bbb6f1da60d69321aa79d8cad7e756af0dbd7 scoreOfCommitBefore = 0.021732569129147197 scoreOfCommitAfter = 96.26375846021729
Commit Hash: e78efb66c2255fa6640f3115bb5a3d35519bd89d scoreOfCommitBefore = 0.0 scoreOfCommitAfter = 13.023606720002284
Commit Hash: c610ad89079dd7c54235f81c943a1c473583cf26 scoreOfCommitBefore = 0.0 scoreOfCommitAfter = 0.0
Commit Hash: ea907c5e79b2d90008953c14631a6364db1b27ff scoreOfCommitBefore = 2.868839407528408 scoreOfCommitAfter = 17.791423001224135
Commit Hash: 471abe8fb08bb3fb98fcbb1013d7255ea29855ce scoreOfCommitBefore = 2560.3752523615726 scoreOfCommitAfter = 223.4608199381581
Commit Hash: a812a2c77cc356ed5758b5dc129d3519d2a37289 scoreOfCommitBefore = 9033.017310379813 scoreOfCommitAfter = 43.59299784813127
Commit Hash: da5025f09dd4e8863884a73c4319f1afb1417ab8 scoreOfCommitBefore = 4196.949875929039 scoreOfCommitAfter = 37.57909312217798
Commit Hash: 346628e5e3d4558b52b47149c4caf101ba93d829 scoreOfCommitBefore = 0.0 scoreOfCommitAfter = 13.48260824267884
Commit Hash: 78d56d8e91333fe2c3d25bd4d515539d44af1ed6 scoreOfCommitBefore = 3793.272458587975 scoreOfCommitAfter = 26.3240272250014
Commit Hash: 5f6cc8782655705cb45ae16f98234924de6cf3ea scoreOfCommitBefore = 23330.351691124164 scoreOfCommitAfter = 57.22990198509172
Commit Hash: a1b92d0a329d1c24f5495b7fc86fc2af5b78d6bf scoreOfCommitBefore = 1713.147913665532 scoreOfCommitAfter = 28.365252575681982
Commit Hash: fafd709cfa0ebf8f65f445c83ac5b200963b317f scoreOfCommitBefore = 4278.821140687797 scoreOfCommitAfter = 15.183717495188368
Commit Hash: 050c567d2e058b3e95c94c2a8fc7c6b6f3057eb5 scoreOfCommitBefore = 19327.32492511041 scoreOfCommitAfter = 80.42095423602122
Commit Hash: 8669d2c3c5a9fee537183b18238e1dbb8d16f8fd scoreOfCommitBefore = 280.1210123532087 scoreOfCommitAfter = 35.774164666133366
Commit Hash: 5d08aeaf28c18b80444b09e0915f365a22cd24f9 scoreOfCommitBefore = 4588.5676464590815 scoreOfCommitAfter = 27.6855825357886
Commit Hash: 5d413a44c3a067bd7af6088bfe7d9e3f362675a8 scoreOfCommitBefore = 1059.3045114437398 scoreOfCommitAfter = 35.81878092548125
Commit Hash: 979714c350b394018e9cde3ec8f90f4188330124 scoreOfCommitBefore = 1233.7566936596488 scoreOfCommitAfter = 216.85318023300596
Commit Hash: e67a509e3533d4b993f066ec97b5777f963e7d08 scoreOfCommitBefore = 201.49691630234457 scoreOfCommitAfter = 10.654110812987017
Commit Hash: 419b63ea91a80c93d474c5f134dbe5a14a1d782b scoreOfCommitBefore = 54019.14065184298 scoreOfCommitAfter = 995.7103140197839
Commit Hash: 5a99f04bd4e71a718227eb464cc449725622f2fb scoreOfCommitBefore = 367.4850869100399 scoreOfCommitAfter = 173.98620468354437
Commit Hash: 5dcf0707906d3b2454d74a9ce9b2f0c14e550b25 scoreOfCommitBefore = 2308.02563791708 scoreOfCommitAfter = 20.09620495177434
Commit Hash: 46a06524e14c280bb3be13f26e34add91fd82e3a scoreOfCommitBefore = 0.0 scoreOfCommitAfter = 11.943584015170384
Commit Hash: a420582e9247b1b753f79cec82e08160db598769 scoreOfCommitBefore = 6005.807128113632 scoreOfCommitAfter = 16.10277068715925
Commit Hash: 24bdc33de85864ed1458d4993fc882c1885b421a scoreOfCommitBefore = 784.6522896809688 scoreOfCommitAfter = 20.84410261169414
Commit Hash: 3cce3564f4c0f923b237b6c64871fded2ca696ef scoreOfCommitBefore = 120.32693705786525 scoreOfCommitAfter = 11.62105821049997
Commit Hash: 25c4e5c228f26cdc7d43a7189fe58bb151e185cd scoreOfCommitBefore = 5613.187099999999 scoreOfCommitAfter = 27.63607871680788
Commit Hash: 0c34ee21e3d32d894331e2371e9f2551f21062aa scoreOfCommitBefore = 0.0 scoreOfCommitAfter = 28.7351624843898
[525.3436590069341, 0.0, 17432.035803269315, 1577.8146997790382, 16532.68640905034, 0.0, 0.0, 16.857596176463122, 46265.86348169785, 3512.1370659753234, 8402.05302995891, 2097.026211502582, 0.0, 5290.625753178285, 534.8453923150421, 234.49912345133257, 2145.3806554282955, 3120.897448737509, 3989.8382820977677, 0.0, 0.0, 3.8268307308879286, 1432.2294505846157, 54523.35910139428, 243150.21330380827, 977.6431086317606, 11737.655337776385, 0.0, 0.0, 0.0, 304068.214316849, 0.0, 8182.5858955068015, 0.0, 0.0, 5133.634515236016, 6995.294946184087, 1930.2607987605434, 5984.661693837393, 78.42618467540642, 16950.045875850712, 0.0, 35.67029117920927, 0.0, 344872.8223554112, 3000.9275894970274, 0.0, 39.024101186092025, 0.0, 419.54954029456616, 0.0, 0.0, 1496.7201986287687, 0.0, 10290.077853456338, 0.0, 0.0, 21785.363553364354, 476.8235328199267, 0.0, 1.3910760547640248, 1834.6346749410918, 2222.503848820637, 10.959373636396288, 4086.6168688972284, 0.0, 6788.023638208946, 268.9131633041976, 2426.160942218405, 523.8812251687505, 12308.699165017726, 364.7700045155792, 0.0, 0.0, 880.661662742855, 10629.531418199123, 3978.1437479125248, 82919.54036349237, 71791.42532982047, 0.0, 821.5190069945011, 0.0, 18458.68143952053, 1429.605059676716, 694.98948760601, 1592.6025121103496, 0.0, 0.0, 94784.83031318932, 0.0, 285.4002470828097, 8769.728925629603, 4042.927093405022, 5765.18081170978, 199.5678220874672, 0.0, 99.53425931998297, 17644.400681860337, 3920.263261169083, 469.11398719299825, 118.36052484081182, 38.28710883186478, 9950.166230948764, 6.562301342693088, 15345.239564280912, 0.0, 11093.220080844843, 0.0, 1923.587793070225, 56122.21008453619, 0.0, 4508.154592549505, 7751.861214452123, 9363.898452134747, 0.0, 1538.9419424003063, 48.140868920805204, 2490.1735120389712, 0.021732569129147197, 0.0, 0.0, 2.868839407528408, 2560.3752523615726, 9033.017310379813, 4196.949875929039, 0.0, 3793.272458587975, 23330.351691124164, 1713.147913665532, 4278.821140687797, 19327.32492511041, 280.1210123532087, 4588.5676464590815, 1059.3045114437398, 1233.7566936596488, 201.49691630234457, 54019.14065184298, 367.4850869100399, 2308.02563791708, 0.0, 6005.807128113632, 784.6522896809688, 120.32693705786525, 5613.187099999999, 0.0]
[12.213631617907204, 10.798774830455738, 72.1956471944433, 188.28100312287003, 43.61214051627829, 10.667487115460672, 0.0, 111.62399651865572, 161.93023529600745, 80.79013857852713, 743.9522084938827, 169.4544567179975, 13.344057223969676, 50.03666028592785, 21.76221256960546, 54.639232190787055, 105.74415326283571, 120.44015337453625, 49.941114964691586, 39.685375126533316, 0.0, 41.23447684960249, 47.838139759885685, 58.88739167515553, 241.03396202543937, 54.55598714435653, 410.3625456514423, 0.0, 0.0, 11.681886750646978, 287.36033319062153, 0.0, 278.0162281623299, 124.07124487947884, 13.040318392130366, 96.75367596159413, 68.68365448632488, 187.08463641908983, 85.23662170886915, 379.33735710581584, 314.14723519961416, 13.497231245634655, 322.25331468087916, 0.0, 781.7221130369609, 148.25252880799232, 38.14817786070728, 11.045195450774889, 9.517407857559006, 94.13664062338417, 19.120914201666878, 11.502403818324236, 81.35387645345898, 44.342710604866966, 215.14179598981806, 9.500764539499617, 90.97717517950002, 746.2795297928996, 11.718288996996828, 19.819319863154746, 148.15763944956637, 100.95717101352217, 243.47255010623186, 10.605382099513985, 105.1476335804006, 22.12096911594923, 136.87994731926725, 12.149635115843335, 36.797109934950335, 326.78870846549324, 81.12591364600337, 22.064574751447847, 19.15978165359151, 0.0, 42.64336472182692, 49.35213550967856, 149.29443798936026, 268.37110907832266, 474.9129832253501, 9.587691090697657, 158.00099574150883, 41.19890647889604, 169.94710407304888, 45.73449314632714, 21.797449349715247, 13.807612250328145, 20.565705480230086, 0.0, 541.5891834610977, 0.0, 70.669415464288, 157.5428234335527, 37.69426010564766, 25.2462635504845, 63.81636823647486, 10.55163584983655, 20.10061553807037, 34.17813243992063, 144.6063173626869, 33.46308147488157, 41.32303349479304, 20.035086388881233, 93.66465799150242, 22.126978226695606, 203.9598519854634, 0.0, 122.90998431074186, 0.0, 36.228740372351524, 563.6653130841459, 0.0, 94.00375584385476, 158.03270706492378, 133.67512555223402, 0.0, 318.06604478049604, 58.515142299244204, 46.15599653961622, 96.26375846021729, 13.023606720002284, 0.0, 17.791423001224135, 223.4608199381581, 43.59299784813127, 37.57909312217798, 13.48260824267884, 26.3240272250014, 57.22990198509172, 28.365252575681982, 15.183717495188368, 80.42095423602122, 35.774164666133366, 27.6855825357886, 35.81878092548125, 216.85318023300596, 10.654110812987017, 995.7103140197839, 173.98620468354437, 20.09620495177434, 11.943584015170384, 16.10277068715925, 20.84410261169414, 11.62105821049997, 27.63607871680788, 28.7351624843898]
程序总运行时间（秒）：194.074
