-------------------------------------------------------------------------------------------

@@@nowCommitHash = 944e308a52e985e2498287a82f71dd4e03fc1724
@@@oldCommitHash = 3bd017cb0a772f0c33d22dc1f8fd40012d33dab9
调用depends完成
本次getDDG计算的运行时间（秒）：0.0
本次getCDG计算的运行时间（秒）：0.0
本次commit计算的运行时间（秒）：2.273
-------------------------------------------------------------------------------------------

@@@nowCommitHash = 3bd017cb0a772f0c33d22dc1f8fd40012d33dab9
@@@oldCommitHash = 8dbaf131f5231c289e4c81314fd67f7252065acb
调用depends完成
本次getDDG计算的运行时间（秒）：0.0
本次getCDG计算的运行时间（秒）：0.0
本次commit计算的运行时间（秒）：1.347
-------------------------------------------------------------------------------------------

@@@nowCommitHash = 91a93accd70fc8ef91a68b6dbfe6d211e7679719
@@@oldCommitHash = 80c0404ff90bd9164e986279ecae99da302eac91
调用depends完成
本次getDDG计算的运行时间（秒）：0.0
本次getCDG计算的运行时间（秒）：0.0
本次commit计算的运行时间（秒）：1.087
-------------------------------------------------------------------------------------------

@@@nowCommitHash = 9e0ff508e82fcdf8b8e6edfe5885dae06d48f638
@@@oldCommitHash = 26dcc6f914999aa3b07ede45e0717ad2e60053a0
调用depends完成
本次getDDG计算的运行时间（秒）：0.0
本次getCDG计算的运行时间（秒）：0.0
本次commit计算的运行时间（秒）：1.118
-------------------------------------------------------------------------------------------

@@@nowCommitHash = 26dcc6f914999aa3b07ede45e0717ad2e60053a0
@@@oldCommitHash = 8eb7716cb8a7f5c2d3cfdafbaff9418be5e535d4
调用depends完成
本次getDDG计算的运行时间（秒）：0.0
本次getCDG计算的运行时间（秒）：0.0
本次commit计算的运行时间（秒）：1.505
-------------------------------------------------------------------------------------------

@@@nowCommitHash = db47570efefe32054f6d5a45cf0023e9d6927338
@@@oldCommitHash = 35732cacb26a5f8d0ae6fb6a7528d3b0fd8b50ed
调用depends完成
本次getDDG计算的运行时间（秒）：0.0
本次getCDG计算的运行时间（秒）：0.0
本次commit计算的运行时间（秒）：1.16
-------------------------------------------------------------------------------------------

@@@nowCommitHash = 34327ae83e0055a4ebc354677f446c23d793e119
@@@oldCommitHash = daac18619a5fea8a68a0eff17037a46d364a8d43
调用depends完成
本次getDDG计算的运行时间（秒）：0.0
本次getCDG计算的运行时间（秒）：0.0
本次commit计算的运行时间（秒）：1.072
-------------------------------------------------------------------------------------------

@@@nowCommitHash = daac18619a5fea8a68a0eff17037a46d364a8d43
@@@oldCommitHash = 62fb4bcbe09c5fb002dcebe408c7bd1d1c0990f4
调用depends完成
本次getDDG计算的运行时间（秒）：0.0
本次getCDG计算的运行时间（秒）：0.0
本次commit计算的运行时间（秒）：1.122
-------------------------------------------------------------------------------------------

@@@nowCommitHash = 62fb4bcbe09c5fb002dcebe408c7bd1d1c0990f4
@@@oldCommitHash = 558066c76b5be913d8cb1931a120b3bf6e3801e5
调用depends完成
本次getDDG计算的运行时间（秒）：0.0
本次getCDG计算的运行时间（秒）：0.0
本次commit计算的运行时间（秒）：1.144
-------------------------------------------------------------------------------------------

@@@nowCommitHash = 36678c44dc0e43906908f68bc4ffbb5ae615f40d
@@@oldCommitHash = 94017237b2046574267f46bf6f441bc560378b58
调用depends完成
本次getDDG计算的运行时间（秒）：0.0
本次getCDG计算的运行时间（秒）：0.0
本次commit计算的运行时间（秒）：1.077
-------------------------------------------------------------------------------------------

@@@nowCommitHash = 94017237b2046574267f46bf6f441bc560378b58
@@@oldCommitHash = c395aad5adb4e9ee312559937c08382ea8215e7c
调用depends完成
本次getDDG计算的运行时间（秒）：0.0
本次getCDG计算的运行时间（秒）：0.0
本次commit计算的运行时间（秒）：1.19
-------------------------------------------------------------------------------------------

@@@nowCommitHash = c395aad5adb4e9ee312559937c08382ea8215e7c
@@@oldCommitHash = f00ce5da9ef8b0de42717e62ccdbf30765e25af3
调用depends完成
本次getDDG计算的运行时间（秒）：0.0
本次getCDG计算的运行时间（秒）：0.0
本次commit计算的运行时间（秒）：1.086
-------------------------------------------------------------------------------------------

@@@nowCommitHash = f00ce5da9ef8b0de42717e62ccdbf30765e25af3
@@@oldCommitHash = a3bbcc82ae9ad126ae1d0cb7b0839c288ed05c70
调用depends完成
本次getDDG计算的运行时间（秒）：0.0
本次getCDG计算的运行时间（秒）：0.0
本次commit计算的运行时间（秒）：1.922
-------------------------------------------------------------------------------------------

@@@nowCommitHash = a3bbcc82ae9ad126ae1d0cb7b0839c288ed05c70
@@@oldCommitHash = 5f9bc347ee6a2191b2ad10eb2e0ed4c19d35f83d
调用depends完成
本次getDDG计算的运行时间（秒）：0.0
本次getCDG计算的运行时间（秒）：0.0
本次commit计算的运行时间（秒）：1.478
-------------------------------------------------------------------------------------------

@@@nowCommitHash = 5f9bc347ee6a2191b2ad10eb2e0ed4c19d35f83d
@@@oldCommitHash = 6a487ba686bafed9c642069e6046337af1bfd3a6
调用depends完成
本次getDDG计算的运行时间（秒）：0.0
本次getCDG计算的运行时间（秒）：0.0
本次commit计算的运行时间（秒）：1.051
-------------------------------------------------------------------------------------------

@@@nowCommitHash = 6a487ba686bafed9c642069e6046337af1bfd3a6
@@@oldCommitHash = 23bb9b89deb6d09a29dd87ac9cb0ed7b864ae910
调用depends完成
本次getDDG计算的运行时间（秒）：0.0
本次getCDG计算的运行时间（秒）：0.0
本次commit计算的运行时间（秒）：1.235
-------------------------------------------------------------------------------------------

@@@nowCommitHash = 23bb9b89deb6d09a29dd87ac9cb0ed7b864ae910
@@@oldCommitHash = 04aeaa5bcdd63d6a21ea8ce64e27066da689683c
调用depends完成
本次getDDG计算的运行时间（秒）：0.0
本次getCDG计算的运行时间（秒）：0.0
本次commit计算的运行时间（秒）：1.177
-------------------------------------------------------------------------------------------

@@@nowCommitHash = 04aeaa5bcdd63d6a21ea8ce64e27066da689683c
@@@oldCommitHash = 157174543fb28cf701937e4a377fc851ad3e0f3a
调用depends完成
本次getDDG计算的运行时间（秒）：0.0
本次getCDG计算的运行时间（秒）：0.0
本次commit计算的运行时间（秒）：1.28
-------------------------------------------------------------------------------------------

@@@nowCommitHash = 157174543fb28cf701937e4a377fc851ad3e0f3a
@@@oldCommitHash = 19626731c0016f6a0dccaabad8ff2eac00c416a3
调用depends完成
本次getDDG计算的运行时间（秒）：0.0
本次getCDG计算的运行时间（秒）：0.0
本次commit计算的运行时间（秒）：1.391
-------------------------------------------------------------------------------------------

@@@nowCommitHash = 19626731c0016f6a0dccaabad8ff2eac00c416a3
@@@oldCommitHash = b9a6b5ed897c0a4cafc52d96dd88c6eceac3797f
调用depends完成
本次getDDG计算的运行时间（秒）：0.0
本次getCDG计算的运行时间（秒）：0.0
本次commit计算的运行时间（秒）：1.319
-------------------------------------------------------------------------------------------

@@@nowCommitHash = b9a6b5ed897c0a4cafc52d96dd88c6eceac3797f
@@@oldCommitHash = 8881ef4b3fe80245ce0057eb7d6863ec4265ff71
调用depends完成
本次getDDG计算的运行时间（秒）：0.0
本次getCDG计算的运行时间（秒）：0.0
本次commit计算的运行时间（秒）：1.082
-------------------------------------------------------------------------------------------

@@@nowCommitHash = 8881ef4b3fe80245ce0057eb7d6863ec4265ff71
@@@oldCommitHash = 235900eb57e3a7cdf84021858062025aab861338
调用depends完成
本次getDDG计算的运行时间（秒）：0.0
本次getCDG计算的运行时间（秒）：0.0
本次commit计算的运行时间（秒）：1.061
-------------------------------------------------------------------------------------------

@@@nowCommitHash = 235900eb57e3a7cdf84021858062025aab861338
@@@oldCommitHash = 75e8dc6f9bf8b2e80924bf6d0420790c20ad97fa
调用depends完成
本次getDDG计算的运行时间（秒）：0.0
本次getCDG计算的运行时间（秒）：0.0
本次commit计算的运行时间（秒）：1.084
-------------------------------------------------------------------------------------------

@@@nowCommitHash = 75e8dc6f9bf8b2e80924bf6d0420790c20ad97fa
@@@oldCommitHash = d4c0e961ab69a8e170534b290bfd9276dcdf0078
调用depends完成
本次getDDG计算的运行时间（秒）：0.0
本次getCDG计算的运行时间（秒）：0.0
本次commit计算的运行时间（秒）：1.075
-------------------------------------------------------------------------------------------

@@@nowCommitHash = d4c0e961ab69a8e170534b290bfd9276dcdf0078
@@@oldCommitHash = 3ee994b25c9974f9de16c71506b15ea1991febf5
调用depends完成
本次getDDG计算的运行时间（秒）：0.0
本次getCDG计算的运行时间（秒）：0.0
本次commit计算的运行时间（秒）：1.043
-------------------------------------------------------------------------------------------

@@@nowCommitHash = 3ee994b25c9974f9de16c71506b15ea1991febf5
@@@oldCommitHash = 9e876e7ff004608bc74a9b723195119123ee6625
调用depends完成
本次getDDG计算的运行时间（秒）：0.0
本次getCDG计算的运行时间（秒）：0.001
本次commit计算的运行时间（秒）：1.095
-------------------------------------------------------------------------------------------

@@@nowCommitHash = 9e876e7ff004608bc74a9b723195119123ee6625
@@@oldCommitHash = d2a9977290d05868c94ee027cfa3ef472b159dcd
调用depends完成
本次getDDG计算的运行时间（秒）：0.0
本次getCDG计算的运行时间（秒）：0.0
本次commit计算的运行时间（秒）：1.085
-------------------------------------------------------------------------------------------

@@@nowCommitHash = d2a9977290d05868c94ee027cfa3ef472b159dcd
@@@oldCommitHash = dd0bbda07091d1f5532cf998ed91c90751049d33
调用depends完成
本次getDDG计算的运行时间（秒）：0.0
本次getCDG计算的运行时间（秒）：0.0
本次commit计算的运行时间（秒）：1.087
-------------------------------------------------------------------------------------------

@@@nowCommitHash = dd0bbda07091d1f5532cf998ed91c90751049d33
@@@oldCommitHash = e6ad081b3c1612a538f0108813cd7c10870d26f9
调用depends完成
本次getDDG计算的运行时间（秒）：0.0
本次getCDG计算的运行时间（秒）：0.0
本次commit计算的运行时间（秒）：1.093
-------------------------------------------------------------------------------------------

@@@nowCommitHash = e6ad081b3c1612a538f0108813cd7c10870d26f9
@@@oldCommitHash = d649cbaf92a661521d8e6858b0f7e5781a298915
调用depends完成
本次getDDG计算的运行时间（秒）：0.0
本次getCDG计算的运行时间（秒）：0.0
本次commit计算的运行时间（秒）：1.347
-------------------------------------------------------------------------------------------

@@@nowCommitHash = 19571aa20755f14984410aa0b3f1a1b3b4c146ec
@@@oldCommitHash = 66158af338fc2cddfc3fd5dfc90c4737957ae0b0
调用depends完成
本次getDDG计算的运行时间（秒）：0.0
本次getCDG计算的运行时间（秒）：0.0
本次commit计算的运行时间（秒）：1.126
-------------------------------------------------------------------------------------------

@@@nowCommitHash = 6ba9b4acdcba411a035503e3eae9e17b64bcc59b
@@@oldCommitHash = 4c464b2432525102ad293c20e636970176b74c28
调用depends完成
本次getDDG计算的运行时间（秒）：0.0
本次getCDG计算的运行时间（秒）：0.0
本次commit计算的运行时间（秒）：1.44
-------------------------------------------------------------------------------------------

@@@nowCommitHash = 4c464b2432525102ad293c20e636970176b74c28
@@@oldCommitHash = c091c05b72ee2f773af1623da29638a797813459
调用depends完成
本次getDDG计算的运行时间（秒）：0.0
本次getCDG计算的运行时间（秒）：0.0
本次commit计算的运行时间（秒）：1.093
-------------------------------------------------------------------------------------------

@@@nowCommitHash = c091c05b72ee2f773af1623da29638a797813459
@@@oldCommitHash = f8f5bbda872e425dee4df07234f2d4e3e52f3b66
调用depends完成
本次getDDG计算的运行时间（秒）：0.0
本次getCDG计算的运行时间（秒）：0.0
本次commit计算的运行时间（秒）：1.159
-------------------------------------------------------------------------------------------

@@@nowCommitHash = f8f5bbda872e425dee4df07234f2d4e3e52f3b66
@@@oldCommitHash = d323e0d68475e6b04df59bc268df832480e2dc4a
调用depends完成
本次getDDG计算的运行时间（秒）：0.0
本次getCDG计算的运行时间（秒）：0.0
本次commit计算的运行时间（秒）：1.215
-------------------------------------------------------------------------------------------

@@@nowCommitHash = d323e0d68475e6b04df59bc268df832480e2dc4a
@@@oldCommitHash = 0a42d173ef7ae4497439cf52d75d43ef51e46541
调用depends完成
本次getDDG计算的运行时间（秒）：0.0
本次getCDG计算的运行时间（秒）：0.0
本次commit计算的运行时间（秒）：4.213
-------------------------------------------------------------------------------------------

@@@nowCommitHash = 0a42d173ef7ae4497439cf52d75d43ef51e46541
@@@oldCommitHash = ef9f8ba9ab13bb2f67163199a309ee223e012949
调用depends完成
本次getDDG计算的运行时间（秒）：0.0
本次getCDG计算的运行时间（秒）：0.0
本次commit计算的运行时间（秒）：10.764
-------------------------------------------------------------------------------------------

@@@nowCommitHash = ef9f8ba9ab13bb2f67163199a309ee223e012949
@@@oldCommitHash = d2c59fd5e40409248b4c9eb876d67249ac881a1d
调用depends完成
本次getDDG计算的运行时间（秒）：0.0
本次getCDG计算的运行时间（秒）：0.0
本次commit计算的运行时间（秒）：1.316
-------------------------------------------------------------------------------------------

@@@nowCommitHash = d2c59fd5e40409248b4c9eb876d67249ac881a1d
@@@oldCommitHash = af2cc82e823d696d874b561fa3d81c754b6fa04d
调用depends完成
本次getDDG计算的运行时间（秒）：0.0
本次getCDG计算的运行时间（秒）：0.0
本次commit计算的运行时间（秒）：1.179
-------------------------------------------------------------------------------------------

@@@nowCommitHash = af2cc82e823d696d874b561fa3d81c754b6fa04d
@@@oldCommitHash = 0926f1e07a0fcd93c645a7b4ad4fa4a86e7b6cb1
调用depends完成
本次getDDG计算的运行时间（秒）：0.0
本次getCDG计算的运行时间（秒）：0.0
本次commit计算的运行时间（秒）：1.074
-------------------------------------------------------------------------------------------

@@@nowCommitHash = f055b3e83bffa4401fcbec9a19f694f84ec760ea
@@@oldCommitHash = e09c5d0691a23ef06e36bae6986c8fe373580eb7
调用depends完成
本次getDDG计算的运行时间（秒）：0.0
本次getCDG计算的运行时间（秒）：0.0
本次commit计算的运行时间（秒）：1.056
-------------------------------------------------------------------------------------------

@@@nowCommitHash = e09c5d0691a23ef06e36bae6986c8fe373580eb7
@@@oldCommitHash = 4d0caa4f423aadfb0fabc87c11a9962f5c7e4d7a
调用depends完成
本次getDDG计算的运行时间（秒）：0.0
本次getCDG计算的运行时间（秒）：0.0
本次commit计算的运行时间（秒）：1.161
-------------------------------------------------------------------------------------------

@@@nowCommitHash = 4d0caa4f423aadfb0fabc87c11a9962f5c7e4d7a
@@@oldCommitHash = 0e8adf79dcc82e8ddeb24f5c9988138619845c03
调用depends完成
本次getDDG计算的运行时间（秒）：0.0
本次getCDG计算的运行时间（秒）：0.0
本次commit计算的运行时间（秒）：1.628
-------------------------------------------------------------------------------------------

@@@nowCommitHash = 0e8adf79dcc82e8ddeb24f5c9988138619845c03
@@@oldCommitHash = 3dd37952bce9cc9bef78e248958f628e21d96b75
调用depends完成
本次getDDG计算的运行时间（秒）：0.0
本次getCDG计算的运行时间（秒）：0.0
本次commit计算的运行时间（秒）：2.038
-------------------------------------------------------------------------------------------

@@@nowCommitHash = 3dd37952bce9cc9bef78e248958f628e21d96b75
@@@oldCommitHash = 58386f857bf09f320aea4baa6715e1304bdfc1d0
调用depends完成
本次getDDG计算的运行时间（秒）：0.0
本次getCDG计算的运行时间（秒）：0.0
本次commit计算的运行时间（秒）：3.87
-------------------------------------------------------------------------------------------

@@@nowCommitHash = 58386f857bf09f320aea4baa6715e1304bdfc1d0
@@@oldCommitHash = 0289c78e8df1827c9fe04aca15d098e876abfdfe
调用depends完成
本次getDDG计算的运行时间（秒）：0.0
本次getCDG计算的运行时间（秒）：0.0
本次commit计算的运行时间（秒）：1.216
-------------------------------------------------------------------------------------------

@@@nowCommitHash = 0289c78e8df1827c9fe04aca15d098e876abfdfe
@@@oldCommitHash = 1eb2d40df13533b7d23611ca47df2d6d974b203d
调用depends完成
本次getDDG计算的运行时间（秒）：0.0
本次getCDG计算的运行时间（秒）：0.0
本次commit计算的运行时间（秒）：1.107
-------------------------------------------------------------------------------------------

@@@nowCommitHash = 000fa7bc102fc44272b8c89ac63a43453b62a560
@@@oldCommitHash = a8ac78e3b222825a1267638a8dc484e2ad9cff57
调用depends完成
本次getDDG计算的运行时间（秒）：0.0
本次getCDG计算的运行时间（秒）：0.0
本次commit计算的运行时间（秒）：1.072
-------------------------------------------------------------------------------------------

@@@nowCommitHash = 1fb79b96f6b79d8146333c4e21f187b74f06d698
@@@oldCommitHash = dfc2086d2416af22eb97fc1a601aaadb486a5378
调用depends完成
本次getDDG计算的运行时间（秒）：0.0
本次getCDG计算的运行时间（秒）：0.0
本次commit计算的运行时间（秒）：1.264
-------------------------------------------------------------------------------------------

@@@nowCommitHash = dfc2086d2416af22eb97fc1a601aaadb486a5378
@@@oldCommitHash = ffc8cd7585f13689170bae1e1b894f649b6581a7
调用depends完成
本次getDDG计算的运行时间（秒）：0.0
本次getCDG计算的运行时间（秒）：0.0
本次commit计算的运行时间（秒）：2.624
-------------------------------------------------------------------------------------------

@@@nowCommitHash = ffc8cd7585f13689170bae1e1b894f649b6581a7
@@@oldCommitHash = a02455acb31ad7e676130d46d6a04bd97b76e957
调用depends完成
本次getDDG计算的运行时间（秒）：0.0
本次getCDG计算的运行时间（秒）：0.0
本次commit计算的运行时间（秒）：1.199
-------------------------------------------------------------------------------------------

@@@nowCommitHash = a02455acb31ad7e676130d46d6a04bd97b76e957
@@@oldCommitHash = fff097615bea52776a9bac3df1751d1965ddea9a
调用depends完成
本次getDDG计算的运行时间（秒）：0.0
本次getCDG计算的运行时间（秒）：0.0
本次commit计算的运行时间（秒）：1.426
-------------------------------------------------------------------------------------------

@@@nowCommitHash = fff097615bea52776a9bac3df1751d1965ddea9a
@@@oldCommitHash = eb22ef30fc6962cbd3cdd0557809dae34f40a527
调用depends完成
本次getDDG计算的运行时间（秒）：0.0
本次getCDG计算的运行时间（秒）：0.0
本次commit计算的运行时间（秒）：1.279
-------------------------------------------------------------------------------------------

@@@nowCommitHash = 277c7228c3c626b93b298dc94aee4a7895851715
@@@oldCommitHash = 012429391ca318076a9dde8e9053653d9a3c9af6
调用depends完成
本次getDDG计算的运行时间（秒）：0.0
本次getCDG计算的运行时间（秒）：0.0
本次commit计算的运行时间（秒）：1.349
-------------------------------------------------------------------------------------------

@@@nowCommitHash = 012429391ca318076a9dde8e9053653d9a3c9af6
@@@oldCommitHash = bc7aae743ac7705f58af0ea9943ad464cb8e70d7
调用depends完成
本次getDDG计算的运行时间（秒）：0.0
本次getCDG计算的运行时间（秒）：0.0
本次commit计算的运行时间（秒）：1.298
-------------------------------------------------------------------------------------------

@@@nowCommitHash = bc7aae743ac7705f58af0ea9943ad464cb8e70d7
@@@oldCommitHash = 238401731bbc53dc1aac23a58447b199ed4c5db5
调用depends完成
本次getDDG计算的运行时间（秒）：0.0
本次getCDG计算的运行时间（秒）：0.0
本次commit计算的运行时间（秒）：1.227
-------------------------------------------------------------------------------------------

@@@nowCommitHash = 238401731bbc53dc1aac23a58447b199ed4c5db5
@@@oldCommitHash = 8b73f6b83ca85193662b26204cf57d8d025a8465
调用depends完成
本次getDDG计算的运行时间（秒）：0.0
本次getCDG计算的运行时间（秒）：0.0
本次commit计算的运行时间（秒）：1.087
-------------------------------------------------------------------------------------------

@@@nowCommitHash = 8b73f6b83ca85193662b26204cf57d8d025a8465
@@@oldCommitHash = b10d43f2bb810913c421eb1ad6fe08b277692750
调用depends完成
本次getDDG计算的运行时间（秒）：0.0
本次getCDG计算的运行时间（秒）：0.0
本次commit计算的运行时间（秒）：1.119
-------------------------------------------------------------------------------------------

@@@nowCommitHash = b10d43f2bb810913c421eb1ad6fe08b277692750
@@@oldCommitHash = 4b7551a4663cb6d53f39517e38d96b2b8acfd9ad
调用depends完成
本次getDDG计算的运行时间（秒）：0.0
本次getCDG计算的运行时间（秒）：0.0
本次commit计算的运行时间（秒）：3.051
-------------------------------------------------------------------------------------------

@@@nowCommitHash = 445d4271f9bc9061e2c98cd25a5f020fc4ff05e3
@@@oldCommitHash = 68c378bb7c2b4ef06695c861ec2e1373a05477b2
调用depends完成
本次getDDG计算的运行时间（秒）：0.0
本次getCDG计算的运行时间（秒）：0.0
本次commit计算的运行时间（秒）：1.133
-------------------------------------------------------------------------------------------

@@@nowCommitHash = b6ae693fe5a86ba9a8390bd209a71a32a1922226
@@@oldCommitHash = 4dd7cefbde157b76baf245fb71fdbf607ee5c5b4
调用depends完成
本次getDDG计算的运行时间（秒）：0.0
本次getCDG计算的运行时间（秒）：0.0
本次commit计算的运行时间（秒）：1.363
-------------------------------------------------------------------------------------------

@@@nowCommitHash = 4dd7cefbde157b76baf245fb71fdbf607ee5c5b4
@@@oldCommitHash = fb0c0737836a73eb162b564d72d13084008ff724
调用depends完成
本次getDDG计算的运行时间（秒）：0.0
本次getCDG计算的运行时间（秒）：0.0
本次commit计算的运行时间（秒）：1.123
-------------------------------------------------------------------------------------------

@@@nowCommitHash = fb0c0737836a73eb162b564d72d13084008ff724
@@@oldCommitHash = 30c253b37b3a2687c33196d4bfb48fcb865ffcd8
调用depends完成
本次getDDG计算的运行时间（秒）：0.0
本次getCDG计算的运行时间（秒）：0.0
本次commit计算的运行时间（秒）：1.378
-------------------------------------------------------------------------------------------

@@@nowCommitHash = 30c253b37b3a2687c33196d4bfb48fcb865ffcd8
@@@oldCommitHash = 5390aef223a2c4e4f79bf98a8b592066e2afc811
调用depends完成
本次getDDG计算的运行时间（秒）：0.0
本次getCDG计算的运行时间（秒）：0.0
本次commit计算的运行时间（秒）：1.994
-------------------------------------------------------------------------------------------

@@@nowCommitHash = 5390aef223a2c4e4f79bf98a8b592066e2afc811
@@@oldCommitHash = 013851d898510de3ecea401c4548fa17c99b746e
调用depends完成
本次getDDG计算的运行时间（秒）：0.0
本次getCDG计算的运行时间（秒）：0.0
本次commit计算的运行时间（秒）：1.52
-------------------------------------------------------------------------------------------

@@@nowCommitHash = 013851d898510de3ecea401c4548fa17c99b746e
@@@oldCommitHash = 4150ac0592e29b885dce51d602cdddec853b4c13
调用depends完成
本次getDDG计算的运行时间（秒）：0.0
本次getCDG计算的运行时间（秒）：0.0
本次commit计算的运行时间（秒）：1.138
-------------------------------------------------------------------------------------------

@@@nowCommitHash = 4150ac0592e29b885dce51d602cdddec853b4c13
@@@oldCommitHash = 670f0456ba4f5067a1129b7c8c0e1dbfc1d3d52b
调用depends完成
本次getDDG计算的运行时间（秒）：0.0
本次getCDG计算的运行时间（秒）：0.0
本次commit计算的运行时间（秒）：1.913
-------------------------------------------------------------------------------------------

@@@nowCommitHash = 670f0456ba4f5067a1129b7c8c0e1dbfc1d3d52b
@@@oldCommitHash = 88a05247e16508df50168c47a773f8e61fba22ee
调用depends完成
本次getDDG计算的运行时间（秒）：0.0
本次getCDG计算的运行时间（秒）：0.0
本次commit计算的运行时间（秒）：1.244
-------------------------------------------------------------------------------------------

@@@nowCommitHash = 88a05247e16508df50168c47a773f8e61fba22ee
@@@oldCommitHash = 7b47b28d469808c99c89fcaacd78d44ae6b9ac6e
调用depends完成
本次getDDG计算的运行时间（秒）：0.0
本次getCDG计算的运行时间（秒）：0.0
本次commit计算的运行时间（秒）：1.354
-------------------------------------------------------------------------------------------

@@@nowCommitHash = 7b47b28d469808c99c89fcaacd78d44ae6b9ac6e
@@@oldCommitHash = 17ebfc529e450b81e87c7fa9c301f746eca93054
调用depends完成
本次getDDG计算的运行时间（秒）：0.0
本次getCDG计算的运行时间（秒）：0.0
本次commit计算的运行时间（秒）：1.847
-------------------------------------------------------------------------------------------

@@@nowCommitHash = 17ebfc529e450b81e87c7fa9c301f746eca93054
@@@oldCommitHash = 9496bb8475792ffd1cf695c26c0671df3640b9d2
调用depends完成
本次getDDG计算的运行时间（秒）：0.0
本次getCDG计算的运行时间（秒）：0.0
本次commit计算的运行时间（秒）：1.205
-------------------------------------------------------------------------------------------

@@@nowCommitHash = 9496bb8475792ffd1cf695c26c0671df3640b9d2
@@@oldCommitHash = 90f69c87b27b721ea8f0e23bdb4baf92bd7cde06
调用depends完成
本次getDDG计算的运行时间（秒）：0.0
本次getCDG计算的运行时间（秒）：0.0
本次commit计算的运行时间（秒）：1.137
-------------------------------------------------------------------------------------------

@@@nowCommitHash = 90f69c87b27b721ea8f0e23bdb4baf92bd7cde06
@@@oldCommitHash = 4ce032c92c6f1f7beaafbb5622647de8db93586f
调用depends完成
本次getDDG计算的运行时间（秒）：0.0
本次getCDG计算的运行时间（秒）：0.0
本次commit计算的运行时间（秒）：1.132
-------------------------------------------------------------------------------------------

@@@nowCommitHash = 4ce032c92c6f1f7beaafbb5622647de8db93586f
@@@oldCommitHash = 50f93ec18be8d6f49138825356051c4c0b60dce4
调用depends完成
本次getDDG计算的运行时间（秒）：0.0
本次getCDG计算的运行时间（秒）：0.0
本次commit计算的运行时间（秒）：1.407
-------------------------------------------------------------------------------------------

@@@nowCommitHash = 50f93ec18be8d6f49138825356051c4c0b60dce4
@@@oldCommitHash = 8e8774e6b5e817324c6f32cb618ac6cc697f9c82
调用depends完成
本次getDDG计算的运行时间（秒）：0.0
本次getCDG计算的运行时间（秒）：0.0
本次commit计算的运行时间（秒）：1.411
-------------------------------------------------------------------------------------------

@@@nowCommitHash = 92f757eee3e9f8f964b3cdbe6e878daf75e989f6
@@@oldCommitHash = bdc7f3b93e36a1601240dc65dcde526e76dd4ff1
调用depends完成
本次getDDG计算的运行时间（秒）：0.0
本次getCDG计算的运行时间（秒）：0.0
本次commit计算的运行时间（秒）：1.527
-------------------------------------------------------------------------------------------

@@@nowCommitHash = bdc7f3b93e36a1601240dc65dcde526e76dd4ff1
@@@oldCommitHash = c56c00c54935aca35ce3cf3e97fd6db3f6463509
调用depends完成
本次getDDG计算的运行时间（秒）：0.0
本次getCDG计算的运行时间（秒）：0.0
本次commit计算的运行时间（秒）：1.193
-------------------------------------------------------------------------------------------

@@@nowCommitHash = c56c00c54935aca35ce3cf3e97fd6db3f6463509
@@@oldCommitHash = 1eeca062f29f4fe6d63f9c4c59528891c40ec9cb
调用depends完成
本次getDDG计算的运行时间（秒）：0.0
本次getCDG计算的运行时间（秒）：0.0
本次commit计算的运行时间（秒）：1.539
-------------------------------------------------------------------------------------------

@@@nowCommitHash = 1eeca062f29f4fe6d63f9c4c59528891c40ec9cb
@@@oldCommitHash = 755b69ea3cc44557ed0517b7348ab16870a39975
调用depends完成
本次getDDG计算的运行时间（秒）：0.0
本次getCDG计算的运行时间（秒）：0.0
本次commit计算的运行时间（秒）：1.079
-------------------------------------------------------------------------------------------

@@@nowCommitHash = 755b69ea3cc44557ed0517b7348ab16870a39975
@@@oldCommitHash = 5164a4e7b4e122bd3f81db212f6d8ed4a681c583
调用depends完成
本次getDDG计算的运行时间（秒）：0.0
本次getCDG计算的运行时间（秒）：0.0
本次commit计算的运行时间（秒）：1.14
-------------------------------------------------------------------------------------------

@@@nowCommitHash = 5164a4e7b4e122bd3f81db212f6d8ed4a681c583
@@@oldCommitHash = e518d8db9ca6f8893ad5529f8e6cfaf9528becfa
调用depends完成
本次getDDG计算的运行时间（秒）：0.0
本次getCDG计算的运行时间（秒）：0.0
本次commit计算的运行时间（秒）：1.116
-------------------------------------------------------------------------------------------

@@@nowCommitHash = 29ba623ebeec67cd6e8d940b2fed9151c16e4daa
@@@oldCommitHash = aff1d2024c67a96b40e4f8b4c33d65af31cb6bb5
调用depends完成
本次getDDG计算的运行时间（秒）：0.0
本次getCDG计算的运行时间（秒）：0.0
本次commit计算的运行时间（秒）：1.355
-------------------------------------------------------------------------------------------

@@@nowCommitHash = aff1d2024c67a96b40e4f8b4c33d65af31cb6bb5
@@@oldCommitHash = 760795b6dfa6db8359aa9a4cd740a09ffb49b8f8
调用depends完成
本次getDDG计算的运行时间（秒）：0.0
本次getCDG计算的运行时间（秒）：0.0
本次commit计算的运行时间（秒）：2.5
-------------------------------------------------------------------------------------------

@@@nowCommitHash = 760795b6dfa6db8359aa9a4cd740a09ffb49b8f8
@@@oldCommitHash = d77112f608ed188a899acb2b9940118b19568768
调用depends完成
本次getDDG计算的运行时间（秒）：0.0
本次getCDG计算的运行时间（秒）：0.0
本次commit计算的运行时间（秒）：6.287
-------------------------------------------------------------------------------------------

@@@nowCommitHash = d77112f608ed188a899acb2b9940118b19568768
@@@oldCommitHash = fde3fca687e0e5aab5d67242f2523c112e623451
调用depends完成
本次getDDG计算的运行时间（秒）：0.0
本次getCDG计算的运行时间（秒）：0.0
本次commit计算的运行时间（秒）：2.453
-------------------------------------------------------------------------------------------

@@@nowCommitHash = fde3fca687e0e5aab5d67242f2523c112e623451
@@@oldCommitHash = 0805cfe582b377efdd48be1dc2e7af49d17a072f
调用depends完成
本次getDDG计算的运行时间（秒）：0.0
本次getCDG计算的运行时间（秒）：0.0
本次commit计算的运行时间（秒）：1.412
-------------------------------------------------------------------------------------------

@@@nowCommitHash = 0805cfe582b377efdd48be1dc2e7af49d17a072f
@@@oldCommitHash = 82432f50d9c068d3bf71476915f757017f366ce4
调用depends完成
本次getDDG计算的运行时间（秒）：0.0
本次getCDG计算的运行时间（秒）：0.0
本次commit计算的运行时间（秒）：2.609
-------------------------------------------------------------------------------------------

@@@nowCommitHash = 82432f50d9c068d3bf71476915f757017f366ce4
@@@oldCommitHash = 1c171e1446ad528c8cd951d488cc14d4cb8ceae1
调用depends完成
本次getDDG计算的运行时间（秒）：0.0
本次getCDG计算的运行时间（秒）：0.0
本次commit计算的运行时间（秒）：1.917
-------------------------------------------------------------------------------------------

@@@nowCommitHash = 8580d7fddfeede3e6dc0d2c68d767b62fb23b385
@@@oldCommitHash = 207265198395e4267200a200ab8acfc37aa78498
调用depends完成
本次getDDG计算的运行时间（秒）：0.0
本次getCDG计算的运行时间（秒）：0.0
本次commit计算的运行时间（秒）：2.885
-------------------------------------------------------------------------------------------

@@@nowCommitHash = 207265198395e4267200a200ab8acfc37aa78498
@@@oldCommitHash = e02467e3634315001d41180843ddd89056d5c886
调用depends完成
本次getDDG计算的运行时间（秒）：0.0
本次getCDG计算的运行时间（秒）：0.0
本次commit计算的运行时间（秒）：1.497
-------------------------------------------------------------------------------------------

@@@nowCommitHash = f36637dc2f2905e52df76b3e95e71a9732a06982
@@@oldCommitHash = f5d3c14afdb3a00ec4eb32ff2771f0a503171208
调用depends完成
本次getDDG计算的运行时间（秒）：0.0
本次getCDG计算的运行时间（秒）：0.0
本次commit计算的运行时间（秒）：2.885
-------------------------------------------------------------------------------------------

@@@nowCommitHash = f5d3c14afdb3a00ec4eb32ff2771f0a503171208
@@@oldCommitHash = 80f619351f71461856bb9b302941148e6d4c9be2
调用depends完成
本次getDDG计算的运行时间（秒）：0.0
本次getCDG计算的运行时间（秒）：0.0
本次commit计算的运行时间（秒）：1.297
-------------------------------------------------------------------------------------------

@@@nowCommitHash = bb04d078ad9672027efa02a4e16475e6bfd8ee0f
@@@oldCommitHash = b704baf4663b38bfc6b93be8bc56ea6757992523
调用depends完成
本次getDDG计算的运行时间（秒）：0.0
本次getCDG计算的运行时间（秒）：0.0
本次commit计算的运行时间（秒）：4.621
-------------------------------------------------------------------------------------------

@@@nowCommitHash = c4b2a8480df9899b432e2e7a38836b77008b394b
@@@oldCommitHash = d871112144e6eaf5900f907433a6d9fc85078a90
调用depends完成
本次getDDG计算的运行时间（秒）：0.0
本次getCDG计算的运行时间（秒）：0.0
本次commit计算的运行时间（秒）：1.204
-------------------------------------------------------------------------------------------

@@@nowCommitHash = b151df7e8ccd5dad31193eb8ad7a7f34e14efb07
@@@oldCommitHash = d8d7ad37a31a3aaf30eea5c08c1109aa5b3ca316
调用depends完成
本次getDDG计算的运行时间（秒）：0.0
本次getCDG计算的运行时间（秒）：0.0
本次commit计算的运行时间（秒）：1.112
-------------------------------------------------------------------------------------------

@@@nowCommitHash = d8d7ad37a31a3aaf30eea5c08c1109aa5b3ca316
@@@oldCommitHash = 09f50cd80c9cabc9f7532b6063fe67695f5484fa
调用depends完成
本次getDDG计算的运行时间（秒）：0.0
本次getCDG计算的运行时间（秒）：0.0
本次commit计算的运行时间（秒）：1.086
-------------------------------------------------------------------------------------------

@@@nowCommitHash = 09f50cd80c9cabc9f7532b6063fe67695f5484fa
@@@oldCommitHash = 13137eb6c7071d9753121bd3013a8ba273abbd48
调用depends完成
本次getDDG计算的运行时间（秒）：0.0
本次getCDG计算的运行时间（秒）：0.0
本次commit计算的运行时间（秒）：1.227
-------------------------------------------------------------------------------------------

@@@nowCommitHash = 13137eb6c7071d9753121bd3013a8ba273abbd48
@@@oldCommitHash = 656d0dd4f3b5ceefc649cb2bd0d952db65dd014c
调用depends完成
本次getDDG计算的运行时间（秒）：0.0
本次getCDG计算的运行时间（秒）：0.0
本次commit计算的运行时间（秒）：1.712
-------------------------------------------------------------------------------------------

@@@nowCommitHash = 656d0dd4f3b5ceefc649cb2bd0d952db65dd014c
@@@oldCommitHash = 58a17cc549a60b54d78edf6b4a25e92ad948c0da
调用depends完成
本次getDDG计算的运行时间（秒）：0.0
本次getCDG计算的运行时间（秒）：0.0
本次commit计算的运行时间（秒）：1.131
-------------------------------------------------------------------------------------------

@@@nowCommitHash = 58a17cc549a60b54d78edf6b4a25e92ad948c0da
@@@oldCommitHash = 8f31e6339de0bfdc282c1d2818c0befb3d309a7f
调用depends完成
本次getDDG计算的运行时间（秒）：0.0
本次getCDG计算的运行时间（秒）：0.0
本次commit计算的运行时间（秒）：1.262
-------------------------------------------------------------------------------------------

@@@nowCommitHash = 8f31e6339de0bfdc282c1d2818c0befb3d309a7f
@@@oldCommitHash = 935abae04e76f5de3971ad60b80dfc5d9985d8ad
调用depends完成
本次getDDG计算的运行时间（秒）：0.0
本次getCDG计算的运行时间（秒）：0.0
本次commit计算的运行时间（秒）：1.117
-------------------------------------------------------------------------------------------

@@@nowCommitHash = 935abae04e76f5de3971ad60b80dfc5d9985d8ad
@@@oldCommitHash = f5975881983f63560816b84038822751b9bb28e2
调用depends完成
本次getDDG计算的运行时间（秒）：0.0
本次getCDG计算的运行时间（秒）：0.0
本次commit计算的运行时间（秒）：1.12
-------------------------------------------------------------------------------------------

@@@nowCommitHash = f5975881983f63560816b84038822751b9bb28e2
@@@oldCommitHash = 3f09dbee5adb2d97ede378e30c568a07a5333768
调用depends完成
本次getDDG计算的运行时间（秒）：0.0
本次getCDG计算的运行时间（秒）：0.0
本次commit计算的运行时间（秒）：1.224
-------------------------------------------------------------------------------------------

@@@nowCommitHash = e0c049060b45dcb9b93b7802edee3e5e4301cae5
@@@oldCommitHash = 73c1530b3f99f8c06d73adb122bc9dd24279e27b
调用depends完成
本次getDDG计算的运行时间（秒）：0.0
本次getCDG计算的运行时间（秒）：0.0
本次commit计算的运行时间（秒）：1.121
-------------------------------------------------------------------------------------------

@@@nowCommitHash = 73c1530b3f99f8c06d73adb122bc9dd24279e27b
@@@oldCommitHash = bde58d6addd4d693aa5aedfafc1406e9952ff22b
调用depends完成
本次getDDG计算的运行时间（秒）：0.0
本次getCDG计算的运行时间（秒）：0.0
本次commit计算的运行时间（秒）：1.171
-------------------------------------------------------------------------------------------

@@@nowCommitHash = bde58d6addd4d693aa5aedfafc1406e9952ff22b
@@@oldCommitHash = 879a063b570bb9dd15022db01c855dc71304b0f8
调用depends完成
本次getDDG计算的运行时间（秒）：0.0
本次getCDG计算的运行时间（秒）：0.0
本次commit计算的运行时间（秒）：1.083
-------------------------------------------------------------------------------------------

@@@nowCommitHash = 879a063b570bb9dd15022db01c855dc71304b0f8
@@@oldCommitHash = 10e2deb21007279720bd93c8c10c5af1b987b951
调用depends完成
本次getDDG计算的运行时间（秒）：0.0
本次getCDG计算的运行时间（秒）：0.0
本次commit计算的运行时间（秒）：1.297
-------------------------------------------------------------------------------------------

@@@nowCommitHash = 10e2deb21007279720bd93c8c10c5af1b987b951
@@@oldCommitHash = 5875ca1c37e2cf9e1d283158e7ecc3b0d03afe70
调用depends完成
本次getDDG计算的运行时间（秒）：0.0
本次getCDG计算的运行时间（秒）：0.0
本次commit计算的运行时间（秒）：1.324
-------------------------------------------------------------------------------------------

@@@nowCommitHash = 5875ca1c37e2cf9e1d283158e7ecc3b0d03afe70
@@@oldCommitHash = 2404540f1f1963ab20c1edb06c2fc64ee377532c
调用depends完成
本次getDDG计算的运行时间（秒）：0.0
本次getCDG计算的运行时间（秒）：0.0
本次commit计算的运行时间（秒）：1.182
-------------------------------------------------------------------------------------------

@@@nowCommitHash = 2404540f1f1963ab20c1edb06c2fc64ee377532c
@@@oldCommitHash = e0c19c0b539b332ee3fe73e871463c6e19f9e16f
调用depends完成
本次getDDG计算的运行时间（秒）：0.0
本次getCDG计算的运行时间（秒）：0.0
本次commit计算的运行时间（秒）：1.774
-------------------------------------------------------------------------------------------

@@@nowCommitHash = e0c19c0b539b332ee3fe73e871463c6e19f9e16f
@@@oldCommitHash = 567b53d4b1130a2522970bb76f6c5eef8555435c
调用depends完成
本次getDDG计算的运行时间（秒）：0.0
本次getCDG计算的运行时间（秒）：0.0
本次commit计算的运行时间（秒）：1.114
-------------------------------------------------------------------------------------------

@@@nowCommitHash = 567b53d4b1130a2522970bb76f6c5eef8555435c
@@@oldCommitHash = 1174c240e29ca4f5e0609583545e3e98b3a91263
调用depends完成
本次getDDG计算的运行时间（秒）：0.0
本次getCDG计算的运行时间（秒）：0.0
本次commit计算的运行时间（秒）：1.293
-------------------------------------------------------------------------------------------

@@@nowCommitHash = 1174c240e29ca4f5e0609583545e3e98b3a91263
@@@oldCommitHash = d94495131ab2411aa701ab5b41fb7b3a6e40a04d
调用depends完成
本次getDDG计算的运行时间（秒）：0.0
本次getCDG计算的运行时间（秒）：0.0
本次commit计算的运行时间（秒）：1.656
-------------------------------------------------------------------------------------------

@@@nowCommitHash = d94495131ab2411aa701ab5b41fb7b3a6e40a04d
@@@oldCommitHash = 118e7359a15cc8664a0dc0a9503f7055404df74f
调用depends完成
本次getDDG计算的运行时间（秒）：0.0
本次getCDG计算的运行时间（秒）：0.0
本次commit计算的运行时间（秒）：1.491
-------------------------------------------------------------------------------------------

@@@nowCommitHash = 118e7359a15cc8664a0dc0a9503f7055404df74f
@@@oldCommitHash = 24321d26b2270154d1dc86692c4211cd4ac0ffc7
调用depends完成
本次getDDG计算的运行时间（秒）：0.0
本次getCDG计算的运行时间（秒）：0.0
本次commit计算的运行时间（秒）：1.331
-------------------------------------------------------------------------------------------

@@@nowCommitHash = d41d67fa942818cadac5fe5c984eeb70d1f0b574
@@@oldCommitHash = b6b89a7296cf5017b94e8996fd519c13764f1907
调用depends完成
本次getDDG计算的运行时间（秒）：0.0
本次getCDG计算的运行时间（秒）：0.0
本次commit计算的运行时间（秒）：1.13
-------------------------------------------------------------------------------------------

@@@nowCommitHash = b6b89a7296cf5017b94e8996fd519c13764f1907
@@@oldCommitHash = 8b29c0680bad805c2c7b529e186b7ffba3cac87f
调用depends完成
本次getDDG计算的运行时间（秒）：0.0
本次getCDG计算的运行时间（秒）：0.0
本次commit计算的运行时间（秒）：1.122
-------------------------------------------------------------------------------------------

@@@nowCommitHash = 8b29c0680bad805c2c7b529e186b7ffba3cac87f
@@@oldCommitHash = 3de88293fe665e67df1854152faaaa10d6b23ce3
调用depends完成
本次getDDG计算的运行时间（秒）：0.0
本次getCDG计算的运行时间（秒）：0.0
本次commit计算的运行时间（秒）：1.102
-------------------------------------------------------------------------------------------

@@@nowCommitHash = 3de88293fe665e67df1854152faaaa10d6b23ce3
@@@oldCommitHash = ea9c6ef9df5dae6a5f6a1a14347d39977f4a4296
调用depends完成
本次getDDG计算的运行时间（秒）：0.0
本次getCDG计算的运行时间（秒）：0.0
本次commit计算的运行时间（秒）：1.931
-------------------------------------------------------------------------------------------

@@@nowCommitHash = 8aea7da1dfdef6b2bc9db50c8c39c476f5ef42d3
@@@oldCommitHash = de5c6a237a7af88d7f3e127f8c9e41e8e38db7f6
调用depends完成
本次getDDG计算的运行时间（秒）：0.0
本次getCDG计算的运行时间（秒）：0.0
本次commit计算的运行时间（秒）：1.099
-------------------------------------------------------------------------------------------

@@@nowCommitHash = de5c6a237a7af88d7f3e127f8c9e41e8e38db7f6
@@@oldCommitHash = a0184188c1a7651e4fdd8d4bd899506be0927e30
调用depends完成
本次getDDG计算的运行时间（秒）：0.0
本次getCDG计算的运行时间（秒）：0.0
本次commit计算的运行时间（秒）：1.091
-------------------------------------------------------------------------------------------

@@@nowCommitHash = a0184188c1a7651e4fdd8d4bd899506be0927e30
@@@oldCommitHash = c39117e366378c6e248329464707a0b115638860
调用depends完成
本次getDDG计算的运行时间（秒）：0.0
本次getCDG计算的运行时间（秒）：0.0
本次commit计算的运行时间（秒）：1.095
-------------------------------------------------------------------------------------------

@@@nowCommitHash = c39117e366378c6e248329464707a0b115638860
@@@oldCommitHash = f2e9ad3b117ef5b1b250d8f1e121f67899045e0e
调用depends完成
本次getDDG计算的运行时间（秒）：0.0
本次getCDG计算的运行时间（秒）：0.0
本次commit计算的运行时间（秒）：1.133
-------------------------------------------------------------------------------------------

@@@nowCommitHash = f2e9ad3b117ef5b1b250d8f1e121f67899045e0e
@@@oldCommitHash = 744c9d8020f274cfc1fd690d1a3a692e7e7b36cf
调用depends完成
本次getDDG计算的运行时间（秒）：0.0
本次getCDG计算的运行时间（秒）：0.0
本次commit计算的运行时间（秒）：1.313
-------------------------------------------------------------------------------------------

@@@nowCommitHash = 4b295dff15d1eac091e6129b3a13f343885e7d0e
@@@oldCommitHash = e6a7fe8a0cc6c1f4324b6078435ab6578746f6cf
调用depends完成
本次getDDG计算的运行时间（秒）：0.0
本次getCDG计算的运行时间（秒）：0.0
本次commit计算的运行时间（秒）：1.424
-------------------------------------------------------------------------------------------

@@@nowCommitHash = e6a7fe8a0cc6c1f4324b6078435ab6578746f6cf
@@@oldCommitHash = 17fce4112c980cecd1d7148f058db92a5b98babb
调用depends完成
本次getDDG计算的运行时间（秒）：0.0
本次getCDG计算的运行时间（秒）：0.0
本次commit计算的运行时间（秒）：1.105
-------------------------------------------------------------------------------------------

@@@nowCommitHash = af3a7526d2beb4baf7fe28c992e5974738496642
@@@oldCommitHash = 004bc85934f4410fc89a7b5b4ee531444c14b827
调用depends完成
本次getDDG计算的运行时间（秒）：0.0
本次getCDG计算的运行时间（秒）：0.0
本次commit计算的运行时间（秒）：1.142
-------------------------------------------------------------------------------------------

@@@nowCommitHash = 0940d35602f505a9c0026ea7ef353971af5e4ab8
@@@oldCommitHash = c2e6f925722ed54958d6b2c70203dfdeafc6bfd6
调用depends完成
本次getDDG计算的运行时间（秒）：0.0
本次getCDG计算的运行时间（秒）：0.0
本次commit计算的运行时间（秒）：1.409
-------------------------------------------------------------------------------------------

@@@nowCommitHash = 3c9f1f85e1a17338281f97f153ca6b1804b2d664
@@@oldCommitHash = b71e2fcb83b469ab8c6688c29417e83d14d9bf40
调用depends完成
本次getDDG计算的运行时间（秒）：0.0
本次getCDG计算的运行时间（秒）：0.0
本次commit计算的运行时间（秒）：1.195
-------------------------------------------------------------------------------------------

@@@nowCommitHash = 6a02e818fff4c71ea11945e45f6e42aeb1e12a33
@@@oldCommitHash = 8285223560d9c83c6b7d3a3f00dd972fe26f928f
调用depends完成
本次getDDG计算的运行时间（秒）：0.0
本次getCDG计算的运行时间（秒）：0.0
本次commit计算的运行时间（秒）：1.516
-------------------------------------------------------------------------------------------

@@@nowCommitHash = 8285223560d9c83c6b7d3a3f00dd972fe26f928f
@@@oldCommitHash = a0b4dbb34bce311e894663227d0fae93e33b73f4
调用depends完成
本次getDDG计算的运行时间（秒）：0.0
本次getCDG计算的运行时间（秒）：0.0
本次commit计算的运行时间（秒）：2.761
-------------------------------------------------------------------------------------------

@@@nowCommitHash = a0b4dbb34bce311e894663227d0fae93e33b73f4
@@@oldCommitHash = d4308d0462e15c247502fca3c7d3883f5c96c853
调用depends完成
本次getDDG计算的运行时间（秒）：0.0
本次getCDG计算的运行时间（秒）：0.0
本次commit计算的运行时间（秒）：1.262
-------------------------------------------------------------------------------------------

@@@nowCommitHash = 36e1bde6ff77a08a0a3e01714ae3583f2283a2d8
@@@oldCommitHash = 25c124917bb3ea83c2ff00a6c076e12b260d455a
调用depends完成
本次getDDG计算的运行时间（秒）：0.0
本次getCDG计算的运行时间（秒）：0.0
本次commit计算的运行时间（秒）：1.982
-------------------------------------------------------------------------------------------

@@@nowCommitHash = 25c124917bb3ea83c2ff00a6c076e12b260d455a
@@@oldCommitHash = 8d5cfd326e4ef0970f1c25c34ad6c8f1299edcdb
调用depends完成
本次getDDG计算的运行时间（秒）：0.0
本次getCDG计算的运行时间（秒）：0.0
本次commit计算的运行时间（秒）：1.34
-------------------------------------------------------------------------------------------

@@@nowCommitHash = 8d5cfd326e4ef0970f1c25c34ad6c8f1299edcdb
@@@oldCommitHash = 22cf9671b139be6b49fceda7f43b2a9476fbd67c
调用depends完成
本次getDDG计算的运行时间（秒）：0.0
本次getCDG计算的运行时间（秒）：0.0
本次commit计算的运行时间（秒）：1.17
-------------------------------------------------------------------------------------------

@@@nowCommitHash = 22cf9671b139be6b49fceda7f43b2a9476fbd67c
@@@oldCommitHash = 689613eeb285a2d400f5565aa60508e9357b038c
调用depends完成
本次getDDG计算的运行时间（秒）：0.0
本次getCDG计算的运行时间（秒）：0.0
本次commit计算的运行时间（秒）：1.074
-------------------------------------------------------------------------------------------

@@@nowCommitHash = 871ee6bde7c47f0967a133c5ece867d679dddafa
@@@oldCommitHash = 51e2647d6cb51540a4048dbf67822a5febf9c926
调用depends完成
本次getDDG计算的运行时间（秒）：0.0
本次getCDG计算的运行时间（秒）：0.0
本次commit计算的运行时间（秒）：1.131
-------------------------------------------------------------------------------------------

@@@nowCommitHash = 75f9adea87cb5310229e8e2c0db15161343bf11c
@@@oldCommitHash = 712148ecc3cc088e1d674dd8ffaf45845b3d2e95
调用depends完成
本次getDDG计算的运行时间（秒）：0.0
本次getCDG计算的运行时间（秒）：0.0
本次commit计算的运行时间（秒）：1.093
-------------------------------------------------------------------------------------------

@@@nowCommitHash = 712148ecc3cc088e1d674dd8ffaf45845b3d2e95
@@@oldCommitHash = 956b8194ff792d07fbcf01853f18126dcf9e8264
调用depends完成
本次getDDG计算的运行时间（秒）：0.0
本次getCDG计算的运行时间（秒）：0.0
本次commit计算的运行时间（秒）：1.25
-------------------------------------------------------------------------------------------

@@@nowCommitHash = 956b8194ff792d07fbcf01853f18126dcf9e8264
@@@oldCommitHash = 400771a1a7caa61affcdad89a6b5f96fff8652a7
调用depends完成
本次getDDG计算的运行时间（秒）：0.0
本次getCDG计算的运行时间（秒）：0.0
本次commit计算的运行时间（秒）：1.094
-------------------------------------------------------------------------------------------

@@@nowCommitHash = 400771a1a7caa61affcdad89a6b5f96fff8652a7
@@@oldCommitHash = b7f851104afea252f910ee8ec39c8005be102df5
调用depends完成
本次getDDG计算的运行时间（秒）：0.0
本次getCDG计算的运行时间（秒）：0.0
本次commit计算的运行时间（秒）：1.1
-------------------------------------------------------------------------------------------

@@@nowCommitHash = b7f851104afea252f910ee8ec39c8005be102df5
@@@oldCommitHash = 460abd7474e1a700f387298dedfb9fc217388389
调用depends完成
本次getDDG计算的运行时间（秒）：0.0
本次getCDG计算的运行时间（秒）：0.0
本次commit计算的运行时间（秒）：1.459
-------------------------------------------------------------------------------------------

@@@nowCommitHash = 460abd7474e1a700f387298dedfb9fc217388389
@@@oldCommitHash = bf1822c55e2729623ac5dd8e758fb0df4d9f5026
调用depends完成
本次getDDG计算的运行时间（秒）：0.0
本次getCDG计算的运行时间（秒）：0.0
本次commit计算的运行时间（秒）：1.117
-------------------------------------------------------------------------------------------

@@@nowCommitHash = bf1822c55e2729623ac5dd8e758fb0df4d9f5026
@@@oldCommitHash = f6333a5001450ec68b47bdb019e78b97a74f25f2
调用depends完成
本次getDDG计算的运行时间（秒）：0.0
本次getCDG计算的运行时间（秒）：0.0
本次commit计算的运行时间（秒）：1.255
-------------------------------------------------------------------------------------------

@@@nowCommitHash = f6333a5001450ec68b47bdb019e78b97a74f25f2
@@@oldCommitHash = 1cd0f7374610809871ca44549cfd3390887d1bb2
调用depends完成
本次getDDG计算的运行时间（秒）：0.0
本次getCDG计算的运行时间（秒）：0.0
本次commit计算的运行时间（秒）：1.09
-------------------------------------------------------------------------------------------

@@@nowCommitHash = c9489606d5ae6ff3af6eac9f407260b3e1f4dca0
@@@oldCommitHash = f8fa3f3667bd5168a119bd8eeb286cd817e1f4b6
调用depends完成
本次getDDG计算的运行时间（秒）：0.0
本次getCDG计算的运行时间（秒）：0.0
本次commit计算的运行时间（秒）：1.21
-------------------------------------------------------------------------------------------

@@@nowCommitHash = feb0377476eb6354288b969648e57414ca1deab0
@@@oldCommitHash = 65c6c250708b409bc4eca8a16a9e5e8bd9870ffc
调用depends完成
本次getDDG计算的运行时间（秒）：0.0
本次getCDG计算的运行时间（秒）：0.0
本次commit计算的运行时间（秒）：1.193
-------------------------------------------------------------------------------------------

@@@nowCommitHash = 65c6c250708b409bc4eca8a16a9e5e8bd9870ffc
@@@oldCommitHash = 1026a1e55880f59a2dafb654347cc120f234ceaf
调用depends完成
本次getDDG计算的运行时间（秒）：0.0
本次getCDG计算的运行时间（秒）：0.0
本次commit计算的运行时间（秒）：1.092
-------------------------------------------------------------------------------------------

@@@nowCommitHash = 1026a1e55880f59a2dafb654347cc120f234ceaf
@@@oldCommitHash = e73b33c18bff8daf701b115b56b5d6557131c58d
调用depends完成
本次getDDG计算的运行时间（秒）：0.0
本次getCDG计算的运行时间（秒）：0.0
本次commit计算的运行时间（秒）：1.121
-------------------------------------------------------------------------------------------

@@@nowCommitHash = e73b33c18bff8daf701b115b56b5d6557131c58d
@@@oldCommitHash = a2df6f1e325fc528e02cdb6a099209edb10620b2
调用depends完成
本次getDDG计算的运行时间（秒）：0.0
本次getCDG计算的运行时间（秒）：0.0
本次commit计算的运行时间（秒）：1.156
-------------------------------------------------------------------------------------------

@@@nowCommitHash = a2df6f1e325fc528e02cdb6a099209edb10620b2
@@@oldCommitHash = f9b46db6e0d7bbd753bce13e90f70ecf12713e45
调用depends完成
本次getDDG计算的运行时间（秒）：0.0
本次getCDG计算的运行时间（秒）：0.0
本次commit计算的运行时间（秒）：1.1
-------------------------------------------------------------------------------------------

@@@nowCommitHash = f9b46db6e0d7bbd753bce13e90f70ecf12713e45
@@@oldCommitHash = 12a6579513ffc9f36ef41a8d18fc456ab8ccf7e8
调用depends完成
本次getDDG计算的运行时间（秒）：0.0
本次getCDG计算的运行时间（秒）：0.0
本次commit计算的运行时间（秒）：1.124
-------------------------------------------------------------------------------------------

@@@nowCommitHash = 12a6579513ffc9f36ef41a8d18fc456ab8ccf7e8
@@@oldCommitHash = 918ac1535f37c47a2230f14b6404d411ee7df91e
调用depends完成
本次getDDG计算的运行时间（秒）：0.0
本次getCDG计算的运行时间（秒）：0.0
本次commit计算的运行时间（秒）：1.089
-------------------------------------------------------------------------------------------

@@@nowCommitHash = 918ac1535f37c47a2230f14b6404d411ee7df91e
@@@oldCommitHash = 6395fa7c79b62f99d0c114702dc0bcc8a5ef97ad
调用depends完成
本次getDDG计算的运行时间（秒）：0.0
本次getCDG计算的运行时间（秒）：0.0
本次commit计算的运行时间（秒）：1.294
-------------------------------------------------------------------------------------------

@@@nowCommitHash = 6395fa7c79b62f99d0c114702dc0bcc8a5ef97ad
@@@oldCommitHash = 0524eed4b9272c3e88447f1442db90a85d772b49
调用depends完成
本次getDDG计算的运行时间（秒）：0.0
本次getCDG计算的运行时间（秒）：0.0
本次commit计算的运行时间（秒）：1.138
-------------------------------------------------------------------------------------------

@@@nowCommitHash = 0524eed4b9272c3e88447f1442db90a85d772b49
@@@oldCommitHash = ee26e23b31011b641b1bbc646fe38d42d0e72d00
调用depends完成
本次getDDG计算的运行时间（秒）：0.0
本次getCDG计算的运行时间（秒）：0.0
本次commit计算的运行时间（秒）：1.13
-------------------------------------------------------------------------------------------

@@@nowCommitHash = ee26e23b31011b641b1bbc646fe38d42d0e72d00
@@@oldCommitHash = ee5437c1f1467474e3f232ff25355feba73496ec
调用depends完成
本次getDDG计算的运行时间（秒）：0.0
本次getCDG计算的运行时间（秒）：0.0
本次commit计算的运行时间（秒）：1.194
-------------------------------------------------------------------------------------------

@@@nowCommitHash = ee5437c1f1467474e3f232ff25355feba73496ec
@@@oldCommitHash = 5000f3469062f74db3afaed9f5b5bedade107049
调用depends完成
本次getDDG计算的运行时间（秒）：0.0
本次getCDG计算的运行时间（秒）：0.0
本次commit计算的运行时间（秒）：1.136
----------------------------------------------------------------------------------------------
IN python!!!!
Commit Hash: 944e308a52e985e2498287a82f71dd4e03fc1724 scoreOfCommitBefore = 4591.206545797321 scoreOfCommitAfter = 57.067860152984075
Commit Hash: 3bd017cb0a772f0c33d22dc1f8fd40012d33dab9 scoreOfCommitBefore = 893.1795275265742 scoreOfCommitAfter = 65.8672006093793
Commit Hash: 91a93accd70fc8ef91a68b6dbfe6d211e7679719 scoreOfCommitBefore = 0.0 scoreOfCommitAfter = 0.0
Commit Hash: 9e0ff508e82fcdf8b8e6edfe5885dae06d48f638 scoreOfCommitBefore = 2.5012850206766344 scoreOfCommitAfter = 22.95432272377917
Commit Hash: 26dcc6f914999aa3b07ede45e0717ad2e60053a0 scoreOfCommitBefore = 12193.843020504233 scoreOfCommitAfter = 397.31681430296044
Commit Hash: db47570efefe32054f6d5a45cf0023e9d6927338 scoreOfCommitBefore = 3708.860100472648 scoreOfCommitAfter = 87.11381125518358
Commit Hash: 34327ae83e0055a4ebc354677f446c23d793e119 scoreOfCommitBefore = 0.0 scoreOfCommitAfter = 9.838864726728904
Commit Hash: daac18619a5fea8a68a0eff17037a46d364a8d43 scoreOfCommitBefore = 130.81099640770978 scoreOfCommitAfter = 41.8787536297034
Commit Hash: 62fb4bcbe09c5fb002dcebe408c7bd1d1c0990f4 scoreOfCommitBefore = 10910.319018163314 scoreOfCommitAfter = 80.2470698597992
Commit Hash: 36678c44dc0e43906908f68bc4ffbb5ae615f40d scoreOfCommitBefore = 0.0 scoreOfCommitAfter = 0.0
Commit Hash: 94017237b2046574267f46bf6f441bc560378b58 scoreOfCommitBefore = 3575.6482807871885 scoreOfCommitAfter = 54.88976114624792
Commit Hash: c395aad5adb4e9ee312559937c08382ea8215e7c scoreOfCommitBefore = 0.0 scoreOfCommitAfter = 10.067038231603165
Commit Hash: f00ce5da9ef8b0de42717e62ccdbf30765e25af3 scoreOfCommitBefore = 54905.25148848859 scoreOfCommitAfter = 534.190646804025
Commit Hash: a3bbcc82ae9ad126ae1d0cb7b0839c288ed05c70 scoreOfCommitBefore = 0.0 scoreOfCommitAfter = 185.317841939206
Commit Hash: 5f9bc347ee6a2191b2ad10eb2e0ed4c19d35f83d scoreOfCommitBefore = 0.0 scoreOfCommitAfter = 10.313986808354333
Commit Hash: 6a487ba686bafed9c642069e6046337af1bfd3a6 scoreOfCommitBefore = 13666.364287563814 scoreOfCommitAfter = 141.2217423295512
Commit Hash: 23bb9b89deb6d09a29dd87ac9cb0ed7b864ae910 scoreOfCommitBefore = 2753.090705074323 scoreOfCommitAfter = 53.23380374566905
Commit Hash: 04aeaa5bcdd63d6a21ea8ce64e27066da689683c scoreOfCommitBefore = 6158.743607689823 scoreOfCommitAfter = 138.1307668613677
Commit Hash: 157174543fb28cf701937e4a377fc851ad3e0f3a scoreOfCommitBefore = 0.0 scoreOfCommitAfter = 67.64115073191154
Commit Hash: 19626731c0016f6a0dccaabad8ff2eac00c416a3 scoreOfCommitBefore = 21820.495074171125 scoreOfCommitAfter = 282.57416860140404
Commit Hash: b9a6b5ed897c0a4cafc52d96dd88c6eceac3797f scoreOfCommitBefore = 1540.3632376176988 scoreOfCommitAfter = 64.20153779648538
Commit Hash: 8881ef4b3fe80245ce0057eb7d6863ec4265ff71 scoreOfCommitBefore = 2.6601108717717135 scoreOfCommitAfter = 10.939595296331666
Commit Hash: 235900eb57e3a7cdf84021858062025aab861338 scoreOfCommitBefore = 1206.4113601917825 scoreOfCommitAfter = 24.50816655590824
Commit Hash: 75e8dc6f9bf8b2e80924bf6d0420790c20ad97fa scoreOfCommitBefore = 0.0 scoreOfCommitAfter = 10.257523829009305
Commit Hash: d4c0e961ab69a8e170534b290bfd9276dcdf0078 scoreOfCommitBefore = 0.0 scoreOfCommitAfter = 10.199939772025063
Commit Hash: 3ee994b25c9974f9de16c71506b15ea1991febf5 scoreOfCommitBefore = 0.0 scoreOfCommitAfter = 13.656726959989074
Commit Hash: 9e876e7ff004608bc74a9b723195119123ee6625 scoreOfCommitBefore = 0.0 scoreOfCommitAfter = 10.417236227713005
Commit Hash: d2a9977290d05868c94ee027cfa3ef472b159dcd scoreOfCommitBefore = 0.0 scoreOfCommitAfter = 11.046531786388865
Commit Hash: dd0bbda07091d1f5532cf998ed91c90751049d33 scoreOfCommitBefore = 0.0 scoreOfCommitAfter = 14.084419030026481
Commit Hash: e6ad081b3c1612a538f0108813cd7c10870d26f9 scoreOfCommitBefore = 682.6659515525715 scoreOfCommitAfter = 169.72393595857795
Commit Hash: 19571aa20755f14984410aa0b3f1a1b3b4c146ec scoreOfCommitBefore = 0.0 scoreOfCommitAfter = 9.958657614335072
Commit Hash: 6ba9b4acdcba411a035503e3eae9e17b64bcc59b scoreOfCommitBefore = 0.0 scoreOfCommitAfter = 63.549128425293574
Commit Hash: 4c464b2432525102ad293c20e636970176b74c28 scoreOfCommitBefore = 101.07266928621274 scoreOfCommitAfter = 10.737402092031736
Commit Hash: c091c05b72ee2f773af1623da29638a797813459 scoreOfCommitBefore = 2497.3697733337044 scoreOfCommitAfter = 113.46332668935986
Commit Hash: f8f5bbda872e425dee4df07234f2d4e3e52f3b66 scoreOfCommitBefore = 10151.987468782807 scoreOfCommitAfter = 267.7335742797342
Commit Hash: d323e0d68475e6b04df59bc268df832480e2dc4a scoreOfCommitBefore = 57864.304806203036 scoreOfCommitAfter = 2726.2379048362027
Commit Hash: 0a42d173ef7ae4497439cf52d75d43ef51e46541 scoreOfCommitBefore = 981001.1012811294 scoreOfCommitAfter = 12122.817501565269
Commit Hash: ef9f8ba9ab13bb2f67163199a309ee223e012949 scoreOfCommitBefore = 65080.810666259335 scoreOfCommitAfter = 40.28367507039543
Commit Hash: d2c59fd5e40409248b4c9eb876d67249ac881a1d scoreOfCommitBefore = 1487.4749627349865 scoreOfCommitAfter = 27.44268203144857
Commit Hash: af2cc82e823d696d874b561fa3d81c754b6fa04d scoreOfCommitBefore = 3099.739445943821 scoreOfCommitAfter = 60.80994811088385
Commit Hash: f055b3e83bffa4401fcbec9a19f694f84ec760ea scoreOfCommitBefore = 0.0 scoreOfCommitAfter = 0.0
Commit Hash: e09c5d0691a23ef06e36bae6986c8fe373580eb7 scoreOfCommitBefore = 0.0 scoreOfCommitAfter = 60.58488668602364
Commit Hash: 4d0caa4f423aadfb0fabc87c11a9962f5c7e4d7a scoreOfCommitBefore = 1353.9117600968111 scoreOfCommitAfter = 261.5490659028393
Commit Hash: 0e8adf79dcc82e8ddeb24f5c9988138619845c03 scoreOfCommitBefore = 205506.7084708256 scoreOfCommitAfter = 1121.0670982980132
Commit Hash: 3dd37952bce9cc9bef78e248958f628e21d96b75 scoreOfCommitBefore = 97444.08005335588 scoreOfCommitAfter = 3649.600162820948
Commit Hash: 58386f857bf09f320aea4baa6715e1304bdfc1d0 scoreOfCommitBefore = 0.0 scoreOfCommitAfter = 0.0
Commit Hash: 0289c78e8df1827c9fe04aca15d098e876abfdfe scoreOfCommitBefore = 0.0 scoreOfCommitAfter = 0.0
Commit Hash: 000fa7bc102fc44272b8c89ac63a43453b62a560 scoreOfCommitBefore = 0.0 scoreOfCommitAfter = 0.0
Commit Hash: 1fb79b96f6b79d8146333c4e21f187b74f06d698 scoreOfCommitBefore = 0.0 scoreOfCommitAfter = 42.67695026374285
Commit Hash: dfc2086d2416af22eb97fc1a601aaadb486a5378 scoreOfCommitBefore = 149404.00169549006 scoreOfCommitAfter = 1745.416088876359
Commit Hash: ffc8cd7585f13689170bae1e1b894f649b6581a7 scoreOfCommitBefore = 56445.04856601085 scoreOfCommitAfter = 110.6773305417841
Commit Hash: a02455acb31ad7e676130d46d6a04bd97b76e957 scoreOfCommitBefore = 0.0 scoreOfCommitAfter = 218.06160666835032
Commit Hash: fff097615bea52776a9bac3df1751d1965ddea9a scoreOfCommitBefore = 0.0 scoreOfCommitAfter = 34.820948560283185
Commit Hash: 277c7228c3c626b93b298dc94aee4a7895851715 scoreOfCommitBefore = 433.6903757629169 scoreOfCommitAfter = 11.676593178854702
Commit Hash: 012429391ca318076a9dde8e9053653d9a3c9af6 scoreOfCommitBefore = 0.0 scoreOfCommitAfter = 10.23542123362149
Commit Hash: bc7aae743ac7705f58af0ea9943ad464cb8e70d7 scoreOfCommitBefore = 0.0 scoreOfCommitAfter = 43.82059379114723
Commit Hash: 238401731bbc53dc1aac23a58447b199ed4c5db5 scoreOfCommitBefore = 1.3106218902903022 scoreOfCommitAfter = 10.499043778846776
Commit Hash: 8b73f6b83ca85193662b26204cf57d8d025a8465 scoreOfCommitBefore = 201.98403146160845 scoreOfCommitAfter = 43.524430602911636
Commit Hash: b10d43f2bb810913c421eb1ad6fe08b277692750 scoreOfCommitBefore = 107207.75347856316 scoreOfCommitAfter = 1196.538838856184
Commit Hash: 445d4271f9bc9061e2c98cd25a5f020fc4ff05e3 scoreOfCommitBefore = 0.0 scoreOfCommitAfter = 0.0
Commit Hash: b6ae693fe5a86ba9a8390bd209a71a32a1922226 scoreOfCommitBefore = 11.934411482174351 scoreOfCommitAfter = 116.64505471412927
Commit Hash: 4dd7cefbde157b76baf245fb71fdbf607ee5c5b4 scoreOfCommitBefore = 0.0 scoreOfCommitAfter = 61.88199857718786
Commit Hash: fb0c0737836a73eb162b564d72d13084008ff724 scoreOfCommitBefore = 0.0 scoreOfCommitAfter = 111.9217441769996
Commit Hash: 30c253b37b3a2687c33196d4bfb48fcb865ffcd8 scoreOfCommitBefore = 3200.5875538391283 scoreOfCommitAfter = 635.6489415735488
Commit Hash: 5390aef223a2c4e4f79bf98a8b592066e2afc811 scoreOfCommitBefore = 3271.83130548707 scoreOfCommitAfter = 119.0142617980688
Commit Hash: 013851d898510de3ecea401c4548fa17c99b746e scoreOfCommitBefore = 0.0 scoreOfCommitAfter = 52.27376448560884
Commit Hash: 4150ac0592e29b885dce51d602cdddec853b4c13 scoreOfCommitBefore = 40391.09031490074 scoreOfCommitAfter = 556.0794026765343
Commit Hash: 670f0456ba4f5067a1129b7c8c0e1dbfc1d3d52b scoreOfCommitBefore = 0.0 scoreOfCommitAfter = 76.6501810058009
Commit Hash: 88a05247e16508df50168c47a773f8e61fba22ee scoreOfCommitBefore = 0.0 scoreOfCommitAfter = 450.6459375751197
Commit Hash: 7b47b28d469808c99c89fcaacd78d44ae6b9ac6e scoreOfCommitBefore = 128984.83105648891 scoreOfCommitAfter = 965.6964166768389
Commit Hash: 17ebfc529e450b81e87c7fa9c301f746eca93054 scoreOfCommitBefore = 3916.622302681572 scoreOfCommitAfter = 39.9121368873407
Commit Hash: 9496bb8475792ffd1cf695c26c0671df3640b9d2 scoreOfCommitBefore = 7205.234525003173 scoreOfCommitAfter = 44.27705812627673
Commit Hash: 90f69c87b27b721ea8f0e23bdb4baf92bd7cde06 scoreOfCommitBefore = 0.0 scoreOfCommitAfter = 28.471025640681013
Commit Hash: 4ce032c92c6f1f7beaafbb5622647de8db93586f scoreOfCommitBefore = 7984.377086912693 scoreOfCommitAfter = 152.25168683829122
Commit Hash: 50f93ec18be8d6f49138825356051c4c0b60dce4 scoreOfCommitBefore = 77704.28541986736 scoreOfCommitAfter = 381.98359364911715
Commit Hash: 92f757eee3e9f8f964b3cdbe6e878daf75e989f6 scoreOfCommitBefore = 12704.674404656564 scoreOfCommitAfter = 255.37763165635351
Commit Hash: bdc7f3b93e36a1601240dc65dcde526e76dd4ff1 scoreOfCommitBefore = 89.95403103279645 scoreOfCommitAfter = 82.31187635385618
Commit Hash: c56c00c54935aca35ce3cf3e97fd6db3f6463509 scoreOfCommitBefore = 10972.004743479138 scoreOfCommitAfter = 226.72215963705142
Commit Hash: 1eeca062f29f4fe6d63f9c4c59528891c40ec9cb scoreOfCommitBefore = 0.0 scoreOfCommitAfter = 0.0
Commit Hash: 755b69ea3cc44557ed0517b7348ab16870a39975 scoreOfCommitBefore = 324.0 scoreOfCommitAfter = 23.487051379300368
Commit Hash: 5164a4e7b4e122bd3f81db212f6d8ed4a681c583 scoreOfCommitBefore = 0.0 scoreOfCommitAfter = 29.38592727428798
Commit Hash: 29ba623ebeec67cd6e8d940b2fed9151c16e4daa scoreOfCommitBefore = 1253.00056385451 scoreOfCommitAfter = 168.65960933503524
Commit Hash: aff1d2024c67a96b40e4f8b4c33d65af31cb6bb5 scoreOfCommitBefore = 188396.92887502676 scoreOfCommitAfter = 680.6095594927741
Commit Hash: 760795b6dfa6db8359aa9a4cd740a09ffb49b8f8 scoreOfCommitBefore = 1955.0239595686492 scoreOfCommitAfter = 3375.495670214502
Commit Hash: d77112f608ed188a899acb2b9940118b19568768 scoreOfCommitBefore = 556719.356857035 scoreOfCommitAfter = 909.4638983236097
Commit Hash: fde3fca687e0e5aab5d67242f2523c112e623451 scoreOfCommitBefore = 1576.6331660030148 scoreOfCommitAfter = 117.73034856300963
Commit Hash: 0805cfe582b377efdd48be1dc2e7af49d17a072f scoreOfCommitBefore = 34993.34419370677 scoreOfCommitAfter = 1280.7100916708798
Commit Hash: 82432f50d9c068d3bf71476915f757017f366ce4 scoreOfCommitBefore = 6052.871822264186 scoreOfCommitAfter = 772.7154812309433
Commit Hash: 8580d7fddfeede3e6dc0d2c68d767b62fb23b385 scoreOfCommitBefore = 1259.2262616414691 scoreOfCommitAfter = 1818.9788553581097
Commit Hash: 207265198395e4267200a200ab8acfc37aa78498 scoreOfCommitBefore = 0.0 scoreOfCommitAfter = 224.88687245135844
Commit Hash: f36637dc2f2905e52df76b3e95e71a9732a06982 scoreOfCommitBefore = 7613.1779567012045 scoreOfCommitAfter = 1006.4955481375173
Commit Hash: f5d3c14afdb3a00ec4eb32ff2771f0a503171208 scoreOfCommitBefore = 815.3792741977535 scoreOfCommitAfter = 140.7844666199291
Commit Hash: bb04d078ad9672027efa02a4e16475e6bfd8ee0f scoreOfCommitBefore = 453464.03533713386 scoreOfCommitAfter = 2636.003134580606
Commit Hash: c4b2a8480df9899b432e2e7a38836b77008b394b scoreOfCommitBefore = 900.368522814698 scoreOfCommitAfter = 8.008781518028757
Commit Hash: b151df7e8ccd5dad31193eb8ad7a7f34e14efb07 scoreOfCommitBefore = 7136.315786936018 scoreOfCommitAfter = 24.304744846543805
Commit Hash: d8d7ad37a31a3aaf30eea5c08c1109aa5b3ca316 scoreOfCommitBefore = 3550.213471146443 scoreOfCommitAfter = 15.985763121986812
Commit Hash: 09f50cd80c9cabc9f7532b6063fe67695f5484fa scoreOfCommitBefore = 5057.273912285971 scoreOfCommitAfter = 222.33551072020234
Commit Hash: 13137eb6c7071d9753121bd3013a8ba273abbd48 scoreOfCommitBefore = 9516.13520750848 scoreOfCommitAfter = 191.1733454890056
Commit Hash: 656d0dd4f3b5ceefc649cb2bd0d952db65dd014c scoreOfCommitBefore = 4516.780346506661 scoreOfCommitAfter = 87.35114498294004
Commit Hash: 58a17cc549a60b54d78edf6b4a25e92ad948c0da scoreOfCommitBefore = 12752.823410346893 scoreOfCommitAfter = 101.4202074196238
Commit Hash: 8f31e6339de0bfdc282c1d2818c0befb3d309a7f scoreOfCommitBefore = 0.0 scoreOfCommitAfter = 20.619110361191225
Commit Hash: 935abae04e76f5de3971ad60b80dfc5d9985d8ad scoreOfCommitBefore = 0.0 scoreOfCommitAfter = 14.29722152381154
Commit Hash: f5975881983f63560816b84038822751b9bb28e2 scoreOfCommitBefore = 24551.249717652103 scoreOfCommitAfter = 46.419253724313435
Commit Hash: e0c049060b45dcb9b93b7802edee3e5e4301cae5 scoreOfCommitBefore = 0.0 scoreOfCommitAfter = 0.0
Commit Hash: 73c1530b3f99f8c06d73adb122bc9dd24279e27b scoreOfCommitBefore = 8454.470118111873 scoreOfCommitAfter = 47.583668930677945
Commit Hash: bde58d6addd4d693aa5aedfafc1406e9952ff22b scoreOfCommitBefore = 567.8543507788592 scoreOfCommitAfter = 23.902726538001556
Commit Hash: 879a063b570bb9dd15022db01c855dc71304b0f8 scoreOfCommitBefore = 3654.8270992284465 scoreOfCommitAfter = 103.8896616222913
Commit Hash: 10e2deb21007279720bd93c8c10c5af1b987b951 scoreOfCommitBefore = 3042.1115038156317 scoreOfCommitAfter = 90.4573811123377
Commit Hash: 5875ca1c37e2cf9e1d283158e7ecc3b0d03afe70 scoreOfCommitBefore = 0.0 scoreOfCommitAfter = 73.7241176338283
Commit Hash: 2404540f1f1963ab20c1edb06c2fc64ee377532c scoreOfCommitBefore = 127764.86538466948 scoreOfCommitAfter = 963.2253716122775
Commit Hash: e0c19c0b539b332ee3fe73e871463c6e19f9e16f scoreOfCommitBefore = 0.0 scoreOfCommitAfter = 0.0
Commit Hash: 567b53d4b1130a2522970bb76f6c5eef8555435c scoreOfCommitBefore = 65433.441750028884 scoreOfCommitAfter = 220.01515344273665
Commit Hash: 1174c240e29ca4f5e0609583545e3e98b3a91263 scoreOfCommitBefore = 84887.41569799656 scoreOfCommitAfter = 1915.1927933176464
Commit Hash: d94495131ab2411aa701ab5b41fb7b3a6e40a04d scoreOfCommitBefore = 1476.0895669006734 scoreOfCommitAfter = 538.5977494511246
Commit Hash: 118e7359a15cc8664a0dc0a9503f7055404df74f scoreOfCommitBefore = 4161.708367134634 scoreOfCommitAfter = 57.27853403705492
Commit Hash: d41d67fa942818cadac5fe5c984eeb70d1f0b574 scoreOfCommitBefore = 443.08617974165867 scoreOfCommitAfter = 59.28975771942017
Commit Hash: b6b89a7296cf5017b94e8996fd519c13764f1907 scoreOfCommitBefore = 0.0 scoreOfCommitAfter = 34.90305810192937
Commit Hash: 8b29c0680bad805c2c7b529e186b7ffba3cac87f scoreOfCommitBefore = 0.0 scoreOfCommitAfter = 28.804799012806875
Commit Hash: 3de88293fe665e67df1854152faaaa10d6b23ce3 scoreOfCommitBefore = 5648.266563666608 scoreOfCommitAfter = 412.17496169725916
Commit Hash: 8aea7da1dfdef6b2bc9db50c8c39c476f5ef42d3 scoreOfCommitBefore = 0.0 scoreOfCommitAfter = 11.366553741102955
Commit Hash: de5c6a237a7af88d7f3e127f8c9e41e8e38db7f6 scoreOfCommitBefore = 0.0 scoreOfCommitAfter = 0.0
Commit Hash: a0184188c1a7651e4fdd8d4bd899506be0927e30 scoreOfCommitBefore = 2054.3513141772028 scoreOfCommitAfter = 27.09525099996413
Commit Hash: c39117e366378c6e248329464707a0b115638860 scoreOfCommitBefore = 0.0 scoreOfCommitAfter = 32.898949704115836
Commit Hash: f2e9ad3b117ef5b1b250d8f1e121f67899045e0e scoreOfCommitBefore = 8.024826184741768 scoreOfCommitAfter = 97.9877702643846
Commit Hash: 4b295dff15d1eac091e6129b3a13f343885e7d0e scoreOfCommitBefore = 0.0 scoreOfCommitAfter = 190.32027166555937
Commit Hash: e6a7fe8a0cc6c1f4324b6078435ab6578746f6cf scoreOfCommitBefore = 625.7484006771946 scoreOfCommitAfter = 23.05972268193087
Commit Hash: af3a7526d2beb4baf7fe28c992e5974738496642 scoreOfCommitBefore = 16686.87354406146 scoreOfCommitAfter = 30.66928390373169
Commit Hash: 0940d35602f505a9c0026ea7ef353971af5e4ab8 scoreOfCommitBefore = 6919.225839367801 scoreOfCommitAfter = 195.5996339907278
Commit Hash: 3c9f1f85e1a17338281f97f153ca6b1804b2d664 scoreOfCommitBefore = 5049.358355491354 scoreOfCommitAfter = 71.86869193535108
Commit Hash: 6a02e818fff4c71ea11945e45f6e42aeb1e12a33 scoreOfCommitBefore = 3.640009496456865 scoreOfCommitAfter = 11.142981167013833
Commit Hash: 8285223560d9c83c6b7d3a3f00dd972fe26f928f scoreOfCommitBefore = 49448.83726556291 scoreOfCommitAfter = 1098.7075518866752
Commit Hash: a0b4dbb34bce311e894663227d0fae93e33b73f4 scoreOfCommitBefore = 12718.302117789088 scoreOfCommitAfter = 328.41213904341265
Commit Hash: 36e1bde6ff77a08a0a3e01714ae3583f2283a2d8 scoreOfCommitBefore = 2754.193633465431 scoreOfCommitAfter = 259.0477236727504
Commit Hash: 25c124917bb3ea83c2ff00a6c076e12b260d455a scoreOfCommitBefore = 49370.48152928099 scoreOfCommitAfter = 135.01643761398762
Commit Hash: 8d5cfd326e4ef0970f1c25c34ad6c8f1299edcdb scoreOfCommitBefore = 2226.638661290828 scoreOfCommitAfter = 117.67863860906407
Commit Hash: 22cf9671b139be6b49fceda7f43b2a9476fbd67c scoreOfCommitBefore = 407.7833209118354 scoreOfCommitAfter = 43.72546885704151
Commit Hash: 871ee6bde7c47f0967a133c5ece867d679dddafa scoreOfCommitBefore = 113714.82072191194 scoreOfCommitAfter = 139.7797506702105
Commit Hash: 75f9adea87cb5310229e8e2c0db15161343bf11c scoreOfCommitBefore = 2.4008652360984732 scoreOfCommitAfter = 20.45973984291992
Commit Hash: 712148ecc3cc088e1d674dd8ffaf45845b3d2e95 scoreOfCommitBefore = 0.15717001970484315 scoreOfCommitAfter = 347.9791789560666
Commit Hash: 956b8194ff792d07fbcf01853f18126dcf9e8264 scoreOfCommitBefore = 2.6686209309838933 scoreOfCommitAfter = 10.26216200130244
Commit Hash: 400771a1a7caa61affcdad89a6b5f96fff8652a7 scoreOfCommitBefore = 5203.121883643249 scoreOfCommitAfter = 27.446498997749952
Commit Hash: b7f851104afea252f910ee8ec39c8005be102df5 scoreOfCommitBefore = 19903.00958694447 scoreOfCommitAfter = 39.31658705117978
Commit Hash: 460abd7474e1a700f387298dedfb9fc217388389 scoreOfCommitBefore = 347.76728458805815 scoreOfCommitAfter = 22.160331125428485
Commit Hash: bf1822c55e2729623ac5dd8e758fb0df4d9f5026 scoreOfCommitBefore = 3127.5739726920515 scoreOfCommitAfter = 123.11581308138369
Commit Hash: f6333a5001450ec68b47bdb019e78b97a74f25f2 scoreOfCommitBefore = 0.0 scoreOfCommitAfter = 17.850552234968426
Commit Hash: c9489606d5ae6ff3af6eac9f407260b3e1f4dca0 scoreOfCommitBefore = 0.0 scoreOfCommitAfter = 10.970872383217754
Commit Hash: feb0377476eb6354288b969648e57414ca1deab0 scoreOfCommitBefore = 6782.463753125607 scoreOfCommitAfter = 59.36879897585145
Commit Hash: 65c6c250708b409bc4eca8a16a9e5e8bd9870ffc scoreOfCommitBefore = 10650.83172154233 scoreOfCommitAfter = 72.38657938821396
Commit Hash: 1026a1e55880f59a2dafb654347cc120f234ceaf scoreOfCommitBefore = 0.0 scoreOfCommitAfter = 10.228768754018262
Commit Hash: e73b33c18bff8daf701b115b56b5d6557131c58d scoreOfCommitBefore = 63.77512785872471 scoreOfCommitAfter = 23.330661938288458
Commit Hash: a2df6f1e325fc528e02cdb6a099209edb10620b2 scoreOfCommitBefore = 0.0 scoreOfCommitAfter = 0.0
Commit Hash: f9b46db6e0d7bbd753bce13e90f70ecf12713e45 scoreOfCommitBefore = 5.618299246874642 scoreOfCommitAfter = 22.194695714128713
Commit Hash: 12a6579513ffc9f36ef41a8d18fc456ab8ccf7e8 scoreOfCommitBefore = 0.0 scoreOfCommitAfter = 0.0
Commit Hash: 918ac1535f37c47a2230f14b6404d411ee7df91e scoreOfCommitBefore = 17487.006236152014 scoreOfCommitAfter = 93.51509409491702
Commit Hash: 6395fa7c79b62f99d0c114702dc0bcc8a5ef97ad scoreOfCommitBefore = 26639.204105235603 scoreOfCommitAfter = 38.22910560633332
Commit Hash: 0524eed4b9272c3e88447f1442db90a85d772b49 scoreOfCommitBefore = 1.7757976776244682 scoreOfCommitAfter = 20.27702247559252
Commit Hash: ee26e23b31011b641b1bbc646fe38d42d0e72d00 scoreOfCommitBefore = 4004.4937507591194 scoreOfCommitAfter = 211.57853333893317
Commit Hash: ee5437c1f1467474e3f232ff25355feba73496ec scoreOfCommitBefore = 18601.309389601534 scoreOfCommitAfter = 20.738793771188917
[4591.206545797321, 893.1795275265742, 0.0, 2.5012850206766344, 12193.843020504233, 3708.860100472648, 0.0, 130.81099640770978, 10910.319018163314, 0.0, 3575.6482807871885, 0.0, 54905.25148848859, 0.0, 0.0, 13666.364287563814, 2753.090705074323, 6158.743607689823, 0.0, 21820.495074171125, 1540.3632376176988, 2.6601108717717135, 1206.4113601917825, 0.0, 0.0, 0.0, 0.0, 0.0, 0.0, 682.6659515525715, 0.0, 0.0, 101.07266928621274, 2497.3697733337044, 10151.987468782807, 57864.304806203036, 981001.1012811294, 65080.810666259335, 1487.4749627349865, 3099.739445943821, 0.0, 0.0, 1353.9117600968111, 205506.7084708256, 97444.08005335588, 0.0, 0.0, 0.0, 0.0, 149404.00169549006, 56445.04856601085, 0.0, 0.0, 433.6903757629169, 0.0, 0.0, 1.3106218902903022, 201.98403146160845, 107207.75347856316, 0.0, 11.934411482174351, 0.0, 0.0, 3200.5875538391283, 3271.83130548707, 0.0, 40391.09031490074, 0.0, 0.0, 128984.83105648891, 3916.622302681572, 7205.234525003173, 0.0, 7984.377086912693, 77704.28541986736, 12704.674404656564, 89.95403103279645, 10972.004743479138, 0.0, 324.0, 0.0, 1253.00056385451, 188396.92887502676, 1955.0239595686492, 556719.356857035, 1576.6331660030148, 34993.34419370677, 6052.871822264186, 1259.2262616414691, 0.0, 7613.1779567012045, 815.3792741977535, 453464.03533713386, 900.368522814698, 7136.315786936018, 3550.213471146443, 5057.273912285971, 9516.13520750848, 4516.780346506661, 12752.823410346893, 0.0, 0.0, 24551.249717652103, 0.0, 8454.470118111873, 567.8543507788592, 3654.8270992284465, 3042.1115038156317, 0.0, 127764.86538466948, 0.0, 65433.441750028884, 84887.41569799656, 1476.0895669006734, 4161.708367134634, 443.08617974165867, 0.0, 0.0, 5648.266563666608, 0.0, 0.0, 2054.3513141772028, 0.0, 8.024826184741768, 0.0, 625.7484006771946, 16686.87354406146, 6919.225839367801, 5049.358355491354, 3.640009496456865, 49448.83726556291, 12718.302117789088, 2754.193633465431, 49370.48152928099, 2226.638661290828, 407.7833209118354, 113714.82072191194, 2.4008652360984732, 0.15717001970484315, 2.6686209309838933, 5203.121883643249, 19903.00958694447, 347.76728458805815, 3127.5739726920515, 0.0, 0.0, 6782.463753125607, 10650.83172154233, 0.0, 63.77512785872471, 0.0, 5.618299246874642, 0.0, 17487.006236152014, 26639.204105235603, 1.7757976776244682, 4004.4937507591194, 18601.309389601534]
[57.067860152984075, 65.8672006093793, 0.0, 22.95432272377917, 397.31681430296044, 87.11381125518358, 9.838864726728904, 41.8787536297034, 80.2470698597992, 0.0, 54.88976114624792, 10.067038231603165, 534.190646804025, 185.317841939206, 10.313986808354333, 141.2217423295512, 53.23380374566905, 138.1307668613677, 67.64115073191154, 282.57416860140404, 64.20153779648538, 10.939595296331666, 24.50816655590824, 10.257523829009305, 10.199939772025063, 13.656726959989074, 10.417236227713005, 11.046531786388865, 14.084419030026481, 169.72393595857795, 9.958657614335072, 63.549128425293574, 10.737402092031736, 113.46332668935986, 267.7335742797342, 2726.2379048362027, 12122.817501565269, 40.28367507039543, 27.44268203144857, 60.80994811088385, 0.0, 60.58488668602364, 261.5490659028393, 1121.0670982980132, 3649.600162820948, 0.0, 0.0, 0.0, 42.67695026374285, 1745.416088876359, 110.6773305417841, 218.06160666835032, 34.820948560283185, 11.676593178854702, 10.23542123362149, 43.82059379114723, 10.499043778846776, 43.524430602911636, 1196.538838856184, 0.0, 116.64505471412927, 61.88199857718786, 111.9217441769996, 635.6489415735488, 119.0142617980688, 52.27376448560884, 556.0794026765343, 76.6501810058009, 450.6459375751197, 965.6964166768389, 39.9121368873407, 44.27705812627673, 28.471025640681013, 152.25168683829122, 381.98359364911715, 255.37763165635351, 82.31187635385618, 226.72215963705142, 0.0, 23.487051379300368, 29.38592727428798, 168.65960933503524, 680.6095594927741, 3375.495670214502, 909.4638983236097, 117.73034856300963, 1280.7100916708798, 772.7154812309433, 1818.9788553581097, 224.88687245135844, 1006.4955481375173, 140.7844666199291, 2636.003134580606, 8.008781518028757, 24.304744846543805, 15.985763121986812, 222.33551072020234, 191.1733454890056, 87.35114498294004, 101.4202074196238, 20.619110361191225, 14.29722152381154, 46.419253724313435, 0.0, 47.583668930677945, 23.902726538001556, 103.8896616222913, 90.4573811123377, 73.7241176338283, 963.2253716122775, 0.0, 220.01515344273665, 1915.1927933176464, 538.5977494511246, 57.27853403705492, 59.28975771942017, 34.90305810192937, 28.804799012806875, 412.17496169725916, 11.366553741102955, 0.0, 27.09525099996413, 32.898949704115836, 97.9877702643846, 190.32027166555937, 23.05972268193087, 30.66928390373169, 195.5996339907278, 71.86869193535108, 11.142981167013833, 1098.7075518866752, 328.41213904341265, 259.0477236727504, 135.01643761398762, 117.67863860906407, 43.72546885704151, 139.7797506702105, 20.45973984291992, 347.9791789560666, 10.26216200130244, 27.446498997749952, 39.31658705117978, 22.160331125428485, 123.11581308138369, 17.850552234968426, 10.970872383217754, 59.36879897585145, 72.38657938821396, 10.228768754018262, 23.330661938288458, 0.0, 22.194695714128713, 0.0, 93.51509409491702, 38.22910560633332, 20.27702247559252, 211.57853333893317, 20.738793771188917]
程序总运行时间（秒）：252.38
